2020-08-25 17:46:09,522 - nest_to_tvb_receive2002 - INFO -  Nest to TVB : wait all
2020-08-25 17:46:09,522 - nest_to_tvb_receive2002 - INFO -  Nest to TVB : start to receive
2020-08-25 17:46:12,165 - nest_to_tvb_receive2002 - INFO -  Nest to TVB : wait all
2020-08-25 17:46:12,165 - nest_to_tvb_receive2002 - INFO - Nest to TVB : receive end 0
2020-08-25 17:46:12,165 - nest_to_tvb_receive2002 - INFO -  Nest to TVB : wait all
2020-08-25 17:46:12,166 - nest_to_tvb_receive2002 - INFO -  Nest to TVB : start to receive
2020-08-25 17:46:18,043 - nest_to_tvb_receive2002 - INFO -  Nest to TVB : wait all
2020-08-25 17:46:18,043 - nest_to_tvb_receive2002 - INFO - Nest to TVB : receive end 1
2020-08-25 17:46:18,043 - nest_to_tvb_receive2002 - INFO -  Nest to TVB : wait all
2020-08-25 17:46:18,044 - nest_to_tvb_receive2002 - INFO -  Nest to TVB : start to receive
2020-08-25 17:46:23,162 - nest_to_tvb_receive2002 - INFO -  Nest to TVB : wait all
2020-08-25 17:46:23,162 - nest_to_tvb_receive2002 - INFO - Nest to TVB : receive end 2
2020-08-25 17:46:23,162 - nest_to_tvb_receive2002 - INFO -  Nest to TVB : wait all
2020-08-25 17:46:23,162 - nest_to_tvb_receive2002 - INFO -  Nest to TVB : start to receive
2020-08-25 17:46:28,328 - nest_to_tvb_receive2002 - INFO -  Nest to TVB : wait all
2020-08-25 17:46:28,328 - nest_to_tvb_receive2002 - INFO - Nest to TVB : receive end 3
2020-08-25 17:46:28,328 - nest_to_tvb_receive2002 - INFO -  Nest to TVB : wait all
2020-08-25 17:46:28,328 - nest_to_tvb_receive2002 - INFO -  Nest to TVB : start to receive
2020-08-25 17:46:33,688 - nest_to_tvb_receive2002 - INFO -  Nest to TVB : wait all
2020-08-25 17:46:33,688 - nest_to_tvb_receive2002 - INFO - Nest to TVB : receive end 4
2020-08-25 17:46:33,688 - nest_to_tvb_receive2002 - INFO -  Nest to TVB : wait all
2020-08-25 17:46:33,688 - nest_to_tvb_receive2002 - INFO -  Nest to TVB : start to receive
2020-08-25 17:46:39,747 - nest_to_tvb_receive2002 - INFO -  Nest to TVB : wait all
2020-08-25 17:46:39,748 - nest_to_tvb_receive2002 - INFO - Nest to TVB : receive end 5
2020-08-25 17:46:39,748 - nest_to_tvb_receive2002 - INFO -  Nest to TVB : wait all
2020-08-25 17:46:39,754 - nest_to_tvb_receive2002 - INFO -  Nest to TVB : start to receive
2020-08-25 17:46:45,431 - nest_to_tvb_receive2002 - INFO -  Nest to TVB : wait all
2020-08-25 17:46:45,431 - nest_to_tvb_receive2002 - INFO - Nest to TVB : receive end 6
2020-08-25 17:46:45,431 - nest_to_tvb_receive2002 - INFO -  Nest to TVB : wait all
2020-08-25 17:46:45,432 - nest_to_tvb_receive2002 - INFO -  Nest to TVB : start to receive
2020-08-25 17:46:51,169 - nest_to_tvb_receive2002 - INFO -  Nest to TVB : wait all
2020-08-25 17:46:51,169 - nest_to_tvb_receive2002 - INFO - Nest to TVB : receive end 7
2020-08-25 17:46:51,169 - nest_to_tvb_receive2002 - INFO -  Nest to TVB : wait all
2020-08-25 17:46:51,169 - nest_to_tvb_receive2002 - INFO -  Nest to TVB : start to receive
2020-08-25 17:46:56,828 - nest_to_tvb_receive2002 - INFO -  Nest to TVB : wait all
2020-08-25 17:46:56,828 - nest_to_tvb_receive2002 - INFO - Nest to TVB : receive end 8
2020-08-25 17:46:56,828 - nest_to_tvb_receive2002 - INFO -  Nest to TVB : wait all
2020-08-25 17:46:56,828 - nest_to_tvb_receive2002 - INFO -  Nest to TVB : start to receive
2020-08-25 17:47:02,578 - nest_to_tvb_receive2002 - INFO -  Nest to TVB : wait all
2020-08-25 17:47:02,579 - nest_to_tvb_receive2002 - INFO - Nest to TVB : receive end 9
2020-08-25 17:47:02,579 - nest_to_tvb_receive2002 - INFO -  Nest to TVB : wait all
2020-08-25 17:47:02,579 - nest_to_tvb_receive2002 - INFO -  Nest to TVB : start to receive
2020-08-25 17:47:08,124 - nest_to_tvb_receive2002 - INFO -  Nest to TVB : wait all
2020-08-25 17:47:08,124 - nest_to_tvb_receive2002 - INFO - Nest to TVB : receive end 10
2020-08-25 17:47:08,124 - nest_to_tvb_receive2002 - INFO -  Nest to TVB : wait all
2020-08-25 17:47:08,124 - nest_to_tvb_receive2002 - INFO -  Nest to TVB : start to receive
2020-08-25 17:47:13,752 - nest_to_tvb_receive2002 - INFO -  Nest to TVB : wait all
2020-08-25 17:47:13,752 - nest_to_tvb_receive2002 - INFO - Nest to TVB : receive end 11
2020-08-25 17:47:13,752 - nest_to_tvb_receive2002 - INFO -  Nest to TVB : wait all
2020-08-25 17:47:13,752 - nest_to_tvb_receive2002 - INFO -  Nest to TVB : start to receive
2020-08-25 17:47:19,456 - nest_to_tvb_receive2002 - INFO -  Nest to TVB : wait all
2020-08-25 17:47:19,456 - nest_to_tvb_receive2002 - INFO - Nest to TVB : receive end 12
2020-08-25 17:47:19,456 - nest_to_tvb_receive2002 - INFO -  Nest to TVB : wait all
2020-08-25 17:47:19,456 - nest_to_tvb_receive2002 - INFO -  Nest to TVB : start to receive
2020-08-25 17:47:25,249 - nest_to_tvb_receive2002 - INFO -  Nest to TVB : wait all
2020-08-25 17:47:25,249 - nest_to_tvb_receive2002 - INFO - Nest to TVB : receive end 13
2020-08-25 17:47:25,249 - nest_to_tvb_receive2002 - INFO -  Nest to TVB : wait all
2020-08-25 17:47:25,249 - nest_to_tvb_receive2002 - INFO -  Nest to TVB : start to receive
2020-08-25 17:47:30,883 - nest_to_tvb_receive2002 - INFO -  Nest to TVB : wait all
2020-08-25 17:47:30,883 - nest_to_tvb_receive2002 - INFO - Nest to TVB : receive end 14
2020-08-25 17:47:30,884 - nest_to_tvb_receive2002 - INFO -  Nest to TVB : wait all
2020-08-25 17:47:30,884 - nest_to_tvb_receive2002 - INFO -  Nest to TVB : start to receive
2020-08-25 17:47:36,488 - nest_to_tvb_receive2002 - INFO -  Nest to TVB : wait all
2020-08-25 17:47:36,496 - nest_to_tvb_receive2002 - INFO - Nest to TVB : receive end 15
2020-08-25 17:47:36,496 - nest_to_tvb_receive2002 - INFO -  Nest to TVB : wait all
2020-08-25 17:47:36,496 - nest_to_tvb_receive2002 - INFO -  Nest to TVB : start to receive
2020-08-25 17:47:42,053 - nest_to_tvb_receive2002 - INFO -  Nest to TVB : wait all
2020-08-25 17:47:42,053 - nest_to_tvb_receive2002 - INFO - Nest to TVB : receive end 16
2020-08-25 17:47:42,053 - nest_to_tvb_receive2002 - INFO -  Nest to TVB : wait all
2020-08-25 17:47:42,053 - nest_to_tvb_receive2002 - INFO -  Nest to TVB : start to receive
2020-08-25 17:47:47,696 - nest_to_tvb_receive2002 - INFO -  Nest to TVB : wait all
2020-08-25 17:47:47,696 - nest_to_tvb_receive2002 - INFO - Nest to TVB : receive end 17
2020-08-25 17:47:47,696 - nest_to_tvb_receive2002 - INFO -  Nest to TVB : wait all
2020-08-25 17:47:47,696 - nest_to_tvb_receive2002 - INFO -  Nest to TVB : start to receive
2020-08-25 17:47:53,368 - nest_to_tvb_receive2002 - INFO -  Nest to TVB : wait all
2020-08-25 17:47:53,369 - nest_to_tvb_receive2002 - INFO - Nest to TVB : receive end 18
2020-08-25 17:47:53,369 - nest_to_tvb_receive2002 - INFO -  Nest to TVB : wait all
2020-08-25 17:47:53,369 - nest_to_tvb_receive2002 - INFO -  Nest to TVB : start to receive
2020-08-25 17:47:59,239 - nest_to_tvb_receive2002 - INFO -  Nest to TVB : wait all
2020-08-25 17:47:59,239 - nest_to_tvb_receive2002 - INFO - Nest to TVB : receive end 19
2020-08-25 17:47:59,239 - nest_to_tvb_receive2002 - INFO -  Nest to TVB : wait all
2020-08-25 17:47:59,240 - nest_to_tvb_receive2002 - INFO -  Nest to TVB : start to receive
2020-08-25 17:48:04,940 - nest_to_tvb_receive2002 - INFO -  Nest to TVB : wait all
2020-08-25 17:48:04,940 - nest_to_tvb_receive2002 - INFO - Nest to TVB : receive end 20
2020-08-25 17:48:04,940 - nest_to_tvb_receive2002 - INFO -  Nest to TVB : wait all
2020-08-25 17:48:04,940 - nest_to_tvb_receive2002 - INFO -  Nest to TVB : start to receive
2020-08-25 17:48:10,643 - nest_to_tvb_receive2002 - INFO -  Nest to TVB : wait all
2020-08-25 17:48:10,644 - nest_to_tvb_receive2002 - INFO - Nest to TVB : receive end 21
2020-08-25 17:48:10,644 - nest_to_tvb_receive2002 - INFO -  Nest to TVB : wait all
2020-08-25 17:48:10,644 - nest_to_tvb_receive2002 - INFO -  Nest to TVB : start to receive
2020-08-25 17:48:16,424 - nest_to_tvb_receive2002 - INFO -  Nest to TVB : wait all
2020-08-25 17:48:16,424 - nest_to_tvb_receive2002 - INFO - Nest to TVB : receive end 22
2020-08-25 17:48:16,424 - nest_to_tvb_receive2002 - INFO -  Nest to TVB : wait all
2020-08-25 17:48:16,424 - nest_to_tvb_receive2002 - INFO -  Nest to TVB : start to receive
2020-08-25 17:48:22,228 - nest_to_tvb_receive2002 - INFO -  Nest to TVB : wait all
2020-08-25 17:48:22,228 - nest_to_tvb_receive2002 - INFO - Nest to TVB : receive end 23
2020-08-25 17:48:22,228 - nest_to_tvb_receive2002 - INFO -  Nest to TVB : wait all
2020-08-25 17:48:22,228 - nest_to_tvb_receive2002 - INFO -  Nest to TVB : start to receive
2020-08-25 17:48:27,956 - nest_to_tvb_receive2002 - INFO -  Nest to TVB : wait all
2020-08-25 17:48:27,956 - nest_to_tvb_receive2002 - INFO - Nest to TVB : receive end 24
2020-08-25 17:48:27,956 - nest_to_tvb_receive2002 - INFO -  Nest to TVB : wait all
2020-08-25 17:48:27,956 - nest_to_tvb_receive2002 - INFO -  Nest to TVB : start to receive
2020-08-25 17:48:34,113 - nest_to_tvb_receive2002 - INFO -  Nest to TVB : wait all
2020-08-25 17:48:34,113 - nest_to_tvb_receive2002 - INFO - Nest to TVB : receive end 25
2020-08-25 17:48:34,113 - nest_to_tvb_receive2002 - INFO -  Nest to TVB : wait all
2020-08-25 17:48:34,113 - nest_to_tvb_receive2002 - INFO -  Nest to TVB : start to receive
2020-08-25 17:48:39,826 - nest_to_tvb_receive2002 - INFO -  Nest to TVB : wait all
2020-08-25 17:48:39,826 - nest_to_tvb_receive2002 - INFO - Nest to TVB : receive end 26
2020-08-25 17:48:39,827 - nest_to_tvb_receive2002 - INFO -  Nest to TVB : wait all
2020-08-25 17:48:39,827 - nest_to_tvb_receive2002 - INFO -  Nest to TVB : start to receive
2020-08-25 17:48:45,412 - nest_to_tvb_receive2002 - INFO -  Nest to TVB : wait all
2020-08-25 17:48:45,412 - nest_to_tvb_receive2002 - INFO - Nest to TVB : receive end 27
2020-08-25 17:48:45,412 - nest_to_tvb_receive2002 - INFO -  Nest to TVB : wait all
2020-08-25 17:48:45,412 - nest_to_tvb_receive2002 - INFO -  Nest to TVB : start to receive
2020-08-25 17:48:51,195 - nest_to_tvb_receive2002 - INFO -  Nest to TVB : wait all
2020-08-25 17:48:51,196 - nest_to_tvb_receive2002 - INFO - Nest to TVB : receive end 28
2020-08-25 17:48:51,196 - nest_to_tvb_receive2002 - INFO -  Nest to TVB : wait all
2020-08-25 17:48:51,196 - nest_to_tvb_receive2002 - INFO -  Nest to TVB : start to receive
2020-08-25 17:48:57,847 - nest_to_tvb_receive2002 - INFO -  Nest to TVB : wait all
2020-08-25 17:48:57,847 - nest_to_tvb_receive2002 - INFO - Nest to TVB : receive end 29
2020-08-25 17:48:57,847 - nest_to_tvb_receive2002 - INFO -  Nest to TVB : wait all
2020-08-25 17:48:57,847 - nest_to_tvb_receive2002 - INFO -  Nest to TVB : start to receive
2020-08-25 17:49:03,705 - nest_to_tvb_receive2002 - INFO -  Nest to TVB : wait all
2020-08-25 17:49:03,706 - nest_to_tvb_receive2002 - INFO - Nest to TVB : receive end 30
2020-08-25 17:49:03,706 - nest_to_tvb_receive2002 - INFO -  Nest to TVB : wait all
2020-08-25 17:49:03,706 - nest_to_tvb_receive2002 - INFO -  Nest to TVB : start to receive
2020-08-25 17:49:09,485 - nest_to_tvb_receive2002 - INFO -  Nest to TVB : wait all
2020-08-25 17:49:09,485 - nest_to_tvb_receive2002 - INFO - Nest to TVB : receive end 31
2020-08-25 17:49:09,485 - nest_to_tvb_receive2002 - INFO -  Nest to TVB : wait all
2020-08-25 17:49:09,485 - nest_to_tvb_receive2002 - INFO -  Nest to TVB : start to receive
2020-08-25 17:49:15,401 - nest_to_tvb_receive2002 - INFO -  Nest to TVB : wait all
2020-08-25 17:49:15,401 - nest_to_tvb_receive2002 - INFO - Nest to TVB : receive end 32
2020-08-25 17:49:15,401 - nest_to_tvb_receive2002 - INFO -  Nest to TVB : wait all
2020-08-25 17:49:15,401 - nest_to_tvb_receive2002 - INFO -  Nest to TVB : start to receive
2020-08-25 17:49:21,252 - nest_to_tvb_receive2002 - INFO -  Nest to TVB : wait all
2020-08-25 17:49:21,252 - nest_to_tvb_receive2002 - INFO - Nest to TVB : receive end 33
2020-08-25 17:49:21,252 - nest_to_tvb_receive2002 - INFO -  Nest to TVB : wait all
2020-08-25 17:49:21,253 - nest_to_tvb_receive2002 - INFO -  Nest to TVB : start to receive
2020-08-25 17:49:27,165 - nest_to_tvb_receive2002 - INFO -  Nest to TVB : wait all
2020-08-25 17:49:27,166 - nest_to_tvb_receive2002 - INFO - Nest to TVB : receive end 34
2020-08-25 17:49:27,166 - nest_to_tvb_receive2002 - INFO -  Nest to TVB : wait all
2020-08-25 17:49:27,166 - nest_to_tvb_receive2002 - INFO -  Nest to TVB : start to receive
2020-08-25 17:49:33,060 - nest_to_tvb_receive2002 - INFO -  Nest to TVB : wait all
2020-08-25 17:49:33,060 - nest_to_tvb_receive2002 - INFO - Nest to TVB : receive end 35
2020-08-25 17:49:33,060 - nest_to_tvb_receive2002 - INFO -  Nest to TVB : wait all
2020-08-25 17:49:33,060 - nest_to_tvb_receive2002 - INFO -  Nest to TVB : start to receive
2020-08-25 17:49:38,892 - nest_to_tvb_receive2002 - INFO -  Nest to TVB : wait all
2020-08-25 17:49:38,892 - nest_to_tvb_receive2002 - INFO - Nest to TVB : receive end 36
2020-08-25 17:49:38,892 - nest_to_tvb_receive2002 - INFO -  Nest to TVB : wait all
2020-08-25 17:49:38,892 - nest_to_tvb_receive2002 - INFO -  Nest to TVB : start to receive
2020-08-25 17:49:44,759 - nest_to_tvb_receive2002 - INFO -  Nest to TVB : wait all
2020-08-25 17:49:44,760 - nest_to_tvb_receive2002 - INFO - Nest to TVB : receive end 37
2020-08-25 17:49:44,760 - nest_to_tvb_receive2002 - INFO -  Nest to TVB : wait all
2020-08-25 17:49:44,760 - nest_to_tvb_receive2002 - INFO -  Nest to TVB : start to receive
2020-08-25 17:49:50,720 - nest_to_tvb_receive2002 - INFO -  Nest to TVB : wait all
2020-08-25 17:49:50,720 - nest_to_tvb_receive2002 - INFO - Nest to TVB : receive end 38
2020-08-25 17:49:50,720 - nest_to_tvb_receive2002 - INFO -  Nest to TVB : wait all
2020-08-25 17:49:50,720 - nest_to_tvb_receive2002 - INFO -  Nest to TVB : start to receive
2020-08-25 17:49:56,663 - nest_to_tvb_receive2002 - INFO -  Nest to TVB : wait all
2020-08-25 17:49:56,663 - nest_to_tvb_receive2002 - INFO - Nest to TVB : receive end 39
2020-08-25 17:49:56,663 - nest_to_tvb_receive2002 - INFO -  Nest to TVB : wait all
2020-08-25 17:49:56,664 - nest_to_tvb_receive2002 - INFO -  Nest to TVB : start to receive
2020-08-25 17:50:02,657 - nest_to_tvb_receive2002 - INFO -  Nest to TVB : wait all
2020-08-25 17:50:02,664 - nest_to_tvb_receive2002 - INFO - Nest to TVB : receive end 40
2020-08-25 17:50:02,664 - nest_to_tvb_receive2002 - INFO -  Nest to TVB : wait all
2020-08-25 17:50:02,664 - nest_to_tvb_receive2002 - INFO -  Nest to TVB : start to receive
2020-08-25 17:50:07,736 - nest_to_tvb_receive2002 - INFO -  Nest to TVB : wait all
2020-08-25 17:50:07,736 - nest_to_tvb_receive2002 - INFO - Nest to TVB : receive end 41
2020-08-25 17:50:07,736 - nest_to_tvb_receive2002 - INFO -  Nest to TVB : wait all
2020-08-25 17:50:07,736 - nest_to_tvb_receive2002 - INFO -  Nest to TVB : start to receive
2020-08-25 17:50:14,368 - nest_to_tvb_receive2002 - INFO -  Nest to TVB : wait all
2020-08-25 17:50:14,369 - nest_to_tvb_receive2002 - INFO - Nest to TVB : receive end 42
2020-08-25 17:50:14,369 - nest_to_tvb_receive2002 - INFO -  Nest to TVB : wait all
2020-08-25 17:50:14,369 - nest_to_tvb_receive2002 - INFO -  Nest to TVB : start to receive
2020-08-25 17:50:21,056 - nest_to_tvb_receive2002 - INFO -  Nest to TVB : wait all
2020-08-25 17:50:21,056 - nest_to_tvb_receive2002 - INFO - Nest to TVB : receive end 43
2020-08-25 17:50:21,056 - nest_to_tvb_receive2002 - INFO -  Nest to TVB : wait all
2020-08-25 17:50:21,056 - nest_to_tvb_receive2002 - INFO -  Nest to TVB : start to receive
2020-08-25 17:50:27,917 - nest_to_tvb_receive2002 - INFO -  Nest to TVB : wait all
2020-08-25 17:50:27,917 - nest_to_tvb_receive2002 - INFO - Nest to TVB : receive end 44
2020-08-25 17:50:27,917 - nest_to_tvb_receive2002 - INFO -  Nest to TVB : wait all
2020-08-25 17:50:27,918 - nest_to_tvb_receive2002 - INFO -  Nest to TVB : start to receive
2020-08-25 17:50:34,549 - nest_to_tvb_receive2002 - INFO -  Nest to TVB : wait all
2020-08-25 17:50:34,550 - nest_to_tvb_receive2002 - INFO - Nest to TVB : receive end 45
2020-08-25 17:50:34,550 - nest_to_tvb_receive2002 - INFO -  Nest to TVB : wait all
2020-08-25 17:50:34,550 - nest_to_tvb_receive2002 - INFO -  Nest to TVB : start to receive
2020-08-25 17:50:41,419 - nest_to_tvb_receive2002 - INFO -  Nest to TVB : wait all
2020-08-25 17:50:41,419 - nest_to_tvb_receive2002 - INFO - Nest to TVB : receive end 46
2020-08-25 17:50:41,419 - nest_to_tvb_receive2002 - INFO -  Nest to TVB : wait all
2020-08-25 17:50:41,419 - nest_to_tvb_receive2002 - INFO -  Nest to TVB : start to receive
2020-08-25 17:50:48,319 - nest_to_tvb_receive2002 - INFO -  Nest to TVB : wait all
2020-08-25 17:50:48,320 - nest_to_tvb_receive2002 - INFO - Nest to TVB : receive end 47
2020-08-25 17:50:48,320 - nest_to_tvb_receive2002 - INFO -  Nest to TVB : wait all
2020-08-25 17:50:48,320 - nest_to_tvb_receive2002 - INFO -  Nest to TVB : start to receive
2020-08-25 17:50:54,976 - nest_to_tvb_receive2002 - INFO -  Nest to TVB : wait all
2020-08-25 17:50:54,976 - nest_to_tvb_receive2002 - INFO - Nest to TVB : receive end 48
2020-08-25 17:50:54,976 - nest_to_tvb_receive2002 - INFO -  Nest to TVB : wait all
2020-08-25 17:50:54,977 - nest_to_tvb_receive2002 - INFO -  Nest to TVB : start to receive
2020-08-25 17:51:01,626 - nest_to_tvb_receive2002 - INFO -  Nest to TVB : wait all
2020-08-25 17:51:01,627 - nest_to_tvb_receive2002 - INFO - Nest to TVB : receive end 49
2020-08-25 17:51:01,627 - nest_to_tvb_receive2002 - INFO -  Nest to TVB : wait all
2020-08-25 17:51:01,627 - nest_to_tvb_receive2002 - INFO -  Nest to TVB : start to receive
2020-08-25 17:51:08,244 - nest_to_tvb_receive2002 - INFO -  Nest to TVB : wait all
2020-08-25 17:51:08,245 - nest_to_tvb_receive2002 - INFO - Nest to TVB : receive end 50
2020-08-25 17:51:08,245 - nest_to_tvb_receive2002 - INFO -  Nest to TVB : wait all
2020-08-25 17:51:08,245 - nest_to_tvb_receive2002 - INFO -  Nest to TVB : start to receive
2020-08-25 17:51:15,072 - nest_to_tvb_receive2002 - INFO -  Nest to TVB : wait all
2020-08-25 17:51:15,072 - nest_to_tvb_receive2002 - INFO - Nest to TVB : receive end 51
2020-08-25 17:51:15,072 - nest_to_tvb_receive2002 - INFO -  Nest to TVB : wait all
2020-08-25 17:51:15,072 - nest_to_tvb_receive2002 - INFO -  Nest to TVB : start to receive
2020-08-25 17:51:21,804 - nest_to_tvb_receive2002 - INFO -  Nest to TVB : wait all
2020-08-25 17:51:21,804 - nest_to_tvb_receive2002 - INFO - Nest to TVB : receive end 52
2020-08-25 17:51:21,804 - nest_to_tvb_receive2002 - INFO -  Nest to TVB : wait all
2020-08-25 17:51:21,804 - nest_to_tvb_receive2002 - INFO -  Nest to TVB : start to receive
2020-08-25 17:51:28,308 - nest_to_tvb_receive2002 - INFO -  Nest to TVB : wait all
2020-08-25 17:51:28,308 - nest_to_tvb_receive2002 - INFO - Nest to TVB : receive end 53
2020-08-25 17:51:28,308 - nest_to_tvb_receive2002 - INFO -  Nest to TVB : wait all
2020-08-25 17:51:28,308 - nest_to_tvb_receive2002 - INFO -  Nest to TVB : start to receive
2020-08-25 17:51:33,381 - nest_to_tvb_receive2002 - INFO -  Nest to TVB : wait all
2020-08-25 17:51:33,381 - nest_to_tvb_receive2002 - INFO - Nest to TVB : receive end 54
2020-08-25 17:51:33,381 - nest_to_tvb_receive2002 - INFO -  Nest to TVB : wait all
2020-08-25 17:51:33,382 - nest_to_tvb_receive2002 - INFO -  Nest to TVB : start to receive
2020-08-25 17:51:38,538 - nest_to_tvb_receive2002 - INFO -  Nest to TVB : wait all
2020-08-25 17:51:38,538 - nest_to_tvb_receive2002 - INFO - Nest to TVB : receive end 55
2020-08-25 17:51:38,538 - nest_to_tvb_receive2002 - INFO -  Nest to TVB : wait all
2020-08-25 17:51:38,538 - nest_to_tvb_receive2002 - INFO -  Nest to TVB : start to receive
2020-08-25 17:51:44,331 - nest_to_tvb_receive2002 - INFO -  Nest to TVB : wait all
2020-08-25 17:51:44,332 - nest_to_tvb_receive2002 - INFO - Nest to TVB : receive end 56
2020-08-25 17:51:44,332 - nest_to_tvb_receive2002 - INFO -  Nest to TVB : wait all
2020-08-25 17:51:44,332 - nest_to_tvb_receive2002 - INFO -  Nest to TVB : start to receive
2020-08-25 17:51:50,125 - nest_to_tvb_receive2002 - INFO -  Nest to TVB : wait all
2020-08-25 17:51:50,125 - nest_to_tvb_receive2002 - INFO - Nest to TVB : receive end 57
2020-08-25 17:51:50,125 - nest_to_tvb_receive2002 - INFO -  Nest to TVB : wait all
2020-08-25 17:51:50,126 - nest_to_tvb_receive2002 - INFO - end simulation
2020-08-25 17:51:50,126 - nest_to_tvb_receive2002 - INFO - communication disconnect
2020-08-25 17:51:50,126 - nest_to_tvb_receive2002 - INFO - end thread
