2022-03-17 18:46:10,813 - nest_to_tvb_send2001 - INFO - Thread Internal : read buffer
2022-03-17 18:46:10,813 - nest_to_tvb_send2001 - INFO - Thread Internal : end Thread init
2022-03-17 18:46:10,813 - nest_to_tvb_send2001 - INFO - MPI IO ext : end MPI extern init
2022-03-17 18:46:10,820 - nest_to_tvb_send2001 - INFO - MPI IO ext : run : create connection
2022-03-17 18:46:10,820 - nest_to_tvb_send2001 - INFO - MPI IO ext : create connection : Transform Receive: before open_port
2022-03-17 18:46:10,821 - nest_to_tvb_send2001 - INFO - MPI IO ext : create connection : Transform nest_to_tvb_send2001: after open_port: tag#1$description#INS-Precision-7540$port#36835$ifname#127.0.1.1$
2022-03-17 18:46:10,822 - nest_to_tvb_send2001 - INFO - MPI IO ext : create connection : Transform nest_to_tvb_send2001: path_file: /home/kusch/Documents/project/co_simulation/TVB-NEST-nest_PR/example/short_simulation//transformation/send_to_tvb/29.txt
2022-03-17 18:46:10,822 - nest_to_tvb_send2001 - INFO - MPI IO ext : create connection : Wait for Transform : tag#1$description#INS-Precision-7540$port#36835$ifname#127.0.1.1$
2022-03-17 18:46:12,388 - nest_to_tvb_send2001 - INFO - MPI IO ext : create connection : Connection accepted
2022-03-17 18:46:12,388 - nest_to_tvb_send2001 - INFO - Produce TVB Data : init 
2022-03-17 18:46:12,388 - nest_to_tvb_send2001 - INFO - Produce TVB Data : start loop : wait TVB
2022-03-17 18:46:12,405 - nest_to_tvb_send2001 - INFO -  Produce TVB Data : send data status : 0
2022-03-17 18:46:12,405 - nest_to_tvb_send2001 - INFO - Produce TVB Data : get rate
2022-03-17 18:46:12,405 - nest_to_tvb_send2001 - INFO - Thread Internal : rate(get) : get time rate
2022-03-17 18:46:12,405 - nest_to_tvb_send2001 - INFO - Thread Internal : read(ready) : buffer wait 2
2022-03-17 18:46:12,405 - nest_to_tvb_send2001 - INFO - Thread Internal : read(ready) : buffer end 2
2022-03-17 18:46:12,405 - nest_to_tvb_send2001 - INFO - Thread Internal : rate(get) : data request : time :[0.  3.5]
2022-03-17 18:46:12,405 - nest_to_tvb_send2001 - INFO - Thread Internal : rate(get) : end
2022-03-17 18:46:12,405 - nest_to_tvb_send2001 - INFO - Produce TVB Data : send data :0.0
2022-03-17 18:46:12,406 - nest_to_tvb_send2001 - INFO - Produce TVB Data : end send
2022-03-17 18:46:12,406 - nest_to_tvb_send2001 - INFO - Thread Internal : rate(release)
2022-03-17 18:46:12,406 - nest_to_tvb_send2001 - INFO - Thread Internal : read(end) : begin 2
2022-03-17 18:46:12,406 - nest_to_tvb_send2001 - INFO - Thread Internal : read(end) : buffer end -2
2022-03-17 18:46:12,406 - nest_to_tvb_send2001 - INFO - Thread Internal : rate(release) : end
2022-03-17 18:46:12,406 - nest_to_tvb_send2001 - INFO - Produce TVB Data : start loop : wait TVB
2022-03-17 18:46:12,728 - nest_to_tvb_send2001 - INFO -  Produce TVB Data : send data status : 0
2022-03-17 18:46:12,728 - nest_to_tvb_send2001 - INFO - Produce TVB Data : get rate
2022-03-17 18:46:12,728 - nest_to_tvb_send2001 - INFO - Thread Internal : rate(get) : get time rate
2022-03-17 18:46:12,728 - nest_to_tvb_send2001 - INFO - Thread Internal : read(ready) : buffer wait 2
2022-03-17 18:46:12,728 - nest_to_tvb_send2001 - INFO - Thread Internal : read(ready) : buffer end 2
2022-03-17 18:46:12,728 - nest_to_tvb_send2001 - INFO - Thread Internal : rate(get) : data request : time :[3.5 7. ]
2022-03-17 18:46:12,728 - nest_to_tvb_send2001 - INFO - Thread Internal : rate(get) : end
2022-03-17 18:46:12,728 - nest_to_tvb_send2001 - INFO - Produce TVB Data : send data :0.0201
2022-03-17 18:46:12,728 - nest_to_tvb_send2001 - INFO - Produce TVB Data : end send
2022-03-17 18:46:12,728 - nest_to_tvb_send2001 - INFO - Thread Internal : rate(release)
2022-03-17 18:46:12,728 - nest_to_tvb_send2001 - INFO - Thread Internal : read(end) : begin 2
2022-03-17 18:46:12,729 - nest_to_tvb_send2001 - INFO - Thread Internal : read(end) : buffer end -2
2022-03-17 18:46:12,729 - nest_to_tvb_send2001 - INFO - Thread Internal : rate(release) : end
2022-03-17 18:46:12,729 - nest_to_tvb_send2001 - INFO - Produce TVB Data : start loop : wait TVB
2022-03-17 18:46:13,014 - nest_to_tvb_send2001 - INFO -  Produce TVB Data : send data status : 0
2022-03-17 18:46:13,014 - nest_to_tvb_send2001 - INFO - Produce TVB Data : get rate
2022-03-17 18:46:13,014 - nest_to_tvb_send2001 - INFO - Thread Internal : rate(get) : get time rate
2022-03-17 18:46:13,015 - nest_to_tvb_send2001 - INFO - Thread Internal : read(ready) : buffer wait 2
2022-03-17 18:46:13,015 - nest_to_tvb_send2001 - INFO - Thread Internal : read(ready) : buffer end 2
2022-03-17 18:46:13,015 - nest_to_tvb_send2001 - INFO - Thread Internal : rate(get) : data request : time :[ 7.  10.5]
2022-03-17 18:46:13,015 - nest_to_tvb_send2001 - INFO - Thread Internal : rate(get) : end
2022-03-17 18:46:13,015 - nest_to_tvb_send2001 - INFO - Produce TVB Data : send data :0.0245
2022-03-17 18:46:13,030 - nest_to_tvb_send2001 - INFO - Produce TVB Data : end send
2022-03-17 18:46:13,030 - nest_to_tvb_send2001 - INFO - Thread Internal : rate(release)
2022-03-17 18:46:13,031 - nest_to_tvb_send2001 - INFO - Thread Internal : read(end) : begin 2
2022-03-17 18:46:13,031 - nest_to_tvb_send2001 - INFO - Thread Internal : read(end) : buffer end -2
2022-03-17 18:46:13,031 - nest_to_tvb_send2001 - INFO - Thread Internal : rate(release) : end
2022-03-17 18:46:13,031 - nest_to_tvb_send2001 - INFO - Produce TVB Data : start loop : wait TVB
2022-03-17 18:46:13,332 - nest_to_tvb_send2001 - INFO -  Produce TVB Data : send data status : 0
2022-03-17 18:46:13,332 - nest_to_tvb_send2001 - INFO - Produce TVB Data : get rate
2022-03-17 18:46:13,332 - nest_to_tvb_send2001 - INFO - Thread Internal : rate(get) : get time rate
2022-03-17 18:46:13,332 - nest_to_tvb_send2001 - INFO - Thread Internal : read(ready) : buffer wait 2
2022-03-17 18:46:13,332 - nest_to_tvb_send2001 - INFO - Thread Internal : read(ready) : buffer end 2
2022-03-17 18:46:13,333 - nest_to_tvb_send2001 - INFO - Thread Internal : rate(get) : data request : time :[10.5 14. ]
2022-03-17 18:46:13,333 - nest_to_tvb_send2001 - INFO - Thread Internal : rate(get) : end
2022-03-17 18:46:13,333 - nest_to_tvb_send2001 - INFO - Produce TVB Data : send data :0.0245
2022-03-17 18:46:13,352 - nest_to_tvb_send2001 - INFO - Produce TVB Data : end send
2022-03-17 18:46:13,352 - nest_to_tvb_send2001 - INFO - Thread Internal : rate(release)
2022-03-17 18:46:13,352 - nest_to_tvb_send2001 - INFO - Thread Internal : read(end) : begin 2
2022-03-17 18:46:13,352 - nest_to_tvb_send2001 - INFO - Thread Internal : read(end) : buffer end -2
2022-03-17 18:46:13,352 - nest_to_tvb_send2001 - INFO - Thread Internal : rate(release) : end
2022-03-17 18:46:13,352 - nest_to_tvb_send2001 - INFO - Produce TVB Data : start loop : wait TVB
2022-03-17 18:46:13,654 - nest_to_tvb_send2001 - INFO -  Produce TVB Data : send data status : 0
2022-03-17 18:46:13,654 - nest_to_tvb_send2001 - INFO - Produce TVB Data : get rate
2022-03-17 18:46:13,654 - nest_to_tvb_send2001 - INFO - Thread Internal : rate(get) : get time rate
2022-03-17 18:46:13,655 - nest_to_tvb_send2001 - INFO - Thread Internal : read(ready) : buffer wait 2
2022-03-17 18:46:13,655 - nest_to_tvb_send2001 - INFO - Thread Internal : read(ready) : buffer end 2
2022-03-17 18:46:13,655 - nest_to_tvb_send2001 - INFO - Thread Internal : rate(get) : data request : time :[14.  17.5]
2022-03-17 18:46:13,655 - nest_to_tvb_send2001 - INFO - Thread Internal : rate(get) : end
2022-03-17 18:46:13,655 - nest_to_tvb_send2001 - INFO - Produce TVB Data : send data :0.0245
2022-03-17 18:46:13,675 - nest_to_tvb_send2001 - INFO - Produce TVB Data : end send
2022-03-17 18:46:13,675 - nest_to_tvb_send2001 - INFO - Thread Internal : rate(release)
2022-03-17 18:46:13,675 - nest_to_tvb_send2001 - INFO - Thread Internal : read(end) : begin 2
2022-03-17 18:46:13,675 - nest_to_tvb_send2001 - INFO - Thread Internal : read(end) : buffer end -2
2022-03-17 18:46:13,675 - nest_to_tvb_send2001 - INFO - Thread Internal : rate(release) : end
2022-03-17 18:46:13,675 - nest_to_tvb_send2001 - INFO - Produce TVB Data : start loop : wait TVB
2022-03-17 18:46:13,991 - nest_to_tvb_send2001 - INFO -  Produce TVB Data : send data status : 0
2022-03-17 18:46:13,991 - nest_to_tvb_send2001 - INFO - Produce TVB Data : get rate
2022-03-17 18:46:13,991 - nest_to_tvb_send2001 - INFO - Thread Internal : rate(get) : get time rate
2022-03-17 18:46:13,991 - nest_to_tvb_send2001 - INFO - Thread Internal : read(ready) : buffer wait 2
2022-03-17 18:46:13,991 - nest_to_tvb_send2001 - INFO - Thread Internal : read(ready) : buffer end 2
2022-03-17 18:46:13,992 - nest_to_tvb_send2001 - INFO - Thread Internal : rate(get) : data request : time :[17.5 21. ]
2022-03-17 18:46:13,992 - nest_to_tvb_send2001 - INFO - Thread Internal : rate(get) : end
2022-03-17 18:46:13,992 - nest_to_tvb_send2001 - INFO - Produce TVB Data : send data :0.0245
2022-03-17 18:46:14,000 - nest_to_tvb_send2001 - INFO - Produce TVB Data : end send
2022-03-17 18:46:14,000 - nest_to_tvb_send2001 - INFO - Thread Internal : rate(release)
2022-03-17 18:46:14,000 - nest_to_tvb_send2001 - INFO - Thread Internal : read(end) : begin 2
2022-03-17 18:46:14,000 - nest_to_tvb_send2001 - INFO - Thread Internal : read(end) : buffer end -2
2022-03-17 18:46:14,000 - nest_to_tvb_send2001 - INFO - Thread Internal : rate(release) : end
2022-03-17 18:46:14,000 - nest_to_tvb_send2001 - INFO - Produce TVB Data : start loop : wait TVB
2022-03-17 18:46:14,324 - nest_to_tvb_send2001 - INFO -  Produce TVB Data : send data status : 0
2022-03-17 18:46:14,324 - nest_to_tvb_send2001 - INFO - Produce TVB Data : get rate
2022-03-17 18:46:14,324 - nest_to_tvb_send2001 - INFO - Thread Internal : rate(get) : get time rate
2022-03-17 18:46:14,324 - nest_to_tvb_send2001 - INFO - Thread Internal : read(ready) : buffer wait 2
2022-03-17 18:46:14,324 - nest_to_tvb_send2001 - INFO - Thread Internal : read(ready) : buffer end 2
2022-03-17 18:46:14,324 - nest_to_tvb_send2001 - INFO - Thread Internal : rate(get) : data request : time :[21.  24.5]
2022-03-17 18:46:14,324 - nest_to_tvb_send2001 - INFO - Thread Internal : rate(get) : end
2022-03-17 18:46:14,324 - nest_to_tvb_send2001 - INFO - Produce TVB Data : send data :0.0212
2022-03-17 18:46:14,324 - nest_to_tvb_send2001 - INFO - Produce TVB Data : end send
2022-03-17 18:46:14,324 - nest_to_tvb_send2001 - INFO - Thread Internal : rate(release)
2022-03-17 18:46:14,325 - nest_to_tvb_send2001 - INFO - Thread Internal : read(end) : begin 2
2022-03-17 18:46:14,325 - nest_to_tvb_send2001 - INFO - Thread Internal : read(end) : buffer end -2
2022-03-17 18:46:14,325 - nest_to_tvb_send2001 - INFO - Thread Internal : rate(release) : end
2022-03-17 18:46:14,325 - nest_to_tvb_send2001 - INFO - Produce TVB Data : start loop : wait TVB
2022-03-17 18:46:14,627 - nest_to_tvb_send2001 - INFO -  Produce TVB Data : send data status : 0
2022-03-17 18:46:14,627 - nest_to_tvb_send2001 - INFO - Produce TVB Data : get rate
2022-03-17 18:46:14,627 - nest_to_tvb_send2001 - INFO - Thread Internal : rate(get) : get time rate
2022-03-17 18:46:14,627 - nest_to_tvb_send2001 - INFO - Thread Internal : read(ready) : buffer wait 2
2022-03-17 18:46:14,627 - nest_to_tvb_send2001 - INFO - Thread Internal : read(ready) : buffer end 2
2022-03-17 18:46:14,627 - nest_to_tvb_send2001 - INFO - Thread Internal : rate(get) : data request : time :[24.5 28. ]
2022-03-17 18:46:14,627 - nest_to_tvb_send2001 - INFO - Thread Internal : rate(get) : end
2022-03-17 18:46:14,628 - nest_to_tvb_send2001 - INFO - Produce TVB Data : send data :0.0007
2022-03-17 18:46:14,634 - nest_to_tvb_send2001 - INFO - Produce TVB Data : end send
2022-03-17 18:46:14,634 - nest_to_tvb_send2001 - INFO - Thread Internal : rate(release)
2022-03-17 18:46:14,634 - nest_to_tvb_send2001 - INFO - Thread Internal : read(end) : begin 2
2022-03-17 18:46:14,634 - nest_to_tvb_send2001 - INFO - Thread Internal : read(end) : buffer end -2
2022-03-17 18:46:14,634 - nest_to_tvb_send2001 - INFO - Thread Internal : rate(release) : end
2022-03-17 18:46:14,634 - nest_to_tvb_send2001 - INFO - Produce TVB Data : start loop : wait TVB
2022-03-17 18:46:14,932 - nest_to_tvb_send2001 - INFO -  Produce TVB Data : send data status : 0
2022-03-17 18:46:14,933 - nest_to_tvb_send2001 - INFO - Produce TVB Data : get rate
2022-03-17 18:46:14,933 - nest_to_tvb_send2001 - INFO - Thread Internal : rate(get) : get time rate
2022-03-17 18:46:14,933 - nest_to_tvb_send2001 - INFO - Thread Internal : read(ready) : buffer wait 2
2022-03-17 18:46:14,933 - nest_to_tvb_send2001 - INFO - Thread Internal : read(ready) : buffer end 2
2022-03-17 18:46:14,933 - nest_to_tvb_send2001 - INFO - Thread Internal : rate(get) : data request : time :[28.  31.5]
2022-03-17 18:46:14,933 - nest_to_tvb_send2001 - INFO - Thread Internal : rate(get) : end
2022-03-17 18:46:14,933 - nest_to_tvb_send2001 - INFO - Produce TVB Data : send data :0.0
2022-03-17 18:46:14,959 - nest_to_tvb_send2001 - INFO - Produce TVB Data : end send
2022-03-17 18:46:14,959 - nest_to_tvb_send2001 - INFO - Thread Internal : rate(release)
2022-03-17 18:46:14,959 - nest_to_tvb_send2001 - INFO - Thread Internal : read(end) : begin 2
2022-03-17 18:46:14,959 - nest_to_tvb_send2001 - INFO - Thread Internal : read(end) : buffer end -2
2022-03-17 18:46:14,959 - nest_to_tvb_send2001 - INFO - Thread Internal : rate(release) : end
2022-03-17 18:46:14,959 - nest_to_tvb_send2001 - INFO - Produce TVB Data : start loop : wait TVB
2022-03-17 18:46:15,267 - nest_to_tvb_send2001 - INFO -  Produce TVB Data : send data status : 0
2022-03-17 18:46:15,267 - nest_to_tvb_send2001 - INFO - Produce TVB Data : get rate
2022-03-17 18:46:15,267 - nest_to_tvb_send2001 - INFO - Thread Internal : rate(get) : get time rate
2022-03-17 18:46:15,267 - nest_to_tvb_send2001 - INFO - Thread Internal : read(ready) : buffer wait 2
2022-03-17 18:46:15,267 - nest_to_tvb_send2001 - INFO - Thread Internal : read(ready) : buffer end 2
2022-03-17 18:46:15,267 - nest_to_tvb_send2001 - INFO - Thread Internal : rate(get) : data request : time :[31.5 35. ]
2022-03-17 18:46:15,267 - nest_to_tvb_send2001 - INFO - Thread Internal : rate(get) : end
2022-03-17 18:46:15,267 - nest_to_tvb_send2001 - INFO - Produce TVB Data : send data :0.0
2022-03-17 18:46:15,284 - nest_to_tvb_send2001 - INFO - Produce TVB Data : end send
2022-03-17 18:46:15,285 - nest_to_tvb_send2001 - INFO - Thread Internal : rate(release)
2022-03-17 18:46:15,285 - nest_to_tvb_send2001 - INFO - Thread Internal : read(end) : begin 2
2022-03-17 18:46:15,285 - nest_to_tvb_send2001 - INFO - Thread Internal : read(end) : buffer end -2
2022-03-17 18:46:15,285 - nest_to_tvb_send2001 - INFO - Thread Internal : rate(release) : end
2022-03-17 18:46:15,285 - nest_to_tvb_send2001 - INFO - Produce TVB Data : start loop : wait TVB
2022-03-17 18:46:15,609 - nest_to_tvb_send2001 - INFO -  Produce TVB Data : send data status : 0
2022-03-17 18:46:15,609 - nest_to_tvb_send2001 - INFO - Produce TVB Data : get rate
2022-03-17 18:46:15,609 - nest_to_tvb_send2001 - INFO - Thread Internal : rate(get) : get time rate
2022-03-17 18:46:15,609 - nest_to_tvb_send2001 - INFO - Thread Internal : read(ready) : buffer wait 2
2022-03-17 18:46:15,609 - nest_to_tvb_send2001 - INFO - Thread Internal : read(ready) : buffer end 2
2022-03-17 18:46:15,609 - nest_to_tvb_send2001 - INFO - Thread Internal : rate(get) : data request : time :[35.  38.5]
2022-03-17 18:46:15,609 - nest_to_tvb_send2001 - INFO - Thread Internal : rate(get) : end
2022-03-17 18:46:15,609 - nest_to_tvb_send2001 - INFO - Produce TVB Data : send data :0.0
2022-03-17 18:46:15,609 - nest_to_tvb_send2001 - INFO - Produce TVB Data : end send
2022-03-17 18:46:15,609 - nest_to_tvb_send2001 - INFO - Thread Internal : rate(release)
2022-03-17 18:46:15,610 - nest_to_tvb_send2001 - INFO - Thread Internal : read(end) : begin 2
2022-03-17 18:46:15,610 - nest_to_tvb_send2001 - INFO - Thread Internal : read(end) : buffer end -2
2022-03-17 18:46:15,610 - nest_to_tvb_send2001 - INFO - Thread Internal : rate(release) : end
2022-03-17 18:46:15,610 - nest_to_tvb_send2001 - INFO - Produce TVB Data : start loop : wait TVB
2022-03-17 18:46:15,951 - nest_to_tvb_send2001 - INFO -  Produce TVB Data : send data status : 0
2022-03-17 18:46:15,951 - nest_to_tvb_send2001 - INFO - Produce TVB Data : get rate
2022-03-17 18:46:15,951 - nest_to_tvb_send2001 - INFO - Thread Internal : rate(get) : get time rate
2022-03-17 18:46:15,951 - nest_to_tvb_send2001 - INFO - Thread Internal : read(ready) : buffer wait 2
2022-03-17 18:46:15,951 - nest_to_tvb_send2001 - INFO - Thread Internal : read(ready) : buffer end 2
2022-03-17 18:46:15,952 - nest_to_tvb_send2001 - INFO - Thread Internal : rate(get) : data request : time :[38.5 42. ]
2022-03-17 18:46:15,952 - nest_to_tvb_send2001 - INFO - Thread Internal : rate(get) : end
2022-03-17 18:46:15,952 - nest_to_tvb_send2001 - INFO - Produce TVB Data : send data :0.0
2022-03-17 18:46:15,952 - nest_to_tvb_send2001 - INFO - Produce TVB Data : end send
2022-03-17 18:46:15,952 - nest_to_tvb_send2001 - INFO - Thread Internal : rate(release)
2022-03-17 18:46:15,952 - nest_to_tvb_send2001 - INFO - Thread Internal : read(end) : begin 2
2022-03-17 18:46:15,952 - nest_to_tvb_send2001 - INFO - Thread Internal : read(end) : buffer end -2
2022-03-17 18:46:15,952 - nest_to_tvb_send2001 - INFO - Thread Internal : rate(release) : end
2022-03-17 18:46:15,952 - nest_to_tvb_send2001 - INFO - Produce TVB Data : start loop : wait TVB
2022-03-17 18:46:16,276 - nest_to_tvb_send2001 - INFO -  Produce TVB Data : send data status : 0
2022-03-17 18:46:16,276 - nest_to_tvb_send2001 - INFO - Produce TVB Data : get rate
2022-03-17 18:46:16,276 - nest_to_tvb_send2001 - INFO - Thread Internal : rate(get) : get time rate
2022-03-17 18:46:16,276 - nest_to_tvb_send2001 - INFO - Thread Internal : read(ready) : buffer wait 2
2022-03-17 18:46:16,276 - nest_to_tvb_send2001 - INFO - Thread Internal : read(ready) : buffer end 2
2022-03-17 18:46:16,277 - nest_to_tvb_send2001 - INFO - Thread Internal : rate(get) : data request : time :[42.  45.5]
2022-03-17 18:46:16,277 - nest_to_tvb_send2001 - INFO - Thread Internal : rate(get) : end
2022-03-17 18:46:16,277 - nest_to_tvb_send2001 - INFO - Produce TVB Data : send data :0.0
2022-03-17 18:46:16,282 - nest_to_tvb_send2001 - INFO - Produce TVB Data : end send
2022-03-17 18:46:16,282 - nest_to_tvb_send2001 - INFO - Thread Internal : rate(release)
2022-03-17 18:46:16,282 - nest_to_tvb_send2001 - INFO - Thread Internal : read(end) : begin 2
2022-03-17 18:46:16,282 - nest_to_tvb_send2001 - INFO - Thread Internal : read(end) : buffer end -2
2022-03-17 18:46:16,282 - nest_to_tvb_send2001 - INFO - Thread Internal : rate(release) : end
2022-03-17 18:46:16,282 - nest_to_tvb_send2001 - INFO - Produce TVB Data : start loop : wait TVB
2022-03-17 18:46:16,586 - nest_to_tvb_send2001 - INFO -  Produce TVB Data : send data status : 0
2022-03-17 18:46:16,587 - nest_to_tvb_send2001 - INFO - Produce TVB Data : get rate
2022-03-17 18:46:16,587 - nest_to_tvb_send2001 - INFO - Thread Internal : rate(get) : get time rate
2022-03-17 18:46:16,587 - nest_to_tvb_send2001 - INFO - Thread Internal : read(ready) : buffer wait 2
2022-03-17 18:46:16,587 - nest_to_tvb_send2001 - INFO - Thread Internal : read(ready) : buffer end 2
2022-03-17 18:46:16,587 - nest_to_tvb_send2001 - INFO - Thread Internal : rate(get) : data request : time :[45.5 49. ]
2022-03-17 18:46:16,587 - nest_to_tvb_send2001 - INFO - Thread Internal : rate(get) : end
2022-03-17 18:46:16,587 - nest_to_tvb_send2001 - INFO - Produce TVB Data : send data :0.0
2022-03-17 18:46:16,603 - nest_to_tvb_send2001 - INFO - Produce TVB Data : end send
2022-03-17 18:46:16,603 - nest_to_tvb_send2001 - INFO - Thread Internal : rate(release)
2022-03-17 18:46:16,603 - nest_to_tvb_send2001 - INFO - Thread Internal : read(end) : begin 2
2022-03-17 18:46:16,604 - nest_to_tvb_send2001 - INFO - Thread Internal : read(end) : buffer end -2
2022-03-17 18:46:16,604 - nest_to_tvb_send2001 - INFO - Thread Internal : rate(release) : end
2022-03-17 18:46:16,604 - nest_to_tvb_send2001 - INFO - Produce TVB Data : start loop : wait TVB
2022-03-17 18:46:16,922 - nest_to_tvb_send2001 - INFO -  Produce TVB Data : send data status : 0
2022-03-17 18:46:16,922 - nest_to_tvb_send2001 - INFO - Produce TVB Data : get rate
2022-03-17 18:46:16,922 - nest_to_tvb_send2001 - INFO - Thread Internal : rate(get) : get time rate
2022-03-17 18:46:16,922 - nest_to_tvb_send2001 - INFO - Thread Internal : read(ready) : buffer wait 2
2022-03-17 18:46:16,922 - nest_to_tvb_send2001 - INFO - Thread Internal : read(ready) : buffer end 2
2022-03-17 18:46:16,922 - nest_to_tvb_send2001 - INFO - Thread Internal : rate(get) : data request : time :[49.  52.5]
2022-03-17 18:46:16,922 - nest_to_tvb_send2001 - INFO - Thread Internal : rate(get) : end
2022-03-17 18:46:16,922 - nest_to_tvb_send2001 - INFO - Produce TVB Data : send data :0.0
2022-03-17 18:46:16,925 - nest_to_tvb_send2001 - INFO - Produce TVB Data : end send
2022-03-17 18:46:16,925 - nest_to_tvb_send2001 - INFO - Thread Internal : rate(release)
2022-03-17 18:46:16,925 - nest_to_tvb_send2001 - INFO - Thread Internal : read(end) : begin 2
2022-03-17 18:46:16,926 - nest_to_tvb_send2001 - INFO - Thread Internal : read(end) : buffer end -2
2022-03-17 18:46:16,926 - nest_to_tvb_send2001 - INFO - Thread Internal : rate(release) : end
2022-03-17 18:46:16,926 - nest_to_tvb_send2001 - INFO - Produce TVB Data : start loop : wait TVB
2022-03-17 18:46:17,238 - nest_to_tvb_send2001 - INFO -  Produce TVB Data : send data status : 0
2022-03-17 18:46:17,238 - nest_to_tvb_send2001 - INFO - Produce TVB Data : get rate
2022-03-17 18:46:17,238 - nest_to_tvb_send2001 - INFO - Thread Internal : rate(get) : get time rate
2022-03-17 18:46:17,238 - nest_to_tvb_send2001 - INFO - Thread Internal : read(ready) : buffer wait 2
2022-03-17 18:46:17,238 - nest_to_tvb_send2001 - INFO - Thread Internal : read(ready) : buffer end 2
2022-03-17 18:46:17,238 - nest_to_tvb_send2001 - INFO - Thread Internal : rate(get) : data request : time :[52.5 56. ]
2022-03-17 18:46:17,238 - nest_to_tvb_send2001 - INFO - Thread Internal : rate(get) : end
2022-03-17 18:46:17,239 - nest_to_tvb_send2001 - INFO - Produce TVB Data : send data :0.0
2022-03-17 18:46:17,243 - nest_to_tvb_send2001 - INFO - Produce TVB Data : end send
2022-03-17 18:46:17,243 - nest_to_tvb_send2001 - INFO - Thread Internal : rate(release)
2022-03-17 18:46:17,243 - nest_to_tvb_send2001 - INFO - Thread Internal : read(end) : begin 2
2022-03-17 18:46:17,243 - nest_to_tvb_send2001 - INFO - Thread Internal : read(end) : buffer end -2
2022-03-17 18:46:17,243 - nest_to_tvb_send2001 - INFO - Thread Internal : rate(release) : end
2022-03-17 18:46:17,243 - nest_to_tvb_send2001 - INFO - Produce TVB Data : start loop : wait TVB
2022-03-17 18:46:17,544 - nest_to_tvb_send2001 - INFO -  Produce TVB Data : send data status : 0
2022-03-17 18:46:17,544 - nest_to_tvb_send2001 - INFO - Produce TVB Data : get rate
2022-03-17 18:46:17,544 - nest_to_tvb_send2001 - INFO - Thread Internal : rate(get) : get time rate
2022-03-17 18:46:17,544 - nest_to_tvb_send2001 - INFO - Thread Internal : read(ready) : buffer wait 2
2022-03-17 18:46:17,544 - nest_to_tvb_send2001 - INFO - Thread Internal : read(ready) : buffer end 2
2022-03-17 18:46:17,544 - nest_to_tvb_send2001 - INFO - Thread Internal : rate(get) : data request : time :[56.  59.5]
2022-03-17 18:46:17,544 - nest_to_tvb_send2001 - INFO - Thread Internal : rate(get) : end
2022-03-17 18:46:17,544 - nest_to_tvb_send2001 - INFO - Produce TVB Data : send data :0.0
2022-03-17 18:46:17,549 - nest_to_tvb_send2001 - INFO - Produce TVB Data : end send
2022-03-17 18:46:17,549 - nest_to_tvb_send2001 - INFO - Thread Internal : rate(release)
2022-03-17 18:46:17,549 - nest_to_tvb_send2001 - INFO - Thread Internal : read(end) : begin 2
2022-03-17 18:46:17,549 - nest_to_tvb_send2001 - INFO - Thread Internal : read(end) : buffer end -2
2022-03-17 18:46:17,549 - nest_to_tvb_send2001 - INFO - Thread Internal : rate(release) : end
2022-03-17 18:46:17,549 - nest_to_tvb_send2001 - INFO - Produce TVB Data : start loop : wait TVB
2022-03-17 18:46:17,860 - nest_to_tvb_send2001 - INFO -  Produce TVB Data : send data status : 0
2022-03-17 18:46:17,860 - nest_to_tvb_send2001 - INFO - Produce TVB Data : get rate
2022-03-17 18:46:17,860 - nest_to_tvb_send2001 - INFO - Thread Internal : rate(get) : get time rate
2022-03-17 18:46:17,860 - nest_to_tvb_send2001 - INFO - Thread Internal : read(ready) : buffer wait 2
2022-03-17 18:46:17,860 - nest_to_tvb_send2001 - INFO - Thread Internal : read(ready) : buffer end 2
2022-03-17 18:46:17,861 - nest_to_tvb_send2001 - INFO - Thread Internal : rate(get) : data request : time :[59.5 63. ]
2022-03-17 18:46:17,861 - nest_to_tvb_send2001 - INFO - Thread Internal : rate(get) : end
2022-03-17 18:46:17,861 - nest_to_tvb_send2001 - INFO - Produce TVB Data : send data :0.0
2022-03-17 18:46:17,861 - nest_to_tvb_send2001 - INFO - Produce TVB Data : end send
2022-03-17 18:46:17,861 - nest_to_tvb_send2001 - INFO - Thread Internal : rate(release)
2022-03-17 18:46:17,861 - nest_to_tvb_send2001 - INFO - Thread Internal : read(end) : begin 2
2022-03-17 18:46:17,861 - nest_to_tvb_send2001 - INFO - Thread Internal : read(end) : buffer end -2
2022-03-17 18:46:17,861 - nest_to_tvb_send2001 - INFO - Thread Internal : rate(release) : end
2022-03-17 18:46:17,861 - nest_to_tvb_send2001 - INFO - Produce TVB Data : start loop : wait TVB
2022-03-17 18:46:18,188 - nest_to_tvb_send2001 - INFO -  Produce TVB Data : send data status : 0
2022-03-17 18:46:18,188 - nest_to_tvb_send2001 - INFO - Produce TVB Data : get rate
2022-03-17 18:46:18,188 - nest_to_tvb_send2001 - INFO - Thread Internal : rate(get) : get time rate
2022-03-17 18:46:18,188 - nest_to_tvb_send2001 - INFO - Thread Internal : read(ready) : buffer wait 2
2022-03-17 18:46:18,188 - nest_to_tvb_send2001 - INFO - Thread Internal : read(ready) : buffer end 2
2022-03-17 18:46:18,188 - nest_to_tvb_send2001 - INFO - Thread Internal : rate(get) : data request : time :[63.  66.5]
2022-03-17 18:46:18,188 - nest_to_tvb_send2001 - INFO - Thread Internal : rate(get) : end
2022-03-17 18:46:18,189 - nest_to_tvb_send2001 - INFO - Produce TVB Data : send data :0.0
2022-03-17 18:46:18,193 - nest_to_tvb_send2001 - INFO - Produce TVB Data : end send
2022-03-17 18:46:18,193 - nest_to_tvb_send2001 - INFO - Thread Internal : rate(release)
2022-03-17 18:46:18,193 - nest_to_tvb_send2001 - INFO - Thread Internal : read(end) : begin 2
2022-03-17 18:46:18,193 - nest_to_tvb_send2001 - INFO - Thread Internal : read(end) : buffer end -2
2022-03-17 18:46:18,193 - nest_to_tvb_send2001 - INFO - Thread Internal : rate(release) : end
2022-03-17 18:46:18,193 - nest_to_tvb_send2001 - INFO - Produce TVB Data : start loop : wait TVB
2022-03-17 18:46:18,512 - nest_to_tvb_send2001 - INFO -  Produce TVB Data : send data status : 0
2022-03-17 18:46:18,512 - nest_to_tvb_send2001 - INFO - Produce TVB Data : get rate
2022-03-17 18:46:18,512 - nest_to_tvb_send2001 - INFO - Thread Internal : rate(get) : get time rate
2022-03-17 18:46:18,512 - nest_to_tvb_send2001 - INFO - Thread Internal : read(ready) : buffer wait 2
2022-03-17 18:46:18,512 - nest_to_tvb_send2001 - INFO - Thread Internal : read(ready) : buffer end 2
2022-03-17 18:46:18,512 - nest_to_tvb_send2001 - INFO - Thread Internal : rate(get) : data request : time :[66.5 70. ]
2022-03-17 18:46:18,512 - nest_to_tvb_send2001 - INFO - Thread Internal : rate(get) : end
2022-03-17 18:46:18,513 - nest_to_tvb_send2001 - INFO - Produce TVB Data : send data :0.0
2022-03-17 18:46:18,517 - nest_to_tvb_send2001 - INFO - Produce TVB Data : end send
2022-03-17 18:46:18,517 - nest_to_tvb_send2001 - INFO - Thread Internal : rate(release)
2022-03-17 18:46:18,517 - nest_to_tvb_send2001 - INFO - Thread Internal : read(end) : begin 2
2022-03-17 18:46:18,517 - nest_to_tvb_send2001 - INFO - Thread Internal : read(end) : buffer end -2
2022-03-17 18:46:18,517 - nest_to_tvb_send2001 - INFO - Thread Internal : rate(release) : end
2022-03-17 18:46:18,518 - nest_to_tvb_send2001 - INFO - Produce TVB Data : start loop : wait TVB
2022-03-17 18:46:18,835 - nest_to_tvb_send2001 - INFO -  Produce TVB Data : send data status : 0
2022-03-17 18:46:18,835 - nest_to_tvb_send2001 - INFO - Produce TVB Data : get rate
2022-03-17 18:46:18,835 - nest_to_tvb_send2001 - INFO - Thread Internal : rate(get) : get time rate
2022-03-17 18:46:18,835 - nest_to_tvb_send2001 - INFO - Thread Internal : read(ready) : buffer wait 2
2022-03-17 18:46:18,835 - nest_to_tvb_send2001 - INFO - Thread Internal : read(ready) : buffer end 2
2022-03-17 18:46:18,835 - nest_to_tvb_send2001 - INFO - Thread Internal : rate(get) : data request : time :[70.  73.5]
2022-03-17 18:46:18,835 - nest_to_tvb_send2001 - INFO - Thread Internal : rate(get) : end
2022-03-17 18:46:18,835 - nest_to_tvb_send2001 - INFO - Produce TVB Data : send data :0.0
2022-03-17 18:46:18,840 - nest_to_tvb_send2001 - INFO - Produce TVB Data : end send
2022-03-17 18:46:18,840 - nest_to_tvb_send2001 - INFO - Thread Internal : rate(release)
2022-03-17 18:46:18,840 - nest_to_tvb_send2001 - INFO - Thread Internal : read(end) : begin 2
2022-03-17 18:46:18,840 - nest_to_tvb_send2001 - INFO - Thread Internal : read(end) : buffer end -2
2022-03-17 18:46:18,840 - nest_to_tvb_send2001 - INFO - Thread Internal : rate(release) : end
2022-03-17 18:46:18,840 - nest_to_tvb_send2001 - INFO - Produce TVB Data : start loop : wait TVB
2022-03-17 18:46:19,160 - nest_to_tvb_send2001 - INFO -  Produce TVB Data : send data status : 0
2022-03-17 18:46:19,160 - nest_to_tvb_send2001 - INFO - Produce TVB Data : get rate
2022-03-17 18:46:19,160 - nest_to_tvb_send2001 - INFO - Thread Internal : rate(get) : get time rate
2022-03-17 18:46:19,160 - nest_to_tvb_send2001 - INFO - Thread Internal : read(ready) : buffer wait 2
2022-03-17 18:46:19,160 - nest_to_tvb_send2001 - INFO - Thread Internal : read(ready) : buffer end 2
2022-03-17 18:46:19,160 - nest_to_tvb_send2001 - INFO - Thread Internal : rate(get) : data request : time :[73.5 77. ]
2022-03-17 18:46:19,160 - nest_to_tvb_send2001 - INFO - Thread Internal : rate(get) : end
2022-03-17 18:46:19,161 - nest_to_tvb_send2001 - INFO - Produce TVB Data : send data :0.0
2022-03-17 18:46:19,165 - nest_to_tvb_send2001 - INFO - Produce TVB Data : end send
2022-03-17 18:46:19,165 - nest_to_tvb_send2001 - INFO - Thread Internal : rate(release)
2022-03-17 18:46:19,165 - nest_to_tvb_send2001 - INFO - Thread Internal : read(end) : begin 2
2022-03-17 18:46:19,165 - nest_to_tvb_send2001 - INFO - Thread Internal : read(end) : buffer end -2
2022-03-17 18:46:19,165 - nest_to_tvb_send2001 - INFO - Thread Internal : rate(release) : end
2022-03-17 18:46:19,166 - nest_to_tvb_send2001 - INFO - Produce TVB Data : start loop : wait TVB
2022-03-17 18:46:19,490 - nest_to_tvb_send2001 - INFO -  Produce TVB Data : send data status : 0
2022-03-17 18:46:19,490 - nest_to_tvb_send2001 - INFO - Produce TVB Data : get rate
2022-03-17 18:46:19,490 - nest_to_tvb_send2001 - INFO - Thread Internal : rate(get) : get time rate
2022-03-17 18:46:19,490 - nest_to_tvb_send2001 - INFO - Thread Internal : read(ready) : buffer wait 2
2022-03-17 18:46:19,490 - nest_to_tvb_send2001 - INFO - Thread Internal : read(ready) : buffer end 2
2022-03-17 18:46:19,491 - nest_to_tvb_send2001 - INFO - Thread Internal : rate(get) : data request : time :[77.  80.5]
2022-03-17 18:46:19,491 - nest_to_tvb_send2001 - INFO - Thread Internal : rate(get) : end
2022-03-17 18:46:19,491 - nest_to_tvb_send2001 - INFO - Produce TVB Data : send data :0.0
2022-03-17 18:46:19,492 - nest_to_tvb_send2001 - INFO - Produce TVB Data : end send
2022-03-17 18:46:19,492 - nest_to_tvb_send2001 - INFO - Thread Internal : rate(release)
2022-03-17 18:46:19,492 - nest_to_tvb_send2001 - INFO - Thread Internal : read(end) : begin 2
2022-03-17 18:46:19,492 - nest_to_tvb_send2001 - INFO - Thread Internal : read(end) : buffer end -2
2022-03-17 18:46:19,492 - nest_to_tvb_send2001 - INFO - Thread Internal : rate(release) : end
2022-03-17 18:46:19,492 - nest_to_tvb_send2001 - INFO - Produce TVB Data : start loop : wait TVB
2022-03-17 18:46:19,812 - nest_to_tvb_send2001 - INFO -  Produce TVB Data : send data status : 0
2022-03-17 18:46:19,812 - nest_to_tvb_send2001 - INFO - Produce TVB Data : get rate
2022-03-17 18:46:19,813 - nest_to_tvb_send2001 - INFO - Thread Internal : rate(get) : get time rate
2022-03-17 18:46:19,813 - nest_to_tvb_send2001 - INFO - Thread Internal : read(ready) : buffer wait 2
2022-03-17 18:46:19,813 - nest_to_tvb_send2001 - INFO - Thread Internal : read(ready) : buffer end 2
2022-03-17 18:46:19,813 - nest_to_tvb_send2001 - INFO - Thread Internal : rate(get) : data request : time :[80.5 84. ]
2022-03-17 18:46:19,813 - nest_to_tvb_send2001 - INFO - Thread Internal : rate(get) : end
2022-03-17 18:46:19,813 - nest_to_tvb_send2001 - INFO - Produce TVB Data : send data :0.0
2022-03-17 18:46:19,818 - nest_to_tvb_send2001 - INFO - Produce TVB Data : end send
2022-03-17 18:46:19,818 - nest_to_tvb_send2001 - INFO - Thread Internal : rate(release)
2022-03-17 18:46:19,818 - nest_to_tvb_send2001 - INFO - Thread Internal : read(end) : begin 2
2022-03-17 18:46:19,818 - nest_to_tvb_send2001 - INFO - Thread Internal : read(end) : buffer end -2
2022-03-17 18:46:19,818 - nest_to_tvb_send2001 - INFO - Thread Internal : rate(release) : end
2022-03-17 18:46:19,818 - nest_to_tvb_send2001 - INFO - Produce TVB Data : start loop : wait TVB
2022-03-17 18:46:20,135 - nest_to_tvb_send2001 - INFO -  Produce TVB Data : send data status : 0
2022-03-17 18:46:20,135 - nest_to_tvb_send2001 - INFO - Produce TVB Data : get rate
2022-03-17 18:46:20,135 - nest_to_tvb_send2001 - INFO - Thread Internal : rate(get) : get time rate
2022-03-17 18:46:20,135 - nest_to_tvb_send2001 - INFO - Thread Internal : read(ready) : buffer wait 2
2022-03-17 18:46:20,135 - nest_to_tvb_send2001 - INFO - Thread Internal : read(ready) : buffer end 2
2022-03-17 18:46:20,135 - nest_to_tvb_send2001 - INFO - Thread Internal : rate(get) : data request : time :[84.  87.5]
2022-03-17 18:46:20,135 - nest_to_tvb_send2001 - INFO - Thread Internal : rate(get) : end
2022-03-17 18:46:20,135 - nest_to_tvb_send2001 - INFO - Produce TVB Data : send data :0.0
2022-03-17 18:46:20,140 - nest_to_tvb_send2001 - INFO - Produce TVB Data : end send
2022-03-17 18:46:20,140 - nest_to_tvb_send2001 - INFO - Thread Internal : rate(release)
2022-03-17 18:46:20,140 - nest_to_tvb_send2001 - INFO - Thread Internal : read(end) : begin 2
2022-03-17 18:46:20,140 - nest_to_tvb_send2001 - INFO - Thread Internal : read(end) : buffer end -2
2022-03-17 18:46:20,140 - nest_to_tvb_send2001 - INFO - Thread Internal : rate(release) : end
2022-03-17 18:46:20,140 - nest_to_tvb_send2001 - INFO - Produce TVB Data : start loop : wait TVB
2022-03-17 18:46:20,448 - nest_to_tvb_send2001 - INFO -  Produce TVB Data : send data status : 0
2022-03-17 18:46:20,448 - nest_to_tvb_send2001 - INFO - Produce TVB Data : get rate
2022-03-17 18:46:20,448 - nest_to_tvb_send2001 - INFO - Thread Internal : rate(get) : get time rate
2022-03-17 18:46:20,448 - nest_to_tvb_send2001 - INFO - Thread Internal : read(ready) : buffer wait 2
2022-03-17 18:46:20,448 - nest_to_tvb_send2001 - INFO - Thread Internal : read(ready) : buffer end 2
2022-03-17 18:46:20,448 - nest_to_tvb_send2001 - INFO - Thread Internal : rate(get) : data request : time :[87.5 91. ]
2022-03-17 18:46:20,448 - nest_to_tvb_send2001 - INFO - Thread Internal : rate(get) : end
2022-03-17 18:46:20,448 - nest_to_tvb_send2001 - INFO - Produce TVB Data : send data :0.0
2022-03-17 18:46:20,449 - nest_to_tvb_send2001 - INFO - Produce TVB Data : end send
2022-03-17 18:46:20,449 - nest_to_tvb_send2001 - INFO - Thread Internal : rate(release)
2022-03-17 18:46:20,449 - nest_to_tvb_send2001 - INFO - Thread Internal : read(end) : begin 2
2022-03-17 18:46:20,449 - nest_to_tvb_send2001 - INFO - Thread Internal : read(end) : buffer end -2
2022-03-17 18:46:20,449 - nest_to_tvb_send2001 - INFO - Thread Internal : rate(release) : end
2022-03-17 18:46:20,449 - nest_to_tvb_send2001 - INFO - Produce TVB Data : start loop : wait TVB
2022-03-17 18:46:20,706 - nest_to_tvb_send2001 - INFO -  Produce TVB Data : send data status : 0
2022-03-17 18:46:20,706 - nest_to_tvb_send2001 - INFO - Produce TVB Data : get rate
2022-03-17 18:46:20,706 - nest_to_tvb_send2001 - INFO - Thread Internal : rate(get) : get time rate
2022-03-17 18:46:20,706 - nest_to_tvb_send2001 - INFO - Thread Internal : read(ready) : buffer wait 2
2022-03-17 18:46:20,706 - nest_to_tvb_send2001 - INFO - Thread Internal : read(ready) : buffer end 2
2022-03-17 18:46:20,707 - nest_to_tvb_send2001 - INFO - Thread Internal : rate(get) : data request : time :[91.  94.5]
2022-03-17 18:46:20,707 - nest_to_tvb_send2001 - INFO - Thread Internal : rate(get) : end
2022-03-17 18:46:20,707 - nest_to_tvb_send2001 - INFO - Produce TVB Data : send data :0.0
2022-03-17 18:46:20,707 - nest_to_tvb_send2001 - INFO - Produce TVB Data : end send
2022-03-17 18:46:20,707 - nest_to_tvb_send2001 - INFO - Thread Internal : rate(release)
2022-03-17 18:46:20,707 - nest_to_tvb_send2001 - INFO - Thread Internal : read(end) : begin 2
2022-03-17 18:46:20,707 - nest_to_tvb_send2001 - INFO - Thread Internal : read(end) : buffer end -2
2022-03-17 18:46:20,707 - nest_to_tvb_send2001 - INFO - Thread Internal : rate(release) : end
2022-03-17 18:46:20,707 - nest_to_tvb_send2001 - INFO - Produce TVB Data : start loop : wait TVB
2022-03-17 18:46:21,030 - nest_to_tvb_send2001 - INFO -  Produce TVB Data : send data status : 0
2022-03-17 18:46:21,030 - nest_to_tvb_send2001 - INFO - Produce TVB Data : get rate
2022-03-17 18:46:21,030 - nest_to_tvb_send2001 - INFO - Thread Internal : rate(get) : get time rate
2022-03-17 18:46:21,030 - nest_to_tvb_send2001 - INFO - Thread Internal : read(ready) : buffer wait 2
2022-03-17 18:46:21,030 - nest_to_tvb_send2001 - INFO - Thread Internal : read(ready) : buffer end 2
2022-03-17 18:46:21,030 - nest_to_tvb_send2001 - INFO - Thread Internal : rate(get) : data request : time :[94.5 98. ]
2022-03-17 18:46:21,030 - nest_to_tvb_send2001 - INFO - Thread Internal : rate(get) : end
2022-03-17 18:46:21,030 - nest_to_tvb_send2001 - INFO - Produce TVB Data : send data :0.0
2022-03-17 18:46:21,036 - nest_to_tvb_send2001 - INFO - Produce TVB Data : end send
2022-03-17 18:46:21,036 - nest_to_tvb_send2001 - INFO - Thread Internal : rate(release)
2022-03-17 18:46:21,036 - nest_to_tvb_send2001 - INFO - Thread Internal : read(end) : begin 2
2022-03-17 18:46:21,036 - nest_to_tvb_send2001 - INFO - Thread Internal : read(end) : buffer end -2
2022-03-17 18:46:21,036 - nest_to_tvb_send2001 - INFO - Thread Internal : rate(release) : end
2022-03-17 18:46:21,036 - nest_to_tvb_send2001 - INFO - Produce TVB Data : start loop : wait TVB
2022-03-17 18:46:21,322 - nest_to_tvb_send2001 - INFO -  Produce TVB Data : send data status : 0
2022-03-17 18:46:21,322 - nest_to_tvb_send2001 - INFO - Produce TVB Data : get rate
2022-03-17 18:46:21,322 - nest_to_tvb_send2001 - INFO - Thread Internal : rate(get) : get time rate
2022-03-17 18:46:21,323 - nest_to_tvb_send2001 - INFO - Thread Internal : read(ready) : buffer wait 2
2022-03-17 18:46:21,323 - nest_to_tvb_send2001 - INFO - Thread Internal : read(ready) : buffer end 2
2022-03-17 18:46:21,323 - nest_to_tvb_send2001 - INFO - Thread Internal : rate(get) : data request : time :[ 98.  101.5]
2022-03-17 18:46:21,323 - nest_to_tvb_send2001 - INFO - Thread Internal : rate(get) : end
2022-03-17 18:46:21,323 - nest_to_tvb_send2001 - INFO - Produce TVB Data : send data :0.0
2022-03-17 18:46:21,323 - nest_to_tvb_send2001 - INFO - Produce TVB Data : end send
2022-03-17 18:46:21,323 - nest_to_tvb_send2001 - INFO - Thread Internal : rate(release)
2022-03-17 18:46:21,323 - nest_to_tvb_send2001 - INFO - Thread Internal : read(end) : begin 2
2022-03-17 18:46:21,323 - nest_to_tvb_send2001 - INFO - Thread Internal : read(end) : buffer end -2
2022-03-17 18:46:21,323 - nest_to_tvb_send2001 - INFO - Thread Internal : rate(release) : end
2022-03-17 18:46:21,323 - nest_to_tvb_send2001 - INFO - Produce TVB Data : start loop : wait TVB
2022-03-17 18:46:21,622 - nest_to_tvb_send2001 - INFO -  Produce TVB Data : send data status : 0
2022-03-17 18:46:21,622 - nest_to_tvb_send2001 - INFO - Produce TVB Data : get rate
2022-03-17 18:46:21,622 - nest_to_tvb_send2001 - INFO - Thread Internal : rate(get) : get time rate
2022-03-17 18:46:21,622 - nest_to_tvb_send2001 - INFO - Thread Internal : read(ready) : buffer wait 2
2022-03-17 18:46:21,622 - nest_to_tvb_send2001 - INFO - Thread Internal : read(ready) : buffer end 2
2022-03-17 18:46:21,623 - nest_to_tvb_send2001 - INFO - Thread Internal : rate(get) : data request : time :[101.5 105. ]
2022-03-17 18:46:21,623 - nest_to_tvb_send2001 - INFO - Thread Internal : rate(get) : end
2022-03-17 18:46:21,623 - nest_to_tvb_send2001 - INFO - Produce TVB Data : send data :0.0
2022-03-17 18:46:21,642 - nest_to_tvb_send2001 - INFO - Produce TVB Data : end send
2022-03-17 18:46:21,642 - nest_to_tvb_send2001 - INFO - Thread Internal : rate(release)
2022-03-17 18:46:21,642 - nest_to_tvb_send2001 - INFO - Thread Internal : read(end) : begin 2
2022-03-17 18:46:21,642 - nest_to_tvb_send2001 - INFO - Thread Internal : read(end) : buffer end -2
2022-03-17 18:46:21,642 - nest_to_tvb_send2001 - INFO - Thread Internal : rate(release) : end
2022-03-17 18:46:21,642 - nest_to_tvb_send2001 - INFO - Produce TVB Data : start loop : wait TVB
2022-03-17 18:46:21,955 - nest_to_tvb_send2001 - INFO -  Produce TVB Data : send data status : 0
2022-03-17 18:46:21,955 - nest_to_tvb_send2001 - INFO - Produce TVB Data : get rate
2022-03-17 18:46:21,955 - nest_to_tvb_send2001 - INFO - Thread Internal : rate(get) : get time rate
2022-03-17 18:46:21,955 - nest_to_tvb_send2001 - INFO - Thread Internal : read(ready) : buffer wait 2
2022-03-17 18:46:21,955 - nest_to_tvb_send2001 - INFO - Thread Internal : read(ready) : buffer end 2
2022-03-17 18:46:21,955 - nest_to_tvb_send2001 - INFO - Thread Internal : rate(get) : data request : time :[105.  108.5]
2022-03-17 18:46:21,956 - nest_to_tvb_send2001 - INFO - Thread Internal : rate(get) : end
2022-03-17 18:46:21,956 - nest_to_tvb_send2001 - INFO - Produce TVB Data : send data :0.0
2022-03-17 18:46:21,975 - nest_to_tvb_send2001 - INFO - Produce TVB Data : end send
2022-03-17 18:46:21,975 - nest_to_tvb_send2001 - INFO - Thread Internal : rate(release)
2022-03-17 18:46:21,975 - nest_to_tvb_send2001 - INFO - Thread Internal : read(end) : begin 2
2022-03-17 18:46:21,975 - nest_to_tvb_send2001 - INFO - Thread Internal : read(end) : buffer end -2
2022-03-17 18:46:21,975 - nest_to_tvb_send2001 - INFO - Thread Internal : rate(release) : end
2022-03-17 18:46:21,975 - nest_to_tvb_send2001 - INFO - Produce TVB Data : start loop : wait TVB
2022-03-17 18:46:22,288 - nest_to_tvb_send2001 - INFO -  Produce TVB Data : send data status : 0
2022-03-17 18:46:22,288 - nest_to_tvb_send2001 - INFO - Produce TVB Data : get rate
2022-03-17 18:46:22,289 - nest_to_tvb_send2001 - INFO - Thread Internal : rate(get) : get time rate
2022-03-17 18:46:22,289 - nest_to_tvb_send2001 - INFO - Thread Internal : read(ready) : buffer wait 2
2022-03-17 18:46:22,289 - nest_to_tvb_send2001 - INFO - Thread Internal : read(ready) : buffer end 2
2022-03-17 18:46:22,289 - nest_to_tvb_send2001 - INFO - Thread Internal : rate(get) : data request : time :[108.5 112. ]
2022-03-17 18:46:22,289 - nest_to_tvb_send2001 - INFO - Thread Internal : rate(get) : end
2022-03-17 18:46:22,289 - nest_to_tvb_send2001 - INFO - Produce TVB Data : send data :0.0
2022-03-17 18:46:22,306 - nest_to_tvb_send2001 - INFO - Produce TVB Data : end send
2022-03-17 18:46:22,306 - nest_to_tvb_send2001 - INFO - Thread Internal : rate(release)
2022-03-17 18:46:22,306 - nest_to_tvb_send2001 - INFO - Thread Internal : read(end) : begin 2
2022-03-17 18:46:22,306 - nest_to_tvb_send2001 - INFO - Thread Internal : read(end) : buffer end -2
2022-03-17 18:46:22,306 - nest_to_tvb_send2001 - INFO - Thread Internal : rate(release) : end
2022-03-17 18:46:22,306 - nest_to_tvb_send2001 - INFO - Produce TVB Data : start loop : wait TVB
2022-03-17 18:46:22,644 - nest_to_tvb_send2001 - INFO -  Produce TVB Data : send data status : 0
2022-03-17 18:46:22,644 - nest_to_tvb_send2001 - INFO - Produce TVB Data : get rate
2022-03-17 18:46:22,644 - nest_to_tvb_send2001 - INFO - Thread Internal : rate(get) : get time rate
2022-03-17 18:46:22,644 - nest_to_tvb_send2001 - INFO - Thread Internal : read(ready) : buffer wait 2
2022-03-17 18:46:22,644 - nest_to_tvb_send2001 - INFO - Thread Internal : read(ready) : buffer end 2
2022-03-17 18:46:22,644 - nest_to_tvb_send2001 - INFO - Thread Internal : rate(get) : data request : time :[112.  115.5]
2022-03-17 18:46:22,644 - nest_to_tvb_send2001 - INFO - Thread Internal : rate(get) : end
2022-03-17 18:46:22,644 - nest_to_tvb_send2001 - INFO - Produce TVB Data : send data :0.0
2022-03-17 18:46:22,656 - nest_to_tvb_send2001 - INFO - Produce TVB Data : end send
2022-03-17 18:46:22,656 - nest_to_tvb_send2001 - INFO - Thread Internal : rate(release)
2022-03-17 18:46:22,656 - nest_to_tvb_send2001 - INFO - Thread Internal : read(end) : begin 2
2022-03-17 18:46:22,656 - nest_to_tvb_send2001 - INFO - Thread Internal : read(end) : buffer end -2
2022-03-17 18:46:22,656 - nest_to_tvb_send2001 - INFO - Thread Internal : rate(release) : end
2022-03-17 18:46:22,656 - nest_to_tvb_send2001 - INFO - Produce TVB Data : start loop : wait TVB
2022-03-17 18:46:22,967 - nest_to_tvb_send2001 - INFO -  Produce TVB Data : send data status : 0
2022-03-17 18:46:22,967 - nest_to_tvb_send2001 - INFO - Produce TVB Data : get rate
2022-03-17 18:46:22,967 - nest_to_tvb_send2001 - INFO - Thread Internal : rate(get) : get time rate
2022-03-17 18:46:22,967 - nest_to_tvb_send2001 - INFO - Thread Internal : read(ready) : buffer wait 2
2022-03-17 18:46:22,967 - nest_to_tvb_send2001 - INFO - Thread Internal : read(ready) : buffer end 2
2022-03-17 18:46:22,968 - nest_to_tvb_send2001 - INFO - Thread Internal : rate(get) : data request : time :[115.5 119. ]
2022-03-17 18:46:22,968 - nest_to_tvb_send2001 - INFO - Thread Internal : rate(get) : end
2022-03-17 18:46:22,968 - nest_to_tvb_send2001 - INFO - Produce TVB Data : send data :0.0
2022-03-17 18:46:22,984 - nest_to_tvb_send2001 - INFO - Produce TVB Data : end send
2022-03-17 18:46:22,984 - nest_to_tvb_send2001 - INFO - Thread Internal : rate(release)
2022-03-17 18:46:22,984 - nest_to_tvb_send2001 - INFO - Thread Internal : read(end) : begin 2
2022-03-17 18:46:22,984 - nest_to_tvb_send2001 - INFO - Thread Internal : read(end) : buffer end -2
2022-03-17 18:46:22,984 - nest_to_tvb_send2001 - INFO - Thread Internal : rate(release) : end
2022-03-17 18:46:22,984 - nest_to_tvb_send2001 - INFO - Produce TVB Data : start loop : wait TVB
2022-03-17 18:46:23,312 - nest_to_tvb_send2001 - INFO -  Produce TVB Data : send data status : 0
2022-03-17 18:46:23,312 - nest_to_tvb_send2001 - INFO - Produce TVB Data : get rate
2022-03-17 18:46:23,312 - nest_to_tvb_send2001 - INFO - Thread Internal : rate(get) : get time rate
2022-03-17 18:46:23,312 - nest_to_tvb_send2001 - INFO - Thread Internal : read(ready) : buffer wait 2
2022-03-17 18:46:23,312 - nest_to_tvb_send2001 - INFO - Thread Internal : read(ready) : buffer end 2
2022-03-17 18:46:23,312 - nest_to_tvb_send2001 - INFO - Thread Internal : rate(get) : data request : time :[119.  122.5]
2022-03-17 18:46:23,312 - nest_to_tvb_send2001 - INFO - Thread Internal : rate(get) : end
2022-03-17 18:46:23,312 - nest_to_tvb_send2001 - INFO - Produce TVB Data : send data :0.0
2022-03-17 18:46:23,324 - nest_to_tvb_send2001 - INFO - Produce TVB Data : end send
2022-03-17 18:46:23,324 - nest_to_tvb_send2001 - INFO - Thread Internal : rate(release)
2022-03-17 18:46:23,324 - nest_to_tvb_send2001 - INFO - Thread Internal : read(end) : begin 2
2022-03-17 18:46:23,324 - nest_to_tvb_send2001 - INFO - Thread Internal : read(end) : buffer end -2
2022-03-17 18:46:23,324 - nest_to_tvb_send2001 - INFO - Thread Internal : rate(release) : end
2022-03-17 18:46:23,324 - nest_to_tvb_send2001 - INFO - Produce TVB Data : start loop : wait TVB
2022-03-17 18:46:23,640 - nest_to_tvb_send2001 - INFO -  Produce TVB Data : send data status : 0
2022-03-17 18:46:23,640 - nest_to_tvb_send2001 - INFO - Produce TVB Data : get rate
2022-03-17 18:46:23,641 - nest_to_tvb_send2001 - INFO - Thread Internal : rate(get) : get time rate
2022-03-17 18:46:23,641 - nest_to_tvb_send2001 - INFO - Thread Internal : read(ready) : buffer wait 2
2022-03-17 18:46:23,641 - nest_to_tvb_send2001 - INFO - Thread Internal : read(ready) : buffer end 2
2022-03-17 18:46:23,641 - nest_to_tvb_send2001 - INFO - Thread Internal : rate(get) : data request : time :[122.5 126. ]
2022-03-17 18:46:23,641 - nest_to_tvb_send2001 - INFO - Thread Internal : rate(get) : end
2022-03-17 18:46:23,641 - nest_to_tvb_send2001 - INFO - Produce TVB Data : send data :0.0
2022-03-17 18:46:23,641 - nest_to_tvb_send2001 - INFO - Produce TVB Data : end send
2022-03-17 18:46:23,648 - nest_to_tvb_send2001 - INFO - Thread Internal : rate(release)
2022-03-17 18:46:23,648 - nest_to_tvb_send2001 - INFO - Thread Internal : read(end) : begin 2
2022-03-17 18:46:23,648 - nest_to_tvb_send2001 - INFO - Thread Internal : read(end) : buffer end -2
2022-03-17 18:46:23,648 - nest_to_tvb_send2001 - INFO - Thread Internal : rate(release) : end
2022-03-17 18:46:23,648 - nest_to_tvb_send2001 - INFO - Produce TVB Data : start loop : wait TVB
2022-03-17 18:46:23,951 - nest_to_tvb_send2001 - INFO -  Produce TVB Data : send data status : 0
2022-03-17 18:46:23,951 - nest_to_tvb_send2001 - INFO - Produce TVB Data : get rate
2022-03-17 18:46:23,951 - nest_to_tvb_send2001 - INFO - Thread Internal : rate(get) : get time rate
2022-03-17 18:46:23,951 - nest_to_tvb_send2001 - INFO - Thread Internal : read(ready) : buffer wait 2
2022-03-17 18:46:23,952 - nest_to_tvb_send2001 - INFO - Thread Internal : read(ready) : buffer end 2
2022-03-17 18:46:23,952 - nest_to_tvb_send2001 - INFO - Thread Internal : rate(get) : data request : time :[126.  129.5]
2022-03-17 18:46:23,952 - nest_to_tvb_send2001 - INFO - Thread Internal : rate(get) : end
2022-03-17 18:46:23,952 - nest_to_tvb_send2001 - INFO - Produce TVB Data : send data :0.0
2022-03-17 18:46:23,952 - nest_to_tvb_send2001 - INFO - Produce TVB Data : end send
2022-03-17 18:46:23,952 - nest_to_tvb_send2001 - INFO - Thread Internal : rate(release)
2022-03-17 18:46:23,952 - nest_to_tvb_send2001 - INFO - Thread Internal : read(end) : begin 2
2022-03-17 18:46:23,952 - nest_to_tvb_send2001 - INFO - Thread Internal : read(end) : buffer end -2
2022-03-17 18:46:23,952 - nest_to_tvb_send2001 - INFO - Thread Internal : rate(release) : end
2022-03-17 18:46:23,952 - nest_to_tvb_send2001 - INFO - Produce TVB Data : start loop : wait TVB
2022-03-17 18:46:24,246 - nest_to_tvb_send2001 - INFO -  Produce TVB Data : send data status : 0
2022-03-17 18:46:24,246 - nest_to_tvb_send2001 - INFO - Produce TVB Data : get rate
2022-03-17 18:46:24,246 - nest_to_tvb_send2001 - INFO - Thread Internal : rate(get) : get time rate
2022-03-17 18:46:24,246 - nest_to_tvb_send2001 - INFO - Thread Internal : read(ready) : buffer wait 2
2022-03-17 18:46:24,246 - nest_to_tvb_send2001 - INFO - Thread Internal : read(ready) : buffer end 2
2022-03-17 18:46:24,247 - nest_to_tvb_send2001 - INFO - Thread Internal : rate(get) : data request : time :[129.5 133. ]
2022-03-17 18:46:24,247 - nest_to_tvb_send2001 - INFO - Thread Internal : rate(get) : end
2022-03-17 18:46:24,247 - nest_to_tvb_send2001 - INFO - Produce TVB Data : send data :0.0
2022-03-17 18:46:24,247 - nest_to_tvb_send2001 - INFO - Produce TVB Data : end send
2022-03-17 18:46:24,247 - nest_to_tvb_send2001 - INFO - Thread Internal : rate(release)
2022-03-17 18:46:24,247 - nest_to_tvb_send2001 - INFO - Thread Internal : read(end) : begin 2
2022-03-17 18:46:24,247 - nest_to_tvb_send2001 - INFO - Thread Internal : read(end) : buffer end -2
2022-03-17 18:46:24,247 - nest_to_tvb_send2001 - INFO - Thread Internal : rate(release) : end
2022-03-17 18:46:24,247 - nest_to_tvb_send2001 - INFO - Produce TVB Data : start loop : wait TVB
2022-03-17 18:46:24,596 - nest_to_tvb_send2001 - INFO -  Produce TVB Data : send data status : 0
2022-03-17 18:46:24,596 - nest_to_tvb_send2001 - INFO - Produce TVB Data : get rate
2022-03-17 18:46:24,596 - nest_to_tvb_send2001 - INFO - Thread Internal : rate(get) : get time rate
2022-03-17 18:46:24,596 - nest_to_tvb_send2001 - INFO - Thread Internal : read(ready) : buffer wait 2
2022-03-17 18:46:24,596 - nest_to_tvb_send2001 - INFO - Thread Internal : read(ready) : buffer end 2
2022-03-17 18:46:24,596 - nest_to_tvb_send2001 - INFO - Thread Internal : rate(get) : data request : time :[133.  136.5]
2022-03-17 18:46:24,596 - nest_to_tvb_send2001 - INFO - Thread Internal : rate(get) : end
2022-03-17 18:46:24,596 - nest_to_tvb_send2001 - INFO - Produce TVB Data : send data :0.0
2022-03-17 18:46:24,607 - nest_to_tvb_send2001 - INFO - Produce TVB Data : end send
2022-03-17 18:46:24,607 - nest_to_tvb_send2001 - INFO - Thread Internal : rate(release)
2022-03-17 18:46:24,607 - nest_to_tvb_send2001 - INFO - Thread Internal : read(end) : begin 2
2022-03-17 18:46:24,607 - nest_to_tvb_send2001 - INFO - Thread Internal : read(end) : buffer end -2
2022-03-17 18:46:24,607 - nest_to_tvb_send2001 - INFO - Thread Internal : rate(release) : end
2022-03-17 18:46:24,607 - nest_to_tvb_send2001 - INFO - Produce TVB Data : start loop : wait TVB
2022-03-17 18:46:24,917 - nest_to_tvb_send2001 - INFO -  Produce TVB Data : send data status : 0
2022-03-17 18:46:24,918 - nest_to_tvb_send2001 - INFO - Produce TVB Data : get rate
2022-03-17 18:46:24,918 - nest_to_tvb_send2001 - INFO - Thread Internal : rate(get) : get time rate
2022-03-17 18:46:24,918 - nest_to_tvb_send2001 - INFO - Thread Internal : read(ready) : buffer wait 2
2022-03-17 18:46:24,918 - nest_to_tvb_send2001 - INFO - Thread Internal : read(ready) : buffer end 2
2022-03-17 18:46:24,918 - nest_to_tvb_send2001 - INFO - Thread Internal : rate(get) : data request : time :[136.5 140. ]
2022-03-17 18:46:24,918 - nest_to_tvb_send2001 - INFO - Thread Internal : rate(get) : end
2022-03-17 18:46:24,918 - nest_to_tvb_send2001 - INFO - Produce TVB Data : send data :0.0
2022-03-17 18:46:24,920 - nest_to_tvb_send2001 - INFO - Produce TVB Data : end send
2022-03-17 18:46:24,920 - nest_to_tvb_send2001 - INFO - Thread Internal : rate(release)
2022-03-17 18:46:24,920 - nest_to_tvb_send2001 - INFO - Thread Internal : read(end) : begin 2
2022-03-17 18:46:24,920 - nest_to_tvb_send2001 - INFO - Thread Internal : read(end) : buffer end -2
2022-03-17 18:46:24,920 - nest_to_tvb_send2001 - INFO - Thread Internal : rate(release) : end
2022-03-17 18:46:24,920 - nest_to_tvb_send2001 - INFO - Produce TVB Data : start loop : wait TVB
2022-03-17 18:46:25,220 - nest_to_tvb_send2001 - INFO -  Produce TVB Data : send data status : 0
2022-03-17 18:46:25,220 - nest_to_tvb_send2001 - INFO - Produce TVB Data : get rate
2022-03-17 18:46:25,220 - nest_to_tvb_send2001 - INFO - Thread Internal : rate(get) : get time rate
2022-03-17 18:46:25,221 - nest_to_tvb_send2001 - INFO - Thread Internal : read(ready) : buffer wait 2
2022-03-17 18:46:25,221 - nest_to_tvb_send2001 - INFO - Thread Internal : read(ready) : buffer end 2
2022-03-17 18:46:25,221 - nest_to_tvb_send2001 - INFO - Thread Internal : rate(get) : data request : time :[140.  143.5]
2022-03-17 18:46:25,221 - nest_to_tvb_send2001 - INFO - Thread Internal : rate(get) : end
2022-03-17 18:46:25,221 - nest_to_tvb_send2001 - INFO - Produce TVB Data : send data :0.0
2022-03-17 18:46:25,233 - nest_to_tvb_send2001 - INFO - Produce TVB Data : end send
2022-03-17 18:46:25,233 - nest_to_tvb_send2001 - INFO - Thread Internal : rate(release)
2022-03-17 18:46:25,233 - nest_to_tvb_send2001 - INFO - Thread Internal : read(end) : begin 2
2022-03-17 18:46:25,233 - nest_to_tvb_send2001 - INFO - Thread Internal : read(end) : buffer end -2
2022-03-17 18:46:25,233 - nest_to_tvb_send2001 - INFO - Thread Internal : rate(release) : end
2022-03-17 18:46:25,233 - nest_to_tvb_send2001 - INFO - Produce TVB Data : start loop : wait TVB
2022-03-17 18:46:25,540 - nest_to_tvb_send2001 - INFO -  Produce TVB Data : send data status : 0
2022-03-17 18:46:25,540 - nest_to_tvb_send2001 - INFO - Produce TVB Data : get rate
2022-03-17 18:46:25,540 - nest_to_tvb_send2001 - INFO - Thread Internal : rate(get) : get time rate
2022-03-17 18:46:25,540 - nest_to_tvb_send2001 - INFO - Thread Internal : read(ready) : buffer wait 2
2022-03-17 18:46:25,540 - nest_to_tvb_send2001 - INFO - Thread Internal : read(ready) : buffer end 2
2022-03-17 18:46:25,540 - nest_to_tvb_send2001 - INFO - Thread Internal : rate(get) : data request : time :[143.5 147. ]
2022-03-17 18:46:25,540 - nest_to_tvb_send2001 - INFO - Thread Internal : rate(get) : end
2022-03-17 18:46:25,540 - nest_to_tvb_send2001 - INFO - Produce TVB Data : send data :0.0
2022-03-17 18:46:25,540 - nest_to_tvb_send2001 - INFO - Produce TVB Data : end send
2022-03-17 18:46:25,541 - nest_to_tvb_send2001 - INFO - Thread Internal : rate(release)
2022-03-17 18:46:25,541 - nest_to_tvb_send2001 - INFO - Thread Internal : read(end) : begin 2
2022-03-17 18:46:25,542 - nest_to_tvb_send2001 - INFO - Thread Internal : read(end) : buffer end -2
2022-03-17 18:46:25,542 - nest_to_tvb_send2001 - INFO - Thread Internal : rate(release) : end
2022-03-17 18:46:25,542 - nest_to_tvb_send2001 - INFO - Produce TVB Data : start loop : wait TVB
2022-03-17 18:46:25,852 - nest_to_tvb_send2001 - INFO -  Produce TVB Data : send data status : 0
2022-03-17 18:46:25,852 - nest_to_tvb_send2001 - INFO - Produce TVB Data : get rate
2022-03-17 18:46:25,852 - nest_to_tvb_send2001 - INFO - Thread Internal : rate(get) : get time rate
2022-03-17 18:46:25,853 - nest_to_tvb_send2001 - INFO - Thread Internal : read(ready) : buffer wait 2
2022-03-17 18:46:25,853 - nest_to_tvb_send2001 - INFO - Thread Internal : read(ready) : buffer end 2
2022-03-17 18:46:25,853 - nest_to_tvb_send2001 - INFO - Thread Internal : rate(get) : data request : time :[147.  150.5]
2022-03-17 18:46:25,853 - nest_to_tvb_send2001 - INFO - Thread Internal : rate(get) : end
2022-03-17 18:46:25,853 - nest_to_tvb_send2001 - INFO - Produce TVB Data : send data :0.0
2022-03-17 18:46:25,853 - nest_to_tvb_send2001 - INFO - Produce TVB Data : end send
2022-03-17 18:46:25,853 - nest_to_tvb_send2001 - INFO - Thread Internal : rate(release)
2022-03-17 18:46:25,853 - nest_to_tvb_send2001 - INFO - Thread Internal : read(end) : begin 2
2022-03-17 18:46:25,853 - nest_to_tvb_send2001 - INFO - Thread Internal : read(end) : buffer end -2
2022-03-17 18:46:25,853 - nest_to_tvb_send2001 - INFO - Thread Internal : rate(release) : end
2022-03-17 18:46:25,853 - nest_to_tvb_send2001 - INFO - Produce TVB Data : start loop : wait TVB
2022-03-17 18:46:26,156 - nest_to_tvb_send2001 - INFO -  Produce TVB Data : send data status : 0
2022-03-17 18:46:26,156 - nest_to_tvb_send2001 - INFO - Produce TVB Data : get rate
2022-03-17 18:46:26,156 - nest_to_tvb_send2001 - INFO - Thread Internal : rate(get) : get time rate
2022-03-17 18:46:26,156 - nest_to_tvb_send2001 - INFO - Thread Internal : read(ready) : buffer wait 2
2022-03-17 18:46:26,156 - nest_to_tvb_send2001 - INFO - Thread Internal : read(ready) : buffer end 2
2022-03-17 18:46:26,156 - nest_to_tvb_send2001 - INFO - Thread Internal : rate(get) : data request : time :[150.5 154. ]
2022-03-17 18:46:26,156 - nest_to_tvb_send2001 - INFO - Thread Internal : rate(get) : end
2022-03-17 18:46:26,156 - nest_to_tvb_send2001 - INFO - Produce TVB Data : send data :0.0
2022-03-17 18:46:26,156 - nest_to_tvb_send2001 - INFO - Produce TVB Data : end send
2022-03-17 18:46:26,157 - nest_to_tvb_send2001 - INFO - Thread Internal : rate(release)
2022-03-17 18:46:26,157 - nest_to_tvb_send2001 - INFO - Thread Internal : read(end) : begin 2
2022-03-17 18:46:26,157 - nest_to_tvb_send2001 - INFO - Thread Internal : read(end) : buffer end -2
2022-03-17 18:46:26,157 - nest_to_tvb_send2001 - INFO - Thread Internal : rate(release) : end
2022-03-17 18:46:26,157 - nest_to_tvb_send2001 - INFO - Produce TVB Data : start loop : wait TVB
2022-03-17 18:46:26,476 - nest_to_tvb_send2001 - INFO -  Produce TVB Data : send data status : 0
2022-03-17 18:46:26,476 - nest_to_tvb_send2001 - INFO - Produce TVB Data : get rate
2022-03-17 18:46:26,476 - nest_to_tvb_send2001 - INFO - Thread Internal : rate(get) : get time rate
2022-03-17 18:46:26,476 - nest_to_tvb_send2001 - INFO - Thread Internal : read(ready) : buffer wait 2
2022-03-17 18:46:26,476 - nest_to_tvb_send2001 - INFO - Thread Internal : read(ready) : buffer end 2
2022-03-17 18:46:26,476 - nest_to_tvb_send2001 - INFO - Thread Internal : rate(get) : data request : time :[154.  157.5]
2022-03-17 18:46:26,476 - nest_to_tvb_send2001 - INFO - Thread Internal : rate(get) : end
2022-03-17 18:46:26,476 - nest_to_tvb_send2001 - INFO - Produce TVB Data : send data :0.0
2022-03-17 18:46:26,478 - nest_to_tvb_send2001 - INFO - Produce TVB Data : end send
2022-03-17 18:46:26,478 - nest_to_tvb_send2001 - INFO - Thread Internal : rate(release)
2022-03-17 18:46:26,478 - nest_to_tvb_send2001 - INFO - Thread Internal : read(end) : begin 2
2022-03-17 18:46:26,478 - nest_to_tvb_send2001 - INFO - Thread Internal : read(end) : buffer end -2
2022-03-17 18:46:26,478 - nest_to_tvb_send2001 - INFO - Thread Internal : rate(release) : end
2022-03-17 18:46:26,478 - nest_to_tvb_send2001 - INFO - Produce TVB Data : start loop : wait TVB
2022-03-17 18:46:26,812 - nest_to_tvb_send2001 - INFO -  Produce TVB Data : send data status : 0
2022-03-17 18:46:26,812 - nest_to_tvb_send2001 - INFO - Produce TVB Data : get rate
2022-03-17 18:46:26,812 - nest_to_tvb_send2001 - INFO - Thread Internal : rate(get) : get time rate
2022-03-17 18:46:26,812 - nest_to_tvb_send2001 - INFO - Thread Internal : read(ready) : buffer wait 2
2022-03-17 18:46:26,812 - nest_to_tvb_send2001 - INFO - Thread Internal : read(ready) : buffer end 2
2022-03-17 18:46:26,812 - nest_to_tvb_send2001 - INFO - Thread Internal : rate(get) : data request : time :[157.5 161. ]
2022-03-17 18:46:26,812 - nest_to_tvb_send2001 - INFO - Thread Internal : rate(get) : end
2022-03-17 18:46:26,812 - nest_to_tvb_send2001 - INFO - Produce TVB Data : send data :0.0
2022-03-17 18:46:26,813 - nest_to_tvb_send2001 - INFO - Produce TVB Data : end send
2022-03-17 18:46:26,813 - nest_to_tvb_send2001 - INFO - Thread Internal : rate(release)
2022-03-17 18:46:26,813 - nest_to_tvb_send2001 - INFO - Thread Internal : read(end) : begin 2
2022-03-17 18:46:26,813 - nest_to_tvb_send2001 - INFO - Thread Internal : read(end) : buffer end -2
2022-03-17 18:46:26,813 - nest_to_tvb_send2001 - INFO - Thread Internal : rate(release) : end
2022-03-17 18:46:26,813 - nest_to_tvb_send2001 - INFO - Produce TVB Data : start loop : wait TVB
2022-03-17 18:46:27,131 - nest_to_tvb_send2001 - INFO -  Produce TVB Data : send data status : 0
2022-03-17 18:46:27,131 - nest_to_tvb_send2001 - INFO - Produce TVB Data : get rate
2022-03-17 18:46:27,131 - nest_to_tvb_send2001 - INFO - Thread Internal : rate(get) : get time rate
2022-03-17 18:46:27,131 - nest_to_tvb_send2001 - INFO - Thread Internal : read(ready) : buffer wait 2
2022-03-17 18:46:27,131 - nest_to_tvb_send2001 - INFO - Thread Internal : read(ready) : buffer end 2
2022-03-17 18:46:27,132 - nest_to_tvb_send2001 - INFO - Thread Internal : rate(get) : data request : time :[161.  164.5]
2022-03-17 18:46:27,132 - nest_to_tvb_send2001 - INFO - Thread Internal : rate(get) : end
2022-03-17 18:46:27,132 - nest_to_tvb_send2001 - INFO - Produce TVB Data : send data :0.0
2022-03-17 18:46:27,140 - nest_to_tvb_send2001 - INFO - Produce TVB Data : end send
2022-03-17 18:46:27,140 - nest_to_tvb_send2001 - INFO - Thread Internal : rate(release)
2022-03-17 18:46:27,140 - nest_to_tvb_send2001 - INFO - Thread Internal : read(end) : begin 2
2022-03-17 18:46:27,140 - nest_to_tvb_send2001 - INFO - Thread Internal : read(end) : buffer end -2
2022-03-17 18:46:27,140 - nest_to_tvb_send2001 - INFO - Thread Internal : rate(release) : end
2022-03-17 18:46:27,140 - nest_to_tvb_send2001 - INFO - Produce TVB Data : start loop : wait TVB
2022-03-17 18:46:27,447 - nest_to_tvb_send2001 - INFO -  Produce TVB Data : send data status : 0
2022-03-17 18:46:27,447 - nest_to_tvb_send2001 - INFO - Produce TVB Data : get rate
2022-03-17 18:46:27,447 - nest_to_tvb_send2001 - INFO - Thread Internal : rate(get) : get time rate
2022-03-17 18:46:27,447 - nest_to_tvb_send2001 - INFO - Thread Internal : read(ready) : buffer wait 2
2022-03-17 18:46:27,447 - nest_to_tvb_send2001 - INFO - Thread Internal : read(ready) : buffer end 2
2022-03-17 18:46:27,447 - nest_to_tvb_send2001 - INFO - Thread Internal : rate(get) : data request : time :[164.5 168. ]
2022-03-17 18:46:27,447 - nest_to_tvb_send2001 - INFO - Thread Internal : rate(get) : end
2022-03-17 18:46:27,447 - nest_to_tvb_send2001 - INFO - Produce TVB Data : send data :0.0
2022-03-17 18:46:27,472 - nest_to_tvb_send2001 - INFO - Produce TVB Data : end send
2022-03-17 18:46:27,472 - nest_to_tvb_send2001 - INFO - Thread Internal : rate(release)
2022-03-17 18:46:27,472 - nest_to_tvb_send2001 - INFO - Thread Internal : read(end) : begin 2
2022-03-17 18:46:27,472 - nest_to_tvb_send2001 - INFO - Thread Internal : read(end) : buffer end -2
2022-03-17 18:46:27,472 - nest_to_tvb_send2001 - INFO - Thread Internal : rate(release) : end
2022-03-17 18:46:27,472 - nest_to_tvb_send2001 - INFO - Produce TVB Data : start loop : wait TVB
2022-03-17 18:46:27,793 - nest_to_tvb_send2001 - INFO -  Produce TVB Data : send data status : 0
2022-03-17 18:46:27,793 - nest_to_tvb_send2001 - INFO - Produce TVB Data : get rate
2022-03-17 18:46:27,794 - nest_to_tvb_send2001 - INFO - Thread Internal : rate(get) : get time rate
2022-03-17 18:46:27,794 - nest_to_tvb_send2001 - INFO - Thread Internal : read(ready) : buffer wait 2
2022-03-17 18:46:27,794 - nest_to_tvb_send2001 - INFO - Thread Internal : read(ready) : buffer end 2
2022-03-17 18:46:27,794 - nest_to_tvb_send2001 - INFO - Thread Internal : rate(get) : data request : time :[168.  171.5]
2022-03-17 18:46:27,794 - nest_to_tvb_send2001 - INFO - Thread Internal : rate(get) : end
2022-03-17 18:46:27,801 - nest_to_tvb_send2001 - INFO - Produce TVB Data : send data :0.0
2022-03-17 18:46:27,801 - nest_to_tvb_send2001 - INFO - Produce TVB Data : end send
2022-03-17 18:46:27,801 - nest_to_tvb_send2001 - INFO - Thread Internal : rate(release)
2022-03-17 18:46:27,801 - nest_to_tvb_send2001 - INFO - Thread Internal : read(end) : begin 2
2022-03-17 18:46:27,801 - nest_to_tvb_send2001 - INFO - Thread Internal : read(end) : buffer end -2
2022-03-17 18:46:27,802 - nest_to_tvb_send2001 - INFO - Thread Internal : rate(release) : end
2022-03-17 18:46:27,802 - nest_to_tvb_send2001 - INFO - Produce TVB Data : start loop : wait TVB
2022-03-17 18:46:28,120 - nest_to_tvb_send2001 - INFO -  Produce TVB Data : send data status : 0
2022-03-17 18:46:28,120 - nest_to_tvb_send2001 - INFO - Produce TVB Data : get rate
2022-03-17 18:46:28,120 - nest_to_tvb_send2001 - INFO - Thread Internal : rate(get) : get time rate
2022-03-17 18:46:28,120 - nest_to_tvb_send2001 - INFO - Thread Internal : read(ready) : buffer wait 2
2022-03-17 18:46:28,120 - nest_to_tvb_send2001 - INFO - Thread Internal : read(ready) : buffer end 2
2022-03-17 18:46:28,120 - nest_to_tvb_send2001 - INFO - Thread Internal : rate(get) : data request : time :[171.5 175. ]
2022-03-17 18:46:28,120 - nest_to_tvb_send2001 - INFO - Thread Internal : rate(get) : end
2022-03-17 18:46:28,120 - nest_to_tvb_send2001 - INFO - Produce TVB Data : send data :0.0
2022-03-17 18:46:28,125 - nest_to_tvb_send2001 - INFO - Produce TVB Data : end send
2022-03-17 18:46:28,125 - nest_to_tvb_send2001 - INFO - Thread Internal : rate(release)
2022-03-17 18:46:28,125 - nest_to_tvb_send2001 - INFO - Thread Internal : read(end) : begin 2
2022-03-17 18:46:28,125 - nest_to_tvb_send2001 - INFO - Thread Internal : read(end) : buffer end -2
2022-03-17 18:46:28,125 - nest_to_tvb_send2001 - INFO - Thread Internal : rate(release) : end
2022-03-17 18:46:28,125 - nest_to_tvb_send2001 - INFO - Produce TVB Data : start loop : wait TVB
2022-03-17 18:46:28,424 - nest_to_tvb_send2001 - INFO -  Produce TVB Data : send data status : 0
2022-03-17 18:46:28,424 - nest_to_tvb_send2001 - INFO - Produce TVB Data : get rate
2022-03-17 18:46:28,424 - nest_to_tvb_send2001 - INFO - Thread Internal : rate(get) : get time rate
2022-03-17 18:46:28,424 - nest_to_tvb_send2001 - INFO - Thread Internal : read(ready) : buffer wait 2
2022-03-17 18:46:28,424 - nest_to_tvb_send2001 - INFO - Thread Internal : read(ready) : buffer end 2
2022-03-17 18:46:28,424 - nest_to_tvb_send2001 - INFO - Thread Internal : rate(get) : data request : time :[175.  178.5]
2022-03-17 18:46:28,424 - nest_to_tvb_send2001 - INFO - Thread Internal : rate(get) : end
2022-03-17 18:46:28,424 - nest_to_tvb_send2001 - INFO - Produce TVB Data : send data :0.0
2022-03-17 18:46:28,429 - nest_to_tvb_send2001 - INFO - Produce TVB Data : end send
2022-03-17 18:46:28,429 - nest_to_tvb_send2001 - INFO - Thread Internal : rate(release)
2022-03-17 18:46:28,429 - nest_to_tvb_send2001 - INFO - Thread Internal : read(end) : begin 2
2022-03-17 18:46:28,429 - nest_to_tvb_send2001 - INFO - Thread Internal : read(end) : buffer end -2
2022-03-17 18:46:28,429 - nest_to_tvb_send2001 - INFO - Thread Internal : rate(release) : end
2022-03-17 18:46:28,429 - nest_to_tvb_send2001 - INFO - Produce TVB Data : start loop : wait TVB
2022-03-17 18:46:28,768 - nest_to_tvb_send2001 - INFO -  Produce TVB Data : send data status : 0
2022-03-17 18:46:28,768 - nest_to_tvb_send2001 - INFO - Produce TVB Data : get rate
2022-03-17 18:46:28,768 - nest_to_tvb_send2001 - INFO - Thread Internal : rate(get) : get time rate
2022-03-17 18:46:28,768 - nest_to_tvb_send2001 - INFO - Thread Internal : read(ready) : buffer wait 2
2022-03-17 18:46:28,768 - nest_to_tvb_send2001 - INFO - Thread Internal : read(ready) : buffer end 2
2022-03-17 18:46:28,768 - nest_to_tvb_send2001 - INFO - Thread Internal : rate(get) : data request : time :[178.5 182. ]
2022-03-17 18:46:28,768 - nest_to_tvb_send2001 - INFO - Thread Internal : rate(get) : end
2022-03-17 18:46:28,768 - nest_to_tvb_send2001 - INFO - Produce TVB Data : send data :0.0
2022-03-17 18:46:28,780 - nest_to_tvb_send2001 - INFO - Produce TVB Data : end send
2022-03-17 18:46:28,780 - nest_to_tvb_send2001 - INFO - Thread Internal : rate(release)
2022-03-17 18:46:28,780 - nest_to_tvb_send2001 - INFO - Thread Internal : read(end) : begin 2
2022-03-17 18:46:28,780 - nest_to_tvb_send2001 - INFO - Thread Internal : read(end) : buffer end -2
2022-03-17 18:46:28,780 - nest_to_tvb_send2001 - INFO - Thread Internal : rate(release) : end
2022-03-17 18:46:28,780 - nest_to_tvb_send2001 - INFO - Produce TVB Data : start loop : wait TVB
2022-03-17 18:46:29,082 - nest_to_tvb_send2001 - INFO -  Produce TVB Data : send data status : 0
2022-03-17 18:46:29,082 - nest_to_tvb_send2001 - INFO - Produce TVB Data : get rate
2022-03-17 18:46:29,082 - nest_to_tvb_send2001 - INFO - Thread Internal : rate(get) : get time rate
2022-03-17 18:46:29,082 - nest_to_tvb_send2001 - INFO - Thread Internal : read(ready) : buffer wait 2
2022-03-17 18:46:29,082 - nest_to_tvb_send2001 - INFO - Thread Internal : read(ready) : buffer end 2
2022-03-17 18:46:29,083 - nest_to_tvb_send2001 - INFO - Thread Internal : rate(get) : data request : time :[182.  185.5]
2022-03-17 18:46:29,083 - nest_to_tvb_send2001 - INFO - Thread Internal : rate(get) : end
2022-03-17 18:46:29,083 - nest_to_tvb_send2001 - INFO - Produce TVB Data : send data :0.0
2022-03-17 18:46:29,108 - nest_to_tvb_send2001 - INFO - Produce TVB Data : end send
2022-03-17 18:46:29,108 - nest_to_tvb_send2001 - INFO - Thread Internal : rate(release)
2022-03-17 18:46:29,108 - nest_to_tvb_send2001 - INFO - Thread Internal : read(end) : begin 2
2022-03-17 18:46:29,108 - nest_to_tvb_send2001 - INFO - Thread Internal : read(end) : buffer end -2
2022-03-17 18:46:29,108 - nest_to_tvb_send2001 - INFO - Thread Internal : rate(release) : end
2022-03-17 18:46:29,108 - nest_to_tvb_send2001 - INFO - Produce TVB Data : start loop : wait TVB
2022-03-17 18:46:29,409 - nest_to_tvb_send2001 - INFO -  Produce TVB Data : send data status : 0
2022-03-17 18:46:29,409 - nest_to_tvb_send2001 - INFO - Produce TVB Data : get rate
2022-03-17 18:46:29,409 - nest_to_tvb_send2001 - INFO - Thread Internal : rate(get) : get time rate
2022-03-17 18:46:29,409 - nest_to_tvb_send2001 - INFO - Thread Internal : read(ready) : buffer wait 2
2022-03-17 18:46:29,409 - nest_to_tvb_send2001 - INFO - Thread Internal : read(ready) : buffer end 2
2022-03-17 18:46:29,410 - nest_to_tvb_send2001 - INFO - Thread Internal : rate(get) : data request : time :[185.5 189. ]
2022-03-17 18:46:29,410 - nest_to_tvb_send2001 - INFO - Thread Internal : rate(get) : end
2022-03-17 18:46:29,410 - nest_to_tvb_send2001 - INFO - Produce TVB Data : send data :0.0
2022-03-17 18:46:29,434 - nest_to_tvb_send2001 - INFO - Produce TVB Data : end send
2022-03-17 18:46:29,434 - nest_to_tvb_send2001 - INFO - Thread Internal : rate(release)
2022-03-17 18:46:29,434 - nest_to_tvb_send2001 - INFO - Thread Internal : read(end) : begin 2
2022-03-17 18:46:29,434 - nest_to_tvb_send2001 - INFO - Thread Internal : read(end) : buffer end -2
2022-03-17 18:46:29,434 - nest_to_tvb_send2001 - INFO - Thread Internal : rate(release) : end
2022-03-17 18:46:29,434 - nest_to_tvb_send2001 - INFO - Produce TVB Data : start loop : wait TVB
2022-03-17 18:46:29,754 - nest_to_tvb_send2001 - INFO -  Produce TVB Data : send data status : 0
2022-03-17 18:46:29,754 - nest_to_tvb_send2001 - INFO - Produce TVB Data : get rate
2022-03-17 18:46:29,754 - nest_to_tvb_send2001 - INFO - Thread Internal : rate(get) : get time rate
2022-03-17 18:46:29,754 - nest_to_tvb_send2001 - INFO - Thread Internal : read(ready) : buffer wait 2
2022-03-17 18:46:29,754 - nest_to_tvb_send2001 - INFO - Thread Internal : read(ready) : buffer end 2
2022-03-17 18:46:29,755 - nest_to_tvb_send2001 - INFO - Thread Internal : rate(get) : data request : time :[189.  192.5]
2022-03-17 18:46:29,755 - nest_to_tvb_send2001 - INFO - Thread Internal : rate(get) : end
2022-03-17 18:46:29,755 - nest_to_tvb_send2001 - INFO - Produce TVB Data : send data :0.0
2022-03-17 18:46:29,755 - nest_to_tvb_send2001 - INFO - Produce TVB Data : end send
2022-03-17 18:46:29,755 - nest_to_tvb_send2001 - INFO - Thread Internal : rate(release)
2022-03-17 18:46:29,755 - nest_to_tvb_send2001 - INFO - Thread Internal : read(end) : begin 2
2022-03-17 18:46:29,755 - nest_to_tvb_send2001 - INFO - Thread Internal : read(end) : buffer end -2
2022-03-17 18:46:29,755 - nest_to_tvb_send2001 - INFO - Thread Internal : rate(release) : end
2022-03-17 18:46:29,755 - nest_to_tvb_send2001 - INFO - Produce TVB Data : start loop : wait TVB
2022-03-17 18:46:30,060 - nest_to_tvb_send2001 - INFO -  Produce TVB Data : send data status : 0
2022-03-17 18:46:30,060 - nest_to_tvb_send2001 - INFO - Produce TVB Data : get rate
2022-03-17 18:46:30,060 - nest_to_tvb_send2001 - INFO - Thread Internal : rate(get) : get time rate
2022-03-17 18:46:30,060 - nest_to_tvb_send2001 - INFO - Thread Internal : read(ready) : buffer wait 2
2022-03-17 18:46:30,060 - nest_to_tvb_send2001 - INFO - Thread Internal : read(ready) : buffer end 2
2022-03-17 18:46:30,060 - nest_to_tvb_send2001 - INFO - Thread Internal : rate(get) : data request : time :[192.5 196. ]
2022-03-17 18:46:30,060 - nest_to_tvb_send2001 - INFO - Thread Internal : rate(get) : end
2022-03-17 18:46:30,060 - nest_to_tvb_send2001 - INFO - Produce TVB Data : send data :0.0
2022-03-17 18:46:30,060 - nest_to_tvb_send2001 - INFO - Produce TVB Data : end send
2022-03-17 18:46:30,061 - nest_to_tvb_send2001 - INFO - Thread Internal : rate(release)
2022-03-17 18:46:30,061 - nest_to_tvb_send2001 - INFO - Thread Internal : read(end) : begin 2
2022-03-17 18:46:30,061 - nest_to_tvb_send2001 - INFO - Thread Internal : read(end) : buffer end -2
2022-03-17 18:46:30,061 - nest_to_tvb_send2001 - INFO - Thread Internal : rate(release) : end
2022-03-17 18:46:30,061 - nest_to_tvb_send2001 - INFO - Produce TVB Data : start loop : wait TVB
2022-03-17 18:46:30,351 - nest_to_tvb_send2001 - INFO -  Produce TVB Data : send data status : 0
2022-03-17 18:46:30,352 - nest_to_tvb_send2001 - INFO - Produce TVB Data : get rate
2022-03-17 18:46:30,352 - nest_to_tvb_send2001 - INFO - Thread Internal : rate(get) : get time rate
2022-03-17 18:46:30,352 - nest_to_tvb_send2001 - INFO - Thread Internal : read(ready) : buffer wait 2
2022-03-17 18:46:30,352 - nest_to_tvb_send2001 - INFO - Thread Internal : read(ready) : buffer end 2
2022-03-17 18:46:30,352 - nest_to_tvb_send2001 - INFO - Thread Internal : rate(get) : data request : time :[196.  199.5]
2022-03-17 18:46:30,352 - nest_to_tvb_send2001 - INFO - Thread Internal : rate(get) : end
2022-03-17 18:46:30,352 - nest_to_tvb_send2001 - INFO - Produce TVB Data : send data :0.0
2022-03-17 18:46:30,357 - nest_to_tvb_send2001 - INFO - Produce TVB Data : end send
2022-03-17 18:46:30,357 - nest_to_tvb_send2001 - INFO - Thread Internal : rate(release)
2022-03-17 18:46:30,357 - nest_to_tvb_send2001 - INFO - Thread Internal : read(end) : begin 2
2022-03-17 18:46:30,357 - nest_to_tvb_send2001 - INFO - Thread Internal : read(end) : buffer end -2
2022-03-17 18:46:30,357 - nest_to_tvb_send2001 - INFO - Thread Internal : rate(release) : end
2022-03-17 18:46:30,357 - nest_to_tvb_send2001 - INFO - Produce TVB Data : start loop : wait TVB
2022-03-17 18:46:30,681 - nest_to_tvb_send2001 - INFO -  Produce TVB Data : send data status : 0
2022-03-17 18:46:30,681 - nest_to_tvb_send2001 - INFO - Produce TVB Data : get rate
2022-03-17 18:46:30,681 - nest_to_tvb_send2001 - INFO - Thread Internal : rate(get) : get time rate
2022-03-17 18:46:30,681 - nest_to_tvb_send2001 - INFO - Thread Internal : read(ready) : buffer wait 2
2022-03-17 18:46:30,681 - nest_to_tvb_send2001 - INFO - Thread Internal : read(ready) : buffer end 2
2022-03-17 18:46:30,682 - nest_to_tvb_send2001 - INFO - Thread Internal : rate(get) : data request : time :[199.5 203. ]
2022-03-17 18:46:30,682 - nest_to_tvb_send2001 - INFO - Thread Internal : rate(get) : end
2022-03-17 18:46:30,682 - nest_to_tvb_send2001 - INFO - Produce TVB Data : send data :0.0
2022-03-17 18:46:30,682 - nest_to_tvb_send2001 - INFO - Produce TVB Data : end send
2022-03-17 18:46:30,682 - nest_to_tvb_send2001 - INFO - Thread Internal : rate(release)
2022-03-17 18:46:30,682 - nest_to_tvb_send2001 - INFO - Thread Internal : read(end) : begin 2
2022-03-17 18:46:30,682 - nest_to_tvb_send2001 - INFO - Thread Internal : read(end) : buffer end -2
2022-03-17 18:46:30,682 - nest_to_tvb_send2001 - INFO - Thread Internal : rate(release) : end
2022-03-17 18:46:30,682 - nest_to_tvb_send2001 - INFO - Produce TVB Data : start loop : wait TVB
2022-03-17 18:46:31,014 - nest_to_tvb_send2001 - INFO -  Produce TVB Data : send data status : 1
2022-03-17 18:46:31,014 - nest_to_tvb_send2001 - INFO - Thread Internal : rate(end) : begin
2022-03-17 18:46:31,014 - nest_to_tvb_send2001 - INFO - Thread Internal : read(release): buffer 2
2022-03-17 18:46:31,014 - nest_to_tvb_send2001 - INFO - Thread Internal : read(release): read buffer unlock -1
2022-03-17 18:46:31,014 - nest_to_tvb_send2001 - INFO - Thread Internal : rate(end) : end
2022-03-17 18:46:31,014 - nest_to_tvb_send2001 - INFO - Produce TVB Data : end sim
2022-03-17 18:46:31,014 - nest_to_tvb_send2001 - INFO - Produce TVB Datat add  : Barrier
2022-03-17 18:46:31,014 - nest_to_tvb_send2001 - INFO - Produce TVB Data : End of send function
2022-03-17 18:46:31,014 - nest_to_tvb_send2001 - INFO - MPI IO ext : close connection
2022-03-17 18:46:31,014 - nest_to_tvb_send2001 - INFO - MPI IO ext : close connection : delete file 
2022-03-17 18:46:31,015 - nest_to_tvb_send2001 - INFO - MPI IO ext : close connection : disconnect connection 
2022-03-17 18:46:31,015 - nest_to_tvb_send2001 - INFO - MPI IO ext : close connection : end close connection
2022-03-17 18:46:31,015 - nest_to_tvb_send2001 - INFO - MPI IO ext : finalise
2022-03-17 18:46:31,015 - nest_to_tvb_send2001 - INFO - Thread Internal : finalize
