2022-03-17 18:46:10,888 - nest_to_tvb_send2002 - INFO - Thread Internal : read buffer
2022-03-17 18:46:10,889 - nest_to_tvb_send2002 - INFO - Thread Internal : end Thread init
2022-03-17 18:46:10,889 - nest_to_tvb_send2002 - INFO - MPI IO ext : end MPI extern init
2022-03-17 18:46:10,895 - nest_to_tvb_send2002 - INFO - MPI IO ext : run : create connection
2022-03-17 18:46:10,895 - nest_to_tvb_send2002 - INFO - MPI IO ext : create connection : Transform Receive: before open_port
2022-03-17 18:46:10,895 - nest_to_tvb_send2002 - INFO - MPI IO ext : create connection : Transform nest_to_tvb_send2002: after open_port: tag#1$description#INS-Precision-7540$port#59221$ifname#127.0.1.1$
2022-03-17 18:46:10,897 - nest_to_tvb_send2002 - INFO - MPI IO ext : create connection : Transform nest_to_tvb_send2002: path_file: /home/kusch/Documents/project/co_simulation/TVB-NEST-nest_PR/example/short_simulation//transformation/send_to_tvb/81.txt
2022-03-17 18:46:10,897 - nest_to_tvb_send2002 - INFO - MPI IO ext : create connection : Wait for Transform : tag#1$description#INS-Precision-7540$port#59221$ifname#127.0.1.1$
2022-03-17 18:46:12,386 - nest_to_tvb_send2002 - INFO - MPI IO ext : create connection : Connection accepted
2022-03-17 18:46:12,386 - nest_to_tvb_send2002 - INFO - Produce TVB Data : init 
2022-03-17 18:46:12,386 - nest_to_tvb_send2002 - INFO - Produce TVB Data : start loop : wait TVB
2022-03-17 18:46:12,406 - nest_to_tvb_send2002 - INFO -  Produce TVB Data : send data status : 0
2022-03-17 18:46:12,406 - nest_to_tvb_send2002 - INFO - Produce TVB Data : get rate
2022-03-17 18:46:12,406 - nest_to_tvb_send2002 - INFO - Thread Internal : rate(get) : get time rate
2022-03-17 18:46:12,406 - nest_to_tvb_send2002 - INFO - Thread Internal : read(ready) : buffer wait 2
2022-03-17 18:46:12,406 - nest_to_tvb_send2002 - INFO - Thread Internal : read(ready) : buffer end 2
2022-03-17 18:46:12,406 - nest_to_tvb_send2002 - INFO - Thread Internal : rate(get) : data request : time :[0.  3.5]
2022-03-17 18:46:12,407 - nest_to_tvb_send2002 - INFO - Thread Internal : rate(get) : end
2022-03-17 18:46:12,407 - nest_to_tvb_send2002 - INFO - Produce TVB Data : send data :0.0
2022-03-17 18:46:12,407 - nest_to_tvb_send2002 - INFO - Produce TVB Data : end send
2022-03-17 18:46:12,407 - nest_to_tvb_send2002 - INFO - Thread Internal : rate(release)
2022-03-17 18:46:12,407 - nest_to_tvb_send2002 - INFO - Thread Internal : read(end) : begin 2
2022-03-17 18:46:12,407 - nest_to_tvb_send2002 - INFO - Thread Internal : read(end) : buffer end -2
2022-03-17 18:46:12,407 - nest_to_tvb_send2002 - INFO - Thread Internal : rate(release) : end
2022-03-17 18:46:12,407 - nest_to_tvb_send2002 - INFO - Produce TVB Data : start loop : wait TVB
2022-03-17 18:46:12,729 - nest_to_tvb_send2002 - INFO -  Produce TVB Data : send data status : 0
2022-03-17 18:46:12,729 - nest_to_tvb_send2002 - INFO - Produce TVB Data : get rate
2022-03-17 18:46:12,729 - nest_to_tvb_send2002 - INFO - Thread Internal : rate(get) : get time rate
2022-03-17 18:46:12,729 - nest_to_tvb_send2002 - INFO - Thread Internal : read(ready) : buffer wait 2
2022-03-17 18:46:12,729 - nest_to_tvb_send2002 - INFO - Thread Internal : read(ready) : buffer end 2
2022-03-17 18:46:12,730 - nest_to_tvb_send2002 - INFO - Thread Internal : rate(get) : data request : time :[3.5 7. ]
2022-03-17 18:46:12,730 - nest_to_tvb_send2002 - INFO - Thread Internal : rate(get) : end
2022-03-17 18:46:12,730 - nest_to_tvb_send2002 - INFO - Produce TVB Data : send data :0.0319
2022-03-17 18:46:12,744 - nest_to_tvb_send2002 - INFO - Produce TVB Data : end send
2022-03-17 18:46:12,744 - nest_to_tvb_send2002 - INFO - Thread Internal : rate(release)
2022-03-17 18:46:12,744 - nest_to_tvb_send2002 - INFO - Thread Internal : read(end) : begin 2
2022-03-17 18:46:12,744 - nest_to_tvb_send2002 - INFO - Thread Internal : read(end) : buffer end -2
2022-03-17 18:46:12,744 - nest_to_tvb_send2002 - INFO - Thread Internal : rate(release) : end
2022-03-17 18:46:12,744 - nest_to_tvb_send2002 - INFO - Produce TVB Data : start loop : wait TVB
2022-03-17 18:46:13,044 - nest_to_tvb_send2002 - INFO -  Produce TVB Data : send data status : 0
2022-03-17 18:46:13,044 - nest_to_tvb_send2002 - INFO - Produce TVB Data : get rate
2022-03-17 18:46:13,044 - nest_to_tvb_send2002 - INFO - Thread Internal : rate(get) : get time rate
2022-03-17 18:46:13,044 - nest_to_tvb_send2002 - INFO - Thread Internal : read(ready) : buffer wait 2
2022-03-17 18:46:13,044 - nest_to_tvb_send2002 - INFO - Thread Internal : read(ready) : buffer end 2
2022-03-17 18:46:13,044 - nest_to_tvb_send2002 - INFO - Thread Internal : rate(get) : data request : time :[ 7.  10.5]
2022-03-17 18:46:13,044 - nest_to_tvb_send2002 - INFO - Thread Internal : rate(get) : end
2022-03-17 18:46:13,044 - nest_to_tvb_send2002 - INFO - Produce TVB Data : send data :0.0519
2022-03-17 18:46:13,060 - nest_to_tvb_send2002 - INFO - Produce TVB Data : end send
2022-03-17 18:46:13,060 - nest_to_tvb_send2002 - INFO - Thread Internal : rate(release)
2022-03-17 18:46:13,060 - nest_to_tvb_send2002 - INFO - Thread Internal : read(end) : begin 2
2022-03-17 18:46:13,060 - nest_to_tvb_send2002 - INFO - Thread Internal : read(end) : buffer end -2
2022-03-17 18:46:13,060 - nest_to_tvb_send2002 - INFO - Thread Internal : rate(release) : end
2022-03-17 18:46:13,060 - nest_to_tvb_send2002 - INFO - Produce TVB Data : start loop : wait TVB
2022-03-17 18:46:13,353 - nest_to_tvb_send2002 - INFO -  Produce TVB Data : send data status : 0
2022-03-17 18:46:13,353 - nest_to_tvb_send2002 - INFO - Produce TVB Data : get rate
2022-03-17 18:46:13,353 - nest_to_tvb_send2002 - INFO - Thread Internal : rate(get) : get time rate
2022-03-17 18:46:13,353 - nest_to_tvb_send2002 - INFO - Thread Internal : read(ready) : buffer wait 2
2022-03-17 18:46:13,353 - nest_to_tvb_send2002 - INFO - Thread Internal : read(ready) : buffer end 2
2022-03-17 18:46:13,353 - nest_to_tvb_send2002 - INFO - Thread Internal : rate(get) : data request : time :[10.5 14. ]
2022-03-17 18:46:13,353 - nest_to_tvb_send2002 - INFO - Thread Internal : rate(get) : end
2022-03-17 18:46:13,353 - nest_to_tvb_send2002 - INFO - Produce TVB Data : send data :0.052500000000000005
2022-03-17 18:46:13,380 - nest_to_tvb_send2002 - INFO - Produce TVB Data : end send
2022-03-17 18:46:13,380 - nest_to_tvb_send2002 - INFO - Thread Internal : rate(release)
2022-03-17 18:46:13,380 - nest_to_tvb_send2002 - INFO - Thread Internal : read(end) : begin 2
2022-03-17 18:46:13,380 - nest_to_tvb_send2002 - INFO - Thread Internal : read(end) : buffer end -2
2022-03-17 18:46:13,380 - nest_to_tvb_send2002 - INFO - Thread Internal : rate(release) : end
2022-03-17 18:46:13,380 - nest_to_tvb_send2002 - INFO - Produce TVB Data : start loop : wait TVB
2022-03-17 18:46:13,676 - nest_to_tvb_send2002 - INFO -  Produce TVB Data : send data status : 0
2022-03-17 18:46:13,676 - nest_to_tvb_send2002 - INFO - Produce TVB Data : get rate
2022-03-17 18:46:13,676 - nest_to_tvb_send2002 - INFO - Thread Internal : rate(get) : get time rate
2022-03-17 18:46:13,676 - nest_to_tvb_send2002 - INFO - Thread Internal : read(ready) : buffer wait 2
2022-03-17 18:46:13,676 - nest_to_tvb_send2002 - INFO - Thread Internal : read(ready) : buffer end 2
2022-03-17 18:46:13,676 - nest_to_tvb_send2002 - INFO - Thread Internal : rate(get) : data request : time :[14.  17.5]
2022-03-17 18:46:13,677 - nest_to_tvb_send2002 - INFO - Thread Internal : rate(get) : end
2022-03-17 18:46:13,677 - nest_to_tvb_send2002 - INFO - Produce TVB Data : send data :0.055799999999999995
2022-03-17 18:46:13,699 - nest_to_tvb_send2002 - INFO - Produce TVB Data : end send
2022-03-17 18:46:13,699 - nest_to_tvb_send2002 - INFO - Thread Internal : rate(release)
2022-03-17 18:46:13,699 - nest_to_tvb_send2002 - INFO - Thread Internal : read(end) : begin 2
2022-03-17 18:46:13,699 - nest_to_tvb_send2002 - INFO - Thread Internal : read(end) : buffer end -2
2022-03-17 18:46:13,699 - nest_to_tvb_send2002 - INFO - Thread Internal : rate(release) : end
2022-03-17 18:46:13,699 - nest_to_tvb_send2002 - INFO - Produce TVB Data : start loop : wait TVB
2022-03-17 18:46:14,012 - nest_to_tvb_send2002 - INFO -  Produce TVB Data : send data status : 0
2022-03-17 18:46:14,012 - nest_to_tvb_send2002 - INFO - Produce TVB Data : get rate
2022-03-17 18:46:14,012 - nest_to_tvb_send2002 - INFO - Thread Internal : rate(get) : get time rate
2022-03-17 18:46:14,012 - nest_to_tvb_send2002 - INFO - Thread Internal : read(ready) : buffer wait 2
2022-03-17 18:46:14,012 - nest_to_tvb_send2002 - INFO - Thread Internal : read(ready) : buffer end 2
2022-03-17 18:46:14,012 - nest_to_tvb_send2002 - INFO - Thread Internal : rate(get) : data request : time :[17.5 21. ]
2022-03-17 18:46:14,012 - nest_to_tvb_send2002 - INFO - Thread Internal : rate(get) : end
2022-03-17 18:46:14,012 - nest_to_tvb_send2002 - INFO - Produce TVB Data : send data :0.055999999999999994
2022-03-17 18:46:14,013 - nest_to_tvb_send2002 - INFO - Produce TVB Data : end send
2022-03-17 18:46:14,013 - nest_to_tvb_send2002 - INFO - Thread Internal : rate(release)
2022-03-17 18:46:14,013 - nest_to_tvb_send2002 - INFO - Thread Internal : read(end) : begin 2
2022-03-17 18:46:14,013 - nest_to_tvb_send2002 - INFO - Thread Internal : read(end) : buffer end -2
2022-03-17 18:46:14,013 - nest_to_tvb_send2002 - INFO - Thread Internal : rate(release) : end
2022-03-17 18:46:14,013 - nest_to_tvb_send2002 - INFO - Produce TVB Data : start loop : wait TVB
2022-03-17 18:46:14,338 - nest_to_tvb_send2002 - INFO -  Produce TVB Data : send data status : 0
2022-03-17 18:46:14,338 - nest_to_tvb_send2002 - INFO - Produce TVB Data : get rate
2022-03-17 18:46:14,338 - nest_to_tvb_send2002 - INFO - Thread Internal : rate(get) : get time rate
2022-03-17 18:46:14,338 - nest_to_tvb_send2002 - INFO - Thread Internal : read(ready) : buffer wait 2
2022-03-17 18:46:14,338 - nest_to_tvb_send2002 - INFO - Thread Internal : read(ready) : buffer end 2
2022-03-17 18:46:14,339 - nest_to_tvb_send2002 - INFO - Thread Internal : rate(get) : data request : time :[21.  24.5]
2022-03-17 18:46:14,339 - nest_to_tvb_send2002 - INFO - Thread Internal : rate(get) : end
2022-03-17 18:46:14,339 - nest_to_tvb_send2002 - INFO - Produce TVB Data : send data :0.0519
2022-03-17 18:46:14,341 - nest_to_tvb_send2002 - INFO - Produce TVB Data : end send
2022-03-17 18:46:14,341 - nest_to_tvb_send2002 - INFO - Thread Internal : rate(release)
2022-03-17 18:46:14,341 - nest_to_tvb_send2002 - INFO - Thread Internal : read(end) : begin 2
2022-03-17 18:46:14,341 - nest_to_tvb_send2002 - INFO - Thread Internal : read(end) : buffer end -2
2022-03-17 18:46:14,341 - nest_to_tvb_send2002 - INFO - Thread Internal : rate(release) : end
2022-03-17 18:46:14,341 - nest_to_tvb_send2002 - INFO - Produce TVB Data : start loop : wait TVB
2022-03-17 18:46:14,651 - nest_to_tvb_send2002 - INFO -  Produce TVB Data : send data status : 0
2022-03-17 18:46:14,652 - nest_to_tvb_send2002 - INFO - Produce TVB Data : get rate
2022-03-17 18:46:14,652 - nest_to_tvb_send2002 - INFO - Thread Internal : rate(get) : get time rate
2022-03-17 18:46:14,652 - nest_to_tvb_send2002 - INFO - Thread Internal : read(ready) : buffer wait 2
2022-03-17 18:46:14,652 - nest_to_tvb_send2002 - INFO - Thread Internal : read(ready) : buffer end 2
2022-03-17 18:46:14,653 - nest_to_tvb_send2002 - INFO - Thread Internal : rate(get) : data request : time :[24.5 28. ]
2022-03-17 18:46:14,653 - nest_to_tvb_send2002 - INFO - Thread Internal : rate(get) : end
2022-03-17 18:46:14,653 - nest_to_tvb_send2002 - INFO - Produce TVB Data : send data :0.0138
2022-03-17 18:46:14,659 - nest_to_tvb_send2002 - INFO - Produce TVB Data : end send
2022-03-17 18:46:14,659 - nest_to_tvb_send2002 - INFO - Thread Internal : rate(release)
2022-03-17 18:46:14,660 - nest_to_tvb_send2002 - INFO - Thread Internal : read(end) : begin 2
2022-03-17 18:46:14,660 - nest_to_tvb_send2002 - INFO - Thread Internal : read(end) : buffer end -2
2022-03-17 18:46:14,663 - nest_to_tvb_send2002 - INFO - Thread Internal : rate(release) : end
2022-03-17 18:46:14,663 - nest_to_tvb_send2002 - INFO - Produce TVB Data : start loop : wait TVB
2022-03-17 18:46:14,970 - nest_to_tvb_send2002 - INFO -  Produce TVB Data : send data status : 0
2022-03-17 18:46:14,970 - nest_to_tvb_send2002 - INFO - Produce TVB Data : get rate
2022-03-17 18:46:14,970 - nest_to_tvb_send2002 - INFO - Thread Internal : rate(get) : get time rate
2022-03-17 18:46:14,970 - nest_to_tvb_send2002 - INFO - Thread Internal : read(ready) : buffer wait 2
2022-03-17 18:46:14,970 - nest_to_tvb_send2002 - INFO - Thread Internal : read(ready) : buffer end 2
2022-03-17 18:46:14,970 - nest_to_tvb_send2002 - INFO - Thread Internal : rate(get) : data request : time :[28.  31.5]
2022-03-17 18:46:14,971 - nest_to_tvb_send2002 - INFO - Thread Internal : rate(get) : end
2022-03-17 18:46:14,971 - nest_to_tvb_send2002 - INFO - Produce TVB Data : send data :0.0034999999999999996
2022-03-17 18:46:14,996 - nest_to_tvb_send2002 - INFO - Produce TVB Data : end send
2022-03-17 18:46:14,996 - nest_to_tvb_send2002 - INFO - Thread Internal : rate(release)
2022-03-17 18:46:14,996 - nest_to_tvb_send2002 - INFO - Thread Internal : read(end) : begin 2
2022-03-17 18:46:14,996 - nest_to_tvb_send2002 - INFO - Thread Internal : read(end) : buffer end -2
2022-03-17 18:46:14,996 - nest_to_tvb_send2002 - INFO - Thread Internal : rate(release) : end
2022-03-17 18:46:14,996 - nest_to_tvb_send2002 - INFO - Produce TVB Data : start loop : wait TVB
2022-03-17 18:46:15,285 - nest_to_tvb_send2002 - INFO -  Produce TVB Data : send data status : 0
2022-03-17 18:46:15,285 - nest_to_tvb_send2002 - INFO - Produce TVB Data : get rate
2022-03-17 18:46:15,285 - nest_to_tvb_send2002 - INFO - Thread Internal : rate(get) : get time rate
2022-03-17 18:46:15,285 - nest_to_tvb_send2002 - INFO - Thread Internal : read(ready) : buffer wait 2
2022-03-17 18:46:15,285 - nest_to_tvb_send2002 - INFO - Thread Internal : read(ready) : buffer end 2
2022-03-17 18:46:15,286 - nest_to_tvb_send2002 - INFO - Thread Internal : rate(get) : data request : time :[31.5 35. ]
2022-03-17 18:46:15,286 - nest_to_tvb_send2002 - INFO - Thread Internal : rate(get) : end
2022-03-17 18:46:15,286 - nest_to_tvb_send2002 - INFO - Produce TVB Data : send data :0.0027
2022-03-17 18:46:15,312 - nest_to_tvb_send2002 - INFO - Produce TVB Data : end send
2022-03-17 18:46:15,312 - nest_to_tvb_send2002 - INFO - Thread Internal : rate(release)
2022-03-17 18:46:15,312 - nest_to_tvb_send2002 - INFO - Thread Internal : read(end) : begin 2
2022-03-17 18:46:15,312 - nest_to_tvb_send2002 - INFO - Thread Internal : read(end) : buffer end -2
2022-03-17 18:46:15,312 - nest_to_tvb_send2002 - INFO - Thread Internal : rate(release) : end
2022-03-17 18:46:15,312 - nest_to_tvb_send2002 - INFO - Produce TVB Data : start loop : wait TVB
2022-03-17 18:46:15,624 - nest_to_tvb_send2002 - INFO -  Produce TVB Data : send data status : 0
2022-03-17 18:46:15,624 - nest_to_tvb_send2002 - INFO - Produce TVB Data : get rate
2022-03-17 18:46:15,636 - nest_to_tvb_send2002 - INFO - Thread Internal : rate(get) : get time rate
2022-03-17 18:46:15,636 - nest_to_tvb_send2002 - INFO - Thread Internal : read(ready) : buffer wait 2
2022-03-17 18:46:15,636 - nest_to_tvb_send2002 - INFO - Thread Internal : read(ready) : buffer end 2
2022-03-17 18:46:15,636 - nest_to_tvb_send2002 - INFO - Thread Internal : rate(get) : data request : time :[35.  38.5]
2022-03-17 18:46:15,636 - nest_to_tvb_send2002 - INFO - Thread Internal : rate(get) : end
2022-03-17 18:46:15,636 - nest_to_tvb_send2002 - INFO - Produce TVB Data : send data :0.0
2022-03-17 18:46:15,636 - nest_to_tvb_send2002 - INFO - Produce TVB Data : end send
2022-03-17 18:46:15,636 - nest_to_tvb_send2002 - INFO - Thread Internal : rate(release)
2022-03-17 18:46:15,636 - nest_to_tvb_send2002 - INFO - Thread Internal : read(end) : begin 2
2022-03-17 18:46:15,636 - nest_to_tvb_send2002 - INFO - Thread Internal : read(end) : buffer end -2
2022-03-17 18:46:15,637 - nest_to_tvb_send2002 - INFO - Thread Internal : rate(release) : end
2022-03-17 18:46:15,637 - nest_to_tvb_send2002 - INFO - Produce TVB Data : start loop : wait TVB
2022-03-17 18:46:15,968 - nest_to_tvb_send2002 - INFO -  Produce TVB Data : send data status : 0
2022-03-17 18:46:15,968 - nest_to_tvb_send2002 - INFO - Produce TVB Data : get rate
2022-03-17 18:46:15,968 - nest_to_tvb_send2002 - INFO - Thread Internal : rate(get) : get time rate
2022-03-17 18:46:15,968 - nest_to_tvb_send2002 - INFO - Thread Internal : read(ready) : buffer wait 2
2022-03-17 18:46:15,968 - nest_to_tvb_send2002 - INFO - Thread Internal : read(ready) : buffer end 2
2022-03-17 18:46:15,968 - nest_to_tvb_send2002 - INFO - Thread Internal : rate(get) : data request : time :[38.5 42. ]
2022-03-17 18:46:15,968 - nest_to_tvb_send2002 - INFO - Thread Internal : rate(get) : end
2022-03-17 18:46:15,968 - nest_to_tvb_send2002 - INFO - Produce TVB Data : send data :0.0
2022-03-17 18:46:15,980 - nest_to_tvb_send2002 - INFO - Produce TVB Data : end send
2022-03-17 18:46:15,980 - nest_to_tvb_send2002 - INFO - Thread Internal : rate(release)
2022-03-17 18:46:15,980 - nest_to_tvb_send2002 - INFO - Thread Internal : read(end) : begin 2
2022-03-17 18:46:15,980 - nest_to_tvb_send2002 - INFO - Thread Internal : read(end) : buffer end -2
2022-03-17 18:46:15,980 - nest_to_tvb_send2002 - INFO - Thread Internal : rate(release) : end
2022-03-17 18:46:15,980 - nest_to_tvb_send2002 - INFO - Produce TVB Data : start loop : wait TVB
2022-03-17 18:46:16,282 - nest_to_tvb_send2002 - INFO -  Produce TVB Data : send data status : 0
2022-03-17 18:46:16,283 - nest_to_tvb_send2002 - INFO - Produce TVB Data : get rate
2022-03-17 18:46:16,283 - nest_to_tvb_send2002 - INFO - Thread Internal : rate(get) : get time rate
2022-03-17 18:46:16,283 - nest_to_tvb_send2002 - INFO - Thread Internal : read(ready) : buffer wait 2
2022-03-17 18:46:16,283 - nest_to_tvb_send2002 - INFO - Thread Internal : read(ready) : buffer end 2
2022-03-17 18:46:16,283 - nest_to_tvb_send2002 - INFO - Thread Internal : rate(get) : data request : time :[42.  45.5]
2022-03-17 18:46:16,283 - nest_to_tvb_send2002 - INFO - Thread Internal : rate(get) : end
2022-03-17 18:46:16,283 - nest_to_tvb_send2002 - INFO - Produce TVB Data : send data :0.0
2022-03-17 18:46:16,304 - nest_to_tvb_send2002 - INFO - Produce TVB Data : end send
2022-03-17 18:46:16,304 - nest_to_tvb_send2002 - INFO - Thread Internal : rate(release)
2022-03-17 18:46:16,304 - nest_to_tvb_send2002 - INFO - Thread Internal : read(end) : begin 2
2022-03-17 18:46:16,304 - nest_to_tvb_send2002 - INFO - Thread Internal : read(end) : buffer end -2
2022-03-17 18:46:16,304 - nest_to_tvb_send2002 - INFO - Thread Internal : rate(release) : end
2022-03-17 18:46:16,304 - nest_to_tvb_send2002 - INFO - Produce TVB Data : start loop : wait TVB
2022-03-17 18:46:16,617 - nest_to_tvb_send2002 - INFO -  Produce TVB Data : send data status : 0
2022-03-17 18:46:16,618 - nest_to_tvb_send2002 - INFO - Produce TVB Data : get rate
2022-03-17 18:46:16,618 - nest_to_tvb_send2002 - INFO - Thread Internal : rate(get) : get time rate
2022-03-17 18:46:16,618 - nest_to_tvb_send2002 - INFO - Thread Internal : read(ready) : buffer wait 2
2022-03-17 18:46:16,618 - nest_to_tvb_send2002 - INFO - Thread Internal : read(ready) : buffer end 2
2022-03-17 18:46:16,618 - nest_to_tvb_send2002 - INFO - Thread Internal : rate(get) : data request : time :[45.5 49. ]
2022-03-17 18:46:16,618 - nest_to_tvb_send2002 - INFO - Thread Internal : rate(get) : end
2022-03-17 18:46:16,618 - nest_to_tvb_send2002 - INFO - Produce TVB Data : send data :0.0
2022-03-17 18:46:16,624 - nest_to_tvb_send2002 - INFO - Produce TVB Data : end send
2022-03-17 18:46:16,624 - nest_to_tvb_send2002 - INFO - Thread Internal : rate(release)
2022-03-17 18:46:16,624 - nest_to_tvb_send2002 - INFO - Thread Internal : read(end) : begin 2
2022-03-17 18:46:16,624 - nest_to_tvb_send2002 - INFO - Thread Internal : read(end) : buffer end -2
2022-03-17 18:46:16,624 - nest_to_tvb_send2002 - INFO - Thread Internal : rate(release) : end
2022-03-17 18:46:16,624 - nest_to_tvb_send2002 - INFO - Produce TVB Data : start loop : wait TVB
2022-03-17 18:46:16,926 - nest_to_tvb_send2002 - INFO -  Produce TVB Data : send data status : 0
2022-03-17 18:46:16,926 - nest_to_tvb_send2002 - INFO - Produce TVB Data : get rate
2022-03-17 18:46:16,926 - nest_to_tvb_send2002 - INFO - Thread Internal : rate(get) : get time rate
2022-03-17 18:46:16,926 - nest_to_tvb_send2002 - INFO - Thread Internal : read(ready) : buffer wait 2
2022-03-17 18:46:16,927 - nest_to_tvb_send2002 - INFO - Thread Internal : read(ready) : buffer end 2
2022-03-17 18:46:16,927 - nest_to_tvb_send2002 - INFO - Thread Internal : rate(get) : data request : time :[49.  52.5]
2022-03-17 18:46:16,927 - nest_to_tvb_send2002 - INFO - Thread Internal : rate(get) : end
2022-03-17 18:46:16,927 - nest_to_tvb_send2002 - INFO - Produce TVB Data : send data :0.0
2022-03-17 18:46:16,940 - nest_to_tvb_send2002 - INFO - Produce TVB Data : end send
2022-03-17 18:46:16,940 - nest_to_tvb_send2002 - INFO - Thread Internal : rate(release)
2022-03-17 18:46:16,940 - nest_to_tvb_send2002 - INFO - Thread Internal : read(end) : begin 2
2022-03-17 18:46:16,940 - nest_to_tvb_send2002 - INFO - Thread Internal : read(end) : buffer end -2
2022-03-17 18:46:16,940 - nest_to_tvb_send2002 - INFO - Thread Internal : rate(release) : end
2022-03-17 18:46:16,940 - nest_to_tvb_send2002 - INFO - Produce TVB Data : start loop : wait TVB
2022-03-17 18:46:17,244 - nest_to_tvb_send2002 - INFO -  Produce TVB Data : send data status : 0
2022-03-17 18:46:17,244 - nest_to_tvb_send2002 - INFO - Produce TVB Data : get rate
2022-03-17 18:46:17,244 - nest_to_tvb_send2002 - INFO - Thread Internal : rate(get) : get time rate
2022-03-17 18:46:17,244 - nest_to_tvb_send2002 - INFO - Thread Internal : read(ready) : buffer wait 2
2022-03-17 18:46:17,244 - nest_to_tvb_send2002 - INFO - Thread Internal : read(ready) : buffer end 2
2022-03-17 18:46:17,245 - nest_to_tvb_send2002 - INFO - Thread Internal : rate(get) : data request : time :[52.5 56. ]
2022-03-17 18:46:17,245 - nest_to_tvb_send2002 - INFO - Thread Internal : rate(get) : end
2022-03-17 18:46:17,245 - nest_to_tvb_send2002 - INFO - Produce TVB Data : send data :0.0
2022-03-17 18:46:17,245 - nest_to_tvb_send2002 - INFO - Produce TVB Data : end send
2022-03-17 18:46:17,245 - nest_to_tvb_send2002 - INFO - Thread Internal : rate(release)
2022-03-17 18:46:17,245 - nest_to_tvb_send2002 - INFO - Thread Internal : read(end) : begin 2
2022-03-17 18:46:17,245 - nest_to_tvb_send2002 - INFO - Thread Internal : read(end) : buffer end -2
2022-03-17 18:46:17,245 - nest_to_tvb_send2002 - INFO - Thread Internal : rate(release) : end
2022-03-17 18:46:17,245 - nest_to_tvb_send2002 - INFO - Produce TVB Data : start loop : wait TVB
2022-03-17 18:46:17,564 - nest_to_tvb_send2002 - INFO -  Produce TVB Data : send data status : 0
2022-03-17 18:46:17,564 - nest_to_tvb_send2002 - INFO - Produce TVB Data : get rate
2022-03-17 18:46:17,564 - nest_to_tvb_send2002 - INFO - Thread Internal : rate(get) : get time rate
2022-03-17 18:46:17,564 - nest_to_tvb_send2002 - INFO - Thread Internal : read(ready) : buffer wait 2
2022-03-17 18:46:17,564 - nest_to_tvb_send2002 - INFO - Thread Internal : read(ready) : buffer end 2
2022-03-17 18:46:17,564 - nest_to_tvb_send2002 - INFO - Thread Internal : rate(get) : data request : time :[56.  59.5]
2022-03-17 18:46:17,564 - nest_to_tvb_send2002 - INFO - Thread Internal : rate(get) : end
2022-03-17 18:46:17,565 - nest_to_tvb_send2002 - INFO - Produce TVB Data : send data :0.0
2022-03-17 18:46:17,573 - nest_to_tvb_send2002 - INFO - Produce TVB Data : end send
2022-03-17 18:46:17,573 - nest_to_tvb_send2002 - INFO - Thread Internal : rate(release)
2022-03-17 18:46:17,573 - nest_to_tvb_send2002 - INFO - Thread Internal : read(end) : begin 2
2022-03-17 18:46:17,573 - nest_to_tvb_send2002 - INFO - Thread Internal : read(end) : buffer end -2
2022-03-17 18:46:17,573 - nest_to_tvb_send2002 - INFO - Thread Internal : rate(release) : end
2022-03-17 18:46:17,574 - nest_to_tvb_send2002 - INFO - Produce TVB Data : start loop : wait TVB
2022-03-17 18:46:17,888 - nest_to_tvb_send2002 - INFO -  Produce TVB Data : send data status : 0
2022-03-17 18:46:17,888 - nest_to_tvb_send2002 - INFO - Produce TVB Data : get rate
2022-03-17 18:46:17,888 - nest_to_tvb_send2002 - INFO - Thread Internal : rate(get) : get time rate
2022-03-17 18:46:17,888 - nest_to_tvb_send2002 - INFO - Thread Internal : read(ready) : buffer wait 2
2022-03-17 18:46:17,888 - nest_to_tvb_send2002 - INFO - Thread Internal : read(ready) : buffer end 2
2022-03-17 18:46:17,888 - nest_to_tvb_send2002 - INFO - Thread Internal : rate(get) : data request : time :[59.5 63. ]
2022-03-17 18:46:17,888 - nest_to_tvb_send2002 - INFO - Thread Internal : rate(get) : end
2022-03-17 18:46:17,888 - nest_to_tvb_send2002 - INFO - Produce TVB Data : send data :0.0
2022-03-17 18:46:17,896 - nest_to_tvb_send2002 - INFO - Produce TVB Data : end send
2022-03-17 18:46:17,896 - nest_to_tvb_send2002 - INFO - Thread Internal : rate(release)
2022-03-17 18:46:17,896 - nest_to_tvb_send2002 - INFO - Thread Internal : read(end) : begin 2
2022-03-17 18:46:17,896 - nest_to_tvb_send2002 - INFO - Thread Internal : read(end) : buffer end -2
2022-03-17 18:46:17,896 - nest_to_tvb_send2002 - INFO - Thread Internal : rate(release) : end
2022-03-17 18:46:17,896 - nest_to_tvb_send2002 - INFO - Produce TVB Data : start loop : wait TVB
2022-03-17 18:46:18,208 - nest_to_tvb_send2002 - INFO -  Produce TVB Data : send data status : 0
2022-03-17 18:46:18,208 - nest_to_tvb_send2002 - INFO - Produce TVB Data : get rate
2022-03-17 18:46:18,208 - nest_to_tvb_send2002 - INFO - Thread Internal : rate(get) : get time rate
2022-03-17 18:46:18,208 - nest_to_tvb_send2002 - INFO - Thread Internal : read(ready) : buffer wait 2
2022-03-17 18:46:18,208 - nest_to_tvb_send2002 - INFO - Thread Internal : read(ready) : buffer end 2
2022-03-17 18:46:18,208 - nest_to_tvb_send2002 - INFO - Thread Internal : rate(get) : data request : time :[63.  66.5]
2022-03-17 18:46:18,208 - nest_to_tvb_send2002 - INFO - Thread Internal : rate(get) : end
2022-03-17 18:46:18,208 - nest_to_tvb_send2002 - INFO - Produce TVB Data : send data :0.0
2022-03-17 18:46:18,220 - nest_to_tvb_send2002 - INFO - Produce TVB Data : end send
2022-03-17 18:46:18,220 - nest_to_tvb_send2002 - INFO - Thread Internal : rate(release)
2022-03-17 18:46:18,220 - nest_to_tvb_send2002 - INFO - Thread Internal : read(end) : begin 2
2022-03-17 18:46:18,220 - nest_to_tvb_send2002 - INFO - Thread Internal : read(end) : buffer end -2
2022-03-17 18:46:18,220 - nest_to_tvb_send2002 - INFO - Thread Internal : rate(release) : end
2022-03-17 18:46:18,220 - nest_to_tvb_send2002 - INFO - Produce TVB Data : start loop : wait TVB
2022-03-17 18:46:18,532 - nest_to_tvb_send2002 - INFO -  Produce TVB Data : send data status : 0
2022-03-17 18:46:18,532 - nest_to_tvb_send2002 - INFO - Produce TVB Data : get rate
2022-03-17 18:46:18,532 - nest_to_tvb_send2002 - INFO - Thread Internal : rate(get) : get time rate
2022-03-17 18:46:18,532 - nest_to_tvb_send2002 - INFO - Thread Internal : read(ready) : buffer wait 2
2022-03-17 18:46:18,532 - nest_to_tvb_send2002 - INFO - Thread Internal : read(ready) : buffer end 2
2022-03-17 18:46:18,532 - nest_to_tvb_send2002 - INFO - Thread Internal : rate(get) : data request : time :[66.5 70. ]
2022-03-17 18:46:18,532 - nest_to_tvb_send2002 - INFO - Thread Internal : rate(get) : end
2022-03-17 18:46:18,532 - nest_to_tvb_send2002 - INFO - Produce TVB Data : send data :0.0
2022-03-17 18:46:18,544 - nest_to_tvb_send2002 - INFO - Produce TVB Data : end send
2022-03-17 18:46:18,544 - nest_to_tvb_send2002 - INFO - Thread Internal : rate(release)
2022-03-17 18:46:18,544 - nest_to_tvb_send2002 - INFO - Thread Internal : read(end) : begin 2
2022-03-17 18:46:18,544 - nest_to_tvb_send2002 - INFO - Thread Internal : read(end) : buffer end -2
2022-03-17 18:46:18,544 - nest_to_tvb_send2002 - INFO - Thread Internal : rate(release) : end
2022-03-17 18:46:18,544 - nest_to_tvb_send2002 - INFO - Produce TVB Data : start loop : wait TVB
2022-03-17 18:46:18,856 - nest_to_tvb_send2002 - INFO -  Produce TVB Data : send data status : 0
2022-03-17 18:46:18,856 - nest_to_tvb_send2002 - INFO - Produce TVB Data : get rate
2022-03-17 18:46:18,856 - nest_to_tvb_send2002 - INFO - Thread Internal : rate(get) : get time rate
2022-03-17 18:46:18,868 - nest_to_tvb_send2002 - INFO - Thread Internal : read(ready) : buffer wait 2
2022-03-17 18:46:18,868 - nest_to_tvb_send2002 - INFO - Thread Internal : read(ready) : buffer end 2
2022-03-17 18:46:18,868 - nest_to_tvb_send2002 - INFO - Thread Internal : rate(get) : data request : time :[70.  73.5]
2022-03-17 18:46:18,868 - nest_to_tvb_send2002 - INFO - Thread Internal : rate(get) : end
2022-03-17 18:46:18,868 - nest_to_tvb_send2002 - INFO - Produce TVB Data : send data :0.0
2022-03-17 18:46:18,868 - nest_to_tvb_send2002 - INFO - Produce TVB Data : end send
2022-03-17 18:46:18,868 - nest_to_tvb_send2002 - INFO - Thread Internal : rate(release)
2022-03-17 18:46:18,868 - nest_to_tvb_send2002 - INFO - Thread Internal : read(end) : begin 2
2022-03-17 18:46:18,868 - nest_to_tvb_send2002 - INFO - Thread Internal : read(end) : buffer end -2
2022-03-17 18:46:18,868 - nest_to_tvb_send2002 - INFO - Thread Internal : rate(release) : end
2022-03-17 18:46:18,868 - nest_to_tvb_send2002 - INFO - Produce TVB Data : start loop : wait TVB
2022-03-17 18:46:19,192 - nest_to_tvb_send2002 - INFO -  Produce TVB Data : send data status : 0
2022-03-17 18:46:19,192 - nest_to_tvb_send2002 - INFO - Produce TVB Data : get rate
2022-03-17 18:46:19,192 - nest_to_tvb_send2002 - INFO - Thread Internal : rate(get) : get time rate
2022-03-17 18:46:19,192 - nest_to_tvb_send2002 - INFO - Thread Internal : read(ready) : buffer wait 2
2022-03-17 18:46:19,192 - nest_to_tvb_send2002 - INFO - Thread Internal : read(ready) : buffer end 2
2022-03-17 18:46:19,192 - nest_to_tvb_send2002 - INFO - Thread Internal : rate(get) : data request : time :[73.5 77. ]
2022-03-17 18:46:19,192 - nest_to_tvb_send2002 - INFO - Thread Internal : rate(get) : end
2022-03-17 18:46:19,192 - nest_to_tvb_send2002 - INFO - Produce TVB Data : send data :0.0
2022-03-17 18:46:19,192 - nest_to_tvb_send2002 - INFO - Produce TVB Data : end send
2022-03-17 18:46:19,193 - nest_to_tvb_send2002 - INFO - Thread Internal : rate(release)
2022-03-17 18:46:19,193 - nest_to_tvb_send2002 - INFO - Thread Internal : read(end) : begin 2
2022-03-17 18:46:19,193 - nest_to_tvb_send2002 - INFO - Thread Internal : read(end) : buffer end -2
2022-03-17 18:46:19,193 - nest_to_tvb_send2002 - INFO - Thread Internal : rate(release) : end
2022-03-17 18:46:19,193 - nest_to_tvb_send2002 - INFO - Produce TVB Data : start loop : wait TVB
2022-03-17 18:46:19,512 - nest_to_tvb_send2002 - INFO -  Produce TVB Data : send data status : 0
2022-03-17 18:46:19,512 - nest_to_tvb_send2002 - INFO - Produce TVB Data : get rate
2022-03-17 18:46:19,512 - nest_to_tvb_send2002 - INFO - Thread Internal : rate(get) : get time rate
2022-03-17 18:46:19,512 - nest_to_tvb_send2002 - INFO - Thread Internal : read(ready) : buffer wait 2
2022-03-17 18:46:19,512 - nest_to_tvb_send2002 - INFO - Thread Internal : read(ready) : buffer end 2
2022-03-17 18:46:19,512 - nest_to_tvb_send2002 - INFO - Thread Internal : rate(get) : data request : time :[77.  80.5]
2022-03-17 18:46:19,512 - nest_to_tvb_send2002 - INFO - Thread Internal : rate(get) : end
2022-03-17 18:46:19,512 - nest_to_tvb_send2002 - INFO - Produce TVB Data : send data :0.0
2022-03-17 18:46:19,512 - nest_to_tvb_send2002 - INFO - Produce TVB Data : end send
2022-03-17 18:46:19,513 - nest_to_tvb_send2002 - INFO - Thread Internal : rate(release)
2022-03-17 18:46:19,513 - nest_to_tvb_send2002 - INFO - Thread Internal : read(end) : begin 2
2022-03-17 18:46:19,513 - nest_to_tvb_send2002 - INFO - Thread Internal : read(end) : buffer end -2
2022-03-17 18:46:19,513 - nest_to_tvb_send2002 - INFO - Thread Internal : rate(release) : end
2022-03-17 18:46:19,513 - nest_to_tvb_send2002 - INFO - Produce TVB Data : start loop : wait TVB
2022-03-17 18:46:19,832 - nest_to_tvb_send2002 - INFO -  Produce TVB Data : send data status : 0
2022-03-17 18:46:19,832 - nest_to_tvb_send2002 - INFO - Produce TVB Data : get rate
2022-03-17 18:46:19,832 - nest_to_tvb_send2002 - INFO - Thread Internal : rate(get) : get time rate
2022-03-17 18:46:19,832 - nest_to_tvb_send2002 - INFO - Thread Internal : read(ready) : buffer wait 2
2022-03-17 18:46:19,832 - nest_to_tvb_send2002 - INFO - Thread Internal : read(ready) : buffer end 2
2022-03-17 18:46:19,832 - nest_to_tvb_send2002 - INFO - Thread Internal : rate(get) : data request : time :[80.5 84. ]
2022-03-17 18:46:19,832 - nest_to_tvb_send2002 - INFO - Thread Internal : rate(get) : end
2022-03-17 18:46:19,832 - nest_to_tvb_send2002 - INFO - Produce TVB Data : send data :0.0
2022-03-17 18:46:19,837 - nest_to_tvb_send2002 - INFO - Produce TVB Data : end send
2022-03-17 18:46:19,837 - nest_to_tvb_send2002 - INFO - Thread Internal : rate(release)
2022-03-17 18:46:19,837 - nest_to_tvb_send2002 - INFO - Thread Internal : read(end) : begin 2
2022-03-17 18:46:19,837 - nest_to_tvb_send2002 - INFO - Thread Internal : read(end) : buffer end -2
2022-03-17 18:46:19,837 - nest_to_tvb_send2002 - INFO - Thread Internal : rate(release) : end
2022-03-17 18:46:19,837 - nest_to_tvb_send2002 - INFO - Produce TVB Data : start loop : wait TVB
2022-03-17 18:46:20,159 - nest_to_tvb_send2002 - INFO -  Produce TVB Data : send data status : 0
2022-03-17 18:46:20,159 - nest_to_tvb_send2002 - INFO - Produce TVB Data : get rate
2022-03-17 18:46:20,159 - nest_to_tvb_send2002 - INFO - Thread Internal : rate(get) : get time rate
2022-03-17 18:46:20,159 - nest_to_tvb_send2002 - INFO - Thread Internal : read(ready) : buffer wait 2
2022-03-17 18:46:20,159 - nest_to_tvb_send2002 - INFO - Thread Internal : read(ready) : buffer end 2
2022-03-17 18:46:20,159 - nest_to_tvb_send2002 - INFO - Thread Internal : rate(get) : data request : time :[84.  87.5]
2022-03-17 18:46:20,159 - nest_to_tvb_send2002 - INFO - Thread Internal : rate(get) : end
2022-03-17 18:46:20,159 - nest_to_tvb_send2002 - INFO - Produce TVB Data : send data :0.0
2022-03-17 18:46:20,159 - nest_to_tvb_send2002 - INFO - Produce TVB Data : end send
2022-03-17 18:46:20,160 - nest_to_tvb_send2002 - INFO - Thread Internal : rate(release)
2022-03-17 18:46:20,160 - nest_to_tvb_send2002 - INFO - Thread Internal : read(end) : begin 2
2022-03-17 18:46:20,160 - nest_to_tvb_send2002 - INFO - Thread Internal : read(end) : buffer end -2
2022-03-17 18:46:20,160 - nest_to_tvb_send2002 - INFO - Thread Internal : rate(release) : end
2022-03-17 18:46:20,160 - nest_to_tvb_send2002 - INFO - Produce TVB Data : start loop : wait TVB
2022-03-17 18:46:20,449 - nest_to_tvb_send2002 - INFO -  Produce TVB Data : send data status : 0
2022-03-17 18:46:20,449 - nest_to_tvb_send2002 - INFO - Produce TVB Data : get rate
2022-03-17 18:46:20,449 - nest_to_tvb_send2002 - INFO - Thread Internal : rate(get) : get time rate
2022-03-17 18:46:20,449 - nest_to_tvb_send2002 - INFO - Thread Internal : read(ready) : buffer wait 2
2022-03-17 18:46:20,449 - nest_to_tvb_send2002 - INFO - Thread Internal : read(ready) : buffer end 2
2022-03-17 18:46:20,450 - nest_to_tvb_send2002 - INFO - Thread Internal : rate(get) : data request : time :[87.5 91. ]
2022-03-17 18:46:20,450 - nest_to_tvb_send2002 - INFO - Thread Internal : rate(get) : end
2022-03-17 18:46:20,450 - nest_to_tvb_send2002 - INFO - Produce TVB Data : send data :0.0
2022-03-17 18:46:20,450 - nest_to_tvb_send2002 - INFO - Produce TVB Data : end send
2022-03-17 18:46:20,450 - nest_to_tvb_send2002 - INFO - Thread Internal : rate(release)
2022-03-17 18:46:20,450 - nest_to_tvb_send2002 - INFO - Thread Internal : read(end) : begin 2
2022-03-17 18:46:20,450 - nest_to_tvb_send2002 - INFO - Thread Internal : read(end) : buffer end -2
2022-03-17 18:46:20,450 - nest_to_tvb_send2002 - INFO - Thread Internal : rate(release) : end
2022-03-17 18:46:20,450 - nest_to_tvb_send2002 - INFO - Produce TVB Data : start loop : wait TVB
2022-03-17 18:46:20,720 - nest_to_tvb_send2002 - INFO -  Produce TVB Data : send data status : 0
2022-03-17 18:46:20,720 - nest_to_tvb_send2002 - INFO - Produce TVB Data : get rate
2022-03-17 18:46:20,720 - nest_to_tvb_send2002 - INFO - Thread Internal : rate(get) : get time rate
2022-03-17 18:46:20,720 - nest_to_tvb_send2002 - INFO - Thread Internal : read(ready) : buffer wait 2
2022-03-17 18:46:20,720 - nest_to_tvb_send2002 - INFO - Thread Internal : read(ready) : buffer end 2
2022-03-17 18:46:20,720 - nest_to_tvb_send2002 - INFO - Thread Internal : rate(get) : data request : time :[91.  94.5]
2022-03-17 18:46:20,720 - nest_to_tvb_send2002 - INFO - Thread Internal : rate(get) : end
2022-03-17 18:46:20,721 - nest_to_tvb_send2002 - INFO - Produce TVB Data : send data :0.0
2022-03-17 18:46:20,723 - nest_to_tvb_send2002 - INFO - Produce TVB Data : end send
2022-03-17 18:46:20,723 - nest_to_tvb_send2002 - INFO - Thread Internal : rate(release)
2022-03-17 18:46:20,723 - nest_to_tvb_send2002 - INFO - Thread Internal : read(end) : begin 2
2022-03-17 18:46:20,723 - nest_to_tvb_send2002 - INFO - Thread Internal : read(end) : buffer end -2
2022-03-17 18:46:20,723 - nest_to_tvb_send2002 - INFO - Thread Internal : rate(release) : end
2022-03-17 18:46:20,723 - nest_to_tvb_send2002 - INFO - Produce TVB Data : start loop : wait TVB
2022-03-17 18:46:21,036 - nest_to_tvb_send2002 - INFO -  Produce TVB Data : send data status : 0
2022-03-17 18:46:21,037 - nest_to_tvb_send2002 - INFO - Produce TVB Data : get rate
2022-03-17 18:46:21,037 - nest_to_tvb_send2002 - INFO - Thread Internal : rate(get) : get time rate
2022-03-17 18:46:21,037 - nest_to_tvb_send2002 - INFO - Thread Internal : read(ready) : buffer wait 2
2022-03-17 18:46:21,037 - nest_to_tvb_send2002 - INFO - Thread Internal : read(ready) : buffer end 2
2022-03-17 18:46:21,037 - nest_to_tvb_send2002 - INFO - Thread Internal : rate(get) : data request : time :[94.5 98. ]
2022-03-17 18:46:21,037 - nest_to_tvb_send2002 - INFO - Thread Internal : rate(get) : end
2022-03-17 18:46:21,037 - nest_to_tvb_send2002 - INFO - Produce TVB Data : send data :0.0
2022-03-17 18:46:21,037 - nest_to_tvb_send2002 - INFO - Produce TVB Data : end send
2022-03-17 18:46:21,037 - nest_to_tvb_send2002 - INFO - Thread Internal : rate(release)
2022-03-17 18:46:21,037 - nest_to_tvb_send2002 - INFO - Thread Internal : read(end) : begin 2
2022-03-17 18:46:21,037 - nest_to_tvb_send2002 - INFO - Thread Internal : read(end) : buffer end -2
2022-03-17 18:46:21,037 - nest_to_tvb_send2002 - INFO - Thread Internal : rate(release) : end
2022-03-17 18:46:21,037 - nest_to_tvb_send2002 - INFO - Produce TVB Data : start loop : wait TVB
2022-03-17 18:46:21,328 - nest_to_tvb_send2002 - INFO -  Produce TVB Data : send data status : 0
2022-03-17 18:46:21,328 - nest_to_tvb_send2002 - INFO - Produce TVB Data : get rate
2022-03-17 18:46:21,328 - nest_to_tvb_send2002 - INFO - Thread Internal : rate(get) : get time rate
2022-03-17 18:46:21,328 - nest_to_tvb_send2002 - INFO - Thread Internal : read(ready) : buffer wait 2
2022-03-17 18:46:21,328 - nest_to_tvb_send2002 - INFO - Thread Internal : read(ready) : buffer end 2
2022-03-17 18:46:21,328 - nest_to_tvb_send2002 - INFO - Thread Internal : rate(get) : data request : time :[ 98.  101.5]
2022-03-17 18:46:21,328 - nest_to_tvb_send2002 - INFO - Thread Internal : rate(get) : end
2022-03-17 18:46:21,328 - nest_to_tvb_send2002 - INFO - Produce TVB Data : send data :0.0
2022-03-17 18:46:21,329 - nest_to_tvb_send2002 - INFO - Produce TVB Data : end send
2022-03-17 18:46:21,329 - nest_to_tvb_send2002 - INFO - Thread Internal : rate(release)
2022-03-17 18:46:21,329 - nest_to_tvb_send2002 - INFO - Thread Internal : read(end) : begin 2
2022-03-17 18:46:21,329 - nest_to_tvb_send2002 - INFO - Thread Internal : read(end) : buffer end -2
2022-03-17 18:46:21,329 - nest_to_tvb_send2002 - INFO - Thread Internal : rate(release) : end
2022-03-17 18:46:21,329 - nest_to_tvb_send2002 - INFO - Produce TVB Data : start loop : wait TVB
2022-03-17 18:46:21,643 - nest_to_tvb_send2002 - INFO -  Produce TVB Data : send data status : 0
2022-03-17 18:46:21,643 - nest_to_tvb_send2002 - INFO - Produce TVB Data : get rate
2022-03-17 18:46:21,643 - nest_to_tvb_send2002 - INFO - Thread Internal : rate(get) : get time rate
2022-03-17 18:46:21,643 - nest_to_tvb_send2002 - INFO - Thread Internal : read(ready) : buffer wait 2
2022-03-17 18:46:21,643 - nest_to_tvb_send2002 - INFO - Thread Internal : read(ready) : buffer end 2
2022-03-17 18:46:21,643 - nest_to_tvb_send2002 - INFO - Thread Internal : rate(get) : data request : time :[101.5 105. ]
2022-03-17 18:46:21,643 - nest_to_tvb_send2002 - INFO - Thread Internal : rate(get) : end
2022-03-17 18:46:21,643 - nest_to_tvb_send2002 - INFO - Produce TVB Data : send data :0.0
2022-03-17 18:46:21,668 - nest_to_tvb_send2002 - INFO - Produce TVB Data : end send
2022-03-17 18:46:21,668 - nest_to_tvb_send2002 - INFO - Thread Internal : rate(release)
2022-03-17 18:46:21,668 - nest_to_tvb_send2002 - INFO - Thread Internal : read(end) : begin 2
2022-03-17 18:46:21,668 - nest_to_tvb_send2002 - INFO - Thread Internal : read(end) : buffer end -2
2022-03-17 18:46:21,668 - nest_to_tvb_send2002 - INFO - Thread Internal : rate(release) : end
2022-03-17 18:46:21,668 - nest_to_tvb_send2002 - INFO - Produce TVB Data : start loop : wait TVB
2022-03-17 18:46:21,976 - nest_to_tvb_send2002 - INFO -  Produce TVB Data : send data status : 0
2022-03-17 18:46:21,976 - nest_to_tvb_send2002 - INFO - Produce TVB Data : get rate
2022-03-17 18:46:21,976 - nest_to_tvb_send2002 - INFO - Thread Internal : rate(get) : get time rate
2022-03-17 18:46:21,977 - nest_to_tvb_send2002 - INFO - Thread Internal : read(ready) : buffer wait 2
2022-03-17 18:46:21,977 - nest_to_tvb_send2002 - INFO - Thread Internal : read(ready) : buffer end 2
2022-03-17 18:46:21,977 - nest_to_tvb_send2002 - INFO - Thread Internal : rate(get) : data request : time :[105.  108.5]
2022-03-17 18:46:21,977 - nest_to_tvb_send2002 - INFO - Thread Internal : rate(get) : end
2022-03-17 18:46:21,977 - nest_to_tvb_send2002 - INFO - Produce TVB Data : send data :0.0
2022-03-17 18:46:21,977 - nest_to_tvb_send2002 - INFO - Produce TVB Data : end send
2022-03-17 18:46:21,977 - nest_to_tvb_send2002 - INFO - Thread Internal : rate(release)
2022-03-17 18:46:21,977 - nest_to_tvb_send2002 - INFO - Thread Internal : read(end) : begin 2
2022-03-17 18:46:21,977 - nest_to_tvb_send2002 - INFO - Thread Internal : read(end) : buffer end -2
2022-03-17 18:46:21,977 - nest_to_tvb_send2002 - INFO - Thread Internal : rate(release) : end
2022-03-17 18:46:21,977 - nest_to_tvb_send2002 - INFO - Produce TVB Data : start loop : wait TVB
2022-03-17 18:46:22,320 - nest_to_tvb_send2002 - INFO -  Produce TVB Data : send data status : 0
2022-03-17 18:46:22,320 - nest_to_tvb_send2002 - INFO - Produce TVB Data : get rate
2022-03-17 18:46:22,320 - nest_to_tvb_send2002 - INFO - Thread Internal : rate(get) : get time rate
2022-03-17 18:46:22,320 - nest_to_tvb_send2002 - INFO - Thread Internal : read(ready) : buffer wait 2
2022-03-17 18:46:22,320 - nest_to_tvb_send2002 - INFO - Thread Internal : read(ready) : buffer end 2
2022-03-17 18:46:22,320 - nest_to_tvb_send2002 - INFO - Thread Internal : rate(get) : data request : time :[108.5 112. ]
2022-03-17 18:46:22,320 - nest_to_tvb_send2002 - INFO - Thread Internal : rate(get) : end
2022-03-17 18:46:22,320 - nest_to_tvb_send2002 - INFO - Produce TVB Data : send data :0.0
2022-03-17 18:46:22,336 - nest_to_tvb_send2002 - INFO - Produce TVB Data : end send
2022-03-17 18:46:22,336 - nest_to_tvb_send2002 - INFO - Thread Internal : rate(release)
2022-03-17 18:46:22,336 - nest_to_tvb_send2002 - INFO - Thread Internal : read(end) : begin 2
2022-03-17 18:46:22,336 - nest_to_tvb_send2002 - INFO - Thread Internal : read(end) : buffer end -2
2022-03-17 18:46:22,336 - nest_to_tvb_send2002 - INFO - Thread Internal : rate(release) : end
2022-03-17 18:46:22,336 - nest_to_tvb_send2002 - INFO - Produce TVB Data : start loop : wait TVB
2022-03-17 18:46:22,657 - nest_to_tvb_send2002 - INFO -  Produce TVB Data : send data status : 0
2022-03-17 18:46:22,657 - nest_to_tvb_send2002 - INFO - Produce TVB Data : get rate
2022-03-17 18:46:22,657 - nest_to_tvb_send2002 - INFO - Thread Internal : rate(get) : get time rate
2022-03-17 18:46:22,657 - nest_to_tvb_send2002 - INFO - Thread Internal : read(ready) : buffer wait 2
2022-03-17 18:46:22,657 - nest_to_tvb_send2002 - INFO - Thread Internal : read(ready) : buffer end 2
2022-03-17 18:46:22,657 - nest_to_tvb_send2002 - INFO - Thread Internal : rate(get) : data request : time :[112.  115.5]
2022-03-17 18:46:22,657 - nest_to_tvb_send2002 - INFO - Thread Internal : rate(get) : end
2022-03-17 18:46:22,658 - nest_to_tvb_send2002 - INFO - Produce TVB Data : send data :0.0
2022-03-17 18:46:22,679 - nest_to_tvb_send2002 - INFO - Produce TVB Data : end send
2022-03-17 18:46:22,679 - nest_to_tvb_send2002 - INFO - Thread Internal : rate(release)
2022-03-17 18:46:22,679 - nest_to_tvb_send2002 - INFO - Thread Internal : read(end) : begin 2
2022-03-17 18:46:22,680 - nest_to_tvb_send2002 - INFO - Thread Internal : read(end) : buffer end -2
2022-03-17 18:46:22,680 - nest_to_tvb_send2002 - INFO - Thread Internal : rate(release) : end
2022-03-17 18:46:22,680 - nest_to_tvb_send2002 - INFO - Produce TVB Data : start loop : wait TVB
2022-03-17 18:46:22,998 - nest_to_tvb_send2002 - INFO -  Produce TVB Data : send data status : 0
2022-03-17 18:46:22,998 - nest_to_tvb_send2002 - INFO - Produce TVB Data : get rate
2022-03-17 18:46:22,998 - nest_to_tvb_send2002 - INFO - Thread Internal : rate(get) : get time rate
2022-03-17 18:46:22,998 - nest_to_tvb_send2002 - INFO - Thread Internal : read(ready) : buffer wait 2
2022-03-17 18:46:22,998 - nest_to_tvb_send2002 - INFO - Thread Internal : read(ready) : buffer end 2
2022-03-17 18:46:22,998 - nest_to_tvb_send2002 - INFO - Thread Internal : rate(get) : data request : time :[115.5 119. ]
2022-03-17 18:46:22,998 - nest_to_tvb_send2002 - INFO - Thread Internal : rate(get) : end
2022-03-17 18:46:22,999 - nest_to_tvb_send2002 - INFO - Produce TVB Data : send data :0.0
2022-03-17 18:46:23,003 - nest_to_tvb_send2002 - INFO - Produce TVB Data : end send
2022-03-17 18:46:23,003 - nest_to_tvb_send2002 - INFO - Thread Internal : rate(release)
2022-03-17 18:46:23,003 - nest_to_tvb_send2002 - INFO - Thread Internal : read(end) : begin 2
2022-03-17 18:46:23,003 - nest_to_tvb_send2002 - INFO - Thread Internal : read(end) : buffer end -2
2022-03-17 18:46:23,003 - nest_to_tvb_send2002 - INFO - Thread Internal : rate(release) : end
2022-03-17 18:46:23,003 - nest_to_tvb_send2002 - INFO - Produce TVB Data : start loop : wait TVB
2022-03-17 18:46:23,341 - nest_to_tvb_send2002 - INFO -  Produce TVB Data : send data status : 0
2022-03-17 18:46:23,341 - nest_to_tvb_send2002 - INFO - Produce TVB Data : get rate
2022-03-17 18:46:23,341 - nest_to_tvb_send2002 - INFO - Thread Internal : rate(get) : get time rate
2022-03-17 18:46:23,341 - nest_to_tvb_send2002 - INFO - Thread Internal : read(ready) : buffer wait 2
2022-03-17 18:46:23,341 - nest_to_tvb_send2002 - INFO - Thread Internal : read(ready) : buffer end 2
2022-03-17 18:46:23,341 - nest_to_tvb_send2002 - INFO - Thread Internal : rate(get) : data request : time :[119.  122.5]
2022-03-17 18:46:23,341 - nest_to_tvb_send2002 - INFO - Thread Internal : rate(get) : end
2022-03-17 18:46:23,341 - nest_to_tvb_send2002 - INFO - Produce TVB Data : send data :0.0
2022-03-17 18:46:23,341 - nest_to_tvb_send2002 - INFO - Produce TVB Data : end send
2022-03-17 18:46:23,341 - nest_to_tvb_send2002 - INFO - Thread Internal : rate(release)
2022-03-17 18:46:23,341 - nest_to_tvb_send2002 - INFO - Thread Internal : read(end) : begin 2
2022-03-17 18:46:23,341 - nest_to_tvb_send2002 - INFO - Thread Internal : read(end) : buffer end -2
2022-03-17 18:46:23,342 - nest_to_tvb_send2002 - INFO - Thread Internal : rate(release) : end
2022-03-17 18:46:23,342 - nest_to_tvb_send2002 - INFO - Produce TVB Data : start loop : wait TVB
2022-03-17 18:46:23,642 - nest_to_tvb_send2002 - INFO -  Produce TVB Data : send data status : 0
2022-03-17 18:46:23,642 - nest_to_tvb_send2002 - INFO - Produce TVB Data : get rate
2022-03-17 18:46:23,642 - nest_to_tvb_send2002 - INFO - Thread Internal : rate(get) : get time rate
2022-03-17 18:46:23,643 - nest_to_tvb_send2002 - INFO - Thread Internal : read(ready) : buffer wait 2
2022-03-17 18:46:23,643 - nest_to_tvb_send2002 - INFO - Thread Internal : read(ready) : buffer end 2
2022-03-17 18:46:23,643 - nest_to_tvb_send2002 - INFO - Thread Internal : rate(get) : data request : time :[122.5 126. ]
2022-03-17 18:46:23,643 - nest_to_tvb_send2002 - INFO - Thread Internal : rate(get) : end
2022-03-17 18:46:23,643 - nest_to_tvb_send2002 - INFO - Produce TVB Data : send data :0.0
2022-03-17 18:46:23,658 - nest_to_tvb_send2002 - INFO - Produce TVB Data : end send
2022-03-17 18:46:23,658 - nest_to_tvb_send2002 - INFO - Thread Internal : rate(release)
2022-03-17 18:46:23,658 - nest_to_tvb_send2002 - INFO - Thread Internal : read(end) : begin 2
2022-03-17 18:46:23,658 - nest_to_tvb_send2002 - INFO - Thread Internal : read(end) : buffer end -2
2022-03-17 18:46:23,658 - nest_to_tvb_send2002 - INFO - Thread Internal : rate(release) : end
2022-03-17 18:46:23,658 - nest_to_tvb_send2002 - INFO - Produce TVB Data : start loop : wait TVB
2022-03-17 18:46:23,953 - nest_to_tvb_send2002 - INFO -  Produce TVB Data : send data status : 0
2022-03-17 18:46:23,953 - nest_to_tvb_send2002 - INFO - Produce TVB Data : get rate
2022-03-17 18:46:23,953 - nest_to_tvb_send2002 - INFO - Thread Internal : rate(get) : get time rate
2022-03-17 18:46:23,953 - nest_to_tvb_send2002 - INFO - Thread Internal : read(ready) : buffer wait 2
2022-03-17 18:46:23,953 - nest_to_tvb_send2002 - INFO - Thread Internal : read(ready) : buffer end 2
2022-03-17 18:46:23,953 - nest_to_tvb_send2002 - INFO - Thread Internal : rate(get) : data request : time :[126.  129.5]
2022-03-17 18:46:23,953 - nest_to_tvb_send2002 - INFO - Thread Internal : rate(get) : end
2022-03-17 18:46:23,953 - nest_to_tvb_send2002 - INFO - Produce TVB Data : send data :0.0
2022-03-17 18:46:23,954 - nest_to_tvb_send2002 - INFO - Produce TVB Data : end send
2022-03-17 18:46:23,954 - nest_to_tvb_send2002 - INFO - Thread Internal : rate(release)
2022-03-17 18:46:23,954 - nest_to_tvb_send2002 - INFO - Thread Internal : read(end) : begin 2
2022-03-17 18:46:23,954 - nest_to_tvb_send2002 - INFO - Thread Internal : read(end) : buffer end -2
2022-03-17 18:46:23,954 - nest_to_tvb_send2002 - INFO - Thread Internal : rate(release) : end
2022-03-17 18:46:23,954 - nest_to_tvb_send2002 - INFO - Produce TVB Data : start loop : wait TVB
2022-03-17 18:46:24,284 - nest_to_tvb_send2002 - INFO -  Produce TVB Data : send data status : 0
2022-03-17 18:46:24,284 - nest_to_tvb_send2002 - INFO - Produce TVB Data : get rate
2022-03-17 18:46:24,284 - nest_to_tvb_send2002 - INFO - Thread Internal : rate(get) : get time rate
2022-03-17 18:46:24,284 - nest_to_tvb_send2002 - INFO - Thread Internal : read(ready) : buffer wait 2
2022-03-17 18:46:24,284 - nest_to_tvb_send2002 - INFO - Thread Internal : read(ready) : buffer end 2
2022-03-17 18:46:24,284 - nest_to_tvb_send2002 - INFO - Thread Internal : rate(get) : data request : time :[129.5 133. ]
2022-03-17 18:46:24,285 - nest_to_tvb_send2002 - INFO - Thread Internal : rate(get) : end
2022-03-17 18:46:24,285 - nest_to_tvb_send2002 - INFO - Produce TVB Data : send data :0.0
2022-03-17 18:46:24,285 - nest_to_tvb_send2002 - INFO - Produce TVB Data : end send
2022-03-17 18:46:24,285 - nest_to_tvb_send2002 - INFO - Thread Internal : rate(release)
2022-03-17 18:46:24,285 - nest_to_tvb_send2002 - INFO - Thread Internal : read(end) : begin 2
2022-03-17 18:46:24,285 - nest_to_tvb_send2002 - INFO - Thread Internal : read(end) : buffer end -2
2022-03-17 18:46:24,285 - nest_to_tvb_send2002 - INFO - Thread Internal : rate(release) : end
2022-03-17 18:46:24,285 - nest_to_tvb_send2002 - INFO - Produce TVB Data : start loop : wait TVB
2022-03-17 18:46:24,627 - nest_to_tvb_send2002 - INFO -  Produce TVB Data : send data status : 0
2022-03-17 18:46:24,627 - nest_to_tvb_send2002 - INFO - Produce TVB Data : get rate
2022-03-17 18:46:24,627 - nest_to_tvb_send2002 - INFO - Thread Internal : rate(get) : get time rate
2022-03-17 18:46:24,627 - nest_to_tvb_send2002 - INFO - Thread Internal : read(ready) : buffer wait 2
2022-03-17 18:46:24,627 - nest_to_tvb_send2002 - INFO - Thread Internal : read(ready) : buffer end 2
2022-03-17 18:46:24,628 - nest_to_tvb_send2002 - INFO - Thread Internal : rate(get) : data request : time :[133.  136.5]
2022-03-17 18:46:24,628 - nest_to_tvb_send2002 - INFO - Thread Internal : rate(get) : end
2022-03-17 18:46:24,628 - nest_to_tvb_send2002 - INFO - Produce TVB Data : send data :0.0
2022-03-17 18:46:24,628 - nest_to_tvb_send2002 - INFO - Produce TVB Data : end send
2022-03-17 18:46:24,628 - nest_to_tvb_send2002 - INFO - Thread Internal : rate(release)
2022-03-17 18:46:24,628 - nest_to_tvb_send2002 - INFO - Thread Internal : read(end) : begin 2
2022-03-17 18:46:24,628 - nest_to_tvb_send2002 - INFO - Thread Internal : read(end) : buffer end -2
2022-03-17 18:46:24,628 - nest_to_tvb_send2002 - INFO - Thread Internal : rate(release) : end
2022-03-17 18:46:24,628 - nest_to_tvb_send2002 - INFO - Produce TVB Data : start loop : wait TVB
2022-03-17 18:46:24,921 - nest_to_tvb_send2002 - INFO -  Produce TVB Data : send data status : 0
2022-03-17 18:46:24,921 - nest_to_tvb_send2002 - INFO - Produce TVB Data : get rate
2022-03-17 18:46:24,921 - nest_to_tvb_send2002 - INFO - Thread Internal : rate(get) : get time rate
2022-03-17 18:46:24,921 - nest_to_tvb_send2002 - INFO - Thread Internal : read(ready) : buffer wait 2
2022-03-17 18:46:24,921 - nest_to_tvb_send2002 - INFO - Thread Internal : read(ready) : buffer end 2
2022-03-17 18:46:24,921 - nest_to_tvb_send2002 - INFO - Thread Internal : rate(get) : data request : time :[136.5 140. ]
2022-03-17 18:46:24,921 - nest_to_tvb_send2002 - INFO - Thread Internal : rate(get) : end
2022-03-17 18:46:24,921 - nest_to_tvb_send2002 - INFO - Produce TVB Data : send data :0.0
2022-03-17 18:46:24,933 - nest_to_tvb_send2002 - INFO - Produce TVB Data : end send
2022-03-17 18:46:24,933 - nest_to_tvb_send2002 - INFO - Thread Internal : rate(release)
2022-03-17 18:46:24,933 - nest_to_tvb_send2002 - INFO - Thread Internal : read(end) : begin 2
2022-03-17 18:46:24,933 - nest_to_tvb_send2002 - INFO - Thread Internal : read(end) : buffer end -2
2022-03-17 18:46:24,933 - nest_to_tvb_send2002 - INFO - Thread Internal : rate(release) : end
2022-03-17 18:46:24,933 - nest_to_tvb_send2002 - INFO - Produce TVB Data : start loop : wait TVB
2022-03-17 18:46:25,234 - nest_to_tvb_send2002 - INFO -  Produce TVB Data : send data status : 0
2022-03-17 18:46:25,234 - nest_to_tvb_send2002 - INFO - Produce TVB Data : get rate
2022-03-17 18:46:25,234 - nest_to_tvb_send2002 - INFO - Thread Internal : rate(get) : get time rate
2022-03-17 18:46:25,234 - nest_to_tvb_send2002 - INFO - Thread Internal : read(ready) : buffer wait 2
2022-03-17 18:46:25,234 - nest_to_tvb_send2002 - INFO - Thread Internal : read(ready) : buffer end 2
2022-03-17 18:46:25,234 - nest_to_tvb_send2002 - INFO - Thread Internal : rate(get) : data request : time :[140.  143.5]
2022-03-17 18:46:25,234 - nest_to_tvb_send2002 - INFO - Thread Internal : rate(get) : end
2022-03-17 18:46:25,234 - nest_to_tvb_send2002 - INFO - Produce TVB Data : send data :0.0
2022-03-17 18:46:25,254 - nest_to_tvb_send2002 - INFO - Produce TVB Data : end send
2022-03-17 18:46:25,254 - nest_to_tvb_send2002 - INFO - Thread Internal : rate(release)
2022-03-17 18:46:25,254 - nest_to_tvb_send2002 - INFO - Thread Internal : read(end) : begin 2
2022-03-17 18:46:25,254 - nest_to_tvb_send2002 - INFO - Thread Internal : read(end) : buffer end -2
2022-03-17 18:46:25,254 - nest_to_tvb_send2002 - INFO - Thread Internal : rate(release) : end
2022-03-17 18:46:25,254 - nest_to_tvb_send2002 - INFO - Produce TVB Data : start loop : wait TVB
2022-03-17 18:46:25,556 - nest_to_tvb_send2002 - INFO -  Produce TVB Data : send data status : 0
2022-03-17 18:46:25,556 - nest_to_tvb_send2002 - INFO - Produce TVB Data : get rate
2022-03-17 18:46:25,556 - nest_to_tvb_send2002 - INFO - Thread Internal : rate(get) : get time rate
2022-03-17 18:46:25,557 - nest_to_tvb_send2002 - INFO - Thread Internal : read(ready) : buffer wait 2
2022-03-17 18:46:25,557 - nest_to_tvb_send2002 - INFO - Thread Internal : read(ready) : buffer end 2
2022-03-17 18:46:25,557 - nest_to_tvb_send2002 - INFO - Thread Internal : rate(get) : data request : time :[143.5 147. ]
2022-03-17 18:46:25,557 - nest_to_tvb_send2002 - INFO - Thread Internal : rate(get) : end
2022-03-17 18:46:25,557 - nest_to_tvb_send2002 - INFO - Produce TVB Data : send data :0.0
2022-03-17 18:46:25,568 - nest_to_tvb_send2002 - INFO - Produce TVB Data : end send
2022-03-17 18:46:25,568 - nest_to_tvb_send2002 - INFO - Thread Internal : rate(release)
2022-03-17 18:46:25,568 - nest_to_tvb_send2002 - INFO - Thread Internal : read(end) : begin 2
2022-03-17 18:46:25,568 - nest_to_tvb_send2002 - INFO - Thread Internal : read(end) : buffer end -2
2022-03-17 18:46:25,568 - nest_to_tvb_send2002 - INFO - Thread Internal : rate(release) : end
2022-03-17 18:46:25,568 - nest_to_tvb_send2002 - INFO - Produce TVB Data : start loop : wait TVB
2022-03-17 18:46:25,854 - nest_to_tvb_send2002 - INFO -  Produce TVB Data : send data status : 0
2022-03-17 18:46:25,854 - nest_to_tvb_send2002 - INFO - Produce TVB Data : get rate
2022-03-17 18:46:25,854 - nest_to_tvb_send2002 - INFO - Thread Internal : rate(get) : get time rate
2022-03-17 18:46:25,854 - nest_to_tvb_send2002 - INFO - Thread Internal : read(ready) : buffer wait 2
2022-03-17 18:46:25,854 - nest_to_tvb_send2002 - INFO - Thread Internal : read(ready) : buffer end 2
2022-03-17 18:46:25,854 - nest_to_tvb_send2002 - INFO - Thread Internal : rate(get) : data request : time :[147.  150.5]
2022-03-17 18:46:25,854 - nest_to_tvb_send2002 - INFO - Thread Internal : rate(get) : end
2022-03-17 18:46:25,854 - nest_to_tvb_send2002 - INFO - Produce TVB Data : send data :0.0
2022-03-17 18:46:25,855 - nest_to_tvb_send2002 - INFO - Produce TVB Data : end send
2022-03-17 18:46:25,855 - nest_to_tvb_send2002 - INFO - Thread Internal : rate(release)
2022-03-17 18:46:25,855 - nest_to_tvb_send2002 - INFO - Thread Internal : read(end) : begin 2
2022-03-17 18:46:25,855 - nest_to_tvb_send2002 - INFO - Thread Internal : read(end) : buffer end -2
2022-03-17 18:46:25,855 - nest_to_tvb_send2002 - INFO - Thread Internal : rate(release) : end
2022-03-17 18:46:25,855 - nest_to_tvb_send2002 - INFO - Produce TVB Data : start loop : wait TVB
2022-03-17 18:46:26,177 - nest_to_tvb_send2002 - INFO -  Produce TVB Data : send data status : 0
2022-03-17 18:46:26,177 - nest_to_tvb_send2002 - INFO - Produce TVB Data : get rate
2022-03-17 18:46:26,177 - nest_to_tvb_send2002 - INFO - Thread Internal : rate(get) : get time rate
2022-03-17 18:46:26,177 - nest_to_tvb_send2002 - INFO - Thread Internal : read(ready) : buffer wait 2
2022-03-17 18:46:26,177 - nest_to_tvb_send2002 - INFO - Thread Internal : read(ready) : buffer end 2
2022-03-17 18:46:26,177 - nest_to_tvb_send2002 - INFO - Thread Internal : rate(get) : data request : time :[150.5 154. ]
2022-03-17 18:46:26,177 - nest_to_tvb_send2002 - INFO - Thread Internal : rate(get) : end
2022-03-17 18:46:26,178 - nest_to_tvb_send2002 - INFO - Produce TVB Data : send data :0.0
2022-03-17 18:46:26,178 - nest_to_tvb_send2002 - INFO - Produce TVB Data : end send
2022-03-17 18:46:26,178 - nest_to_tvb_send2002 - INFO - Thread Internal : rate(release)
2022-03-17 18:46:26,178 - nest_to_tvb_send2002 - INFO - Thread Internal : read(end) : begin 2
2022-03-17 18:46:26,178 - nest_to_tvb_send2002 - INFO - Thread Internal : read(end) : buffer end -2
2022-03-17 18:46:26,178 - nest_to_tvb_send2002 - INFO - Thread Internal : rate(release) : end
2022-03-17 18:46:26,178 - nest_to_tvb_send2002 - INFO - Produce TVB Data : start loop : wait TVB
2022-03-17 18:46:26,492 - nest_to_tvb_send2002 - INFO -  Produce TVB Data : send data status : 0
2022-03-17 18:46:26,492 - nest_to_tvb_send2002 - INFO - Produce TVB Data : get rate
2022-03-17 18:46:26,492 - nest_to_tvb_send2002 - INFO - Thread Internal : rate(get) : get time rate
2022-03-17 18:46:26,492 - nest_to_tvb_send2002 - INFO - Thread Internal : read(ready) : buffer wait 2
2022-03-17 18:46:26,492 - nest_to_tvb_send2002 - INFO - Thread Internal : read(ready) : buffer end 2
2022-03-17 18:46:26,492 - nest_to_tvb_send2002 - INFO - Thread Internal : rate(get) : data request : time :[154.  157.5]
2022-03-17 18:46:26,492 - nest_to_tvb_send2002 - INFO - Thread Internal : rate(get) : end
2022-03-17 18:46:26,492 - nest_to_tvb_send2002 - INFO - Produce TVB Data : send data :0.0
2022-03-17 18:46:26,499 - nest_to_tvb_send2002 - INFO - Produce TVB Data : end send
2022-03-17 18:46:26,499 - nest_to_tvb_send2002 - INFO - Thread Internal : rate(release)
2022-03-17 18:46:26,500 - nest_to_tvb_send2002 - INFO - Thread Internal : read(end) : begin 2
2022-03-17 18:46:26,500 - nest_to_tvb_send2002 - INFO - Thread Internal : read(end) : buffer end -2
2022-03-17 18:46:26,500 - nest_to_tvb_send2002 - INFO - Thread Internal : rate(release) : end
2022-03-17 18:46:26,500 - nest_to_tvb_send2002 - INFO - Produce TVB Data : start loop : wait TVB
2022-03-17 18:46:26,840 - nest_to_tvb_send2002 - INFO -  Produce TVB Data : send data status : 0
2022-03-17 18:46:26,840 - nest_to_tvb_send2002 - INFO - Produce TVB Data : get rate
2022-03-17 18:46:26,840 - nest_to_tvb_send2002 - INFO - Thread Internal : rate(get) : get time rate
2022-03-17 18:46:26,840 - nest_to_tvb_send2002 - INFO - Thread Internal : read(ready) : buffer wait 2
2022-03-17 18:46:26,840 - nest_to_tvb_send2002 - INFO - Thread Internal : read(ready) : buffer end 2
2022-03-17 18:46:26,840 - nest_to_tvb_send2002 - INFO - Thread Internal : rate(get) : data request : time :[157.5 161. ]
2022-03-17 18:46:26,840 - nest_to_tvb_send2002 - INFO - Thread Internal : rate(get) : end
2022-03-17 18:46:26,840 - nest_to_tvb_send2002 - INFO - Produce TVB Data : send data :0.0
2022-03-17 18:46:26,841 - nest_to_tvb_send2002 - INFO - Produce TVB Data : end send
2022-03-17 18:46:26,841 - nest_to_tvb_send2002 - INFO - Thread Internal : rate(release)
2022-03-17 18:46:26,841 - nest_to_tvb_send2002 - INFO - Thread Internal : read(end) : begin 2
2022-03-17 18:46:26,841 - nest_to_tvb_send2002 - INFO - Thread Internal : read(end) : buffer end -2
2022-03-17 18:46:26,841 - nest_to_tvb_send2002 - INFO - Thread Internal : rate(release) : end
2022-03-17 18:46:26,841 - nest_to_tvb_send2002 - INFO - Produce TVB Data : start loop : wait TVB
2022-03-17 18:46:27,153 - nest_to_tvb_send2002 - INFO -  Produce TVB Data : send data status : 0
2022-03-17 18:46:27,153 - nest_to_tvb_send2002 - INFO - Produce TVB Data : get rate
2022-03-17 18:46:27,153 - nest_to_tvb_send2002 - INFO - Thread Internal : rate(get) : get time rate
2022-03-17 18:46:27,153 - nest_to_tvb_send2002 - INFO - Thread Internal : read(ready) : buffer wait 2
2022-03-17 18:46:27,153 - nest_to_tvb_send2002 - INFO - Thread Internal : read(ready) : buffer end 2
2022-03-17 18:46:27,154 - nest_to_tvb_send2002 - INFO - Thread Internal : rate(get) : data request : time :[161.  164.5]
2022-03-17 18:46:27,154 - nest_to_tvb_send2002 - INFO - Thread Internal : rate(get) : end
2022-03-17 18:46:27,154 - nest_to_tvb_send2002 - INFO - Produce TVB Data : send data :0.0
2022-03-17 18:46:27,159 - nest_to_tvb_send2002 - INFO - Produce TVB Data : end send
2022-03-17 18:46:27,159 - nest_to_tvb_send2002 - INFO - Thread Internal : rate(release)
2022-03-17 18:46:27,160 - nest_to_tvb_send2002 - INFO - Thread Internal : read(end) : begin 2
2022-03-17 18:46:27,160 - nest_to_tvb_send2002 - INFO - Thread Internal : read(end) : buffer end -2
2022-03-17 18:46:27,160 - nest_to_tvb_send2002 - INFO - Thread Internal : rate(release) : end
2022-03-17 18:46:27,160 - nest_to_tvb_send2002 - INFO - Produce TVB Data : start loop : wait TVB
2022-03-17 18:46:27,493 - nest_to_tvb_send2002 - INFO -  Produce TVB Data : send data status : 0
2022-03-17 18:46:27,493 - nest_to_tvb_send2002 - INFO - Produce TVB Data : get rate
2022-03-17 18:46:27,493 - nest_to_tvb_send2002 - INFO - Thread Internal : rate(get) : get time rate
2022-03-17 18:46:27,493 - nest_to_tvb_send2002 - INFO - Thread Internal : read(ready) : buffer wait 2
2022-03-17 18:46:27,493 - nest_to_tvb_send2002 - INFO - Thread Internal : read(ready) : buffer end 2
2022-03-17 18:46:27,494 - nest_to_tvb_send2002 - INFO - Thread Internal : rate(get) : data request : time :[164.5 168. ]
2022-03-17 18:46:27,494 - nest_to_tvb_send2002 - INFO - Thread Internal : rate(get) : end
2022-03-17 18:46:27,494 - nest_to_tvb_send2002 - INFO - Produce TVB Data : send data :0.0
2022-03-17 18:46:27,494 - nest_to_tvb_send2002 - INFO - Produce TVB Data : end send
2022-03-17 18:46:27,494 - nest_to_tvb_send2002 - INFO - Thread Internal : rate(release)
2022-03-17 18:46:27,494 - nest_to_tvb_send2002 - INFO - Thread Internal : read(end) : begin 2
2022-03-17 18:46:27,494 - nest_to_tvb_send2002 - INFO - Thread Internal : read(end) : buffer end -2
2022-03-17 18:46:27,494 - nest_to_tvb_send2002 - INFO - Thread Internal : rate(release) : end
2022-03-17 18:46:27,494 - nest_to_tvb_send2002 - INFO - Produce TVB Data : start loop : wait TVB
2022-03-17 18:46:27,820 - nest_to_tvb_send2002 - INFO -  Produce TVB Data : send data status : 0
2022-03-17 18:46:27,820 - nest_to_tvb_send2002 - INFO - Produce TVB Data : get rate
2022-03-17 18:46:27,820 - nest_to_tvb_send2002 - INFO - Thread Internal : rate(get) : get time rate
2022-03-17 18:46:27,820 - nest_to_tvb_send2002 - INFO - Thread Internal : read(ready) : buffer wait 2
2022-03-17 18:46:27,820 - nest_to_tvb_send2002 - INFO - Thread Internal : read(ready) : buffer end 2
2022-03-17 18:46:27,820 - nest_to_tvb_send2002 - INFO - Thread Internal : rate(get) : data request : time :[168.  171.5]
2022-03-17 18:46:27,820 - nest_to_tvb_send2002 - INFO - Thread Internal : rate(get) : end
2022-03-17 18:46:27,820 - nest_to_tvb_send2002 - INFO - Produce TVB Data : send data :0.0
2022-03-17 18:46:27,820 - nest_to_tvb_send2002 - INFO - Produce TVB Data : end send
2022-03-17 18:46:27,821 - nest_to_tvb_send2002 - INFO - Thread Internal : rate(release)
2022-03-17 18:46:27,821 - nest_to_tvb_send2002 - INFO - Thread Internal : read(end) : begin 2
2022-03-17 18:46:27,821 - nest_to_tvb_send2002 - INFO - Thread Internal : read(end) : buffer end -2
2022-03-17 18:46:27,821 - nest_to_tvb_send2002 - INFO - Thread Internal : rate(release) : end
2022-03-17 18:46:27,821 - nest_to_tvb_send2002 - INFO - Produce TVB Data : start loop : wait TVB
2022-03-17 18:46:28,126 - nest_to_tvb_send2002 - INFO -  Produce TVB Data : send data status : 0
2022-03-17 18:46:28,126 - nest_to_tvb_send2002 - INFO - Produce TVB Data : get rate
2022-03-17 18:46:28,126 - nest_to_tvb_send2002 - INFO - Thread Internal : rate(get) : get time rate
2022-03-17 18:46:28,126 - nest_to_tvb_send2002 - INFO - Thread Internal : read(ready) : buffer wait 2
2022-03-17 18:46:28,126 - nest_to_tvb_send2002 - INFO - Thread Internal : read(ready) : buffer end 2
2022-03-17 18:46:28,126 - nest_to_tvb_send2002 - INFO - Thread Internal : rate(get) : data request : time :[171.5 175. ]
2022-03-17 18:46:28,126 - nest_to_tvb_send2002 - INFO - Thread Internal : rate(get) : end
2022-03-17 18:46:28,126 - nest_to_tvb_send2002 - INFO - Produce TVB Data : send data :0.0
2022-03-17 18:46:28,126 - nest_to_tvb_send2002 - INFO - Produce TVB Data : end send
2022-03-17 18:46:28,127 - nest_to_tvb_send2002 - INFO - Thread Internal : rate(release)
2022-03-17 18:46:28,127 - nest_to_tvb_send2002 - INFO - Thread Internal : read(end) : begin 2
2022-03-17 18:46:28,127 - nest_to_tvb_send2002 - INFO - Thread Internal : read(end) : buffer end -2
2022-03-17 18:46:28,127 - nest_to_tvb_send2002 - INFO - Thread Internal : rate(release) : end
2022-03-17 18:46:28,127 - nest_to_tvb_send2002 - INFO - Produce TVB Data : start loop : wait TVB
2022-03-17 18:46:28,443 - nest_to_tvb_send2002 - INFO -  Produce TVB Data : send data status : 0
2022-03-17 18:46:28,443 - nest_to_tvb_send2002 - INFO - Produce TVB Data : get rate
2022-03-17 18:46:28,443 - nest_to_tvb_send2002 - INFO - Thread Internal : rate(get) : get time rate
2022-03-17 18:46:28,443 - nest_to_tvb_send2002 - INFO - Thread Internal : read(ready) : buffer wait 2
2022-03-17 18:46:28,443 - nest_to_tvb_send2002 - INFO - Thread Internal : read(ready) : buffer end 2
2022-03-17 18:46:28,443 - nest_to_tvb_send2002 - INFO - Thread Internal : rate(get) : data request : time :[175.  178.5]
2022-03-17 18:46:28,443 - nest_to_tvb_send2002 - INFO - Thread Internal : rate(get) : end
2022-03-17 18:46:28,444 - nest_to_tvb_send2002 - INFO - Produce TVB Data : send data :0.0
2022-03-17 18:46:28,448 - nest_to_tvb_send2002 - INFO - Produce TVB Data : end send
2022-03-17 18:46:28,448 - nest_to_tvb_send2002 - INFO - Thread Internal : rate(release)
2022-03-17 18:46:28,448 - nest_to_tvb_send2002 - INFO - Thread Internal : read(end) : begin 2
2022-03-17 18:46:28,448 - nest_to_tvb_send2002 - INFO - Thread Internal : read(end) : buffer end -2
2022-03-17 18:46:28,448 - nest_to_tvb_send2002 - INFO - Thread Internal : rate(release) : end
2022-03-17 18:46:28,449 - nest_to_tvb_send2002 - INFO - Produce TVB Data : start loop : wait TVB
2022-03-17 18:46:28,780 - nest_to_tvb_send2002 - INFO -  Produce TVB Data : send data status : 0
2022-03-17 18:46:28,780 - nest_to_tvb_send2002 - INFO - Produce TVB Data : get rate
2022-03-17 18:46:28,780 - nest_to_tvb_send2002 - INFO - Thread Internal : rate(get) : get time rate
2022-03-17 18:46:28,781 - nest_to_tvb_send2002 - INFO - Thread Internal : read(ready) : buffer wait 2
2022-03-17 18:46:28,781 - nest_to_tvb_send2002 - INFO - Thread Internal : read(ready) : buffer end 2
2022-03-17 18:46:28,781 - nest_to_tvb_send2002 - INFO - Thread Internal : rate(get) : data request : time :[178.5 182. ]
2022-03-17 18:46:28,781 - nest_to_tvb_send2002 - INFO - Thread Internal : rate(get) : end
2022-03-17 18:46:28,781 - nest_to_tvb_send2002 - INFO - Produce TVB Data : send data :0.0
2022-03-17 18:46:28,797 - nest_to_tvb_send2002 - INFO - Produce TVB Data : end send
2022-03-17 18:46:28,797 - nest_to_tvb_send2002 - INFO - Thread Internal : rate(release)
2022-03-17 18:46:28,797 - nest_to_tvb_send2002 - INFO - Thread Internal : read(end) : begin 2
2022-03-17 18:46:28,797 - nest_to_tvb_send2002 - INFO - Thread Internal : read(end) : buffer end -2
2022-03-17 18:46:28,797 - nest_to_tvb_send2002 - INFO - Thread Internal : rate(release) : end
2022-03-17 18:46:28,797 - nest_to_tvb_send2002 - INFO - Produce TVB Data : start loop : wait TVB
2022-03-17 18:46:29,108 - nest_to_tvb_send2002 - INFO -  Produce TVB Data : send data status : 0
2022-03-17 18:46:29,108 - nest_to_tvb_send2002 - INFO - Produce TVB Data : get rate
2022-03-17 18:46:29,108 - nest_to_tvb_send2002 - INFO - Thread Internal : rate(get) : get time rate
2022-03-17 18:46:29,108 - nest_to_tvb_send2002 - INFO - Thread Internal : read(ready) : buffer wait 2
2022-03-17 18:46:29,109 - nest_to_tvb_send2002 - INFO - Thread Internal : read(ready) : buffer end 2
2022-03-17 18:46:29,109 - nest_to_tvb_send2002 - INFO - Thread Internal : rate(get) : data request : time :[182.  185.5]
2022-03-17 18:46:29,109 - nest_to_tvb_send2002 - INFO - Thread Internal : rate(get) : end
2022-03-17 18:46:29,109 - nest_to_tvb_send2002 - INFO - Produce TVB Data : send data :0.0
2022-03-17 18:46:29,125 - nest_to_tvb_send2002 - INFO - Produce TVB Data : end send
2022-03-17 18:46:29,125 - nest_to_tvb_send2002 - INFO - Thread Internal : rate(release)
2022-03-17 18:46:29,125 - nest_to_tvb_send2002 - INFO - Thread Internal : read(end) : begin 2
2022-03-17 18:46:29,125 - nest_to_tvb_send2002 - INFO - Thread Internal : read(end) : buffer end -2
2022-03-17 18:46:29,125 - nest_to_tvb_send2002 - INFO - Thread Internal : rate(release) : end
2022-03-17 18:46:29,125 - nest_to_tvb_send2002 - INFO - Produce TVB Data : start loop : wait TVB
2022-03-17 18:46:29,435 - nest_to_tvb_send2002 - INFO -  Produce TVB Data : send data status : 0
2022-03-17 18:46:29,435 - nest_to_tvb_send2002 - INFO - Produce TVB Data : get rate
2022-03-17 18:46:29,435 - nest_to_tvb_send2002 - INFO - Thread Internal : rate(get) : get time rate
2022-03-17 18:46:29,435 - nest_to_tvb_send2002 - INFO - Thread Internal : read(ready) : buffer wait 2
2022-03-17 18:46:29,435 - nest_to_tvb_send2002 - INFO - Thread Internal : read(ready) : buffer end 2
2022-03-17 18:46:29,435 - nest_to_tvb_send2002 - INFO - Thread Internal : rate(get) : data request : time :[185.5 189. ]
2022-03-17 18:46:29,435 - nest_to_tvb_send2002 - INFO - Thread Internal : rate(get) : end
2022-03-17 18:46:29,435 - nest_to_tvb_send2002 - INFO - Produce TVB Data : send data :0.0
2022-03-17 18:46:29,460 - nest_to_tvb_send2002 - INFO - Produce TVB Data : end send
2022-03-17 18:46:29,460 - nest_to_tvb_send2002 - INFO - Thread Internal : rate(release)
2022-03-17 18:46:29,460 - nest_to_tvb_send2002 - INFO - Thread Internal : read(end) : begin 2
2022-03-17 18:46:29,460 - nest_to_tvb_send2002 - INFO - Thread Internal : read(end) : buffer end -2
2022-03-17 18:46:29,460 - nest_to_tvb_send2002 - INFO - Thread Internal : rate(release) : end
2022-03-17 18:46:29,460 - nest_to_tvb_send2002 - INFO - Produce TVB Data : start loop : wait TVB
2022-03-17 18:46:29,755 - nest_to_tvb_send2002 - INFO -  Produce TVB Data : send data status : 0
2022-03-17 18:46:29,756 - nest_to_tvb_send2002 - INFO - Produce TVB Data : get rate
2022-03-17 18:46:29,756 - nest_to_tvb_send2002 - INFO - Thread Internal : rate(get) : get time rate
2022-03-17 18:46:29,756 - nest_to_tvb_send2002 - INFO - Thread Internal : read(ready) : buffer wait 2
2022-03-17 18:46:29,756 - nest_to_tvb_send2002 - INFO - Thread Internal : read(ready) : buffer end 2
2022-03-17 18:46:29,756 - nest_to_tvb_send2002 - INFO - Thread Internal : rate(get) : data request : time :[189.  192.5]
2022-03-17 18:46:29,756 - nest_to_tvb_send2002 - INFO - Thread Internal : rate(get) : end
2022-03-17 18:46:29,756 - nest_to_tvb_send2002 - INFO - Produce TVB Data : send data :0.0
2022-03-17 18:46:29,756 - nest_to_tvb_send2002 - INFO - Produce TVB Data : end send
2022-03-17 18:46:29,756 - nest_to_tvb_send2002 - INFO - Thread Internal : rate(release)
2022-03-17 18:46:29,756 - nest_to_tvb_send2002 - INFO - Thread Internal : read(end) : begin 2
2022-03-17 18:46:29,756 - nest_to_tvb_send2002 - INFO - Thread Internal : read(end) : buffer end -2
2022-03-17 18:46:29,756 - nest_to_tvb_send2002 - INFO - Thread Internal : rate(release) : end
2022-03-17 18:46:29,756 - nest_to_tvb_send2002 - INFO - Produce TVB Data : start loop : wait TVB
2022-03-17 18:46:30,061 - nest_to_tvb_send2002 - INFO -  Produce TVB Data : send data status : 0
2022-03-17 18:46:30,061 - nest_to_tvb_send2002 - INFO - Produce TVB Data : get rate
2022-03-17 18:46:30,061 - nest_to_tvb_send2002 - INFO - Thread Internal : rate(get) : get time rate
2022-03-17 18:46:30,061 - nest_to_tvb_send2002 - INFO - Thread Internal : read(ready) : buffer wait 2
2022-03-17 18:46:30,061 - nest_to_tvb_send2002 - INFO - Thread Internal : read(ready) : buffer end 2
2022-03-17 18:46:30,062 - nest_to_tvb_send2002 - INFO - Thread Internal : rate(get) : data request : time :[192.5 196. ]
2022-03-17 18:46:30,062 - nest_to_tvb_send2002 - INFO - Thread Internal : rate(get) : end
2022-03-17 18:46:30,062 - nest_to_tvb_send2002 - INFO - Produce TVB Data : send data :0.0
2022-03-17 18:46:30,062 - nest_to_tvb_send2002 - INFO - Produce TVB Data : end send
2022-03-17 18:46:30,062 - nest_to_tvb_send2002 - INFO - Thread Internal : rate(release)
2022-03-17 18:46:30,062 - nest_to_tvb_send2002 - INFO - Thread Internal : read(end) : begin 2
2022-03-17 18:46:30,062 - nest_to_tvb_send2002 - INFO - Thread Internal : read(end) : buffer end -2
2022-03-17 18:46:30,062 - nest_to_tvb_send2002 - INFO - Thread Internal : rate(release) : end
2022-03-17 18:46:30,062 - nest_to_tvb_send2002 - INFO - Produce TVB Data : start loop : wait TVB
2022-03-17 18:46:30,370 - nest_to_tvb_send2002 - INFO -  Produce TVB Data : send data status : 0
2022-03-17 18:46:30,370 - nest_to_tvb_send2002 - INFO - Produce TVB Data : get rate
2022-03-17 18:46:30,370 - nest_to_tvb_send2002 - INFO - Thread Internal : rate(get) : get time rate
2022-03-17 18:46:30,370 - nest_to_tvb_send2002 - INFO - Thread Internal : read(ready) : buffer wait 2
2022-03-17 18:46:30,370 - nest_to_tvb_send2002 - INFO - Thread Internal : read(ready) : buffer end 2
2022-03-17 18:46:30,371 - nest_to_tvb_send2002 - INFO - Thread Internal : rate(get) : data request : time :[196.  199.5]
2022-03-17 18:46:30,371 - nest_to_tvb_send2002 - INFO - Thread Internal : rate(get) : end
2022-03-17 18:46:30,384 - nest_to_tvb_send2002 - INFO - Produce TVB Data : send data :0.0
2022-03-17 18:46:30,392 - nest_to_tvb_send2002 - INFO - Produce TVB Data : end send
2022-03-17 18:46:30,392 - nest_to_tvb_send2002 - INFO - Thread Internal : rate(release)
2022-03-17 18:46:30,392 - nest_to_tvb_send2002 - INFO - Thread Internal : read(end) : begin 2
2022-03-17 18:46:30,392 - nest_to_tvb_send2002 - INFO - Thread Internal : read(end) : buffer end -2
2022-03-17 18:46:30,392 - nest_to_tvb_send2002 - INFO - Thread Internal : rate(release) : end
2022-03-17 18:46:30,392 - nest_to_tvb_send2002 - INFO - Produce TVB Data : start loop : wait TVB
2022-03-17 18:46:30,696 - nest_to_tvb_send2002 - INFO -  Produce TVB Data : send data status : 0
2022-03-17 18:46:30,696 - nest_to_tvb_send2002 - INFO - Produce TVB Data : get rate
2022-03-17 18:46:30,696 - nest_to_tvb_send2002 - INFO - Thread Internal : rate(get) : get time rate
2022-03-17 18:46:30,696 - nest_to_tvb_send2002 - INFO - Thread Internal : read(ready) : buffer wait 2
2022-03-17 18:46:30,696 - nest_to_tvb_send2002 - INFO - Thread Internal : read(ready) : buffer end 2
2022-03-17 18:46:30,696 - nest_to_tvb_send2002 - INFO - Thread Internal : rate(get) : data request : time :[199.5 203. ]
2022-03-17 18:46:30,696 - nest_to_tvb_send2002 - INFO - Thread Internal : rate(get) : end
2022-03-17 18:46:30,696 - nest_to_tvb_send2002 - INFO - Produce TVB Data : send data :0.0
2022-03-17 18:46:30,702 - nest_to_tvb_send2002 - INFO - Produce TVB Data : end send
2022-03-17 18:46:30,702 - nest_to_tvb_send2002 - INFO - Thread Internal : rate(release)
2022-03-17 18:46:30,702 - nest_to_tvb_send2002 - INFO - Thread Internal : read(end) : begin 2
2022-03-17 18:46:30,702 - nest_to_tvb_send2002 - INFO - Thread Internal : read(end) : buffer end -2
2022-03-17 18:46:30,702 - nest_to_tvb_send2002 - INFO - Thread Internal : rate(release) : end
2022-03-17 18:46:30,702 - nest_to_tvb_send2002 - INFO - Produce TVB Data : start loop : wait TVB
2022-03-17 18:46:31,016 - nest_to_tvb_send2002 - INFO -  Produce TVB Data : send data status : 1
2022-03-17 18:46:31,016 - nest_to_tvb_send2002 - INFO - Thread Internal : rate(end) : begin
2022-03-17 18:46:31,016 - nest_to_tvb_send2002 - INFO - Thread Internal : read(release): buffer 2
2022-03-17 18:46:31,016 - nest_to_tvb_send2002 - INFO - Thread Internal : read(release): read buffer unlock -1
2022-03-17 18:46:31,016 - nest_to_tvb_send2002 - INFO - Thread Internal : rate(end) : end
2022-03-17 18:46:31,016 - nest_to_tvb_send2002 - INFO - Produce TVB Data : end sim
2022-03-17 18:46:31,016 - nest_to_tvb_send2002 - INFO - Produce TVB Datat add  : Barrier
2022-03-17 18:46:31,016 - nest_to_tvb_send2002 - INFO - Produce TVB Data : End of send function
2022-03-17 18:46:31,016 - nest_to_tvb_send2002 - INFO - MPI IO ext : close connection
2022-03-17 18:46:31,017 - nest_to_tvb_send2002 - INFO - MPI IO ext : close connection : delete file 
2022-03-17 18:46:31,017 - nest_to_tvb_send2002 - INFO - MPI IO ext : close connection : disconnect connection 
2022-03-17 18:46:31,018 - nest_to_tvb_send2002 - INFO - MPI IO ext : close connection : end close connection
2022-03-17 18:46:31,018 - nest_to_tvb_send2002 - INFO - MPI IO ext : finalise
2022-03-17 18:46:31,018 - nest_to_tvb_send2002 - INFO - Thread Internal : finalize
2022-03-17 18:46:31,018 - nest_to_tvb_send2002 - INFO - MPI IO ext : real finalise
