2020-12-16 12:56:12,347 - nest - INFO - configuration Nest
2020-12-16 12:56:12,388 - nest - INFO - configuration Nest
2020-12-16 12:56:12,398 - nest - INFO - configuration Nest
2020-12-16 12:56:12,410 - nest - INFO - configuration Nest
2020-12-16 12:56:12,486 - nest - INFO - configuration Nest
2020-12-16 12:56:12,492 - nest - INFO - configuration Nest
2020-12-16 12:56:12,522 - nest - INFO - configuration Nest
2020-12-16 12:56:12,574 - nest - INFO - configuration Nest
2020-12-16 12:56:12,593 - nest - INFO - configuration Nest
2020-12-16 12:56:12,595 - nest - INFO - configuration Nest
2020-12-16 12:56:12,699 - nest - INFO - save id 
2020-12-16 12:56:12,699 - nest - INFO - save id 
2020-12-16 12:56:12,699 - nest - INFO - save id 
2020-12-16 12:56:12,699 - nest - INFO - save id 
2020-12-16 12:56:12,699 - nest - INFO - save id 
2020-12-16 12:56:12,699 - nest - INFO - save id 
2020-12-16 12:56:12,699 - nest - INFO - start the simulation
2020-12-16 12:56:12,699 - nest - INFO - start the simulation
2020-12-16 12:56:12,699 - nest - INFO - start the simulation
2020-12-16 12:56:12,699 - nest - INFO - start the simulation
2020-12-16 12:56:12,699 - nest - INFO - start the simulation
2020-12-16 12:56:12,699 - nest - INFO - start the simulation
2020-12-16 12:56:12,699 - nest - INFO - Nest Prepare
2020-12-16 12:56:12,699 - nest - INFO - Nest Prepare
2020-12-16 12:56:12,699 - nest - INFO - Nest Prepare
2020-12-16 12:56:12,699 - nest - INFO - Nest Prepare
2020-12-16 12:56:12,699 - nest - INFO - Nest Prepare
2020-12-16 12:56:12,699 - nest - INFO - Nest Prepare
2020-12-16 12:56:12,699 - nest - INFO - save id 
2020-12-16 12:56:12,699 - nest - INFO - save id 
2020-12-16 12:56:12,699 - nest - INFO - save id 
2020-12-16 12:56:12,699 - nest - INFO - save id 
2020-12-16 12:56:12,699 - nest - INFO - start the simulation
2020-12-16 12:56:12,699 - nest - INFO - start the simulation
2020-12-16 12:56:12,699 - nest - INFO - start the simulation
2020-12-16 12:56:12,699 - nest - INFO - Nest Prepare
2020-12-16 12:56:12,699 - nest - INFO - Nest Prepare
2020-12-16 12:56:12,699 - nest - INFO - Nest Prepare
2020-12-16 12:56:12,716 - nest - INFO - check if the port are file for the port are ready to use
2020-12-16 12:56:14,747 - nest - INFO - start the simulation
2020-12-16 12:56:14,747 - nest - INFO - Nest Prepare
2020-12-16 12:56:14,783 - nest - INFO -  Nest run time 0.0
2020-12-16 12:56:14,783 - nest - INFO -  Nest run time 0.0
2020-12-16 12:56:14,783 - nest - INFO -  Nest run time 0.0
2020-12-16 12:56:14,783 - nest - INFO -  Nest run time 0.0
2020-12-16 12:56:14,783 - nest - INFO -  Nest run time 0.0
2020-12-16 12:56:14,783 - nest - INFO -  Nest run time 0.0
2020-12-16 12:56:14,783 - nest - INFO -  Nest run time 0.0
2020-12-16 12:56:14,783 - nest - INFO -  Nest run time 0.0
2020-12-16 12:56:14,783 - nest - INFO -  Nest run time 0.0
2020-12-16 12:56:14,783 - nest - INFO -  Nest run time 0.0
2020-12-16 12:56:14,904 - nest - INFO -  Nest end
2020-12-16 12:56:14,915 - nest - INFO -  Nest end
2020-12-16 12:56:14,915 - nest - INFO -  Nest end
2020-12-16 12:56:14,915 - nest - INFO -  Nest end
2020-12-16 12:56:14,916 - nest - INFO -  Nest end
2020-12-16 12:56:14,916 - nest - INFO -  Nest end
2020-12-16 12:56:14,916 - nest - INFO -  Nest end
2020-12-16 12:56:14,916 - nest - INFO -  Nest end
2020-12-16 12:56:14,917 - nest - INFO -  Nest end
2020-12-16 12:56:14,917 - nest - INFO -  Nest end
2020-12-16 12:56:14,917 - nest - INFO -  Nest run time 3.5
2020-12-16 12:56:14,917 - nest - INFO -  Nest run time 3.5
2020-12-16 12:56:14,917 - nest - INFO -  Nest run time 3.5
2020-12-16 12:56:14,917 - nest - INFO -  Nest run time 3.5
2020-12-16 12:56:14,917 - nest - INFO -  Nest run time 3.5
2020-12-16 12:56:14,917 - nest - INFO -  Nest run time 3.5
2020-12-16 12:56:14,917 - nest - INFO -  Nest run time 3.5
2020-12-16 12:56:14,917 - nest - INFO -  Nest run time 3.5
2020-12-16 12:56:14,917 - nest - INFO -  Nest run time 3.5
2020-12-16 12:56:14,917 - nest - INFO -  Nest run time 3.5
2020-12-16 12:56:15,109 - nest - INFO -  Nest end
2020-12-16 12:56:15,111 - nest - INFO -  Nest end
2020-12-16 12:56:15,111 - nest - INFO -  Nest end
2020-12-16 12:56:15,112 - nest - INFO -  Nest end
2020-12-16 12:56:15,112 - nest - INFO -  Nest end
2020-12-16 12:56:15,113 - nest - INFO -  Nest end
2020-12-16 12:56:15,113 - nest - INFO -  Nest end
2020-12-16 12:56:15,114 - nest - INFO -  Nest end
2020-12-16 12:56:15,114 - nest - INFO -  Nest end
2020-12-16 12:56:15,114 - nest - INFO -  Nest end
2020-12-16 12:56:15,115 - nest - INFO -  Nest run time 7.0
2020-12-16 12:56:15,115 - nest - INFO -  Nest run time 7.0
2020-12-16 12:56:15,115 - nest - INFO -  Nest run time 7.0
2020-12-16 12:56:15,115 - nest - INFO -  Nest run time 7.0
2020-12-16 12:56:15,115 - nest - INFO -  Nest run time 7.0
2020-12-16 12:56:15,115 - nest - INFO -  Nest run time 7.0
2020-12-16 12:56:15,115 - nest - INFO -  Nest run time 7.0
2020-12-16 12:56:15,115 - nest - INFO -  Nest run time 7.0
2020-12-16 12:56:15,115 - nest - INFO -  Nest run time 7.0
2020-12-16 12:56:15,115 - nest - INFO -  Nest run time 7.0
2020-12-16 12:56:15,330 - nest - INFO -  Nest end
2020-12-16 12:56:15,332 - nest - INFO -  Nest end
2020-12-16 12:56:15,332 - nest - INFO -  Nest end
2020-12-16 12:56:15,333 - nest - INFO -  Nest end
2020-12-16 12:56:15,333 - nest - INFO -  Nest end
2020-12-16 12:56:15,333 - nest - INFO -  Nest end
2020-12-16 12:56:15,333 - nest - INFO -  Nest end
2020-12-16 12:56:15,333 - nest - INFO -  Nest end
2020-12-16 12:56:15,334 - nest - INFO -  Nest end
2020-12-16 12:56:15,347 - nest - INFO -  Nest end
2020-12-16 12:56:15,347 - nest - INFO -  Nest run time 10.5
2020-12-16 12:56:15,347 - nest - INFO -  Nest run time 10.5
2020-12-16 12:56:15,347 - nest - INFO -  Nest run time 10.5
2020-12-16 12:56:15,347 - nest - INFO -  Nest run time 10.5
2020-12-16 12:56:15,347 - nest - INFO -  Nest run time 10.5
2020-12-16 12:56:15,347 - nest - INFO -  Nest run time 10.5
2020-12-16 12:56:15,347 - nest - INFO -  Nest run time 10.5
2020-12-16 12:56:15,347 - nest - INFO -  Nest run time 10.5
2020-12-16 12:56:15,347 - nest - INFO -  Nest run time 10.5
2020-12-16 12:56:15,347 - nest - INFO -  Nest run time 10.5
2020-12-16 12:56:15,615 - nest - INFO -  Nest end
2020-12-16 12:56:15,616 - nest - INFO -  Nest end
2020-12-16 12:56:15,616 - nest - INFO -  Nest end
2020-12-16 12:56:15,616 - nest - INFO -  Nest end
2020-12-16 12:56:15,616 - nest - INFO -  Nest end
2020-12-16 12:56:15,616 - nest - INFO -  Nest end
2020-12-16 12:56:15,617 - nest - INFO -  Nest end
2020-12-16 12:56:15,617 - nest - INFO -  Nest end
2020-12-16 12:56:15,617 - nest - INFO -  Nest end
2020-12-16 12:56:15,617 - nest - INFO -  Nest end
2020-12-16 12:56:15,617 - nest - INFO -  Nest run time 14.0
2020-12-16 12:56:15,617 - nest - INFO -  Nest run time 14.0
2020-12-16 12:56:15,617 - nest - INFO -  Nest run time 14.0
2020-12-16 12:56:15,617 - nest - INFO -  Nest run time 14.0
2020-12-16 12:56:15,617 - nest - INFO -  Nest run time 14.0
2020-12-16 12:56:15,617 - nest - INFO -  Nest run time 14.0
2020-12-16 12:56:15,617 - nest - INFO -  Nest run time 14.0
2020-12-16 12:56:15,617 - nest - INFO -  Nest run time 14.0
2020-12-16 12:56:15,617 - nest - INFO -  Nest run time 14.0
2020-12-16 12:56:15,617 - nest - INFO -  Nest run time 14.0
2020-12-16 12:56:15,871 - nest - INFO -  Nest end
2020-12-16 12:56:15,873 - nest - INFO -  Nest end
2020-12-16 12:56:15,873 - nest - INFO -  Nest end
2020-12-16 12:56:15,875 - nest - INFO -  Nest end
2020-12-16 12:56:15,876 - nest - INFO -  Nest end
2020-12-16 12:56:15,886 - nest - INFO -  Nest end
2020-12-16 12:56:15,886 - nest - INFO -  Nest end
2020-12-16 12:56:15,887 - nest - INFO -  Nest end
2020-12-16 12:56:15,887 - nest - INFO -  Nest end
2020-12-16 12:56:15,888 - nest - INFO -  Nest end
2020-12-16 12:56:15,888 - nest - INFO -  Nest run time 17.5
2020-12-16 12:56:15,888 - nest - INFO -  Nest run time 17.5
2020-12-16 12:56:15,888 - nest - INFO -  Nest run time 17.5
2020-12-16 12:56:15,888 - nest - INFO -  Nest run time 17.5
2020-12-16 12:56:15,888 - nest - INFO -  Nest run time 17.5
2020-12-16 12:56:15,888 - nest - INFO -  Nest run time 17.5
2020-12-16 12:56:15,888 - nest - INFO -  Nest run time 17.5
2020-12-16 12:56:15,888 - nest - INFO -  Nest run time 17.5
2020-12-16 12:56:15,888 - nest - INFO -  Nest run time 17.5
2020-12-16 12:56:15,888 - nest - INFO -  Nest run time 17.5
2020-12-16 12:56:16,150 - nest - INFO -  Nest end
2020-12-16 12:56:16,155 - nest - INFO -  Nest end
2020-12-16 12:56:16,155 - nest - INFO -  Nest end
2020-12-16 12:56:16,156 - nest - INFO -  Nest end
2020-12-16 12:56:16,156 - nest - INFO -  Nest end
2020-12-16 12:56:16,156 - nest - INFO -  Nest end
2020-12-16 12:56:16,157 - nest - INFO -  Nest end
2020-12-16 12:56:16,157 - nest - INFO -  Nest end
2020-12-16 12:56:16,164 - nest - INFO -  Nest end
2020-12-16 12:56:16,164 - nest - INFO -  Nest end
2020-12-16 12:56:16,165 - nest - INFO -  Nest run time 21.0
2020-12-16 12:56:16,165 - nest - INFO -  Nest run time 21.0
2020-12-16 12:56:16,165 - nest - INFO -  Nest run time 21.0
2020-12-16 12:56:16,165 - nest - INFO -  Nest run time 21.0
2020-12-16 12:56:16,165 - nest - INFO -  Nest run time 21.0
2020-12-16 12:56:16,165 - nest - INFO -  Nest run time 21.0
2020-12-16 12:56:16,165 - nest - INFO -  Nest run time 21.0
2020-12-16 12:56:16,165 - nest - INFO -  Nest run time 21.0
2020-12-16 12:56:16,165 - nest - INFO -  Nest run time 21.0
2020-12-16 12:56:16,165 - nest - INFO -  Nest run time 21.0
2020-12-16 12:56:16,414 - nest - INFO -  Nest end
2020-12-16 12:56:16,414 - nest - INFO -  Nest end
2020-12-16 12:56:16,415 - nest - INFO -  Nest end
2020-12-16 12:56:16,415 - nest - INFO -  Nest end
2020-12-16 12:56:16,415 - nest - INFO -  Nest end
2020-12-16 12:56:16,415 - nest - INFO -  Nest end
2020-12-16 12:56:16,415 - nest - INFO -  Nest end
2020-12-16 12:56:16,416 - nest - INFO -  Nest end
2020-12-16 12:56:16,416 - nest - INFO -  Nest end
2020-12-16 12:56:16,416 - nest - INFO -  Nest end
2020-12-16 12:56:16,416 - nest - INFO -  Nest run time 24.5
2020-12-16 12:56:16,416 - nest - INFO -  Nest run time 24.5
2020-12-16 12:56:16,416 - nest - INFO -  Nest run time 24.5
2020-12-16 12:56:16,416 - nest - INFO -  Nest run time 24.5
2020-12-16 12:56:16,416 - nest - INFO -  Nest run time 24.5
2020-12-16 12:56:16,416 - nest - INFO -  Nest run time 24.5
2020-12-16 12:56:16,416 - nest - INFO -  Nest run time 24.5
2020-12-16 12:56:16,416 - nest - INFO -  Nest run time 24.5
2020-12-16 12:56:16,416 - nest - INFO -  Nest run time 24.5
2020-12-16 12:56:16,416 - nest - INFO -  Nest run time 24.5
2020-12-16 12:56:16,671 - nest - INFO -  Nest end
2020-12-16 12:56:16,681 - nest - INFO -  Nest end
2020-12-16 12:56:16,681 - nest - INFO -  Nest end
2020-12-16 12:56:16,682 - nest - INFO -  Nest end
2020-12-16 12:56:16,682 - nest - INFO -  Nest end
2020-12-16 12:56:16,682 - nest - INFO -  Nest end
2020-12-16 12:56:16,682 - nest - INFO -  Nest end
2020-12-16 12:56:16,682 - nest - INFO -  Nest end
2020-12-16 12:56:16,683 - nest - INFO -  Nest end
2020-12-16 12:56:16,683 - nest - INFO -  Nest end
2020-12-16 12:56:16,683 - nest - INFO -  Nest run time 28.0
2020-12-16 12:56:16,683 - nest - INFO -  Nest run time 28.0
2020-12-16 12:56:16,683 - nest - INFO -  Nest run time 28.0
2020-12-16 12:56:16,683 - nest - INFO -  Nest run time 28.0
2020-12-16 12:56:16,683 - nest - INFO -  Nest run time 28.0
2020-12-16 12:56:16,683 - nest - INFO -  Nest run time 28.0
2020-12-16 12:56:16,683 - nest - INFO -  Nest run time 28.0
2020-12-16 12:56:16,683 - nest - INFO -  Nest run time 28.0
2020-12-16 12:56:16,683 - nest - INFO -  Nest run time 28.0
2020-12-16 12:56:16,683 - nest - INFO -  Nest run time 28.0
2020-12-16 12:56:16,919 - nest - INFO -  Nest end
2020-12-16 12:56:16,921 - nest - INFO -  Nest end
2020-12-16 12:56:16,931 - nest - INFO -  Nest end
2020-12-16 12:56:16,931 - nest - INFO -  Nest end
2020-12-16 12:56:16,931 - nest - INFO -  Nest end
2020-12-16 12:56:16,931 - nest - INFO -  Nest end
2020-12-16 12:56:16,932 - nest - INFO -  Nest end
2020-12-16 12:56:16,932 - nest - INFO -  Nest end
2020-12-16 12:56:16,932 - nest - INFO -  Nest end
2020-12-16 12:56:16,932 - nest - INFO -  Nest end
2020-12-16 12:56:16,932 - nest - INFO -  Nest run time 31.5
2020-12-16 12:56:16,932 - nest - INFO -  Nest run time 31.5
2020-12-16 12:56:16,932 - nest - INFO -  Nest run time 31.5
2020-12-16 12:56:16,932 - nest - INFO -  Nest run time 31.5
2020-12-16 12:56:16,932 - nest - INFO -  Nest run time 31.5
2020-12-16 12:56:16,932 - nest - INFO -  Nest run time 31.5
2020-12-16 12:56:16,932 - nest - INFO -  Nest run time 31.5
2020-12-16 12:56:16,932 - nest - INFO -  Nest run time 31.5
2020-12-16 12:56:16,932 - nest - INFO -  Nest run time 31.5
2020-12-16 12:56:16,932 - nest - INFO -  Nest run time 31.5
2020-12-16 12:56:17,218 - nest - INFO -  Nest end
2020-12-16 12:56:17,223 - nest - INFO -  Nest end
2020-12-16 12:56:17,224 - nest - INFO -  Nest end
2020-12-16 12:56:17,224 - nest - INFO -  Nest end
2020-12-16 12:56:17,224 - nest - INFO -  Nest end
2020-12-16 12:56:17,225 - nest - INFO -  Nest end
2020-12-16 12:56:17,225 - nest - INFO -  Nest end
2020-12-16 12:56:17,227 - nest - INFO -  Nest end
2020-12-16 12:56:17,227 - nest - INFO -  Nest end
2020-12-16 12:56:17,228 - nest - INFO -  Nest end
2020-12-16 12:56:17,228 - nest - INFO -  Nest run time 35.0
2020-12-16 12:56:17,228 - nest - INFO -  Nest run time 35.0
2020-12-16 12:56:17,228 - nest - INFO -  Nest run time 35.0
2020-12-16 12:56:17,228 - nest - INFO -  Nest run time 35.0
2020-12-16 12:56:17,228 - nest - INFO -  Nest run time 35.0
2020-12-16 12:56:17,228 - nest - INFO -  Nest run time 35.0
2020-12-16 12:56:17,228 - nest - INFO -  Nest run time 35.0
2020-12-16 12:56:17,228 - nest - INFO -  Nest run time 35.0
2020-12-16 12:56:17,228 - nest - INFO -  Nest run time 35.0
2020-12-16 12:56:17,228 - nest - INFO -  Nest run time 35.0
2020-12-16 12:56:17,506 - nest - INFO -  Nest end
2020-12-16 12:56:17,511 - nest - INFO -  Nest end
2020-12-16 12:56:17,511 - nest - INFO -  Nest end
2020-12-16 12:56:17,511 - nest - INFO -  Nest end
2020-12-16 12:56:17,511 - nest - INFO -  Nest end
2020-12-16 12:56:17,511 - nest - INFO -  Nest end
2020-12-16 12:56:17,512 - nest - INFO -  Nest end
2020-12-16 12:56:17,512 - nest - INFO -  Nest end
2020-12-16 12:56:17,512 - nest - INFO -  Nest end
2020-12-16 12:56:17,512 - nest - INFO -  Nest end
2020-12-16 12:56:17,512 - nest - INFO -  Nest run time 38.5
2020-12-16 12:56:17,512 - nest - INFO -  Nest run time 38.5
2020-12-16 12:56:17,512 - nest - INFO -  Nest run time 38.5
2020-12-16 12:56:17,512 - nest - INFO -  Nest run time 38.5
2020-12-16 12:56:17,512 - nest - INFO -  Nest run time 38.5
2020-12-16 12:56:17,512 - nest - INFO -  Nest run time 38.5
2020-12-16 12:56:17,512 - nest - INFO -  Nest run time 38.5
2020-12-16 12:56:17,512 - nest - INFO -  Nest run time 38.5
2020-12-16 12:56:17,512 - nest - INFO -  Nest run time 38.5
2020-12-16 12:56:17,512 - nest - INFO -  Nest run time 38.5
2020-12-16 12:56:17,792 - nest - INFO -  Nest end
2020-12-16 12:56:17,795 - nest - INFO -  Nest end
2020-12-16 12:56:17,795 - nest - INFO -  Nest end
2020-12-16 12:56:17,795 - nest - INFO -  Nest end
2020-12-16 12:56:17,795 - nest - INFO -  Nest end
2020-12-16 12:56:17,796 - nest - INFO -  Nest end
2020-12-16 12:56:17,796 - nest - INFO -  Nest end
2020-12-16 12:56:17,796 - nest - INFO -  Nest end
2020-12-16 12:56:17,796 - nest - INFO -  Nest end
2020-12-16 12:56:17,796 - nest - INFO -  Nest end
2020-12-16 12:56:17,797 - nest - INFO -  Nest run time 42.0
2020-12-16 12:56:17,797 - nest - INFO -  Nest run time 42.0
2020-12-16 12:56:17,797 - nest - INFO -  Nest run time 42.0
2020-12-16 12:56:17,797 - nest - INFO -  Nest run time 42.0
2020-12-16 12:56:17,797 - nest - INFO -  Nest run time 42.0
2020-12-16 12:56:17,797 - nest - INFO -  Nest run time 42.0
2020-12-16 12:56:17,797 - nest - INFO -  Nest run time 42.0
2020-12-16 12:56:17,797 - nest - INFO -  Nest run time 42.0
2020-12-16 12:56:17,797 - nest - INFO -  Nest run time 42.0
2020-12-16 12:56:17,797 - nest - INFO -  Nest run time 42.0
2020-12-16 12:56:18,058 - nest - INFO -  Nest end
2020-12-16 12:56:18,059 - nest - INFO -  Nest end
2020-12-16 12:56:18,059 - nest - INFO -  Nest end
2020-12-16 12:56:18,059 - nest - INFO -  Nest end
2020-12-16 12:56:18,059 - nest - INFO -  Nest end
2020-12-16 12:56:18,060 - nest - INFO -  Nest end
2020-12-16 12:56:18,060 - nest - INFO -  Nest end
2020-12-16 12:56:18,060 - nest - INFO -  Nest end
2020-12-16 12:56:18,060 - nest - INFO -  Nest end
2020-12-16 12:56:18,061 - nest - INFO -  Nest end
2020-12-16 12:56:18,061 - nest - INFO -  Nest run time 45.5
2020-12-16 12:56:18,061 - nest - INFO -  Nest run time 45.5
2020-12-16 12:56:18,061 - nest - INFO -  Nest run time 45.5
2020-12-16 12:56:18,061 - nest - INFO -  Nest run time 45.5
2020-12-16 12:56:18,061 - nest - INFO -  Nest run time 45.5
2020-12-16 12:56:18,061 - nest - INFO -  Nest run time 45.5
2020-12-16 12:56:18,061 - nest - INFO -  Nest run time 45.5
2020-12-16 12:56:18,061 - nest - INFO -  Nest run time 45.5
2020-12-16 12:56:18,061 - nest - INFO -  Nest run time 45.5
2020-12-16 12:56:18,061 - nest - INFO -  Nest run time 45.5
2020-12-16 12:56:18,320 - nest - INFO -  Nest end
2020-12-16 12:56:18,327 - nest - INFO -  Nest end
2020-12-16 12:56:18,343 - nest - INFO -  Nest end
2020-12-16 12:56:18,343 - nest - INFO -  Nest end
2020-12-16 12:56:18,343 - nest - INFO -  Nest end
2020-12-16 12:56:18,343 - nest - INFO -  Nest end
2020-12-16 12:56:18,344 - nest - INFO -  Nest end
2020-12-16 12:56:18,344 - nest - INFO -  Nest end
2020-12-16 12:56:18,344 - nest - INFO -  Nest end
2020-12-16 12:56:18,344 - nest - INFO -  Nest end
2020-12-16 12:56:18,345 - nest - INFO -  Nest run time 49.0
2020-12-16 12:56:18,345 - nest - INFO -  Nest run time 49.0
2020-12-16 12:56:18,345 - nest - INFO -  Nest run time 49.0
2020-12-16 12:56:18,345 - nest - INFO -  Nest run time 49.0
2020-12-16 12:56:18,345 - nest - INFO -  Nest run time 49.0
2020-12-16 12:56:18,345 - nest - INFO -  Nest run time 49.0
2020-12-16 12:56:18,345 - nest - INFO -  Nest run time 49.0
2020-12-16 12:56:18,345 - nest - INFO -  Nest run time 49.0
2020-12-16 12:56:18,345 - nest - INFO -  Nest run time 49.0
2020-12-16 12:56:18,345 - nest - INFO -  Nest run time 49.0
2020-12-16 12:56:18,592 - nest - INFO -  Nest end
2020-12-16 12:56:18,592 - nest - INFO -  Nest end
2020-12-16 12:56:18,593 - nest - INFO -  Nest end
2020-12-16 12:56:18,593 - nest - INFO -  Nest end
2020-12-16 12:56:18,593 - nest - INFO -  Nest end
2020-12-16 12:56:18,593 - nest - INFO -  Nest end
2020-12-16 12:56:18,593 - nest - INFO -  Nest end
2020-12-16 12:56:18,593 - nest - INFO -  Nest end
2020-12-16 12:56:18,594 - nest - INFO -  Nest end
2020-12-16 12:56:18,594 - nest - INFO -  Nest end
2020-12-16 12:56:18,594 - nest - INFO -  Nest run time 52.5
2020-12-16 12:56:18,594 - nest - INFO -  Nest run time 52.5
2020-12-16 12:56:18,594 - nest - INFO -  Nest run time 52.5
2020-12-16 12:56:18,594 - nest - INFO -  Nest run time 52.5
2020-12-16 12:56:18,594 - nest - INFO -  Nest run time 52.5
2020-12-16 12:56:18,594 - nest - INFO -  Nest run time 52.5
2020-12-16 12:56:18,594 - nest - INFO -  Nest run time 52.5
2020-12-16 12:56:18,594 - nest - INFO -  Nest run time 52.5
2020-12-16 12:56:18,594 - nest - INFO -  Nest run time 52.5
2020-12-16 12:56:18,594 - nest - INFO -  Nest run time 52.5
2020-12-16 12:56:18,862 - nest - INFO -  Nest end
2020-12-16 12:56:18,863 - nest - INFO -  Nest end
2020-12-16 12:56:18,863 - nest - INFO -  Nest end
2020-12-16 12:56:18,863 - nest - INFO -  Nest end
2020-12-16 12:56:18,863 - nest - INFO -  Nest end
2020-12-16 12:56:18,863 - nest - INFO -  Nest end
2020-12-16 12:56:18,864 - nest - INFO -  Nest end
2020-12-16 12:56:18,864 - nest - INFO -  Nest end
2020-12-16 12:56:18,864 - nest - INFO -  Nest end
2020-12-16 12:56:18,864 - nest - INFO -  Nest end
2020-12-16 12:56:18,864 - nest - INFO -  Nest run time 56.0
2020-12-16 12:56:18,864 - nest - INFO -  Nest run time 56.0
2020-12-16 12:56:18,864 - nest - INFO -  Nest run time 56.0
2020-12-16 12:56:18,864 - nest - INFO -  Nest run time 56.0
2020-12-16 12:56:18,864 - nest - INFO -  Nest run time 56.0
2020-12-16 12:56:18,864 - nest - INFO -  Nest run time 56.0
2020-12-16 12:56:18,864 - nest - INFO -  Nest run time 56.0
2020-12-16 12:56:18,864 - nest - INFO -  Nest run time 56.0
2020-12-16 12:56:18,864 - nest - INFO -  Nest run time 56.0
2020-12-16 12:56:18,864 - nest - INFO -  Nest run time 56.0
2020-12-16 12:56:19,145 - nest - INFO -  Nest end
2020-12-16 12:56:19,171 - nest - INFO -  Nest end
2020-12-16 12:56:19,171 - nest - INFO -  Nest end
2020-12-16 12:56:19,172 - nest - INFO -  Nest end
2020-12-16 12:56:19,172 - nest - INFO -  Nest end
2020-12-16 12:56:19,172 - nest - INFO -  Nest end
2020-12-16 12:56:19,173 - nest - INFO -  Nest end
2020-12-16 12:56:19,173 - nest - INFO -  Nest end
2020-12-16 12:56:19,173 - nest - INFO -  Nest end
2020-12-16 12:56:19,173 - nest - INFO -  Nest end
2020-12-16 12:56:19,174 - nest - INFO -  Nest run time 59.5
2020-12-16 12:56:19,174 - nest - INFO -  Nest run time 59.5
2020-12-16 12:56:19,174 - nest - INFO -  Nest run time 59.5
2020-12-16 12:56:19,174 - nest - INFO -  Nest run time 59.5
2020-12-16 12:56:19,174 - nest - INFO -  Nest run time 59.5
2020-12-16 12:56:19,174 - nest - INFO -  Nest run time 59.5
2020-12-16 12:56:19,174 - nest - INFO -  Nest run time 59.5
2020-12-16 12:56:19,174 - nest - INFO -  Nest run time 59.5
2020-12-16 12:56:19,174 - nest - INFO -  Nest run time 59.5
2020-12-16 12:56:19,174 - nest - INFO -  Nest run time 59.5
2020-12-16 12:56:19,403 - nest - INFO -  Nest end
2020-12-16 12:56:19,407 - nest - INFO -  Nest end
2020-12-16 12:56:19,407 - nest - INFO -  Nest end
2020-12-16 12:56:19,414 - nest - INFO -  Nest end
2020-12-16 12:56:19,414 - nest - INFO -  Nest end
2020-12-16 12:56:19,414 - nest - INFO -  Nest end
2020-12-16 12:56:19,415 - nest - INFO -  Nest end
2020-12-16 12:56:19,415 - nest - INFO -  Nest end
2020-12-16 12:56:19,416 - nest - INFO -  Nest end
2020-12-16 12:56:19,416 - nest - INFO -  Nest end
2020-12-16 12:56:19,416 - nest - INFO -  Nest run time 63.0
2020-12-16 12:56:19,416 - nest - INFO -  Nest run time 63.0
2020-12-16 12:56:19,416 - nest - INFO -  Nest run time 63.0
2020-12-16 12:56:19,416 - nest - INFO -  Nest run time 63.0
2020-12-16 12:56:19,416 - nest - INFO -  Nest run time 63.0
2020-12-16 12:56:19,416 - nest - INFO -  Nest run time 63.0
2020-12-16 12:56:19,416 - nest - INFO -  Nest run time 63.0
2020-12-16 12:56:19,416 - nest - INFO -  Nest run time 63.0
2020-12-16 12:56:19,416 - nest - INFO -  Nest run time 63.0
2020-12-16 12:56:19,416 - nest - INFO -  Nest run time 63.0
2020-12-16 12:56:19,659 - nest - INFO -  Nest end
2020-12-16 12:56:19,665 - nest - INFO -  Nest end
2020-12-16 12:56:19,667 - nest - INFO -  Nest end
2020-12-16 12:56:19,667 - nest - INFO -  Nest end
2020-12-16 12:56:19,667 - nest - INFO -  Nest end
2020-12-16 12:56:19,667 - nest - INFO -  Nest end
2020-12-16 12:56:19,668 - nest - INFO -  Nest end
2020-12-16 12:56:19,668 - nest - INFO -  Nest end
2020-12-16 12:56:19,668 - nest - INFO -  Nest end
2020-12-16 12:56:19,668 - nest - INFO -  Nest end
2020-12-16 12:56:19,668 - nest - INFO -  Nest run time 66.5
2020-12-16 12:56:19,668 - nest - INFO -  Nest run time 66.5
2020-12-16 12:56:19,668 - nest - INFO -  Nest run time 66.5
2020-12-16 12:56:19,668 - nest - INFO -  Nest run time 66.5
2020-12-16 12:56:19,668 - nest - INFO -  Nest run time 66.5
2020-12-16 12:56:19,668 - nest - INFO -  Nest run time 66.5
2020-12-16 12:56:19,668 - nest - INFO -  Nest run time 66.5
2020-12-16 12:56:19,668 - nest - INFO -  Nest run time 66.5
2020-12-16 12:56:19,668 - nest - INFO -  Nest run time 66.5
2020-12-16 12:56:19,668 - nest - INFO -  Nest run time 66.5
2020-12-16 12:56:19,966 - nest - INFO -  Nest end
2020-12-16 12:56:19,969 - nest - INFO -  Nest end
2020-12-16 12:56:19,983 - nest - INFO -  Nest end
2020-12-16 12:56:19,983 - nest - INFO -  Nest end
2020-12-16 12:56:19,984 - nest - INFO -  Nest end
2020-12-16 12:56:19,984 - nest - INFO -  Nest end
2020-12-16 12:56:19,984 - nest - INFO -  Nest end
2020-12-16 12:56:19,984 - nest - INFO -  Nest end
2020-12-16 12:56:19,984 - nest - INFO -  Nest end
2020-12-16 12:56:19,985 - nest - INFO -  Nest end
2020-12-16 12:56:19,985 - nest - INFO -  Nest run time 70.0
2020-12-16 12:56:19,985 - nest - INFO -  Nest run time 70.0
2020-12-16 12:56:19,985 - nest - INFO -  Nest run time 70.0
2020-12-16 12:56:19,985 - nest - INFO -  Nest run time 70.0
2020-12-16 12:56:19,985 - nest - INFO -  Nest run time 70.0
2020-12-16 12:56:19,985 - nest - INFO -  Nest run time 70.0
2020-12-16 12:56:19,985 - nest - INFO -  Nest run time 70.0
2020-12-16 12:56:19,985 - nest - INFO -  Nest run time 70.0
2020-12-16 12:56:19,985 - nest - INFO -  Nest run time 70.0
2020-12-16 12:56:19,985 - nest - INFO -  Nest run time 70.0
2020-12-16 12:56:20,251 - nest - INFO -  Nest end
2020-12-16 12:56:20,259 - nest - INFO -  Nest end
2020-12-16 12:56:20,259 - nest - INFO -  Nest end
2020-12-16 12:56:20,260 - nest - INFO -  Nest end
2020-12-16 12:56:20,260 - nest - INFO -  Nest end
2020-12-16 12:56:20,261 - nest - INFO -  Nest end
2020-12-16 12:56:20,261 - nest - INFO -  Nest end
2020-12-16 12:56:20,261 - nest - INFO -  Nest end
2020-12-16 12:56:20,262 - nest - INFO -  Nest end
2020-12-16 12:56:20,262 - nest - INFO -  Nest end
2020-12-16 12:56:20,262 - nest - INFO -  Nest run time 73.5
2020-12-16 12:56:20,262 - nest - INFO -  Nest run time 73.5
2020-12-16 12:56:20,262 - nest - INFO -  Nest run time 73.5
2020-12-16 12:56:20,262 - nest - INFO -  Nest run time 73.5
2020-12-16 12:56:20,262 - nest - INFO -  Nest run time 73.5
2020-12-16 12:56:20,262 - nest - INFO -  Nest run time 73.5
2020-12-16 12:56:20,262 - nest - INFO -  Nest run time 73.5
2020-12-16 12:56:20,262 - nest - INFO -  Nest run time 73.5
2020-12-16 12:56:20,262 - nest - INFO -  Nest run time 73.5
2020-12-16 12:56:20,262 - nest - INFO -  Nest run time 73.5
2020-12-16 12:56:20,514 - nest - INFO -  Nest end
2020-12-16 12:56:20,539 - nest - INFO -  Nest end
2020-12-16 12:56:20,539 - nest - INFO -  Nest end
2020-12-16 12:56:20,539 - nest - INFO -  Nest end
2020-12-16 12:56:20,539 - nest - INFO -  Nest end
2020-12-16 12:56:20,540 - nest - INFO -  Nest end
2020-12-16 12:56:20,540 - nest - INFO -  Nest end
2020-12-16 12:56:20,540 - nest - INFO -  Nest end
2020-12-16 12:56:20,540 - nest - INFO -  Nest end
2020-12-16 12:56:20,540 - nest - INFO -  Nest end
2020-12-16 12:56:20,541 - nest - INFO -  Nest run time 77.0
2020-12-16 12:56:20,541 - nest - INFO -  Nest run time 77.0
2020-12-16 12:56:20,541 - nest - INFO -  Nest run time 77.0
2020-12-16 12:56:20,541 - nest - INFO -  Nest run time 77.0
2020-12-16 12:56:20,541 - nest - INFO -  Nest run time 77.0
2020-12-16 12:56:20,541 - nest - INFO -  Nest run time 77.0
2020-12-16 12:56:20,541 - nest - INFO -  Nest run time 77.0
2020-12-16 12:56:20,541 - nest - INFO -  Nest run time 77.0
2020-12-16 12:56:20,541 - nest - INFO -  Nest run time 77.0
2020-12-16 12:56:20,541 - nest - INFO -  Nest run time 77.0
2020-12-16 12:56:20,810 - nest - INFO -  Nest end
2020-12-16 12:56:20,833 - nest - INFO -  Nest end
2020-12-16 12:56:20,834 - nest - INFO -  Nest end
2020-12-16 12:56:20,839 - nest - INFO -  Nest end
2020-12-16 12:56:20,839 - nest - INFO -  Nest end
2020-12-16 12:56:20,839 - nest - INFO -  Nest end
2020-12-16 12:56:20,839 - nest - INFO -  Nest end
2020-12-16 12:56:20,839 - nest - INFO -  Nest end
2020-12-16 12:56:20,840 - nest - INFO -  Nest end
2020-12-16 12:56:20,840 - nest - INFO -  Nest end
2020-12-16 12:56:20,840 - nest - INFO -  Nest run time 80.5
2020-12-16 12:56:20,840 - nest - INFO -  Nest run time 80.5
2020-12-16 12:56:20,840 - nest - INFO -  Nest run time 80.5
2020-12-16 12:56:20,840 - nest - INFO -  Nest run time 80.5
2020-12-16 12:56:20,840 - nest - INFO -  Nest run time 80.5
2020-12-16 12:56:20,840 - nest - INFO -  Nest run time 80.5
2020-12-16 12:56:20,840 - nest - INFO -  Nest run time 80.5
2020-12-16 12:56:20,840 - nest - INFO -  Nest run time 80.5
2020-12-16 12:56:20,840 - nest - INFO -  Nest run time 80.5
2020-12-16 12:56:20,840 - nest - INFO -  Nest run time 80.5
2020-12-16 12:56:21,073 - nest - INFO -  Nest end
2020-12-16 12:56:21,074 - nest - INFO -  Nest end
2020-12-16 12:56:21,075 - nest - INFO -  Nest end
2020-12-16 12:56:21,075 - nest - INFO -  Nest end
2020-12-16 12:56:21,076 - nest - INFO -  Nest end
2020-12-16 12:56:21,076 - nest - INFO -  Nest end
2020-12-16 12:56:21,076 - nest - INFO -  Nest end
2020-12-16 12:56:21,076 - nest - INFO -  Nest end
2020-12-16 12:56:21,076 - nest - INFO -  Nest end
2020-12-16 12:56:21,077 - nest - INFO -  Nest end
2020-12-16 12:56:21,077 - nest - INFO -  Nest run time 84.0
2020-12-16 12:56:21,077 - nest - INFO -  Nest run time 84.0
2020-12-16 12:56:21,077 - nest - INFO -  Nest run time 84.0
2020-12-16 12:56:21,077 - nest - INFO -  Nest run time 84.0
2020-12-16 12:56:21,077 - nest - INFO -  Nest run time 84.0
2020-12-16 12:56:21,077 - nest - INFO -  Nest run time 84.0
2020-12-16 12:56:21,077 - nest - INFO -  Nest run time 84.0
2020-12-16 12:56:21,077 - nest - INFO -  Nest run time 84.0
2020-12-16 12:56:21,077 - nest - INFO -  Nest run time 84.0
2020-12-16 12:56:21,077 - nest - INFO -  Nest run time 84.0
2020-12-16 12:56:21,354 - nest - INFO -  Nest end
2020-12-16 12:56:21,355 - nest - INFO -  Nest end
2020-12-16 12:56:21,359 - nest - INFO -  Nest end
2020-12-16 12:56:21,360 - nest - INFO -  Nest end
2020-12-16 12:56:21,360 - nest - INFO -  Nest end
2020-12-16 12:56:21,361 - nest - INFO -  Nest end
2020-12-16 12:56:21,361 - nest - INFO -  Nest end
2020-12-16 12:56:21,361 - nest - INFO -  Nest end
2020-12-16 12:56:21,361 - nest - INFO -  Nest end
2020-12-16 12:56:21,361 - nest - INFO -  Nest end
2020-12-16 12:56:21,362 - nest - INFO -  Nest run time 87.5
2020-12-16 12:56:21,362 - nest - INFO -  Nest run time 87.5
2020-12-16 12:56:21,362 - nest - INFO -  Nest run time 87.5
2020-12-16 12:56:21,362 - nest - INFO -  Nest run time 87.5
2020-12-16 12:56:21,362 - nest - INFO -  Nest run time 87.5
2020-12-16 12:56:21,362 - nest - INFO -  Nest run time 87.5
2020-12-16 12:56:21,362 - nest - INFO -  Nest run time 87.5
2020-12-16 12:56:21,362 - nest - INFO -  Nest run time 87.5
2020-12-16 12:56:21,362 - nest - INFO -  Nest run time 87.5
2020-12-16 12:56:21,362 - nest - INFO -  Nest run time 87.5
2020-12-16 12:56:21,658 - nest - INFO -  Nest end
2020-12-16 12:56:21,667 - nest - INFO -  Nest end
2020-12-16 12:56:21,667 - nest - INFO -  Nest end
2020-12-16 12:56:21,667 - nest - INFO -  Nest end
2020-12-16 12:56:21,667 - nest - INFO -  Nest end
2020-12-16 12:56:21,668 - nest - INFO -  Nest end
2020-12-16 12:56:21,668 - nest - INFO -  Nest end
2020-12-16 12:56:21,668 - nest - INFO -  Nest end
2020-12-16 12:56:21,668 - nest - INFO -  Nest end
2020-12-16 12:56:21,668 - nest - INFO -  Nest end
2020-12-16 12:56:21,669 - nest - INFO -  Nest run time 91.0
2020-12-16 12:56:21,669 - nest - INFO -  Nest run time 91.0
2020-12-16 12:56:21,669 - nest - INFO -  Nest run time 91.0
2020-12-16 12:56:21,669 - nest - INFO -  Nest run time 91.0
2020-12-16 12:56:21,669 - nest - INFO -  Nest run time 91.0
2020-12-16 12:56:21,669 - nest - INFO -  Nest run time 91.0
2020-12-16 12:56:21,669 - nest - INFO -  Nest run time 91.0
2020-12-16 12:56:21,669 - nest - INFO -  Nest run time 91.0
2020-12-16 12:56:21,669 - nest - INFO -  Nest run time 91.0
2020-12-16 12:56:21,669 - nest - INFO -  Nest run time 91.0
2020-12-16 12:56:21,932 - nest - INFO -  Nest end
2020-12-16 12:56:21,932 - nest - INFO -  Nest end
2020-12-16 12:56:21,944 - nest - INFO -  Nest end
2020-12-16 12:56:21,945 - nest - INFO -  Nest end
2020-12-16 12:56:21,945 - nest - INFO -  Nest end
2020-12-16 12:56:21,945 - nest - INFO -  Nest end
2020-12-16 12:56:21,946 - nest - INFO -  Nest end
2020-12-16 12:56:21,946 - nest - INFO -  Nest end
2020-12-16 12:56:21,947 - nest - INFO -  Nest end
2020-12-16 12:56:21,947 - nest - INFO -  Nest end
2020-12-16 12:56:21,947 - nest - INFO -  Nest run time 94.5
2020-12-16 12:56:21,947 - nest - INFO -  Nest run time 94.5
2020-12-16 12:56:21,947 - nest - INFO -  Nest run time 94.5
2020-12-16 12:56:21,947 - nest - INFO -  Nest run time 94.5
2020-12-16 12:56:21,947 - nest - INFO -  Nest run time 94.5
2020-12-16 12:56:21,947 - nest - INFO -  Nest run time 94.5
2020-12-16 12:56:21,947 - nest - INFO -  Nest run time 94.5
2020-12-16 12:56:21,947 - nest - INFO -  Nest run time 94.5
2020-12-16 12:56:21,947 - nest - INFO -  Nest run time 94.5
2020-12-16 12:56:21,947 - nest - INFO -  Nest run time 94.5
2020-12-16 12:56:22,194 - nest - INFO -  Nest end
2020-12-16 12:56:22,195 - nest - INFO -  Nest end
2020-12-16 12:56:22,195 - nest - INFO -  Nest end
2020-12-16 12:56:22,195 - nest - INFO -  Nest end
2020-12-16 12:56:22,195 - nest - INFO -  Nest end
2020-12-16 12:56:22,195 - nest - INFO -  Nest end
2020-12-16 12:56:22,196 - nest - INFO -  Nest end
2020-12-16 12:56:22,199 - nest - INFO -  Nest end
2020-12-16 12:56:22,203 - nest - INFO -  Nest end
2020-12-16 12:56:22,203 - nest - INFO -  Nest end
2020-12-16 12:56:22,203 - nest - INFO -  Nest run time 98.0
2020-12-16 12:56:22,203 - nest - INFO -  Nest run time 98.0
2020-12-16 12:56:22,203 - nest - INFO -  Nest run time 98.0
2020-12-16 12:56:22,203 - nest - INFO -  Nest run time 98.0
2020-12-16 12:56:22,203 - nest - INFO -  Nest run time 98.0
2020-12-16 12:56:22,203 - nest - INFO -  Nest run time 98.0
2020-12-16 12:56:22,203 - nest - INFO -  Nest run time 98.0
2020-12-16 12:56:22,203 - nest - INFO -  Nest run time 98.0
2020-12-16 12:56:22,203 - nest - INFO -  Nest run time 98.0
2020-12-16 12:56:22,203 - nest - INFO -  Nest run time 98.0
2020-12-16 12:56:22,501 - nest - INFO -  Nest end
2020-12-16 12:56:22,507 - nest - INFO -  Nest end
2020-12-16 12:56:22,519 - nest - INFO -  Nest end
2020-12-16 12:56:22,520 - nest - INFO -  Nest end
2020-12-16 12:56:22,520 - nest - INFO -  Nest end
2020-12-16 12:56:22,521 - nest - INFO -  Nest end
2020-12-16 12:56:22,521 - nest - INFO -  Nest end
2020-12-16 12:56:22,521 - nest - INFO -  Nest end
2020-12-16 12:56:22,521 - nest - INFO -  Nest end
2020-12-16 12:56:22,521 - nest - INFO -  Nest end
2020-12-16 12:56:22,522 - nest - INFO -  Nest run time 101.5
2020-12-16 12:56:22,522 - nest - INFO -  Nest run time 101.5
2020-12-16 12:56:22,522 - nest - INFO -  Nest run time 101.5
2020-12-16 12:56:22,522 - nest - INFO -  Nest run time 101.5
2020-12-16 12:56:22,522 - nest - INFO -  Nest run time 101.5
2020-12-16 12:56:22,522 - nest - INFO -  Nest run time 101.5
2020-12-16 12:56:22,522 - nest - INFO -  Nest run time 101.5
2020-12-16 12:56:22,522 - nest - INFO -  Nest run time 101.5
2020-12-16 12:56:22,522 - nest - INFO -  Nest run time 101.5
2020-12-16 12:56:22,522 - nest - INFO -  Nest run time 101.5
2020-12-16 12:56:22,753 - nest - INFO -  Nest end
2020-12-16 12:56:22,776 - nest - INFO -  Nest end
2020-12-16 12:56:22,783 - nest - INFO -  Nest end
2020-12-16 12:56:22,784 - nest - INFO -  Nest end
2020-12-16 12:56:22,784 - nest - INFO -  Nest end
2020-12-16 12:56:22,784 - nest - INFO -  Nest end
2020-12-16 12:56:22,784 - nest - INFO -  Nest end
2020-12-16 12:56:22,784 - nest - INFO -  Nest end
2020-12-16 12:56:22,785 - nest - INFO -  Nest end
2020-12-16 12:56:22,785 - nest - INFO -  Nest end
2020-12-16 12:56:22,785 - nest - INFO -  Nest run time 105.0
2020-12-16 12:56:22,785 - nest - INFO -  Nest run time 105.0
2020-12-16 12:56:22,785 - nest - INFO -  Nest run time 105.0
2020-12-16 12:56:22,785 - nest - INFO -  Nest run time 105.0
2020-12-16 12:56:22,785 - nest - INFO -  Nest run time 105.0
2020-12-16 12:56:22,785 - nest - INFO -  Nest run time 105.0
2020-12-16 12:56:22,785 - nest - INFO -  Nest run time 105.0
2020-12-16 12:56:22,785 - nest - INFO -  Nest run time 105.0
2020-12-16 12:56:22,785 - nest - INFO -  Nest run time 105.0
2020-12-16 12:56:22,785 - nest - INFO -  Nest run time 105.0
2020-12-16 12:56:23,028 - nest - INFO -  Nest end
2020-12-16 12:56:23,033 - nest - INFO -  Nest end
2020-12-16 12:56:23,038 - nest - INFO -  Nest end
2020-12-16 12:56:23,047 - nest - INFO -  Nest end
2020-12-16 12:56:23,047 - nest - INFO -  Nest end
2020-12-16 12:56:23,047 - nest - INFO -  Nest end
2020-12-16 12:56:23,047 - nest - INFO -  Nest end
2020-12-16 12:56:23,048 - nest - INFO -  Nest end
2020-12-16 12:56:23,048 - nest - INFO -  Nest end
2020-12-16 12:56:23,048 - nest - INFO -  Nest end
2020-12-16 12:56:23,048 - nest - INFO -  Nest run time 108.5
2020-12-16 12:56:23,048 - nest - INFO -  Nest run time 108.5
2020-12-16 12:56:23,048 - nest - INFO -  Nest run time 108.5
2020-12-16 12:56:23,048 - nest - INFO -  Nest run time 108.5
2020-12-16 12:56:23,048 - nest - INFO -  Nest run time 108.5
2020-12-16 12:56:23,048 - nest - INFO -  Nest run time 108.5
2020-12-16 12:56:23,048 - nest - INFO -  Nest run time 108.5
2020-12-16 12:56:23,048 - nest - INFO -  Nest run time 108.5
2020-12-16 12:56:23,048 - nest - INFO -  Nest run time 108.5
2020-12-16 12:56:23,048 - nest - INFO -  Nest run time 108.5
2020-12-16 12:56:23,277 - nest - INFO -  Nest end
2020-12-16 12:56:23,296 - nest - INFO -  Nest end
2020-12-16 12:56:23,297 - nest - INFO -  Nest end
2020-12-16 12:56:23,297 - nest - INFO -  Nest end
2020-12-16 12:56:23,297 - nest - INFO -  Nest end
2020-12-16 12:56:23,297 - nest - INFO -  Nest end
2020-12-16 12:56:23,298 - nest - INFO -  Nest end
2020-12-16 12:56:23,298 - nest - INFO -  Nest end
2020-12-16 12:56:23,298 - nest - INFO -  Nest end
2020-12-16 12:56:23,298 - nest - INFO -  Nest end
2020-12-16 12:56:23,298 - nest - INFO -  Nest run time 112.0
2020-12-16 12:56:23,298 - nest - INFO -  Nest run time 112.0
2020-12-16 12:56:23,298 - nest - INFO -  Nest run time 112.0
2020-12-16 12:56:23,298 - nest - INFO -  Nest run time 112.0
2020-12-16 12:56:23,298 - nest - INFO -  Nest run time 112.0
2020-12-16 12:56:23,298 - nest - INFO -  Nest run time 112.0
2020-12-16 12:56:23,298 - nest - INFO -  Nest run time 112.0
2020-12-16 12:56:23,298 - nest - INFO -  Nest run time 112.0
2020-12-16 12:56:23,298 - nest - INFO -  Nest run time 112.0
2020-12-16 12:56:23,298 - nest - INFO -  Nest run time 112.0
2020-12-16 12:56:23,580 - nest - INFO -  Nest end
2020-12-16 12:56:23,581 - nest - INFO -  Nest end
2020-12-16 12:56:23,581 - nest - INFO -  Nest end
2020-12-16 12:56:23,583 - nest - INFO -  Nest end
2020-12-16 12:56:23,583 - nest - INFO -  Nest end
2020-12-16 12:56:23,584 - nest - INFO -  Nest end
2020-12-16 12:56:23,584 - nest - INFO -  Nest end
2020-12-16 12:56:23,584 - nest - INFO -  Nest end
2020-12-16 12:56:23,585 - nest - INFO -  Nest end
2020-12-16 12:56:23,585 - nest - INFO -  Nest end
2020-12-16 12:56:23,585 - nest - INFO -  Nest run time 115.5
2020-12-16 12:56:23,585 - nest - INFO -  Nest run time 115.5
2020-12-16 12:56:23,585 - nest - INFO -  Nest run time 115.5
2020-12-16 12:56:23,585 - nest - INFO -  Nest run time 115.5
2020-12-16 12:56:23,585 - nest - INFO -  Nest run time 115.5
2020-12-16 12:56:23,585 - nest - INFO -  Nest run time 115.5
2020-12-16 12:56:23,585 - nest - INFO -  Nest run time 115.5
2020-12-16 12:56:23,585 - nest - INFO -  Nest run time 115.5
2020-12-16 12:56:23,585 - nest - INFO -  Nest run time 115.5
2020-12-16 12:56:23,585 - nest - INFO -  Nest run time 115.5
2020-12-16 12:56:23,844 - nest - INFO -  Nest end
2020-12-16 12:56:23,846 - nest - INFO -  Nest end
2020-12-16 12:56:23,846 - nest - INFO -  Nest end
2020-12-16 12:56:23,846 - nest - INFO -  Nest end
2020-12-16 12:56:23,846 - nest - INFO -  Nest end
2020-12-16 12:56:23,846 - nest - INFO -  Nest end
2020-12-16 12:56:23,847 - nest - INFO -  Nest end
2020-12-16 12:56:23,847 - nest - INFO -  Nest end
2020-12-16 12:56:23,847 - nest - INFO -  Nest end
2020-12-16 12:56:23,847 - nest - INFO -  Nest end
2020-12-16 12:56:23,847 - nest - INFO -  Nest run time 119.0
2020-12-16 12:56:23,847 - nest - INFO -  Nest run time 119.0
2020-12-16 12:56:23,847 - nest - INFO -  Nest run time 119.0
2020-12-16 12:56:23,847 - nest - INFO -  Nest run time 119.0
2020-12-16 12:56:23,847 - nest - INFO -  Nest run time 119.0
2020-12-16 12:56:23,847 - nest - INFO -  Nest run time 119.0
2020-12-16 12:56:23,847 - nest - INFO -  Nest run time 119.0
2020-12-16 12:56:23,847 - nest - INFO -  Nest run time 119.0
2020-12-16 12:56:23,847 - nest - INFO -  Nest run time 119.0
2020-12-16 12:56:23,847 - nest - INFO -  Nest run time 119.0
2020-12-16 12:56:24,157 - nest - INFO -  Nest end
2020-12-16 12:56:24,183 - nest - INFO -  Nest end
2020-12-16 12:56:24,183 - nest - INFO -  Nest end
2020-12-16 12:56:24,183 - nest - INFO -  Nest end
2020-12-16 12:56:24,184 - nest - INFO -  Nest end
2020-12-16 12:56:24,184 - nest - INFO -  Nest end
2020-12-16 12:56:24,184 - nest - INFO -  Nest end
2020-12-16 12:56:24,184 - nest - INFO -  Nest end
2020-12-16 12:56:24,184 - nest - INFO -  Nest end
2020-12-16 12:56:24,185 - nest - INFO -  Nest end
2020-12-16 12:56:24,185 - nest - INFO -  Nest run time 122.5
2020-12-16 12:56:24,185 - nest - INFO -  Nest run time 122.5
2020-12-16 12:56:24,185 - nest - INFO -  Nest run time 122.5
2020-12-16 12:56:24,185 - nest - INFO -  Nest run time 122.5
2020-12-16 12:56:24,185 - nest - INFO -  Nest run time 122.5
2020-12-16 12:56:24,185 - nest - INFO -  Nest run time 122.5
2020-12-16 12:56:24,185 - nest - INFO -  Nest run time 122.5
2020-12-16 12:56:24,185 - nest - INFO -  Nest run time 122.5
2020-12-16 12:56:24,185 - nest - INFO -  Nest run time 122.5
2020-12-16 12:56:24,185 - nest - INFO -  Nest run time 122.5
2020-12-16 12:56:24,423 - nest - INFO -  Nest end
2020-12-16 12:56:24,427 - nest - INFO -  Nest end
2020-12-16 12:56:24,427 - nest - INFO -  Nest end
2020-12-16 12:56:24,427 - nest - INFO -  Nest end
2020-12-16 12:56:24,428 - nest - INFO -  Nest end
2020-12-16 12:56:24,428 - nest - INFO -  Nest end
2020-12-16 12:56:24,428 - nest - INFO -  Nest end
2020-12-16 12:56:24,428 - nest - INFO -  Nest end
2020-12-16 12:56:24,428 - nest - INFO -  Nest end
2020-12-16 12:56:24,429 - nest - INFO -  Nest end
2020-12-16 12:56:24,429 - nest - INFO -  Nest run time 126.0
2020-12-16 12:56:24,429 - nest - INFO -  Nest run time 126.0
2020-12-16 12:56:24,429 - nest - INFO -  Nest run time 126.0
2020-12-16 12:56:24,429 - nest - INFO -  Nest run time 126.0
2020-12-16 12:56:24,429 - nest - INFO -  Nest run time 126.0
2020-12-16 12:56:24,429 - nest - INFO -  Nest run time 126.0
2020-12-16 12:56:24,429 - nest - INFO -  Nest run time 126.0
2020-12-16 12:56:24,429 - nest - INFO -  Nest run time 126.0
2020-12-16 12:56:24,429 - nest - INFO -  Nest run time 126.0
2020-12-16 12:56:24,429 - nest - INFO -  Nest run time 126.0
2020-12-16 12:56:24,651 - nest - INFO -  Nest end
2020-12-16 12:56:24,659 - nest - INFO -  Nest end
2020-12-16 12:56:24,659 - nest - INFO -  Nest end
2020-12-16 12:56:24,666 - nest - INFO -  Nest end
2020-12-16 12:56:24,666 - nest - INFO -  Nest end
2020-12-16 12:56:24,667 - nest - INFO -  Nest end
2020-12-16 12:56:24,667 - nest - INFO -  Nest end
2020-12-16 12:56:24,667 - nest - INFO -  Nest end
2020-12-16 12:56:24,667 - nest - INFO -  Nest end
2020-12-16 12:56:24,668 - nest - INFO -  Nest end
2020-12-16 12:56:24,668 - nest - INFO -  Nest run time 129.5
2020-12-16 12:56:24,668 - nest - INFO -  Nest run time 129.5
2020-12-16 12:56:24,668 - nest - INFO -  Nest run time 129.5
2020-12-16 12:56:24,668 - nest - INFO -  Nest run time 129.5
2020-12-16 12:56:24,668 - nest - INFO -  Nest run time 129.5
2020-12-16 12:56:24,668 - nest - INFO -  Nest run time 129.5
2020-12-16 12:56:24,668 - nest - INFO -  Nest run time 129.5
2020-12-16 12:56:24,668 - nest - INFO -  Nest run time 129.5
2020-12-16 12:56:24,668 - nest - INFO -  Nest run time 129.5
2020-12-16 12:56:24,668 - nest - INFO -  Nest run time 129.5
2020-12-16 12:56:24,897 - nest - INFO -  Nest end
2020-12-16 12:56:24,899 - nest - INFO -  Nest end
2020-12-16 12:56:24,911 - nest - INFO -  Nest end
2020-12-16 12:56:24,911 - nest - INFO -  Nest end
2020-12-16 12:56:24,912 - nest - INFO -  Nest end
2020-12-16 12:56:24,912 - nest - INFO -  Nest end
2020-12-16 12:56:24,912 - nest - INFO -  Nest end
2020-12-16 12:56:24,913 - nest - INFO -  Nest end
2020-12-16 12:56:24,913 - nest - INFO -  Nest end
2020-12-16 12:56:24,914 - nest - INFO -  Nest end
2020-12-16 12:56:24,914 - nest - INFO -  Nest run time 133.0
2020-12-16 12:56:24,914 - nest - INFO -  Nest run time 133.0
2020-12-16 12:56:24,914 - nest - INFO -  Nest run time 133.0
2020-12-16 12:56:24,914 - nest - INFO -  Nest run time 133.0
2020-12-16 12:56:24,914 - nest - INFO -  Nest run time 133.0
2020-12-16 12:56:24,914 - nest - INFO -  Nest run time 133.0
2020-12-16 12:56:24,914 - nest - INFO -  Nest run time 133.0
2020-12-16 12:56:24,914 - nest - INFO -  Nest run time 133.0
2020-12-16 12:56:24,914 - nest - INFO -  Nest run time 133.0
2020-12-16 12:56:24,914 - nest - INFO -  Nest run time 133.0
2020-12-16 12:56:25,208 - nest - INFO -  Nest end
2020-12-16 12:56:25,216 - nest - INFO -  Nest end
2020-12-16 12:56:25,216 - nest - INFO -  Nest end
2020-12-16 12:56:25,216 - nest - INFO -  Nest end
2020-12-16 12:56:25,216 - nest - INFO -  Nest end
2020-12-16 12:56:25,216 - nest - INFO -  Nest end
2020-12-16 12:56:25,217 - nest - INFO -  Nest end
2020-12-16 12:56:25,217 - nest - INFO -  Nest end
2020-12-16 12:56:25,217 - nest - INFO -  Nest end
2020-12-16 12:56:25,217 - nest - INFO -  Nest end
2020-12-16 12:56:25,218 - nest - INFO -  Nest run time 136.5
2020-12-16 12:56:25,218 - nest - INFO -  Nest run time 136.5
2020-12-16 12:56:25,218 - nest - INFO -  Nest run time 136.5
2020-12-16 12:56:25,218 - nest - INFO -  Nest run time 136.5
2020-12-16 12:56:25,218 - nest - INFO -  Nest run time 136.5
2020-12-16 12:56:25,218 - nest - INFO -  Nest run time 136.5
2020-12-16 12:56:25,218 - nest - INFO -  Nest run time 136.5
2020-12-16 12:56:25,218 - nest - INFO -  Nest run time 136.5
2020-12-16 12:56:25,218 - nest - INFO -  Nest run time 136.5
2020-12-16 12:56:25,218 - nest - INFO -  Nest run time 136.5
2020-12-16 12:56:25,474 - nest - INFO -  Nest end
2020-12-16 12:56:25,479 - nest - INFO -  Nest end
2020-12-16 12:56:25,479 - nest - INFO -  Nest end
2020-12-16 12:56:25,480 - nest - INFO -  Nest end
2020-12-16 12:56:25,480 - nest - INFO -  Nest end
2020-12-16 12:56:25,481 - nest - INFO -  Nest end
2020-12-16 12:56:25,481 - nest - INFO -  Nest end
2020-12-16 12:56:25,481 - nest - INFO -  Nest end
2020-12-16 12:56:25,482 - nest - INFO -  Nest end
2020-12-16 12:56:25,482 - nest - INFO -  Nest end
2020-12-16 12:56:25,482 - nest - INFO -  Nest run time 140.0
2020-12-16 12:56:25,482 - nest - INFO -  Nest run time 140.0
2020-12-16 12:56:25,482 - nest - INFO -  Nest run time 140.0
2020-12-16 12:56:25,482 - nest - INFO -  Nest run time 140.0
2020-12-16 12:56:25,482 - nest - INFO -  Nest run time 140.0
2020-12-16 12:56:25,482 - nest - INFO -  Nest run time 140.0
2020-12-16 12:56:25,482 - nest - INFO -  Nest run time 140.0
2020-12-16 12:56:25,482 - nest - INFO -  Nest run time 140.0
2020-12-16 12:56:25,482 - nest - INFO -  Nest run time 140.0
2020-12-16 12:56:25,483 - nest - INFO -  Nest run time 140.0
2020-12-16 12:56:25,775 - nest - INFO -  Nest end
2020-12-16 12:56:25,787 - nest - INFO -  Nest end
2020-12-16 12:56:25,799 - nest - INFO -  Nest end
2020-12-16 12:56:25,799 - nest - INFO -  Nest end
2020-12-16 12:56:25,799 - nest - INFO -  Nest end
2020-12-16 12:56:25,800 - nest - INFO -  Nest end
2020-12-16 12:56:25,800 - nest - INFO -  Nest end
2020-12-16 12:56:25,800 - nest - INFO -  Nest end
2020-12-16 12:56:25,800 - nest - INFO -  Nest end
2020-12-16 12:56:25,800 - nest - INFO -  Nest end
2020-12-16 12:56:25,801 - nest - INFO -  Nest run time 143.5
2020-12-16 12:56:25,801 - nest - INFO -  Nest run time 143.5
2020-12-16 12:56:25,801 - nest - INFO -  Nest run time 143.5
2020-12-16 12:56:25,801 - nest - INFO -  Nest run time 143.5
2020-12-16 12:56:25,801 - nest - INFO -  Nest run time 143.5
2020-12-16 12:56:25,801 - nest - INFO -  Nest run time 143.5
2020-12-16 12:56:25,801 - nest - INFO -  Nest run time 143.5
2020-12-16 12:56:25,801 - nest - INFO -  Nest run time 143.5
2020-12-16 12:56:25,801 - nest - INFO -  Nest run time 143.5
2020-12-16 12:56:25,801 - nest - INFO -  Nest run time 143.5
2020-12-16 12:56:25,992 - nest - INFO -  Nest end
2020-12-16 12:56:26,003 - nest - INFO -  Nest end
2020-12-16 12:56:26,003 - nest - INFO -  Nest end
2020-12-16 12:56:26,003 - nest - INFO -  Nest end
2020-12-16 12:56:26,003 - nest - INFO -  Nest end
2020-12-16 12:56:26,004 - nest - INFO -  Nest end
2020-12-16 12:56:26,004 - nest - INFO -  Nest end
2020-12-16 12:56:26,004 - nest - INFO -  Nest end
2020-12-16 12:56:26,004 - nest - INFO -  Nest end
2020-12-16 12:56:26,004 - nest - INFO -  Nest end
2020-12-16 12:56:26,005 - nest - INFO -  Nest run time 147.0
2020-12-16 12:56:26,005 - nest - INFO -  Nest run time 147.0
2020-12-16 12:56:26,005 - nest - INFO -  Nest run time 147.0
2020-12-16 12:56:26,005 - nest - INFO -  Nest run time 147.0
2020-12-16 12:56:26,005 - nest - INFO -  Nest run time 147.0
2020-12-16 12:56:26,005 - nest - INFO -  Nest run time 147.0
2020-12-16 12:56:26,005 - nest - INFO -  Nest run time 147.0
2020-12-16 12:56:26,005 - nest - INFO -  Nest run time 147.0
2020-12-16 12:56:26,005 - nest - INFO -  Nest run time 147.0
2020-12-16 12:56:26,005 - nest - INFO -  Nest run time 147.0
2020-12-16 12:56:26,304 - nest - INFO -  Nest end
2020-12-16 12:56:26,319 - nest - INFO -  Nest end
2020-12-16 12:56:26,319 - nest - INFO -  Nest end
2020-12-16 12:56:26,319 - nest - INFO -  Nest end
2020-12-16 12:56:26,320 - nest - INFO -  Nest end
2020-12-16 12:56:26,320 - nest - INFO -  Nest end
2020-12-16 12:56:26,320 - nest - INFO -  Nest end
2020-12-16 12:56:26,320 - nest - INFO -  Nest end
2020-12-16 12:56:26,320 - nest - INFO -  Nest end
2020-12-16 12:56:26,321 - nest - INFO -  Nest end
2020-12-16 12:56:26,321 - nest - INFO -  Nest run time 150.5
2020-12-16 12:56:26,321 - nest - INFO -  Nest run time 150.5
2020-12-16 12:56:26,321 - nest - INFO -  Nest run time 150.5
2020-12-16 12:56:26,321 - nest - INFO -  Nest run time 150.5
2020-12-16 12:56:26,321 - nest - INFO -  Nest run time 150.5
2020-12-16 12:56:26,321 - nest - INFO -  Nest run time 150.5
2020-12-16 12:56:26,321 - nest - INFO -  Nest run time 150.5
2020-12-16 12:56:26,321 - nest - INFO -  Nest run time 150.5
2020-12-16 12:56:26,321 - nest - INFO -  Nest run time 150.5
2020-12-16 12:56:26,321 - nest - INFO -  Nest run time 150.5
2020-12-16 12:56:26,595 - nest - INFO -  Nest end
2020-12-16 12:56:26,595 - nest - INFO -  Nest end
2020-12-16 12:56:26,595 - nest - INFO -  Nest end
2020-12-16 12:56:26,596 - nest - INFO -  Nest end
2020-12-16 12:56:26,596 - nest - INFO -  Nest end
2020-12-16 12:56:26,608 - nest - INFO -  Nest end
2020-12-16 12:56:26,608 - nest - INFO -  Nest end
2020-12-16 12:56:26,608 - nest - INFO -  Nest end
2020-12-16 12:56:26,608 - nest - INFO -  Nest end
2020-12-16 12:56:26,608 - nest - INFO -  Nest end
2020-12-16 12:56:26,609 - nest - INFO -  Nest run time 154.0
2020-12-16 12:56:26,609 - nest - INFO -  Nest run time 154.0
2020-12-16 12:56:26,609 - nest - INFO -  Nest run time 154.0
2020-12-16 12:56:26,609 - nest - INFO -  Nest run time 154.0
2020-12-16 12:56:26,609 - nest - INFO -  Nest run time 154.0
2020-12-16 12:56:26,609 - nest - INFO -  Nest run time 154.0
2020-12-16 12:56:26,609 - nest - INFO -  Nest run time 154.0
2020-12-16 12:56:26,609 - nest - INFO -  Nest run time 154.0
2020-12-16 12:56:26,609 - nest - INFO -  Nest run time 154.0
2020-12-16 12:56:26,609 - nest - INFO -  Nest run time 154.0
2020-12-16 12:56:26,878 - nest - INFO -  Nest end
2020-12-16 12:56:26,879 - nest - INFO -  Nest end
2020-12-16 12:56:26,879 - nest - INFO -  Nest end
2020-12-16 12:56:26,884 - nest - INFO -  Nest end
2020-12-16 12:56:26,884 - nest - INFO -  Nest end
2020-12-16 12:56:26,885 - nest - INFO -  Nest end
2020-12-16 12:56:26,885 - nest - INFO -  Nest end
2020-12-16 12:56:26,885 - nest - INFO -  Nest end
2020-12-16 12:56:26,886 - nest - INFO -  Nest end
2020-12-16 12:56:26,886 - nest - INFO -  Nest end
2020-12-16 12:56:26,887 - nest - INFO -  Nest run time 157.5
2020-12-16 12:56:26,887 - nest - INFO -  Nest run time 157.5
2020-12-16 12:56:26,887 - nest - INFO -  Nest run time 157.5
2020-12-16 12:56:26,887 - nest - INFO -  Nest run time 157.5
2020-12-16 12:56:26,887 - nest - INFO -  Nest run time 157.5
2020-12-16 12:56:26,887 - nest - INFO -  Nest run time 157.5
2020-12-16 12:56:26,887 - nest - INFO -  Nest run time 157.5
2020-12-16 12:56:26,887 - nest - INFO -  Nest run time 157.5
2020-12-16 12:56:26,887 - nest - INFO -  Nest run time 157.5
2020-12-16 12:56:26,887 - nest - INFO -  Nest run time 157.5
2020-12-16 12:56:27,177 - nest - INFO -  Nest end
2020-12-16 12:56:27,184 - nest - INFO -  Nest end
2020-12-16 12:56:27,185 - nest - INFO -  Nest end
2020-12-16 12:56:27,185 - nest - INFO -  Nest end
2020-12-16 12:56:27,189 - nest - INFO -  Nest end
2020-12-16 12:56:27,190 - nest - INFO -  Nest end
2020-12-16 12:56:27,190 - nest - INFO -  Nest end
2020-12-16 12:56:27,190 - nest - INFO -  Nest end
2020-12-16 12:56:27,190 - nest - INFO -  Nest end
2020-12-16 12:56:27,199 - nest - INFO -  Nest end
2020-12-16 12:56:27,199 - nest - INFO -  Nest run time 161.0
2020-12-16 12:56:27,199 - nest - INFO -  Nest run time 161.0
2020-12-16 12:56:27,199 - nest - INFO -  Nest run time 161.0
2020-12-16 12:56:27,199 - nest - INFO -  Nest run time 161.0
2020-12-16 12:56:27,199 - nest - INFO -  Nest run time 161.0
2020-12-16 12:56:27,199 - nest - INFO -  Nest run time 161.0
2020-12-16 12:56:27,199 - nest - INFO -  Nest run time 161.0
2020-12-16 12:56:27,199 - nest - INFO -  Nest run time 161.0
2020-12-16 12:56:27,199 - nest - INFO -  Nest run time 161.0
2020-12-16 12:56:27,199 - nest - INFO -  Nest run time 161.0
2020-12-16 12:56:27,446 - nest - INFO -  Nest end
2020-12-16 12:56:27,449 - nest - INFO -  Nest end
2020-12-16 12:56:27,453 - nest - INFO -  Nest end
2020-12-16 12:56:27,455 - nest - INFO -  Nest end
2020-12-16 12:56:27,455 - nest - INFO -  Nest end
2020-12-16 12:56:27,456 - nest - INFO -  Nest end
2020-12-16 12:56:27,457 - nest - INFO -  Nest end
2020-12-16 12:56:27,457 - nest - INFO -  Nest end
2020-12-16 12:56:27,457 - nest - INFO -  Nest end
2020-12-16 12:56:27,460 - nest - INFO -  Nest end
2020-12-16 12:56:27,460 - nest - INFO -  Nest run time 164.5
2020-12-16 12:56:27,460 - nest - INFO -  Nest run time 164.5
2020-12-16 12:56:27,460 - nest - INFO -  Nest run time 164.5
2020-12-16 12:56:27,460 - nest - INFO -  Nest run time 164.5
2020-12-16 12:56:27,460 - nest - INFO -  Nest run time 164.5
2020-12-16 12:56:27,460 - nest - INFO -  Nest run time 164.5
2020-12-16 12:56:27,460 - nest - INFO -  Nest run time 164.5
2020-12-16 12:56:27,460 - nest - INFO -  Nest run time 164.5
2020-12-16 12:56:27,460 - nest - INFO -  Nest run time 164.5
2020-12-16 12:56:27,460 - nest - INFO -  Nest run time 164.5
2020-12-16 12:56:27,732 - nest - INFO -  Nest end
2020-12-16 12:56:27,733 - nest - INFO -  Nest end
2020-12-16 12:56:27,733 - nest - INFO -  Nest end
2020-12-16 12:56:27,733 - nest - INFO -  Nest end
2020-12-16 12:56:27,743 - nest - INFO -  Nest end
2020-12-16 12:56:27,743 - nest - INFO -  Nest end
2020-12-16 12:56:27,743 - nest - INFO -  Nest end
2020-12-16 12:56:27,743 - nest - INFO -  Nest end
2020-12-16 12:56:27,744 - nest - INFO -  Nest end
2020-12-16 12:56:27,744 - nest - INFO -  Nest end
2020-12-16 12:56:27,744 - nest - INFO -  Nest run time 168.0
2020-12-16 12:56:27,744 - nest - INFO -  Nest run time 168.0
2020-12-16 12:56:27,744 - nest - INFO -  Nest run time 168.0
2020-12-16 12:56:27,744 - nest - INFO -  Nest run time 168.0
2020-12-16 12:56:27,744 - nest - INFO -  Nest run time 168.0
2020-12-16 12:56:27,744 - nest - INFO -  Nest run time 168.0
2020-12-16 12:56:27,744 - nest - INFO -  Nest run time 168.0
2020-12-16 12:56:27,744 - nest - INFO -  Nest run time 168.0
2020-12-16 12:56:27,744 - nest - INFO -  Nest run time 168.0
2020-12-16 12:56:27,744 - nest - INFO -  Nest run time 168.0
2020-12-16 12:56:27,979 - nest - INFO -  Nest end
2020-12-16 12:56:27,991 - nest - INFO -  Nest end
2020-12-16 12:56:27,991 - nest - INFO -  Nest end
2020-12-16 12:56:27,991 - nest - INFO -  Nest end
2020-12-16 12:56:27,992 - nest - INFO -  Nest end
2020-12-16 12:56:27,992 - nest - INFO -  Nest end
2020-12-16 12:56:27,993 - nest - INFO -  Nest end
2020-12-16 12:56:27,993 - nest - INFO -  Nest end
2020-12-16 12:56:27,993 - nest - INFO -  Nest end
2020-12-16 12:56:27,994 - nest - INFO -  Nest end
2020-12-16 12:56:27,994 - nest - INFO -  Nest run time 171.5
2020-12-16 12:56:27,994 - nest - INFO -  Nest run time 171.5
2020-12-16 12:56:27,994 - nest - INFO -  Nest run time 171.5
2020-12-16 12:56:27,994 - nest - INFO -  Nest run time 171.5
2020-12-16 12:56:27,994 - nest - INFO -  Nest run time 171.5
2020-12-16 12:56:27,994 - nest - INFO -  Nest run time 171.5
2020-12-16 12:56:27,994 - nest - INFO -  Nest run time 171.5
2020-12-16 12:56:27,994 - nest - INFO -  Nest run time 171.5
2020-12-16 12:56:27,994 - nest - INFO -  Nest run time 171.5
2020-12-16 12:56:27,994 - nest - INFO -  Nest run time 171.5
2020-12-16 12:56:28,283 - nest - INFO -  Nest end
2020-12-16 12:56:28,283 - nest - INFO -  Nest end
2020-12-16 12:56:28,290 - nest - INFO -  Nest end
2020-12-16 12:56:28,302 - nest - INFO -  Nest end
2020-12-16 12:56:28,303 - nest - INFO -  Nest end
2020-12-16 12:56:28,303 - nest - INFO -  Nest end
2020-12-16 12:56:28,303 - nest - INFO -  Nest end
2020-12-16 12:56:28,313 - nest - INFO -  Nest end
2020-12-16 12:56:28,314 - nest - INFO -  Nest end
2020-12-16 12:56:28,314 - nest - INFO -  Nest end
2020-12-16 12:56:28,314 - nest - INFO -  Nest run time 175.0
2020-12-16 12:56:28,314 - nest - INFO -  Nest run time 175.0
2020-12-16 12:56:28,314 - nest - INFO -  Nest run time 175.0
2020-12-16 12:56:28,314 - nest - INFO -  Nest run time 175.0
2020-12-16 12:56:28,314 - nest - INFO -  Nest run time 175.0
2020-12-16 12:56:28,314 - nest - INFO -  Nest run time 175.0
2020-12-16 12:56:28,314 - nest - INFO -  Nest run time 175.0
2020-12-16 12:56:28,314 - nest - INFO -  Nest run time 175.0
2020-12-16 12:56:28,314 - nest - INFO -  Nest run time 175.0
2020-12-16 12:56:28,314 - nest - INFO -  Nest run time 175.0
2020-12-16 12:56:28,574 - nest - INFO -  Nest end
2020-12-16 12:56:28,591 - nest - INFO -  Nest end
2020-12-16 12:56:28,591 - nest - INFO -  Nest end
2020-12-16 12:56:28,591 - nest - INFO -  Nest end
2020-12-16 12:56:28,603 - nest - INFO -  Nest end
2020-12-16 12:56:28,603 - nest - INFO -  Nest end
2020-12-16 12:56:28,603 - nest - INFO -  Nest end
2020-12-16 12:56:28,603 - nest - INFO -  Nest end
2020-12-16 12:56:28,603 - nest - INFO -  Nest end
2020-12-16 12:56:28,604 - nest - INFO -  Nest end
2020-12-16 12:56:28,604 - nest - INFO -  Nest run time 178.5
2020-12-16 12:56:28,604 - nest - INFO -  Nest run time 178.5
2020-12-16 12:56:28,604 - nest - INFO -  Nest run time 178.5
2020-12-16 12:56:28,604 - nest - INFO -  Nest run time 178.5
2020-12-16 12:56:28,604 - nest - INFO -  Nest run time 178.5
2020-12-16 12:56:28,604 - nest - INFO -  Nest run time 178.5
2020-12-16 12:56:28,604 - nest - INFO -  Nest run time 178.5
2020-12-16 12:56:28,604 - nest - INFO -  Nest run time 178.5
2020-12-16 12:56:28,604 - nest - INFO -  Nest run time 178.5
2020-12-16 12:56:28,604 - nest - INFO -  Nest run time 178.5
2020-12-16 12:56:28,879 - nest - INFO -  Nest end
2020-12-16 12:56:28,879 - nest - INFO -  Nest end
2020-12-16 12:56:28,879 - nest - INFO -  Nest end
2020-12-16 12:56:28,880 - nest - INFO -  Nest end
2020-12-16 12:56:28,880 - nest - INFO -  Nest end
2020-12-16 12:56:28,881 - nest - INFO -  Nest end
2020-12-16 12:56:28,881 - nest - INFO -  Nest end
2020-12-16 12:56:28,891 - nest - INFO -  Nest end
2020-12-16 12:56:28,891 - nest - INFO -  Nest end
2020-12-16 12:56:28,891 - nest - INFO -  Nest end
2020-12-16 12:56:28,892 - nest - INFO -  Nest run time 182.0
2020-12-16 12:56:28,892 - nest - INFO -  Nest run time 182.0
2020-12-16 12:56:28,892 - nest - INFO -  Nest run time 182.0
2020-12-16 12:56:28,892 - nest - INFO -  Nest run time 182.0
2020-12-16 12:56:28,892 - nest - INFO -  Nest run time 182.0
2020-12-16 12:56:28,892 - nest - INFO -  Nest run time 182.0
2020-12-16 12:56:28,892 - nest - INFO -  Nest run time 182.0
2020-12-16 12:56:28,892 - nest - INFO -  Nest run time 182.0
2020-12-16 12:56:28,892 - nest - INFO -  Nest run time 182.0
2020-12-16 12:56:28,892 - nest - INFO -  Nest run time 182.0
2020-12-16 12:56:29,156 - nest - INFO -  Nest end
2020-12-16 12:56:29,159 - nest - INFO -  Nest end
2020-12-16 12:56:29,159 - nest - INFO -  Nest end
2020-12-16 12:56:29,160 - nest - INFO -  Nest end
2020-12-16 12:56:29,160 - nest - INFO -  Nest end
2020-12-16 12:56:29,161 - nest - INFO -  Nest end
2020-12-16 12:56:29,161 - nest - INFO -  Nest end
2020-12-16 12:56:29,161 - nest - INFO -  Nest end
2020-12-16 12:56:29,162 - nest - INFO -  Nest end
2020-12-16 12:56:29,162 - nest - INFO -  Nest end
2020-12-16 12:56:29,162 - nest - INFO -  Nest run time 185.5
2020-12-16 12:56:29,162 - nest - INFO -  Nest run time 185.5
2020-12-16 12:56:29,162 - nest - INFO -  Nest run time 185.5
2020-12-16 12:56:29,162 - nest - INFO -  Nest run time 185.5
2020-12-16 12:56:29,162 - nest - INFO -  Nest run time 185.5
2020-12-16 12:56:29,162 - nest - INFO -  Nest run time 185.5
2020-12-16 12:56:29,162 - nest - INFO -  Nest run time 185.5
2020-12-16 12:56:29,162 - nest - INFO -  Nest run time 185.5
2020-12-16 12:56:29,162 - nest - INFO -  Nest run time 185.5
2020-12-16 12:56:29,162 - nest - INFO -  Nest run time 185.5
2020-12-16 12:56:29,456 - nest - INFO -  Nest end
2020-12-16 12:56:29,456 - nest - INFO -  Nest end
2020-12-16 12:56:29,457 - nest - INFO -  Nest end
2020-12-16 12:56:29,457 - nest - INFO -  Nest end
2020-12-16 12:56:29,457 - nest - INFO -  Nest end
2020-12-16 12:56:29,458 - nest - INFO -  Nest end
2020-12-16 12:56:29,458 - nest - INFO -  Nest end
2020-12-16 12:56:29,458 - nest - INFO -  Nest end
2020-12-16 12:56:29,459 - nest - INFO -  Nest end
2020-12-16 12:56:29,459 - nest - INFO -  Nest end
2020-12-16 12:56:29,459 - nest - INFO -  Nest run time 189.0
2020-12-16 12:56:29,459 - nest - INFO -  Nest run time 189.0
2020-12-16 12:56:29,459 - nest - INFO -  Nest run time 189.0
2020-12-16 12:56:29,459 - nest - INFO -  Nest run time 189.0
2020-12-16 12:56:29,459 - nest - INFO -  Nest run time 189.0
2020-12-16 12:56:29,459 - nest - INFO -  Nest run time 189.0
2020-12-16 12:56:29,459 - nest - INFO -  Nest run time 189.0
2020-12-16 12:56:29,459 - nest - INFO -  Nest run time 189.0
2020-12-16 12:56:29,459 - nest - INFO -  Nest run time 189.0
2020-12-16 12:56:29,459 - nest - INFO -  Nest run time 189.0
2020-12-16 12:56:29,724 - nest - INFO -  Nest end
2020-12-16 12:56:29,734 - nest - INFO -  Nest end
2020-12-16 12:56:29,743 - nest - INFO -  Nest end
2020-12-16 12:56:29,743 - nest - INFO -  Nest end
2020-12-16 12:56:29,743 - nest - INFO -  Nest end
2020-12-16 12:56:29,743 - nest - INFO -  Nest end
2020-12-16 12:56:29,743 - nest - INFO -  Nest end
2020-12-16 12:56:29,744 - nest - INFO -  Nest end
2020-12-16 12:56:29,744 - nest - INFO -  Nest end
2020-12-16 12:56:29,744 - nest - INFO -  Nest end
2020-12-16 12:56:29,744 - nest - INFO -  Nest run time 192.5
2020-12-16 12:56:29,744 - nest - INFO -  Nest run time 192.5
2020-12-16 12:56:29,744 - nest - INFO -  Nest run time 192.5
2020-12-16 12:56:29,744 - nest - INFO -  Nest run time 192.5
2020-12-16 12:56:29,744 - nest - INFO -  Nest run time 192.5
2020-12-16 12:56:29,744 - nest - INFO -  Nest run time 192.5
2020-12-16 12:56:29,744 - nest - INFO -  Nest run time 192.5
2020-12-16 12:56:29,744 - nest - INFO -  Nest run time 192.5
2020-12-16 12:56:29,744 - nest - INFO -  Nest run time 192.5
2020-12-16 12:56:29,744 - nest - INFO -  Nest run time 192.5
2020-12-16 12:56:30,018 - nest - INFO -  Nest end
2020-12-16 12:56:30,024 - nest - INFO -  Nest end
2020-12-16 12:56:30,024 - nest - INFO -  Nest end
2020-12-16 12:56:30,030 - nest - INFO -  Nest end
2020-12-16 12:56:30,031 - nest - INFO -  Nest end
2020-12-16 12:56:30,031 - nest - INFO -  Nest end
2020-12-16 12:56:30,031 - nest - INFO -  Nest end
2020-12-16 12:56:30,032 - nest - INFO -  Nest end
2020-12-16 12:56:30,032 - nest - INFO -  Nest end
2020-12-16 12:56:30,032 - nest - INFO -  Nest end
2020-12-16 12:56:30,033 - nest - INFO -  Nest run time 196.0
2020-12-16 12:56:30,033 - nest - INFO -  Nest run time 196.0
2020-12-16 12:56:30,033 - nest - INFO -  Nest run time 196.0
2020-12-16 12:56:30,033 - nest - INFO -  Nest run time 196.0
2020-12-16 12:56:30,033 - nest - INFO -  Nest run time 196.0
2020-12-16 12:56:30,033 - nest - INFO -  Nest run time 196.0
2020-12-16 12:56:30,033 - nest - INFO -  Nest run time 196.0
2020-12-16 12:56:30,033 - nest - INFO -  Nest run time 196.0
2020-12-16 12:56:30,033 - nest - INFO -  Nest run time 196.0
2020-12-16 12:56:30,033 - nest - INFO -  Nest run time 196.0
2020-12-16 12:56:30,286 - nest - INFO -  Nest end
2020-12-16 12:56:30,299 - nest - INFO -  Nest end
2020-12-16 12:56:30,300 - nest - INFO -  Nest end
2020-12-16 12:56:30,300 - nest - INFO -  Nest end
2020-12-16 12:56:30,300 - nest - INFO -  Nest end
2020-12-16 12:56:30,300 - nest - INFO -  Nest end
2020-12-16 12:56:30,301 - nest - INFO -  Nest end
2020-12-16 12:56:30,301 - nest - INFO -  Nest end
2020-12-16 12:56:30,301 - nest - INFO -  Nest end
2020-12-16 12:56:30,301 - nest - INFO -  Nest end
2020-12-16 12:56:30,301 - nest - INFO -  Nest run time 199.5
2020-12-16 12:56:30,301 - nest - INFO -  Nest run time 199.5
2020-12-16 12:56:30,301 - nest - INFO -  Nest run time 199.5
2020-12-16 12:56:30,301 - nest - INFO -  Nest run time 199.5
2020-12-16 12:56:30,301 - nest - INFO -  Nest run time 199.5
2020-12-16 12:56:30,301 - nest - INFO -  Nest run time 199.5
2020-12-16 12:56:30,301 - nest - INFO -  Nest run time 199.5
2020-12-16 12:56:30,301 - nest - INFO -  Nest run time 199.5
2020-12-16 12:56:30,301 - nest - INFO -  Nest run time 199.5
2020-12-16 12:56:30,301 - nest - INFO -  Nest run time 199.5
2020-12-16 12:56:30,564 - nest - INFO -  Nest end
2020-12-16 12:56:30,564 - nest - INFO - cleanup
2020-12-16 12:56:30,565 - nest - INFO -  Nest end
2020-12-16 12:56:30,565 - nest - INFO - cleanup
2020-12-16 12:56:30,565 - nest - INFO -  Nest end
2020-12-16 12:56:30,565 - nest - INFO - cleanup
2020-12-16 12:56:30,565 - nest - INFO -  Nest end
2020-12-16 12:56:30,566 - nest - INFO - cleanup
2020-12-16 12:56:30,574 - nest - INFO -  Nest end
2020-12-16 12:56:30,574 - nest - INFO - cleanup
2020-12-16 12:56:30,574 - nest - INFO -  Nest end
2020-12-16 12:56:30,575 - nest - INFO - cleanup
2020-12-16 12:56:30,575 - nest - INFO -  Nest end
2020-12-16 12:56:30,575 - nest - INFO - cleanup
2020-12-16 12:56:30,576 - nest - INFO -  Nest end
2020-12-16 12:56:30,576 - nest - INFO - cleanup
2020-12-16 12:56:30,576 - nest - INFO -  Nest end
2020-12-16 12:56:30,576 - nest - INFO - cleanup
2020-12-16 12:56:30,576 - nest - INFO -  Nest end
2020-12-16 12:56:30,576 - nest - INFO - cleanup
2020-12-16 12:56:30,583 - nest - INFO - finish
2020-12-16 12:56:30,583 - nest - INFO - finish
2020-12-16 12:56:30,583 - nest - INFO - finish
2020-12-16 12:56:30,583 - nest - INFO - finish
2020-12-16 12:56:30,583 - nest - INFO - finish
2020-12-16 12:56:30,583 - nest - INFO - finish
2020-12-16 12:56:30,583 - nest - INFO - finish
2020-12-16 12:56:30,583 - nest - INFO - finish
2020-12-16 12:56:30,583 - nest - INFO - finish
2020-12-16 12:56:30,583 - nest - INFO - exit
2020-12-16 12:56:30,583 - nest - INFO - finish
2020-12-16 12:56:30,583 - nest - INFO - exit
2020-12-16 12:56:30,583 - nest - INFO - exit
2020-12-16 12:56:30,583 - nest - INFO - exit
2020-12-16 12:56:30,583 - nest - INFO - exit
2020-12-16 12:56:30,583 - nest - INFO - exit
2020-12-16 12:56:30,583 - nest - INFO - exit
2020-12-16 12:56:30,583 - nest - INFO - exit
2020-12-16 12:56:30,583 - nest - INFO - exit
2020-12-16 12:56:30,583 - nest - INFO - exit
