2020-08-25 17:46:13,627 - generator - INFO - rate :[1.00000000e-12 1.00000000e-12 1.00000000e-12 1.00000000e-12
 1.00000000e-12 1.77599280e-01 3.64972081e-01 5.47370913e-01
 7.25984704e-01 9.06104296e-01 1.07011348e+00 1.30196896e+00
 1.51326297e+00 1.70897288e+00 1.89938991e+00 2.07322583e+00
 2.27796798e+00 2.49616986e+00 2.76313105e+00 3.01837419e+00
 3.25093783e+00 3.46530974e+00 3.81290531e+00 4.16013759e+00
 4.53287387e+00 4.88290580e+00 5.22513555e+00 5.56087235e+00
 5.88145891e+00 6.21001730e+00 6.51691664e+00 6.81419650e+00
 7.11748479e+00 7.39472542e+00 7.67876446e+00] spikes :(13,)
2020-08-25 17:46:13,923 - generator - INFO - rate :[1.00000000e-12 1.00000000e-12 1.00000000e-12 1.00000000e-12
 1.00000000e-12 1.42131390e-01 2.80374759e-01 4.00379418e-01
 4.84854884e-01 5.62195985e-01 6.48180065e-01 7.77492833e-01
 8.92404278e-01 1.02587700e+00 1.14499274e+00 1.26311275e+00
 1.39290035e+00 1.52864369e+00 1.76887851e+00 2.01501348e+00
 2.21369344e+00 2.40383029e+00 2.74291338e+00 3.09758219e+00
 3.45108208e+00 3.77167743e+00 4.09541065e+00 4.43052154e+00
 4.79114629e+00 5.14884073e+00 5.53994546e+00 5.91500543e+00
 6.27651442e+00 6.64686875e+00 7.03556282e+00] spikes :(10,)
2020-08-25 17:46:17,534 - generator - INFO - rate :[ 7.93577265  8.16373218  8.40629872  8.69203597  8.97475723  9.33191188
  9.69099779 10.03616899 10.35015121 10.63991807 10.95450435 11.27085138
 11.56731769 11.84580199 12.11112216 12.38617491 12.6410462  12.89894119
 13.12467728 13.32386918 13.61396421 13.91226925 14.20543939 14.57495362
 14.91215557 15.24305478 15.6445197  16.07517123 16.51199013 16.95410416
 17.40515135 17.86680765 18.33676651 18.80157247 19.277661  ] spikes :(54,)
2020-08-25 17:46:17,709 - generator - INFO - rate :[ 7.40180958  7.77867272  8.12895313  8.4921689   8.84287771  9.1843646
  9.53827705  9.90557041 10.31146593 10.72420485 11.16559487 11.61458056
 11.99463878 12.37701982 12.72427995 13.07834834 13.44937913 13.83308139
 14.21540331 14.59023237 15.03961049 15.48798613 15.92911653 16.43359996
 16.92325018 17.43153617 18.04468453 18.59628774 19.15545493 19.72386889
 20.28942794 20.85796528 21.40948281 21.96496055 22.54192896] spikes :(60,)
2020-08-25 17:46:21,176 - generator - INFO - rate :[23.15434732 23.80489916 24.40657817 25.00044815 25.55083469 26.08644456
 26.64647885 27.24449582 27.80910723 28.36830698 28.87402251 29.38094616
 29.87827003 30.36953449 30.84752172 31.30257711 31.75376654 32.22019017
 32.67604068 33.13540071 33.59351665 34.06343952 34.56291229 35.07758841
 35.62995419 36.28405839 36.99132293 37.71019563 38.3927393  39.09168243
 39.77595687 40.43666199 41.08055979 41.76961184 42.42987826] spikes :(97,)
2020-08-25 17:46:21,850 - generator - INFO - rate :[19.738601   20.15893131 20.63901089 21.09873936 21.5517281  21.99262545
 22.43802793 22.84209929 23.25319313 23.65812644 24.07619648 24.49547462
 24.94353324 25.42587996 25.86269028 26.32523254 26.79157563 27.25119784
 27.69510947 28.13377909 28.6308939  29.15996626 29.70119342 30.25391564
 30.82312301 31.48745075 32.17176288 32.81668887 33.46847281 34.20589045
 34.95601639 35.69373906 36.41891792 37.17482224 37.89985716] spikes :(86,)
2020-08-25 17:46:26,990 - generator - INFO - rate :[38.63588333 39.37502488 40.10908723 40.83049953 41.54758662 42.23628908
 42.92442605 43.58453482 44.23827231 44.85237688 45.50525412 46.16213098
 46.78881705 47.40431309 48.025022   48.64512771 49.2738907  49.90014493
 50.54623276 51.19776309 51.83612928 52.46282563 53.07900712 53.70692015
 54.3351759  54.9716948  55.61929062 56.24568194 56.87278613 57.48136595
 58.08933914 58.67677271 59.26027179 59.84031618 60.39940625] spikes :(160,)
2020-08-25 17:46:27,122 - generator - INFO - rate :[43.0843766  43.76185134 44.40717146 45.03063247 45.64353064 46.26377001
 46.90777063 47.50832036 48.07663664 48.62378612 49.18008983 49.73561898
 50.32158226 50.93636543 51.56965241 52.19325393 52.82246932 53.4296611
 54.04442027 54.65049133 55.26670024 55.9467797  56.59826204 57.25959778
 57.88242131 58.49770486 59.11588103 59.65451717 60.19494921 60.73029518
 61.32213622 61.91070765 62.52608031 63.17486197 63.76841664] spikes :(168,)
2020-08-25 17:46:32,332 - generator - INFO - rate :[60.99287868 61.5980038  62.22759962 62.90497839 63.58064353 64.27679688
 65.00521451 65.7108888  66.38850749 67.0448634  67.70689487 68.37894768
 69.06893194 69.75918353 70.39328963 70.99567294 71.57041192 72.13972896
 72.76750833 73.36598456 73.99963826 74.70189214 75.43891907 76.16561621
 76.86183125 77.54045755 78.22403967 78.88185561 79.56630826 80.25475711
 80.99160582 81.75000519 82.54728347 83.37097228 84.17633891] spikes :(242,)
2020-08-25 17:46:32,476 - generator - INFO - rate :[64.36022341 64.94003475 65.546332   66.18930787 66.82176888 67.43991762
 68.091681   68.70948017 69.35156494 69.96067256 70.60143441 71.24594569
 71.89236939 72.52559125 73.17560673 73.79098624 74.42649752 75.07489532
 75.78048736 76.493119   77.1827811  77.9468286  78.73442143 79.53036308
 80.35365433 81.15527838 81.92467928 82.70626754 83.49543691 84.28686142
 85.08922577 85.90771198 86.75561786 87.60670424 88.46429557] spikes :(257,)
2020-08-25 17:46:38,275 - generator - INFO - rate :[ 84.96247172  85.72941869  86.46247685  87.16166675  87.82396555
  88.43865275  89.07922953  89.76169437  90.4441455   91.13392413
  91.80304319  92.45181799  93.05492789  93.64988089  94.2724371
  94.90437716  95.49952209  96.12783611  96.73891097  97.38216788
  98.01528692  98.6709848   99.30778474  99.91603553 100.54968238
 101.17530257 101.78661734 102.43226647 103.04672062 103.65109175
 104.28593814 104.93647456 105.59832096 106.22776598 106.87247604] spikes :(311,)
2020-08-25 17:46:38,371 - generator - INFO - rate :[ 89.27587241  90.09934187  90.90596288  91.72440797  92.4949947
  93.22990358  93.95741642  94.66742963  95.39416105  96.08070433
  96.77351952  97.46357232  98.14733952  98.83935273  99.50643599
 100.14824659 100.79686373 101.42752886 102.05909193 102.6369977
 103.17220658 103.69908035 104.19810414 104.69227493 105.2064541
 105.74331492 106.29572868 106.88445777 107.50800788 108.14534932
 108.76617134 109.3696171  110.02667218 110.66857874 111.27040684] spikes :(321,)
2020-08-25 17:46:43,883 - generator - INFO - rate :[107.5325951  108.18448186 108.83290023 109.47723329 110.14297992
 110.78365952 111.40852571 112.04536676 112.70026952 113.32222253
 113.9473629  114.58541036 115.274387   116.00280464 116.73796713
 117.4523741  118.15648556 118.89619946 119.63466585 120.36627769
 121.07062221 121.8065387  122.57861972 123.34078908 124.05101478
 124.77765024 125.50131083 126.19120598 126.88547432 127.57281959
 128.273682   128.98582697 129.67378914 130.37234843 131.08602881] spikes :(396,)
2020-08-25 17:46:44,002 - generator - INFO - rate :[111.91616565 112.587533   113.27324003 113.89683813 114.48944688
 115.08413255 115.67541838 116.23951912 116.77367926 117.35785007
 117.95774519 118.61532807 119.26288962 119.91220593 120.56108356
 121.20094061 121.83323026 122.49384284 123.19060624 123.84759963
 124.53451991 125.21724522 125.89960039 126.59517109 127.25094438
 127.94565141 128.63721907 129.32869077 129.99478698 130.63856483
 131.27238989 131.93644345 132.5892967  133.26259017 133.9129895 ] spikes :(406,)
2020-08-25 17:46:49,633 - generator - INFO - rate :[131.82228804 132.54200041 133.27787578 134.03717995 134.74984586
 135.42394817 136.14440084 136.86052144 137.60279894 138.37956846
 139.13920164 139.89945173 140.58580995 141.29636467 141.98089957
 142.69714355 143.37364495 144.09471452 144.78384197 145.45211792
 146.1195302  146.78845048 147.47386277 148.1400001  148.81200492
 149.4626236  150.09969771 150.76371014 151.39131129 152.02090025
 152.61213124 153.17780852 153.80317509 154.41987753 155.03386557] spikes :(449,)
2020-08-25 17:46:49,750 - generator - INFO - rate :[134.56371784 135.19569218 135.86354315 136.49691582 137.15625346
 137.80584395 138.4668678  139.15610492 139.83752787 140.5243659
 141.21469975 141.91641212 142.5948602  143.23134482 143.840096
 144.41682279 144.98880625 145.57316899 146.15491331 146.7404139
 147.34240651 147.92542577 148.48790884 149.01676357 149.55250025
 150.09502292 150.66571772 151.26320004 151.83723986 152.39731014
 152.9579699  153.50704551 154.08565044 154.65882659 155.25355339] spikes :(454,)
2020-08-25 17:46:55,127 - generator - INFO - rate :[155.84564805 156.43881202 157.27063715 158.09205711 158.62846553
 159.14569497 159.7629869  160.30875862 160.93579769 161.55077279
 162.10572958 162.73563385 163.40286791 164.03454065 164.67838705
 165.41556478 166.11894965 166.90793395 167.64409721 168.37332368
 169.28197443 170.01827478 170.81009686 171.58804536 172.47492611
 173.26004446 173.99836004 174.77652788 175.52537203 176.26453757
 177.01911211 177.77413905 178.47319186 179.13679302 179.77463484] spikes :(559,)
2020-08-25 17:46:55,373 - generator - INFO - rate :[155.60978353 156.16620719 156.81671619 157.573964   158.15818965
 158.84345114 159.57984746 160.15810966 161.04113817 161.76980257
 162.52700925 163.08903992 163.628245   164.21304643 164.78204131
 165.31184196 165.86501658 166.44443035 167.05512822 167.65585959
 168.34609747 169.00831401 169.74826097 170.39146304 171.04849756
 171.69046581 172.37164199 173.02921116 173.7434262  174.4255209
 175.17723024 175.85411549 176.51228786 177.27140009 177.91900277] spikes :(558,)
2020-08-25 17:47:00,179 - generator - INFO - rate :[180.39087117 180.98770916 181.60650909 182.19606757 182.7649802
 183.33620965 183.921628   184.50308442 185.09859264 185.69538951
 186.27779186 186.8137753  187.33395219 187.89688766 188.37861061
 188.86521399 189.37639773 189.86870408 190.37286878 190.87429166
 191.38717532 191.91319227 192.42624044 192.95144856 193.4529537
 193.9302212  194.4080919  194.87655818 195.33216536 195.78056157
 196.23992503 196.73798919 197.2201097  197.64477551 198.07940781] spikes :(670,)
2020-08-25 17:47:01,047 - generator - INFO - rate :[178.57234955 179.21486616 179.82397377 180.45984149 181.11220121
 181.77816033 182.4671644  183.15013647 183.84444594 184.53140736
 185.22817075 185.9101969  186.58750713 187.249614   187.88323343
 188.52898538 189.11178529 189.67515945 190.1990515  190.70073485
 191.24617755 191.83631182 192.4355489  193.06076467 193.71677101
 194.35868442 195.01274407 195.64994156 196.264382   196.89993441
 197.55215704 198.20824564 198.8877219  199.58384097 200.24009407] spikes :(659,)
2020-08-25 17:47:06,768 - generator - INFO - rate :[200.91759622 201.58748984 202.27971554 202.9974401  203.70456755
 204.43442464 205.1455003  205.84207177 206.53657317 207.24716902
 207.9374069  208.6279875  209.41277683 210.15642524 210.87931812
 211.55750573 212.25487232 212.96981394 213.69806707 214.40703154
 215.12442708 215.88707626 216.66793108 217.49158561 218.29771996
 219.16876674 219.99967337 220.78893185 221.55008674 222.28400171
 222.97134697 223.60567927 224.27077472 224.94569957 225.59923828] spikes :(756,)
2020-08-25 17:47:06,985 - generator - INFO - rate :[198.51139426 198.94590318 199.4005233  199.8579812  200.35677195
 200.87768912 201.40595436 201.94857299 202.47413754 202.99889326
 203.61416996 204.10638034 204.64554429 205.22094131 205.77622712
 206.30509555 206.80155575 207.2843343  207.72673965 208.22658598
 208.64830434 209.07131135 209.48932827 209.93110299 210.34644663
 210.78036606 211.2561667  211.72460556 212.18716323 212.66600728
 213.10946822 213.55608225 214.02805805 214.51082289 214.97346282] spikes :(749,)
2020-08-25 17:47:12,270 - generator - INFO - rate :[226.24873281 226.93426847 227.62620628 228.29211056 228.91193867
 229.51165557 230.143013   230.76170325 231.36942625 231.96245313
 232.57689357 233.15643072 233.7332809  234.28361773 234.85095382
 235.4648459  236.06820941 236.66159272 237.23117709 237.83270359
 238.45079064 239.01543975 239.54280019 240.06163359 240.57059646
 241.07007265 241.5390873  241.98046446 242.37638235 242.79368639
 243.23188305 243.66975069 244.09114003 244.4994235  244.90395069] spikes :(781,)
2020-08-25 17:47:12,403 - generator - INFO - rate :[215.39592147 215.82165658 216.25712514 216.69999659 217.1418947
 217.60145009 218.07383716 218.50766063 218.90634775 219.32418644
 219.7381866  220.13400853 220.53468347 220.92572093 221.34084523
 221.71248436 222.08268404 222.45000482 222.84915805 223.27412546
 223.71754527 224.13050354 224.55723941 224.95699584 225.31025112
 225.66713929 226.01460934 226.36413574 226.68947935 227.00661123
 227.32562125 227.57112324 227.82561839 228.07442427 228.30717683] spikes :(748,)
2020-08-25 17:47:17,897 - generator - INFO - rate :[245.32152891 245.7192564  246.12441421 246.53872967 246.92721725
 247.29925394 247.68576741 248.06959391 248.49380732 248.88851881
 249.27026153 249.62845206 249.97830749 250.27927637 250.581671
 250.86723089 251.13817692 251.45428061 251.76473618 252.05484748
 252.34748125 252.67260551 252.99197197 253.33543897 253.70130658
 254.10037756 254.51373339 254.90828037 255.30148387 255.70787549
 256.13954663 256.56927109 257.01931238 257.45786548 257.90261507] spikes :(809,)
2020-08-25 17:47:18,046 - generator - INFO - rate :[228.53062093 228.73322725 228.92818391 229.10637438 229.29587483
 229.42575455 229.55812931 229.69206691 229.81627107 229.94549274
 230.09878755 230.27884245 230.42204738 230.58175802 230.79400182
 231.00216031 231.20749474 231.40287638 231.57687187 231.75237536
 231.94685221 232.16046691 232.37704277 232.60291338 232.8522265
 233.07546496 233.30964327 233.55470657 233.77588868 233.96112561
 234.15258646 234.30242658 234.46984172 234.65379    234.79027748] spikes :(770,)
2020-08-25 17:47:23,681 - generator - INFO - rate :[258.38457108 258.86496425 259.35330868 259.83394861 260.30340195
 260.73104262 261.15871072 261.58352733 262.00121522 262.46485591
 262.90510893 263.34859729 263.80412221 264.24270272 264.65792298
 265.09266496 265.52406192 265.93473077 266.33495331 266.72673106
 267.11790562 267.51168489 267.91267514 268.36033106 268.82331371
 269.28681731 269.72506881 270.09702325 270.41392207 270.91260314
 271.32258654 271.65338635 272.11976886 272.25592732 272.57987261] spikes :(899,)
2020-08-25 17:47:23,789 - generator - INFO - rate :[234.93655324 235.07260203 235.21342158 235.3605473  235.54126024
 235.70519328 235.86057186 236.00725889 236.14503503 236.29120111
 236.44104123 236.58822179 236.74801469 236.88658595 237.02312827
 237.16671705 237.31990218 237.52923965 237.78384447 238.02112103
 238.26761007 238.50137711 238.75984788 239.03611302 239.34928298
 239.62752223 239.8909831  239.9075985  239.91672873 240.16206622
 240.46289802 240.691154   241.01079464 241.26822352 241.49645209] spikes :(825,)
2020-08-25 17:47:29,417 - generator - INFO - rate :[272.91544318 273.40126514 273.86413813 274.32725787 274.77669597
 275.18911958 275.57623625 275.94243288 276.3241756  276.68716431
 276.94577217 277.311064   277.56509304 277.92476416 278.30003619
 278.64002109 278.92453909 279.26175475 279.61237788 279.98435974
 280.25681376 280.59391975 280.87446213 281.09857798 281.40851259
 281.68631315 282.01445341 282.35471249 282.6779449  282.98264265
 283.28695655 283.58693838 283.86641145 284.2084527  284.57448483] spikes :(970,)
2020-08-25 17:47:29,538 - generator - INFO - rate :[241.70921683 241.92513466 242.15796947 242.47105718 242.79305577
 243.03115487 243.35463405 243.59215736 243.93096328 244.2590487
 244.43082333 244.76724386 245.07081747 245.3970933  245.67058921
 245.96961141 246.28146529 246.61643267 246.93834901 247.27896452
 247.63381004 248.01966548 248.38062525 248.72203588 249.03249145
 249.345963   249.66681004 249.9665451  250.25690317 250.57747602
 250.91943502 251.25829577 251.62199736 252.00601578 252.387923  ] spikes :(864,)
2020-08-25 17:47:34,997 - generator - INFO - rate :[284.96464491 285.34444094 285.74074268 286.11711144 286.51725173
 286.88130975 287.22474933 287.55135417 287.8895843  288.23192716
 288.56365919 288.8743341  289.18912172 289.49379206 289.8290062
 290.16740084 290.50894856 290.85850239 291.22946978 291.58623457
 291.98272824 292.39241004 292.83365011 293.25690389 293.71445775
 294.16351199 294.67025399 295.17230749 295.67027569 296.15044951
 296.59681678 297.01554656 297.41914153 297.83219576 298.28070164] spikes :(970,)
2020-08-25 17:47:35,083 - generator - INFO - rate :[252.72406936 253.03597808 253.36096525 253.62560511 254.00817037
 254.39416289 254.75364208 255.12447238 255.50119758 255.80649853
 256.04311705 256.28680944 256.4858377  256.66186213 256.87676549
 257.12059498 257.38120437 257.61837125 257.88495779 258.12363267
 258.35526109 258.53325963 258.66897941 258.79063368 258.91513944
 259.07586455 259.27061558 259.50660348 259.69449997 259.90907431
 260.13453364 260.37526488 260.60661912 260.86780429 261.10782266] spikes :(827,)
2020-08-25 17:47:40,659 - generator - INFO - rate :[298.66238952 299.0720439  299.45839286 299.88504648 300.27600169
 300.69717169 301.09980702 301.48928165 301.873492   302.23330021
 302.59645343 302.96717405 303.32166314 303.63327026 303.93064737
 304.22358274 304.51583266 304.79289293 305.07513523 305.34405231
 305.6082809  305.87124825 306.14688277 306.36255383 306.56772375
 306.73434377 306.91171169 307.09771633 307.28986263 307.49900818
 307.72093058 307.93651938 308.1855309  308.41828346 308.59208703] spikes :(1073,)
2020-08-25 17:47:40,776 - generator - INFO - rate :[261.23128653 261.46754861 261.66726232 261.86143756 262.06164479
 262.25628614 262.47702956 262.69618273 262.90239453 263.03836107
 263.25249672 263.4102881  263.58880758 263.78789067 263.95078182
 264.10204768 264.27664638 264.44293737 264.63223219 264.85760927
 265.09236336 265.2727747  265.47289968 265.65024018 265.84403157
 266.00555182 266.1644125  266.2732625  266.35252833 266.43524885
 266.50162816 266.55890465 266.58645988 266.58333421 266.57543778] spikes :(893,)
2020-08-25 17:47:46,241 - generator - INFO - rate :[308.80668879 308.9745152  309.12997603 309.25302863 309.36648488
 309.47517037 309.5674324  309.65744615 309.73004937 309.80479121
 309.83931065 309.90198851 309.95290399 309.97818351 309.99984384
 310.00587583 310.02002358 310.06290555 310.12254    310.23223996
 310.38079143 310.53104281 310.64375877 310.75197816 310.86214423
 310.9729135  311.07671857 311.12749696 311.17504001 311.21981382
 311.2581718  311.26233935 311.30694866 311.36307359 311.3913691 ] spikes :(1070,)
2020-08-25 17:47:46,393 - generator - INFO - rate :[266.577878   266.5666914  266.55772567 266.55904174 266.58429384
 266.64784908 266.73865795 266.82806849 266.92252398 267.01977611
 267.19198942 267.38111973 267.58072376 267.7984786  267.99440861
 268.15897226 268.34171414 268.51390004 268.6742413  268.82512331
 268.97932291 269.16179061 269.35168862 269.53459501 269.69617009
 269.80030417 269.90569949 270.04950762 270.21769047 270.39939046
 270.59913158 270.8157897  271.04936481 271.29706025 271.58396363] spikes :(936,)
2020-08-25 17:47:51,819 - generator - INFO - rate :[311.40751839 311.44121528 311.46600127 311.47397995 311.44247651
 311.4167583  311.38805151 311.36249781 311.31473541 311.2855351
 311.23508573 311.17320299 311.15727305 311.12187624 311.07614279
 311.05119228 311.02347255 310.9343636  310.85740089 310.80703378
 310.78671694 310.76801777 310.76661944 310.80941916 310.83853722
 310.89965224 310.95366597 311.0297513  311.08401179 311.17136598
 311.26946807 311.38042927 311.47060752 311.58384442 311.67509198] spikes :(1114,)
2020-08-25 17:47:51,975 - generator - INFO - rate :[271.88463092 272.15061426 272.42251992 272.67687798 272.9381454
 273.17161083 273.3839643  273.59922409 273.79704595 274.00986552
 274.19266224 274.36616421 274.54007745 274.72155809 274.94583845
 275.15364051 275.31559944 275.48518062 275.62701464 275.78017235
 275.95060349 276.1439836  276.32264018 276.48964405 276.68011785
 276.89918876 277.10307002 277.2519505  277.39784241 277.54104733
 277.67303824 277.7790916  277.85767198 277.95999646 278.03388834] spikes :(933,)
2020-08-25 17:47:57,704 - generator - INFO - rate :[278.15214276 278.27324867 278.3664155  278.44173312 278.44612002
 278.44771028 278.51672173 278.60794187 278.68537068 278.76238823
 278.86704326 278.94164801 279.03736472 279.10821319 279.15556431
 279.20184612 279.25314546 279.29440975 279.34707999 279.40465808
 279.48888659 279.52195287 279.56672668 279.597435   279.66430783
 279.76405501 279.86243129 279.9294138  280.01704216 280.14116406
 280.26536822 280.37912607 280.46159983 280.57713985 280.70482612] spikes :(981,)
2020-08-25 17:47:57,744 - generator - INFO - rate :[311.80812478 311.90696716 311.9714272  312.08504796 312.20560551
 312.33002901 312.47943044 312.59990573 312.7333498  312.87337422
 312.98864007 313.11651826 313.22465539 313.33824873 313.45864177
 313.57165933 313.65448952 313.70691299 313.75900745 313.80238295
 313.83240581 313.83975387 313.83056879 313.85025501 313.89541268
 313.9472878  313.96530151 313.94248962 313.90566707 313.83459926
 313.72533798 313.62885356 313.54467988 313.43429446 313.34381461] spikes :(1056,)
2020-08-25 17:48:03,545 - generator - INFO - rate :[313.25242996 313.15079093 313.04111838 312.96755552 312.88442373
 312.79196978 312.72761941 312.66691566 312.58104205 312.44927049
 312.34516382 312.27936029 312.19979286 312.13437319 312.0544219
 311.99733734 311.96317434 311.90049648 311.84955359 311.80587649
 311.74563885 311.69343472 311.64931893 311.62151694 311.60564184
 311.6036129  311.64413691 311.66193128 311.73598766 311.82498693
 311.90606236 311.95552468 312.03314543 312.13634729 312.23140597] spikes :(1112,)
2020-08-25 17:48:03,561 - generator - INFO - rate :[280.84808588 281.01736546 281.1593914  281.2582612  281.35789871
 281.4745903  281.57505035 281.69423699 281.79590344 281.8727839
 281.96896672 282.05500484 282.173177   282.2694695  282.40532637
 282.54074454 282.66651154 282.76173472 282.86649942 282.95481324
 283.02053452 283.08019638 283.14314842 283.19856048 283.2950449
 283.40052247 283.488096   283.58885765 283.67939234 283.75490189
 283.8326323  283.93654704 284.04649377 284.10914421 284.16836739] spikes :(974,)
2020-08-25 17:48:09,227 - generator - INFO - rate :[284.25851822 284.33973074 284.41000342 284.45019841 284.48836446
 284.49656248 284.53020453 284.5634079  284.58262801 284.55830812
 284.53662038 284.52759981 284.52940941 284.55674529 284.58410859
 284.58361506 284.56985116 284.51964855 284.42993641 284.30937886
 284.16935444 284.04103756 283.92426372 283.84189963 283.74988437
 283.63143802 283.55414629 283.45829248 283.38132977 283.29893827
 283.18564653 283.09949875 283.00183535 282.90828466 282.79822826] spikes :(909,)
2020-08-25 17:48:09,229 - generator - INFO - rate :[312.3115766  312.38875866 312.45332837 312.55779147 312.69186616
 312.84803987 312.99327374 313.19339871 313.40262651 313.62778425
 313.84765029 314.03398395 314.20309901 314.34205413 314.49573278
 314.66120124 314.86143589 315.11883736 315.32946348 315.5399251
 315.73867917 315.92959166 316.08513474 316.27725363 316.47784472
 316.70078158 316.89358592 317.07259893 317.23406434 317.36789227
 317.50890374 317.65476823 317.79221535 317.97838449 318.16200376] spikes :(1110,)
2020-08-25 17:48:14,837 - generator - INFO - rate :[282.67528534 282.57200122 282.50488162 282.45923042 282.42413521
 282.39076734 282.33497143 282.2965312  282.25924253 282.23963857
 282.26140857 282.25822806 282.21104145 282.11282969 282.01620817
 281.92049146 281.79269552 281.66328192 281.5663588  281.49797797
 281.44155145 281.41983628 281.43247604 281.43538237 281.48599625
 281.49978757 281.51259184 281.45923615 281.4186573  281.34791851
 281.24477148 281.12339139 281.03107452 280.96760154 280.86179495] spikes :(928,)
2020-08-25 17:48:14,943 - generator - INFO - rate :[318.33920717 318.52310061 318.71017456 318.92156839 319.094522
 319.2290628  319.36130047 319.43711162 319.49817181 319.59328532
 319.67181087 319.75039124 319.80207443 319.85904932 319.87552762
 319.89567995 319.95811105 320.02698541 320.1294744  320.27621627
 320.38871288 320.50833821 320.61145782 320.73248148 320.87225914
 321.02755547 321.19502544 321.32882595 321.46202326 321.58216953
 321.65480018 321.76315665 321.8874979  322.05535173 322.20129848] spikes :(1133,)
2020-08-25 17:48:20,669 - generator - INFO - rate :[322.31878519 322.44499087 322.5508523  322.62375712 322.68838167
 322.78681278 322.86947846 322.9528296  323.04347396 323.15536737
 323.26805592 323.42705369 323.56663942 323.71477962 323.88052225
 324.02394652 324.13792372 324.25053    324.38260317 324.51525211
 324.58716989 324.71271753 324.86727357 325.0160718  325.12733459
 325.27459741 325.4050529  325.53134084 325.62014818 325.65806746
 325.72430968 325.81062198 325.86044073 325.90688705 325.98459005] spikes :(1179,)
2020-08-25 17:48:20,704 - generator - INFO - rate :[280.77904701 280.69262505 280.62583447 280.61834931 280.58245897
 280.5802381  280.56085348 280.54064631 280.55109262 280.53436756
 280.53954959 280.5132556  280.46982527 280.42642236 280.34989834
 280.23057461 280.10639787 279.97130871 279.82848763 279.70433831
 279.54627275 279.37392235 279.1948545  279.04934645 278.91831517
 278.76559615 278.6303699  278.49577427 278.40534925 278.2973218
 278.18208337 278.07375431 277.96257377 277.89194465 277.78419137] spikes :(962,)
2020-08-25 17:48:26,364 - generator - INFO - rate :[326.04469061 326.0977447  326.13802195 326.22836471 326.29235864
 326.35860085 326.40186667 326.44485831 326.51219726 326.5651691
 326.58268929 326.60204649 326.63467407 326.64396882 326.62762761
 326.61814094 326.59151793 326.5771234  326.5512681  326.49327874
 326.47671819 326.48516297 326.48809671 326.47841811 326.49042726
 326.51318431 326.49596572 326.47946    326.45025969 326.40480042
 326.34371281 326.34461761 326.35114312 326.30705476 326.1955452 ] spikes :(1167,)
2020-08-25 17:48:26,491 - generator - INFO - rate :[277.65475035 277.5497663  277.48673201 277.4412179  277.40091324
 277.30873346 277.20843792 277.11516142 277.03471661 276.96337461
 276.85674548 276.7843616  276.7328155  276.70517802 276.65204167
 276.59794569 276.55550241 276.49959683 276.45652294 276.39291286
 276.35359526 276.30662799 276.23503923 276.16687775 276.10938191
 276.06186628 276.02205515 276.01821661 276.01270556 276.06828213
 276.1631763  276.24872088 276.32965922 276.4398253  276.55262351] spikes :(939,)
2020-08-25 17:48:32,159 - generator - INFO - rate :[276.65774465 276.70336843 276.72138214 276.72365785 276.72250628
 276.73533797 276.77572489 276.77865863 276.83215141 276.92375541
 277.0200479  277.12711573 277.23519802 277.37313867 277.52434969
 277.68307328 277.90466666 278.14863324 278.41234088 278.67407441
 278.9194119  279.1809535  279.39983249 279.59957361 279.81387377
 280.07884264 280.34529209 280.58761358 280.82746744 281.07401133
 281.3241744  281.54765964 281.79513574 282.00861335 282.23059058] spikes :(987,)
2020-08-25 17:48:32,169 - generator - INFO - rate :[326.08348727 325.95867991 325.85621834 325.77796698 325.66821218
 325.53877115 325.43872237 325.33247709 325.23909092 325.15420437
 325.05259275 324.91503596 324.77816463 324.60863829 324.42630768
 324.23509359 324.07469749 323.90497923 323.71000886 323.4966135
 323.29256773 323.09685707 322.93385625 322.80976176 322.67760634
 322.55392313 322.44822621 322.30674863 322.17980266 322.08074093
 321.97715521 321.8171978  321.62617564 321.41483665 321.17352962] spikes :(1145,)
2020-08-25 17:48:38,276 - generator - INFO - rate :[321.0035646  320.85298419 320.70149899 320.55695057 320.41467786
 320.23311496 320.03622532 319.85167384 319.66937065 319.47645664
 319.26322579 319.08903837 318.87920737 318.61769319 318.41362
 318.21659327 318.03873181 317.86292672 317.63519168 317.43473768
 317.25846648 317.0740521  316.93287611 316.77982807 316.64978385
 316.50167108 316.35852098 316.18381262 316.01302505 315.83116055
 315.69067001 315.54126859 315.37097454 315.21118164 315.00768423] spikes :(1092,)
2020-08-25 17:48:38,381 - generator - INFO - rate :[282.49591589 282.72628307 282.93153524 283.16930532 283.42525363
 283.67977619 283.96264911 284.25961494 284.60267067 284.93448496
 285.30249119 285.68239689 286.08105659 286.49707198 286.96531892
 287.38541961 287.76055455 288.14457297 288.53667974 288.93742323
 289.31749344 289.68574643 290.06872296 290.44783354 290.85661054
 291.25584602 291.63819194 292.01269627 292.40175962 292.78100729
 293.20129991 293.65520716 294.14396286 294.6507597  295.19004703] spikes :(999,)
2020-08-25 17:48:43,954 - generator - INFO - rate :[314.80594158 314.53633904 314.29366112 314.07187581 313.83764267
 313.58284593 313.32645893 313.05992723 312.81288981 312.59220123
 312.37175941 312.13725209 311.93038225 311.72526717 311.49742246
 311.24646425 311.0368526  310.83886623 310.64118147 310.46408772
 310.30895591 310.13424754 309.91745234 309.66128469 309.41838741
 309.17488694 308.94076347 308.73723865 308.50555539 308.21377158
 307.91836858 307.66968608 307.40967989 307.16453433 306.90557003] spikes :(1056,)
2020-08-25 17:48:44,162 - generator - INFO - rate :[295.76113939 296.33102536 296.91568971 297.47754216 298.06412578
 298.64456773 299.21757936 299.78137851 300.3509903  300.93044519
 301.50745988 302.05214858 302.59667277 303.12452674 303.6618948
 304.16403055 304.61108327 305.04760742 305.48654437 305.90497255
 306.31942511 306.7377162  307.1217072  307.50254512 307.83688188
 308.20329785 308.56974125 308.8830483  309.17990446 309.44624424
 309.71957564 309.99896646 310.25889039 310.46521187 310.70542216] spikes :(1099,)
2020-08-25 17:48:49,661 - generator - INFO - rate :[310.93814731 311.159302   311.34681463 311.51782155 311.68126106
 311.84039593 311.92489862 312.05039144 312.17604876 312.29970455
 312.42187977 312.50874043 312.58271456 312.66938329 312.80252576
 312.89950371 312.97778249 313.06244969 313.16140175 313.20919156
 313.26512456 313.30076814 313.33364248 313.30000043 313.26331496
 313.20074677 313.10840249 313.02746415 312.94331789 312.86451817
 312.80082583 312.7227664  312.64780521 312.57065058 312.48263836] spikes :(1106,)
2020-08-25 17:48:49,686 - generator - INFO - rate :[306.63722873 306.33870006 306.05612874 305.72376609 305.40859461
 305.11546731 304.83961344 304.5740962  304.35982347 304.13644791
 303.9452064  303.77570748 303.63645077 303.52088332 303.38447809
 303.19770575 302.98710704 302.81442761 302.65005589 302.43378162
 302.2381258  302.05494523 301.8264699  301.61949039 301.45193815
 301.28331661 301.07759833 300.88852286 300.65629125 300.43593168
 300.19276023 299.93212342 299.67557192 299.40676451 299.11473393] spikes :(1021,)
2020-08-25 17:48:56,248 - generator - INFO - rate :[298.84430885 298.61284494 298.37551355 298.11504126 297.84234047
 297.55598545 297.27130294 297.00581312 296.75112605 296.4784801
 296.24043584 296.04020119 295.84413409 295.63707232 295.44317126
 295.23106456 294.97903705 294.68851447 294.39705968 294.09510374
 293.81656289 293.56160164 293.32158327 293.16115975 292.9835999
 292.81281233 292.6457262  292.4644649  292.27829576 292.05963612
 291.84624076 291.60888195 291.37867928 291.14921689 290.89395404] spikes :(1023,)
2020-08-25 17:48:56,300 - generator - INFO - rate :[312.36984015 312.26282716 312.13519573 312.05305099 311.95201516
 311.83066249 311.69047356 311.58661366 311.47669435 311.38629675
 311.26804233 311.1162281  310.98281145 310.88832855 310.77618837
 310.65412283 310.52788973 310.35940528 310.17855525 309.98827338
 309.79368687 309.64557409 309.55262661 309.44490075 309.3185854
 309.13455486 308.99030805 308.80032778 308.62759352 308.46026063
 308.2878828  308.09392691 307.89939523 307.67804861 307.44334936] spikes :(1111,)
2020-08-25 17:49:02,086 - generator - INFO - rate :[307.21786261 306.98782444 306.77379847 306.61628127 306.48549676
 306.39282346 306.24254465 306.1188066  305.94368696 305.76689482
 305.54574013 305.31227469 305.0805366  304.84087467 304.62347627
 304.41317916 304.20650125 303.98142576 303.75125051 303.51611257
 303.26416731 303.0588603  302.86070943 302.7028358  302.54778624
 302.42369175 302.29523778 302.14715242 301.96114779 301.79417133
 301.57510042 301.37138367 301.18055344 300.98550081 300.79820752] spikes :(1068,)
2020-08-25 17:49:02,110 - generator - INFO - rate :[290.63364625 290.38460732 290.1061213  289.84743118 289.60138083
 289.36602354 289.14626718 288.91919017 288.70135307 288.46607804
 288.26998353 288.01784635 287.79107094 287.56443262 287.36480117
 287.13720322 286.90809727 286.67339802 286.41978025 286.14091039
 285.84808469 285.56677461 285.29407382 285.0148201  284.71418023
 284.47183132 284.2770803  284.07780528 283.88467193 283.70324612
 283.51532221 283.30916524 283.09678435 282.89468527 282.69047499] spikes :(984,)
2020-08-25 17:49:07,994 - generator - INFO - rate :[300.65535903 300.50645113 300.37816167 300.23767114 300.04706025
 299.83895659 299.66841578 299.53384757 299.41298842 299.31883454
 299.25459385 299.20897007 299.20995712 299.2055428  299.2191422
 299.25555348 299.272964   299.2891407  299.28456187 299.27737832
 299.25884366 299.24993277 299.21670198 299.18873549 299.1790843
 299.16227698 299.13653135 299.08621907 299.06817794 299.05520916
 299.03448105 298.99785042 298.9795351  299.02312994 299.06804085] spikes :(1042,)
2020-08-25 17:49:08,000 - generator - INFO - rate :[282.51253128 282.32436061 282.13539481 281.96329117 281.7468524
 281.53183937 281.32941127 281.12602353 280.95534563 280.72582841
 280.50834775 280.27592421 280.08309245 279.84554172 279.57635045
 279.30395126 279.04068232 278.79095793 278.56083751 278.32863331
 278.08899879 277.86896825 277.6787138  277.50754237 277.28948593
 277.10438609 276.93359852 276.69237375 276.4392221  276.17428064
 275.95806122 275.72196364 275.4712522  275.20151258 274.91937995] spikes :(951,)
2020-08-25 17:49:13,793 - generator - INFO - rate :[274.65940118 274.42039728 274.12951827 273.83378625 273.52851272
 273.23453546 272.9505384  272.65987873 272.39622593 272.14156628
 271.87325239 271.59408092 271.28184319 270.95619798 270.60601354
 270.2845633  269.96338725 269.67012286 269.38497424 269.1136992
 268.84634495 268.607862   268.35775375 268.10122967 267.8423202
 267.58069634 267.27501154 266.99200153 266.66761756 266.34572864
 266.01268053 265.71637273 265.39185166 265.06768703 264.79794741] spikes :(909,)
2020-08-25 17:49:13,826 - generator - INFO - rate :[299.11245823 299.1681993  299.18837905 299.18632269 299.18262124
 299.21417952 299.21437144 299.23419476 299.28349257 299.38134789
 299.4445467  299.49622989 299.54626799 299.60239291 299.68119264
 299.75500226 299.83854532 299.95172739 300.07612348 300.19478917
 300.27260184 300.34564376 300.38479686 300.40475726 300.40494919
 300.42071462 300.40113807 300.39724469 300.42575955 300.41306496
 300.3768456  300.35951734 300.35184026 300.3401053  300.30331016] spikes :(998,)
2020-08-25 17:49:19,661 - generator - INFO - rate :[264.54147816 264.32246208 264.08962727 263.89967442 263.70936513
 263.51549149 263.37363005 263.20643425 262.9897213  262.79957652
 262.64798164 262.53696561 262.44966626 262.41204858 262.37996936
 262.35194802 262.35707521 262.37656951 262.45249033 262.55813241
 262.65689254 262.78013706 262.90508151 262.99164057 263.0255568
 263.04718971 263.06059718 263.02980661 263.05930853 263.05933595
 263.03049207 262.99419045 262.94108152 262.88051486 262.82389641] spikes :(886,)
2020-08-25 17:49:19,736 - generator - INFO - rate :[300.22377014 300.11489272 300.01136184 299.92902517 299.85990405
 299.74921703 299.69682097 299.67727184 299.64694738 299.64316368
 299.65306163 299.68467474 299.64815378 299.61429238 299.57777143
 299.55246449 299.5284462  299.5092535  299.50393438 299.49768305
 299.52551246 299.51407909 299.55175161 299.61333275 299.72018123
 299.82815385 299.90325212 299.90273118 299.91271138 299.89275098
 299.85675097 299.85702515 299.8444128  299.84482408 299.83256817] spikes :(1054,)
2020-08-25 17:49:25,572 - generator - INFO - rate :[299.81345773 299.80682254 299.83690023 299.87084389 299.88603354
 299.9089551  299.92751718 299.99578834 300.0610435  300.10661244
 300.18118978 300.25749445 300.32387376 300.42057753 300.50922036
 300.57831407 300.70876956 300.8420217  300.95525861 301.05758309
 301.15508199 301.23245597 301.3331902  301.40859008 301.48961067
 301.59220934 301.6813457  301.74443483 301.85758948 301.94505334
 302.01551795 302.11644411 302.2319293  302.31289506 302.43071079] spikes :(1024,)
2020-08-25 17:49:25,575 - generator - INFO - rate :[262.77616143 262.75713325 262.77169228 262.77026653 262.79968619
 262.85542727 262.88906932 262.90738463 262.93587208 262.95454383
 262.95832753 262.98558116 262.9773283  262.98777461 263.01044941
 263.05516839 263.14748526 263.2957077  263.45454097 263.59670401
 263.7138617  263.8851428  264.07035232 264.27949786 264.47592139
 264.64997172 264.84655976 265.03601909 265.23778915 265.44531703
 265.61865449 265.82664847 266.03702784 266.25324726 266.45208359] spikes :(923,)
2020-08-25 17:49:31,507 - generator - INFO - rate :[302.53481746 302.60807872 302.66839862 302.74316788 302.81031489
 302.87392497 302.91864395 302.94375896 302.96152592 302.99267292
 303.05041552 303.09971333 303.21497917 303.3414042  303.4599328
 303.6074698  303.79928708 303.93495202 304.0274334  304.15174723
 304.27954316 304.39420581 304.48556304 304.58177328 304.666605
 304.74334836 304.82850909 304.91495848 304.99205828 305.09281993
 305.16331196 305.22407055 305.26656866 305.28677583 305.26489615] spikes :(1068,)
2020-08-25 17:49:31,570 - generator - INFO - rate :[266.66948199 266.8741858  267.07225442 267.24874496 267.45251656
 267.67101169 267.84569263 268.01014662 268.12755108 268.28460217
 268.44392896 268.57284904 268.68249416 268.74451399 268.83005857
 268.89778137 269.01118279 269.12085533 269.15137172 269.15671825
 269.15175557 269.12672281 269.09094214 269.04030085 268.97312641
 268.91867399 268.86611342 268.8335681  268.78065109 268.68460536
 268.57087493 268.43896627 268.32104087 268.1966722  268.04296613] spikes :(923,)
2020-08-25 17:49:37,393 - generator - INFO - rate :[267.92534232 267.84574747 267.77947783 267.69034147 267.61167884
 267.56303906 267.47861862 267.38355994 267.28293538 267.21850276
 267.13301301 267.05251336 266.96058035 266.87914848 266.77325964
 266.67397857 266.57634258 266.47837758 266.39003634 266.32686496
 266.26500964 266.23920918 266.20164633 266.15350008 266.11434698
 266.07472777 266.04355335 266.01136446 266.01119995 266.00223422
 265.99801183 266.01972699 266.02134466 266.03922129 266.08413219] spikes :(868,)
2020-08-25 17:49:37,412 - generator - INFO - rate :[305.27265549 305.26796699 305.21565318 305.14351606 305.06150842
 305.01646042 304.98945355 304.98843908 305.01500726 305.01607656
 305.01533628 304.99304533 304.96546268 304.94958758 304.92710471
 304.92145658 304.9098587  304.89502549 304.88619685 304.87380385
 304.83736515 304.83344436 304.85691428 304.85107422 304.82612371
 304.82297063 304.77649689 304.7095418  304.61859584 304.49403524
 304.37652111 304.25911665 304.155339   304.0614593  303.95485759] spikes :(979,)
2020-08-25 17:49:43,226 - generator - INFO - rate :[303.84192228 303.73214006 303.63102198 303.52203488 303.40619326
 303.32097769 303.21920156 303.11457396 303.03947568 302.98392653
 302.92300344 302.85604835 302.81620979 302.80441999 302.83246875
 302.8918016  303.01211238 303.12205911 303.2392168  303.35705996
 303.47575307 303.60393286 303.74828935 303.92998934 304.10908461
 304.32121873 304.54788446 304.7990346  305.03990293 305.2676928
 305.50233722 305.69012403 305.87530613 306.06613636 306.2188828 ] spikes :(986,)
2020-08-25 17:49:43,255 - generator - INFO - rate :[266.14447951 266.19665623 266.21705532 266.19462729 266.19451761
 266.23509645 266.30177736 266.36856794 266.49052382 266.6490829
 266.83157802 267.00957656 267.21428037 267.40327358 267.5937748
 267.79433846 268.01653504 268.18485498 268.35649252 268.51869822
 268.70303035 268.87047291 269.02415156 269.16922092 269.28977847
 269.42409992 269.56522107 269.72301245 269.87296224 270.06009102
 270.30197382 270.55367231 270.79898238 271.01742268 271.24120951] spikes :(901,)
2020-08-25 17:49:49,113 - generator - INFO - rate :[271.42833829 271.70347929 272.05314279 272.40881085 272.76179194
 273.15280199 273.53849292 273.87080073 274.22016263 274.56735849
 274.91894126 275.26600003 275.63699484 275.98092794 276.34696007
 276.7128551  277.05122232 277.41632223 277.80771613 278.14558983
 278.47998142 278.78445983 279.10969377 279.4055903  279.70217228
 280.00133157 280.3672266  280.70279717 281.03121161 281.34273648
 281.63981199 281.9519949  282.27402091 282.58132339 282.89013386] spikes :(921,)
2020-08-25 17:49:49,155 - generator - INFO - rate :[306.39350891 306.53707027 306.6588068  306.75301552 306.84788227
 306.90696836 306.9842875  307.08902478 307.19664097 307.32059836
 307.42788553 307.48239279 307.53374696 307.59502649 307.63371348
 307.65778661 307.71393895 307.78958559 307.82731295 307.84798622
 307.86043406 307.88571358 307.89843559 307.89127946 307.86945462
 307.87644625 307.88033962 307.90619493 307.93254375 307.96094894
 308.03229094 308.09444785 308.12962532 308.14459562 308.17475557] spikes :(1021,)
2020-08-25 17:49:55,139 - generator - INFO - rate :[308.23894143 308.26515317 308.29056978 308.32223773 308.38195443
 308.44317913 308.47248912 308.53475571 308.59041452 308.62230182
 308.6525166  308.69893551 308.76153111 308.85960579 308.94822121
 309.04232025 309.12194252 309.19874072 309.2975831  309.40256715
 309.48260069 309.5340097  309.59136844 309.63808894 309.70594883
 309.79832053 309.90248203 309.9473381  309.96812105 310.00442266
 310.0412178  310.04829168 310.05413175 310.08393526 310.13641357] spikes :(1001,)
2020-08-25 17:49:55,174 - generator - INFO - rate :[283.18243861 283.4734273  283.77190113 284.07958746 284.42373991
 284.78097081 285.15961528 285.52721024 285.90475798 286.25675201
 286.56049013 286.82713151 287.15379119 287.53811121 287.90641904
 288.28064919 288.63143682 289.00533795 289.39028859 289.73540068
 290.10148764 290.46099424 290.78784585 291.1381948  291.50957346
 291.86990261 292.23450899 292.60237813 292.9768002  293.34135175
 293.68355751 294.01745558 294.33084488 294.64640021 294.98495936] spikes :(1040,)
2020-08-25 17:50:00,934 - generator - INFO - rate :[310.17652631 310.22661924 310.26009679 310.31600237 310.36510825
 310.44404507 310.52191257 310.607512   310.68154097 310.76996446
 310.88109016 311.002388   311.10627532 311.22540712 311.35487556
 311.51187181 311.69847965 311.88593745 312.04948664 312.19685912
 312.32432604 312.45105267 312.58211136 312.67744422 312.73110151
 312.78281212 312.80373216 312.78484106 312.72550821 312.66993165
 312.63371229 312.57742286 312.5667572  312.54783869 312.55195141] spikes :(1128,)
2020-08-25 17:50:01,091 - generator - INFO - rate :[295.31652689 295.61546683 295.93823314 296.2142241  296.44300103
 296.66294932 296.89452291 297.18756795 297.47918725 297.75904417
 298.01438928 298.25953484 298.53028893 298.77609253 298.99587631
 299.23043847 299.49074626 299.74228024 299.99811888 300.26273131
 300.51034451 300.78356624 301.04812384 301.34698153 301.67320251
 302.05423236 302.4529469  302.87115574 303.27107668 303.6800456
 304.07563448 304.42310452 304.8090148  305.1945138  305.56833267] spikes :(1027,)
2020-08-25 17:50:05,845 - generator - INFO - rate :[305.91909289 306.29436493 306.69020057 307.07633018 307.47526407
 307.88442492 308.29095364 308.66422415 308.9779973  309.29484129
 309.6195817  309.92743254 310.2134037  310.49964905 310.73744655
 310.97403765 311.22143149 311.46915436 311.69634104 311.89279199
 312.10958719 312.32004881 312.51819968 312.71215558 312.93926001
 313.18300724 313.41203094 313.62177968 313.85601282 314.04037237
 314.19465423 314.31606174 314.49181199 314.64949369 314.84402537] spikes :(1047,)
2020-08-25 17:50:06,962 - generator - INFO - rate :[312.58556604 312.64361024 312.70584941 312.80406117 312.86616325
 312.92582512 312.99250603 313.08306813 313.1800735  313.27277422
 313.37158918 313.45277429 313.49124193 313.52957249 313.546983
 313.55844378 313.57459307 313.5914278  313.61569285 313.67475152
 313.69517803 313.74329686 313.79944921 313.84457946 313.88680339
 313.95241499 314.00335789 314.05013323 314.09657955 314.14080501
 314.20496345 314.2739749  314.40059185 314.45243955 314.50187445] spikes :(1039,)
2020-08-25 17:50:12,885 - generator - INFO - rate :[314.99254942 315.1258564  315.27942538 315.39937973 315.53764939
 315.69297314 315.8403182  316.03501439 316.21043563 316.35849357
 316.49245858 316.60569549 316.69176102 316.73883796 316.78188443
 316.82443738 316.85618758 316.88302994 316.89514875 316.89912438
 316.88667655 316.89040542 316.85925841 316.87192559 316.90266132
 316.93575501 316.9851625  316.98458672 316.95291877 316.94414496
 316.95195913 316.97331786 316.98735595 316.97929502 316.94757223] spikes :(1059,)
2020-08-25 17:50:12,893 - generator - INFO - rate :[314.56063151 314.62983489 314.69166279 314.7285676  314.84089971
 314.94859815 315.1143682  315.31345129 315.51738739 315.69047809
 315.84689856 315.95994353 316.0707128  316.21594667 316.34374261
 316.45881653 316.5555203  316.70061707 316.8356514  316.93230033
 317.05908179 317.15759516 317.31135607 317.46533632 317.64358163
 317.8108871  318.02924514 318.2558012  318.50878835 318.7037313
 318.90322566 319.05081749 319.15615797 319.2381382  319.33478713] spikes :(1057,)
2020-08-25 17:50:19,583 - generator - INFO - rate :[316.88453794 316.87825918 316.85731173 316.81549907 316.7868197
 316.81711674 316.84675574 316.91042066 316.96317315 316.97885633
 316.95146561 316.99410081 317.02856541 317.06585407 317.08680153
 317.11652279 317.11007953 317.08674669 317.04937577 316.99078321
 316.92887306 316.9124496  316.88651204 316.90710306 316.93131328
 316.96451664 316.97405815 316.97274208 316.93227291 316.89462781
 316.85552955 316.84173822 316.80710912 316.71471    316.61435962] spikes :(1081,)
2020-08-25 17:50:19,599 - generator - INFO - rate :[319.44366455 319.5767796  319.70728993 319.86327171 320.00529766
 320.11453152 320.23859859 320.35246611 320.44434428 320.55755377
 320.6951654  320.86263537 321.01041913 321.14556313 321.27522349
 321.44389987 321.59815431 321.72962427 321.86819553 321.99582696
 322.1227181  322.22649574 322.29918122 322.37496495 322.43799925
 322.50125289 322.58600235 322.66101837 322.71887064 322.78280973
 322.86202073 322.95266509 323.07673216 323.2049942  323.3783865 ] spikes :(1095,)
2020-08-25 17:50:26,320 - generator - INFO - rate :[323.55378032 323.74225259 323.89985204 324.03740883 324.14976835
 324.24682856 324.30728555 324.36505556 324.39255595 324.45238233
 324.48339224 324.45772886 324.47322011 324.45238233 324.43028331
 324.35696721 324.30152774 324.27347898 324.21269298 324.16786432
 324.11412477 324.03137684 323.96409273 323.92417192 323.89697313
 323.85313153 323.81134629 323.78376365 323.73597383 323.72127771
 323.72349858 323.7378931  323.7673676  323.82091522 323.87687564] spikes :(1071,)
2020-08-25 17:50:26,321 - generator - INFO - rate :[316.52368784 316.45615697 316.42243266 316.34311199 316.25548363
 316.16283774 316.03983998 315.94042182 315.83310723 315.70218563
 315.56040645 315.39726853 315.200845   315.03063321 314.89705205
 314.71877933 314.5491159  314.38309908 314.26155448 314.14768696
 314.01564121 313.92683387 313.89097095 313.8680768  313.77926946
 313.64574313 313.52748871 313.3974719  313.26918244 313.19008112
 313.07868123 312.95442224 312.83276796 312.67977476 312.533499  ] spikes :(1104,)
2020-08-25 17:50:33,119 - generator - INFO - rate :[312.38774419 312.22803354 312.102952   311.96339369 311.8084538
 311.63275838 311.46602869 311.29984736 311.13147259 310.93367815
 310.69952726 310.47776937 310.23651719 309.99038458 309.75042105
 309.53214526 309.33616042 309.12561655 308.94059896 308.71895075
 308.49480748 308.26496124 308.04778218 307.83627868 307.61183381
 307.35215664 307.08011389 306.86208487 306.64452195 306.43323779
 306.23231769 306.01941586 305.78800678 305.56098461 305.2859807 ] spikes :(956,)
2020-08-25 17:50:33,162 - generator - INFO - rate :[323.91320467 323.95065784 324.00140882 324.07837152 324.1295886
 324.20539975 324.2750144  324.30262446 324.32617664 324.35419798
 324.38767552 324.37890172 324.34580803 324.29023147 324.25409436
 324.222399   324.20860767 324.23462749 324.30084229 324.34005022
 324.38794971 324.43848133 324.48237777 324.49923992 324.56630468
 324.65182185 324.71713185 324.78323698 324.88657594 324.98018146
 325.0658083  325.13158441 325.21891117 325.3002882  325.39002776] spikes :(1149,)
2020-08-25 17:50:39,796 - generator - INFO - rate :[305.00488997 304.71176267 304.385432   304.06052709 303.75780344
 303.47780943 303.16636682 302.83331871 302.47800708 302.10673809
 301.75545692 301.40987873 301.06940031 300.74309707 300.40494919
 300.08141518 299.75661993 299.41814303 299.05647039 298.73247027
 298.4018898  298.08027506 297.73839831 297.39076376 297.05516577
 296.71271324 296.36612058 296.06438398 295.75853467 295.48588872
 295.19936919 294.95345592 294.6927917  294.39108253 294.11330938] spikes :(978,)
2020-08-25 17:50:39,804 - generator - INFO - rate :[325.49457312 325.59612989 325.65908194 325.69025636 325.73012233
 325.74624419 325.75435996 325.74654579 325.72230816 325.65203547
 325.51461577 325.33743978 325.15708327 324.96260643 324.74051952
 324.50960398 324.27172422 324.06041265 323.82508278 323.62216115
 323.43969345 323.27033162 323.13642144 322.99217463 322.84310222
 322.70022631 322.5191021  322.32111573 322.05192447 321.84763193
 321.6632998  321.48472548 321.30195618 321.12563014 320.948838  ] spikes :(1072,)
2020-08-25 17:50:46,697 - generator - INFO - rate :[320.76099634 320.59083939 320.39921403 320.25466561 320.11008978
 319.97423291 319.84561443 319.73635316 319.61875677 319.50875521
 319.37747717 319.22941923 319.08679008 318.90319824 318.79544497
 318.68511438 318.53979826 318.40059638 318.26959252 318.11265111
 317.92985439 317.75358319 317.57681847 317.35719919 317.12823033
 316.86125994 316.57715321 316.29521251 316.02994204 315.73547125
 315.48544526 315.21063328 314.93096828 314.65530634 314.41194296] spikes :(1044,)
2020-08-25 17:50:46,700 - generator - INFO - rate :[293.83496046 293.55000377 293.29794884 293.01666617 292.77176738
 292.54093409 292.42111683 292.21792102 292.0065546  291.7920351
 291.63122773 291.45901442 291.28814459 291.10907674 290.94023585
 290.78044295 290.64135075 290.51944971 290.38844585 290.2530551
 290.13699412 290.03757596 289.97404814 289.9507153  289.878304
 289.81543422 289.72909451 289.72977996 289.76956367 289.79020953
 289.79991555 289.77436185 289.7309041  289.64149356 289.55446839] spikes :(1027,)
2020-08-25 17:50:53,514 - generator - INFO - rate :[289.46612716 289.39749956 289.28804636 289.17212248 289.02894497
 288.89673471 288.77752066 288.63826394 288.52771401 288.4196043
 288.32547784 288.19628358 288.09585094 287.96651959 287.85865664
 287.72534966 287.57112265 287.3905468  287.18534946 286.95363879
 286.72645211 286.5212822  286.3320148  286.15623713 285.99490881
 285.84827662 285.70153475 285.56998253 285.41572809 285.23534417
 285.09644389 284.92680788 284.77060676 284.61051226 284.44370031] spikes :(1031,)
2020-08-25 17:50:53,547 - generator - INFO - rate :[314.15854454 313.91701818 313.70110035 313.48268747 313.27853203
 313.05197597 312.85791039 312.62847543 312.39594221 312.13437319
 311.92141652 311.71380639 311.54101729 311.37554884 311.21726394
 311.06141925 310.926193   310.81142068 310.68790197 310.59613347
 310.46126366 310.35392165 310.23679137 310.09668469 309.9432528
 309.73306537 309.54015136 309.40360904 309.24518704 309.12229896
 309.02101636 308.94350529 308.87600183 308.7737596  308.67072225] spikes :(1067,)
2020-08-25 17:51:00,182 - generator - INFO - rate :[308.53001237 308.40372443 308.25459719 308.09949279 307.90624976
 307.71566629 307.58811712 307.48030901 307.3371315  307.197299
 307.02629209 306.79268956 306.55220509 306.31687522 306.09892845
 305.89057803 305.60765028 305.34506679 305.07255793 304.78080153
 304.48482275 304.18201685 303.89623761 303.59140277 303.31557631
 303.02250385 302.76491046 302.48456001 302.23028421 301.97219729
 301.68973565 301.42855048 301.16234779 300.91780543 300.65960884] spikes :(1016,)
2020-08-25 17:51:00,195 - generator - INFO - rate :[284.24535751 284.07470703 283.96267653 283.80916238 283.61408234
 283.39816451 283.20366025 283.00858021 282.79502034 282.57534623
 282.36940861 282.13654637 281.88026905 281.5734601  281.30862832
 281.04686737 280.74545979 280.41633248 280.06625772 279.73992705
 279.45376396 279.17791009 278.93273711 278.71309042 278.50808501
 278.26960206 278.02289367 277.77223706 277.53490567 277.30004191
 277.12122083 276.90873027 276.68466926 276.45586491 276.24674678] spikes :(962,)
2020-08-25 17:51:06,813 - generator - INFO - rate :[276.01736665 275.80438256 275.62153101 275.4466033  275.27894139
 275.08202434 274.84639287 274.61536765 274.43503857 274.28794026
 274.14775133 273.98159742 273.82893324 273.66510987 273.45988512
 273.22329402 273.03627491 272.86850333 272.6823616  272.48423815
 272.31482148 272.20506668 272.1053195  271.98898435 271.9216454
 271.8637383  271.79346561 271.71617389 271.66276336 271.61461711
 271.55665517 271.50025606 271.37152791 271.22089267 271.05279207] spikes :(918,)
2020-08-25 17:51:06,845 - generator - INFO - rate :[300.41909695 300.19174576 299.94226813 299.69646454 299.45049644
 299.19136763 298.91567826 298.61210465 298.27880979 297.93471217
 297.55719185 297.17624426 296.79754496 296.4222455  296.03959799
 295.70674181 295.3301537  294.95315433 294.591043   294.23765063
 293.91304731 293.59579206 293.2737112  292.97345519 292.64032483
 292.31037498 291.94118977 291.57474637 291.24342561 290.92112541
 290.58223724 290.23907185 289.91474271 289.62046385 289.3500936 ] spikes :(967,)
2020-08-25 17:51:13,581 - generator - INFO - rate :[270.87676764 270.6818521  270.46003938 270.2098763  269.9811542
 269.74694848 269.53544497 269.37049747 269.19910669 269.00972962
 268.78714919 268.6019671  268.37864637 268.15875292 267.98856854
 267.79949307 267.58609772 267.34213114 267.12199092 266.92641735
 266.78869605 266.67595267 266.60370588 266.5013814  266.35894418
 266.22804999 266.07064247 265.88047028 265.70751667 265.54808021
 265.37490726 265.23570538 265.09104729 264.90756512 264.71920252] spikes :(927,)
2020-08-25 17:51:13,589 - generator - INFO - rate :[289.07961369 288.81856561 288.53846192 288.22584033 287.84533143
 287.48289108 287.08445072 286.69072628 286.26533389 285.82020044
 285.36711574 284.93311405 284.49730277 284.08219218 283.67119431
 283.23074937 282.8085649  282.40801334 282.01072454 281.5802598
 281.15596414 280.70871949 280.28606892 279.86122489 279.47054386
 279.0603137  278.67914677 278.3428359  277.99306273 277.6197648
 277.23061919 276.85630679 276.48728609 276.12679243 275.77880144] spikes :(990,)
2020-08-25 17:51:20,321 - generator - INFO - rate :[264.56489325 264.43621993 264.32923436 264.16689157 264.01839495
 263.85860205 263.67989063 263.47655773 263.28282118 263.0956924
 262.93315768 262.7730906  262.60515451 262.47401357 262.32527018
 262.20021605 262.0391345  261.83336139 261.60771012 261.34027362
 261.09030247 260.86862683 260.61684608 260.37268758 260.17409801
 259.9906981  259.83754039 259.64276195 259.42040086 259.20119286
 258.98450732 258.66113782 258.42205167 258.19324732 257.96606064] spikes :(919,)
2020-08-25 17:51:20,344 - generator - INFO - rate :[275.45965433 275.16351104 274.81661677 274.47331429 274.12647486
 273.77810001 273.44949365 273.14907312 272.89915681 272.68280029
 272.42635846 272.21342921 271.9964695  271.83552504 271.72428966
 271.62892938 271.52718067 271.41482115 271.2730968  271.13811731
 270.9944737  270.87942719 270.77792525 270.72347283 270.64763427
 270.60541034 270.55271268 270.46587944 270.39736152 270.33207893
 270.27436376 270.19175291 270.09685874 269.99379396 269.8917985 ] spikes :(954,)
2020-08-25 17:51:26,328 - generator - INFO - rate :[269.86646414 269.83474135 269.8017025  269.74914193 269.72495914
 269.71730947 269.72846866 269.7416842  269.78511453 269.81033921
 269.84910846 269.8552227  269.89717245 269.97789145 270.00122428
 270.03744364 270.07632256 270.09219766 270.07977724 270.09148479
 270.07766604 270.02611995 269.96037126 269.90561724 269.86819148
 269.82396603 269.79361415 269.75802541 269.72468495 269.71873522
 269.72238183 269.75629807 269.79715109 269.8564291  269.88486171] spikes :(942,)
2020-08-25 17:51:26,715 - generator - INFO - rate :[257.79107809 257.62519836 257.47190356 257.29799032 257.12333679
 256.99477315 256.83360934 256.66057348 256.48668766 256.32187724
 256.17165327 256.01487637 255.8528626  255.69249392 255.55175662
 255.42354941 255.2740109  255.11745334 255.00270844 254.89657283
 254.78909373 254.69562531 254.63730693 254.56256509 254.48036551
 254.39046144 254.33151245 254.31166172 254.29559469 254.29921389
 254.32454824 254.3392992  254.36954141 254.4293952  254.53322768] spikes :(906,)
2020-08-25 17:51:31,350 - generator - INFO - rate :[254.63568926 254.72287893 254.81618285 254.95672822 255.08965135
 255.23417234 255.35500407 255.51035523 255.64448476 255.73375821
 255.80627918 255.89056253 255.97624421 256.08331203 256.23981476
 256.40788794 256.56329393 256.73046231 256.92672133 257.10705042
 257.24337339 257.34174967 257.41673827 257.50957608 257.59045959
 257.70641088 257.77336597 257.86302328 257.94267297 258.00927162
 258.03880095 258.06504011 258.10106754 258.12812924 258.12168598] spikes :(889,)
2020-08-25 17:51:32,684 - generator - INFO - rate :[269.9067688  269.93832707 269.93928671 269.94178176 269.96780157
 270.0221169  270.13760209 270.2437377  270.35154581 270.49661517
 270.64938903 270.79796791 270.92241883 271.00223303 271.11308455
 271.21614933 271.29519582 271.38924003 271.4735508  271.54206872
 271.63158894 271.6912508  271.73547626 271.78666592 271.836375
 271.88723564 271.93214655 271.9905746  272.07573533 272.16569424
 272.2630012  272.37377048 272.43979335 272.4661696  272.48804927] spikes :(951,)
2020-08-25 17:51:36,444 - generator - INFO - rate :[258.10825109 258.07356715 257.98560977 257.8960073  257.7735579
 257.66075969 257.57272005 257.5005281  257.43998885 257.35030413
 257.24584103 257.14743733 257.06970692 257.00055838 256.90525293
 256.82656288 256.75428867 256.67658567 256.61919951 256.56918883
 256.50376916 256.43314004 256.34924054 256.25187874 256.13801122
 256.02598071 255.92258692 255.81030965 255.67316413 255.54117322
 255.42437196 255.30839324 255.17223477 255.05047083 254.92478609] spikes :(912,)
2020-08-25 17:51:37,781 - generator - INFO - rate :[272.55357862 272.62275457 272.695961   272.79203415 272.8843236
 272.99004793 273.1485796  273.35254312 273.53514791 273.7006712
 273.83937955 273.96383047 274.08932328 274.19809103 274.32827234
 274.44967985 274.59935546 274.73271728 274.87474322 275.00692606
 275.19435644 275.36325216 275.53946853 275.73035359 275.95948696
 276.19566679 276.42968059 276.65944457 276.85850024 277.03658104
 277.20405102 277.35276699 277.52204657 277.67882347 277.84009695] spikes :(926,)
2020-08-25 17:51:41,717 - generator - INFO - rate :[277.98428893 278.15277338 278.32611084 278.50803018 278.73302341
 278.96964192 279.23321247 279.48277235 279.70453024 279.88913655
 280.03897667 280.22204757 280.40684581 280.56441784 280.75486422
 280.89886427 281.04365945 281.1241591  281.24054909 281.34462833
 281.4466238  281.61137938 281.77632689 281.93765521 282.11644888
 282.27286935 282.38130808 282.49377728 282.57372856 282.65230894
 282.70774841 282.74895787 282.80214906 282.83203483 282.84917116] spikes :(917,)
2020-08-25 17:51:42,801 - generator - INFO - rate :[254.81385231 254.75010514 254.73269463 254.69740748 254.66036558
 254.65861082 254.66768622 254.70127344 254.70138311 254.72241282
 254.74240065 254.73905563 254.74892616 254.75929022 254.770751
 254.7619772  254.70352173 254.60862756 254.53169227 254.43180799
 254.33658481 254.208076   254.10388708 253.96586418 253.88056636
 253.84124875 253.78822207 253.75844598 253.7725389  253.78833175
 253.79211545 253.81421447 253.84802103 253.88602257 253.9005816 ] spikes :(818,)
2020-08-25 17:51:49,406 - generator - INFO - rate :[253.90414596 253.89315128 253.90702486 253.87925029 253.89405608
 253.87771487 253.90439272 253.93811703 253.91801953 253.91272783
 253.90362501 253.91272783 253.98228765 254.06201959 254.11984444
 254.11595106 254.10997391 254.08436537 254.09568906 254.06755805
 254.02533412 253.97705078 253.90877962 253.85649323 253.75405908
 253.65102172 253.54272008 253.43005896 253.31545115 253.21833611
 253.11480522 253.00282955 252.93666959 252.83749819 252.7276063 ] spikes :(855,)
2020-08-25 17:51:49,411 - generator - INFO - rate :[282.89161444 283.01875234 283.10166478 283.17509055 283.20867777
 283.21336627 283.22129011 283.25509667 283.26384306 283.25293064
 283.27316523 283.29477072 283.36918354 283.44277382 283.54553699
 283.70072365 283.80504966 283.88302684 283.92974734 283.98647547
 284.04827595 284.10755396 284.170506   284.24036741 284.33676958
 284.39796686 284.45069194 284.46497679 284.47177649 284.46226239
 284.46105599 284.43492651 284.44051981 284.47501183 284.50232029] spikes :(944,)
