2020-08-25 17:46:09,517 - tvb_to_nest_send2015 - INFO -  Get check : status : 0
2020-08-25 17:46:09,517 - tvb_to_nest_send2015 - INFO -  TVB to Nest: start to send 
2020-08-25 17:46:10,636 - tvb_to_nest_send2015 - INFO -  end sending:
2020-08-25 17:46:12,814 - tvb_to_nest_send2015 - INFO -  Get check : status : 1
2020-08-25 17:46:13,626 - tvb_to_nest_send2015 - INFO -  TVB to Nest end sending 
2020-08-25 17:46:13,626 - tvb_to_nest_send2015 - INFO -  Get check : status : 0
2020-08-25 17:46:13,627 - tvb_to_nest_send2015 - INFO -  TVB to Nest: start to send 
2020-08-25 17:46:16,404 - tvb_to_nest_send2015 - INFO -  end sending:
2020-08-25 17:46:18,043 - tvb_to_nest_send2015 - INFO -  Get check : status : 1
2020-08-25 17:46:18,043 - tvb_to_nest_send2015 - INFO -  TVB to Nest end sending 
2020-08-25 17:46:18,044 - tvb_to_nest_send2015 - INFO -  Get check : status : 0
2020-08-25 17:46:18,044 - tvb_to_nest_send2015 - INFO -  TVB to Nest: start to send 
2020-08-25 17:46:22,514 - tvb_to_nest_send2015 - INFO -  end sending:
2020-08-25 17:46:23,162 - tvb_to_nest_send2015 - INFO -  Get check : status : 1
2020-08-25 17:46:23,162 - tvb_to_nest_send2015 - INFO -  TVB to Nest end sending 
2020-08-25 17:46:23,162 - tvb_to_nest_send2015 - INFO -  Get check : status : 0
2020-08-25 17:46:23,162 - tvb_to_nest_send2015 - INFO -  TVB to Nest: start to send 
2020-08-25 17:46:27,705 - tvb_to_nest_send2015 - INFO -  end sending:
2020-08-25 17:46:28,327 - tvb_to_nest_send2015 - INFO -  Get check : status : 1
2020-08-25 17:46:28,328 - tvb_to_nest_send2015 - INFO -  TVB to Nest end sending 
2020-08-25 17:46:28,328 - tvb_to_nest_send2015 - INFO -  Get check : status : 0
2020-08-25 17:46:28,328 - tvb_to_nest_send2015 - INFO -  TVB to Nest: start to send 
2020-08-25 17:46:32,990 - tvb_to_nest_send2015 - INFO -  end sending:
2020-08-25 17:46:33,688 - tvb_to_nest_send2015 - INFO -  Get check : status : 1
2020-08-25 17:46:33,688 - tvb_to_nest_send2015 - INFO -  TVB to Nest end sending 
2020-08-25 17:46:33,688 - tvb_to_nest_send2015 - INFO -  Get check : status : 0
2020-08-25 17:46:33,688 - tvb_to_nest_send2015 - INFO -  TVB to Nest: start to send 
2020-08-25 17:46:38,968 - tvb_to_nest_send2015 - INFO -  end sending:
2020-08-25 17:46:39,747 - tvb_to_nest_send2015 - INFO -  Get check : status : 1
2020-08-25 17:46:39,748 - tvb_to_nest_send2015 - INFO -  TVB to Nest end sending 
2020-08-25 17:46:39,748 - tvb_to_nest_send2015 - INFO -  Get check : status : 0
2020-08-25 17:46:39,748 - tvb_to_nest_send2015 - INFO -  TVB to Nest: start to send 
2020-08-25 17:46:44,675 - tvb_to_nest_send2015 - INFO -  end sending:
2020-08-25 17:46:45,431 - tvb_to_nest_send2015 - INFO -  Get check : status : 1
2020-08-25 17:46:45,431 - tvb_to_nest_send2015 - INFO -  TVB to Nest end sending 
2020-08-25 17:46:45,432 - tvb_to_nest_send2015 - INFO -  Get check : status : 0
2020-08-25 17:46:45,432 - tvb_to_nest_send2015 - INFO -  TVB to Nest: start to send 
2020-08-25 17:46:50,429 - tvb_to_nest_send2015 - INFO -  end sending:
2020-08-25 17:46:51,169 - tvb_to_nest_send2015 - INFO -  Get check : status : 1
2020-08-25 17:46:51,169 - tvb_to_nest_send2015 - INFO -  TVB to Nest end sending 
2020-08-25 17:46:51,169 - tvb_to_nest_send2015 - INFO -  Get check : status : 0
2020-08-25 17:46:51,169 - tvb_to_nest_send2015 - INFO -  TVB to Nest: start to send 
2020-08-25 17:46:56,071 - tvb_to_nest_send2015 - INFO -  end sending:
2020-08-25 17:46:56,828 - tvb_to_nest_send2015 - INFO -  Get check : status : 1
2020-08-25 17:46:56,828 - tvb_to_nest_send2015 - INFO -  TVB to Nest end sending 
2020-08-25 17:46:56,828 - tvb_to_nest_send2015 - INFO -  Get check : status : 0
2020-08-25 17:46:56,828 - tvb_to_nest_send2015 - INFO -  TVB to Nest: start to send 
2020-08-25 17:47:01,828 - tvb_to_nest_send2015 - INFO -  end sending:
2020-08-25 17:47:02,578 - tvb_to_nest_send2015 - INFO -  Get check : status : 1
2020-08-25 17:47:02,579 - tvb_to_nest_send2015 - INFO -  TVB to Nest end sending 
2020-08-25 17:47:02,579 - tvb_to_nest_send2015 - INFO -  Get check : status : 0
2020-08-25 17:47:02,579 - tvb_to_nest_send2015 - INFO -  TVB to Nest: start to send 
2020-08-25 17:47:07,475 - tvb_to_nest_send2015 - INFO -  end sending:
2020-08-25 17:47:08,123 - tvb_to_nest_send2015 - INFO -  Get check : status : 1
2020-08-25 17:47:08,124 - tvb_to_nest_send2015 - INFO -  TVB to Nest end sending 
2020-08-25 17:47:08,124 - tvb_to_nest_send2015 - INFO -  Get check : status : 0
2020-08-25 17:47:08,124 - tvb_to_nest_send2015 - INFO -  TVB to Nest: start to send 
2020-08-25 17:47:13,028 - tvb_to_nest_send2015 - INFO -  end sending:
2020-08-25 17:47:13,751 - tvb_to_nest_send2015 - INFO -  Get check : status : 1
2020-08-25 17:47:13,752 - tvb_to_nest_send2015 - INFO -  TVB to Nest end sending 
2020-08-25 17:47:13,752 - tvb_to_nest_send2015 - INFO -  Get check : status : 0
2020-08-25 17:47:13,752 - tvb_to_nest_send2015 - INFO -  TVB to Nest: start to send 
2020-08-25 17:47:18,697 - tvb_to_nest_send2015 - INFO -  end sending:
2020-08-25 17:47:19,456 - tvb_to_nest_send2015 - INFO -  Get check : status : 1
2020-08-25 17:47:19,456 - tvb_to_nest_send2015 - INFO -  TVB to Nest end sending 
2020-08-25 17:47:19,456 - tvb_to_nest_send2015 - INFO -  Get check : status : 0
2020-08-25 17:47:19,456 - tvb_to_nest_send2015 - INFO -  TVB to Nest: start to send 
2020-08-25 17:47:24,454 - tvb_to_nest_send2015 - INFO -  end sending:
2020-08-25 17:47:25,249 - tvb_to_nest_send2015 - INFO -  Get check : status : 1
2020-08-25 17:47:25,249 - tvb_to_nest_send2015 - INFO -  TVB to Nest end sending 
2020-08-25 17:47:25,249 - tvb_to_nest_send2015 - INFO -  Get check : status : 0
2020-08-25 17:47:25,250 - tvb_to_nest_send2015 - INFO -  TVB to Nest: start to send 
2020-08-25 17:47:30,170 - tvb_to_nest_send2015 - INFO -  end sending:
2020-08-25 17:47:30,883 - tvb_to_nest_send2015 - INFO -  Get check : status : 1
2020-08-25 17:47:30,883 - tvb_to_nest_send2015 - INFO -  TVB to Nest end sending 
2020-08-25 17:47:30,883 - tvb_to_nest_send2015 - INFO -  Get check : status : 0
2020-08-25 17:47:30,884 - tvb_to_nest_send2015 - INFO -  TVB to Nest: start to send 
2020-08-25 17:47:35,784 - tvb_to_nest_send2015 - INFO -  end sending:
2020-08-25 17:47:36,488 - tvb_to_nest_send2015 - INFO -  Get check : status : 1
2020-08-25 17:47:36,488 - tvb_to_nest_send2015 - INFO -  TVB to Nest end sending 
2020-08-25 17:47:36,489 - tvb_to_nest_send2015 - INFO -  Get check : status : 0
2020-08-25 17:47:36,489 - tvb_to_nest_send2015 - INFO -  TVB to Nest: start to send 
2020-08-25 17:47:41,378 - tvb_to_nest_send2015 - INFO -  end sending:
2020-08-25 17:47:42,053 - tvb_to_nest_send2015 - INFO -  Get check : status : 1
2020-08-25 17:47:42,053 - tvb_to_nest_send2015 - INFO -  TVB to Nest end sending 
2020-08-25 17:47:42,053 - tvb_to_nest_send2015 - INFO -  Get check : status : 0
2020-08-25 17:47:42,053 - tvb_to_nest_send2015 - INFO -  TVB to Nest: start to send 
2020-08-25 17:47:46,943 - tvb_to_nest_send2015 - INFO -  end sending:
2020-08-25 17:47:47,696 - tvb_to_nest_send2015 - INFO -  Get check : status : 1
2020-08-25 17:47:47,696 - tvb_to_nest_send2015 - INFO -  TVB to Nest end sending 
2020-08-25 17:47:47,696 - tvb_to_nest_send2015 - INFO -  Get check : status : 0
2020-08-25 17:47:47,696 - tvb_to_nest_send2015 - INFO -  TVB to Nest: start to send 
2020-08-25 17:47:52,630 - tvb_to_nest_send2015 - INFO -  end sending:
2020-08-25 17:47:53,368 - tvb_to_nest_send2015 - INFO -  Get check : status : 1
2020-08-25 17:47:53,368 - tvb_to_nest_send2015 - INFO -  TVB to Nest end sending 
2020-08-25 17:47:53,368 - tvb_to_nest_send2015 - INFO -  Get check : status : 0
2020-08-25 17:47:53,368 - tvb_to_nest_send2015 - INFO -  TVB to Nest: start to send 
2020-08-25 17:47:58,532 - tvb_to_nest_send2015 - INFO -  end sending:
2020-08-25 17:47:59,239 - tvb_to_nest_send2015 - INFO -  Get check : status : 1
2020-08-25 17:47:59,239 - tvb_to_nest_send2015 - INFO -  TVB to Nest end sending 
2020-08-25 17:47:59,240 - tvb_to_nest_send2015 - INFO -  Get check : status : 0
2020-08-25 17:47:59,240 - tvb_to_nest_send2015 - INFO -  TVB to Nest: start to send 
2020-08-25 17:48:04,237 - tvb_to_nest_send2015 - INFO -  end sending:
2020-08-25 17:48:04,940 - tvb_to_nest_send2015 - INFO -  Get check : status : 1
2020-08-25 17:48:04,940 - tvb_to_nest_send2015 - INFO -  TVB to Nest end sending 
2020-08-25 17:48:04,940 - tvb_to_nest_send2015 - INFO -  Get check : status : 0
2020-08-25 17:48:04,940 - tvb_to_nest_send2015 - INFO -  TVB to Nest: start to send 
2020-08-25 17:48:09,925 - tvb_to_nest_send2015 - INFO -  end sending:
2020-08-25 17:48:10,643 - tvb_to_nest_send2015 - INFO -  Get check : status : 1
2020-08-25 17:48:10,643 - tvb_to_nest_send2015 - INFO -  TVB to Nest end sending 
2020-08-25 17:48:10,644 - tvb_to_nest_send2015 - INFO -  Get check : status : 0
2020-08-25 17:48:10,644 - tvb_to_nest_send2015 - INFO -  TVB to Nest: start to send 
2020-08-25 17:48:15,715 - tvb_to_nest_send2015 - INFO -  end sending:
2020-08-25 17:48:16,423 - tvb_to_nest_send2015 - INFO -  Get check : status : 1
2020-08-25 17:48:16,424 - tvb_to_nest_send2015 - INFO -  TVB to Nest end sending 
2020-08-25 17:48:16,424 - tvb_to_nest_send2015 - INFO -  Get check : status : 0
2020-08-25 17:48:16,424 - tvb_to_nest_send2015 - INFO -  TVB to Nest: start to send 
2020-08-25 17:48:21,478 - tvb_to_nest_send2015 - INFO -  end sending:
2020-08-25 17:48:22,228 - tvb_to_nest_send2015 - INFO -  Get check : status : 1
2020-08-25 17:48:22,228 - tvb_to_nest_send2015 - INFO -  TVB to Nest end sending 
2020-08-25 17:48:22,228 - tvb_to_nest_send2015 - INFO -  Get check : status : 0
2020-08-25 17:48:22,228 - tvb_to_nest_send2015 - INFO -  TVB to Nest: start to send 
2020-08-25 17:48:27,227 - tvb_to_nest_send2015 - INFO -  end sending:
2020-08-25 17:48:27,955 - tvb_to_nest_send2015 - INFO -  Get check : status : 1
2020-08-25 17:48:27,956 - tvb_to_nest_send2015 - INFO -  TVB to Nest end sending 
2020-08-25 17:48:27,956 - tvb_to_nest_send2015 - INFO -  Get check : status : 0
2020-08-25 17:48:27,956 - tvb_to_nest_send2015 - INFO -  TVB to Nest: start to send 
2020-08-25 17:48:33,090 - tvb_to_nest_send2015 - INFO -  end sending:
2020-08-25 17:48:34,113 - tvb_to_nest_send2015 - INFO -  Get check : status : 1
2020-08-25 17:48:34,113 - tvb_to_nest_send2015 - INFO -  TVB to Nest end sending 
2020-08-25 17:48:34,113 - tvb_to_nest_send2015 - INFO -  Get check : status : 0
2020-08-25 17:48:34,113 - tvb_to_nest_send2015 - INFO -  TVB to Nest: start to send 
2020-08-25 17:48:39,056 - tvb_to_nest_send2015 - INFO -  end sending:
2020-08-25 17:48:39,826 - tvb_to_nest_send2015 - INFO -  Get check : status : 1
2020-08-25 17:48:39,826 - tvb_to_nest_send2015 - INFO -  TVB to Nest end sending 
2020-08-25 17:48:39,827 - tvb_to_nest_send2015 - INFO -  Get check : status : 0
2020-08-25 17:48:39,827 - tvb_to_nest_send2015 - INFO -  TVB to Nest: start to send 
2020-08-25 17:48:44,719 - tvb_to_nest_send2015 - INFO -  end sending:
2020-08-25 17:48:45,412 - tvb_to_nest_send2015 - INFO -  Get check : status : 1
2020-08-25 17:48:45,412 - tvb_to_nest_send2015 - INFO -  TVB to Nest end sending 
2020-08-25 17:48:45,412 - tvb_to_nest_send2015 - INFO -  Get check : status : 0
2020-08-25 17:48:45,413 - tvb_to_nest_send2015 - INFO -  TVB to Nest: start to send 
2020-08-25 17:48:50,461 - tvb_to_nest_send2015 - INFO -  end sending:
2020-08-25 17:48:51,195 - tvb_to_nest_send2015 - INFO -  Get check : status : 1
2020-08-25 17:48:51,196 - tvb_to_nest_send2015 - INFO -  TVB to Nest end sending 
2020-08-25 17:48:51,196 - tvb_to_nest_send2015 - INFO -  Get check : status : 0
2020-08-25 17:48:51,196 - tvb_to_nest_send2015 - INFO -  TVB to Nest: start to send 
2020-08-25 17:48:57,096 - tvb_to_nest_send2015 - INFO -  end sending:
2020-08-25 17:48:57,847 - tvb_to_nest_send2015 - INFO -  Get check : status : 1
2020-08-25 17:48:57,847 - tvb_to_nest_send2015 - INFO -  TVB to Nest end sending 
2020-08-25 17:48:57,847 - tvb_to_nest_send2015 - INFO -  Get check : status : 0
2020-08-25 17:48:57,847 - tvb_to_nest_send2015 - INFO -  TVB to Nest: start to send 
2020-08-25 17:49:02,919 - tvb_to_nest_send2015 - INFO -  end sending:
2020-08-25 17:49:03,705 - tvb_to_nest_send2015 - INFO -  Get check : status : 1
2020-08-25 17:49:03,705 - tvb_to_nest_send2015 - INFO -  TVB to Nest end sending 
2020-08-25 17:49:03,706 - tvb_to_nest_send2015 - INFO -  Get check : status : 0
2020-08-25 17:49:03,706 - tvb_to_nest_send2015 - INFO -  TVB to Nest: start to send 
2020-08-25 17:49:08,782 - tvb_to_nest_send2015 - INFO -  end sending:
2020-08-25 17:49:09,485 - tvb_to_nest_send2015 - INFO -  Get check : status : 1
2020-08-25 17:49:09,485 - tvb_to_nest_send2015 - INFO -  TVB to Nest end sending 
2020-08-25 17:49:09,486 - tvb_to_nest_send2015 - INFO -  Get check : status : 0
2020-08-25 17:49:09,486 - tvb_to_nest_send2015 - INFO -  TVB to Nest: start to send 
2020-08-25 17:49:14,631 - tvb_to_nest_send2015 - INFO -  end sending:
2020-08-25 17:49:15,401 - tvb_to_nest_send2015 - INFO -  Get check : status : 1
2020-08-25 17:49:15,401 - tvb_to_nest_send2015 - INFO -  TVB to Nest end sending 
2020-08-25 17:49:15,401 - tvb_to_nest_send2015 - INFO -  Get check : status : 0
2020-08-25 17:49:15,401 - tvb_to_nest_send2015 - INFO -  TVB to Nest: start to send 
2020-08-25 17:49:20,501 - tvb_to_nest_send2015 - INFO -  end sending:
2020-08-25 17:49:21,252 - tvb_to_nest_send2015 - INFO -  Get check : status : 1
2020-08-25 17:49:21,252 - tvb_to_nest_send2015 - INFO -  TVB to Nest end sending 
2020-08-25 17:49:21,253 - tvb_to_nest_send2015 - INFO -  Get check : status : 0
2020-08-25 17:49:21,253 - tvb_to_nest_send2015 - INFO -  TVB to Nest: start to send 
2020-08-25 17:49:26,295 - tvb_to_nest_send2015 - INFO -  end sending:
2020-08-25 17:49:27,165 - tvb_to_nest_send2015 - INFO -  Get check : status : 1
2020-08-25 17:49:27,165 - tvb_to_nest_send2015 - INFO -  TVB to Nest end sending 
2020-08-25 17:49:27,166 - tvb_to_nest_send2015 - INFO -  Get check : status : 0
2020-08-25 17:49:27,166 - tvb_to_nest_send2015 - INFO -  TVB to Nest: start to send 
2020-08-25 17:49:32,368 - tvb_to_nest_send2015 - INFO -  end sending:
2020-08-25 17:49:33,060 - tvb_to_nest_send2015 - INFO -  Get check : status : 1
2020-08-25 17:49:33,060 - tvb_to_nest_send2015 - INFO -  TVB to Nest end sending 
2020-08-25 17:49:33,060 - tvb_to_nest_send2015 - INFO -  Get check : status : 0
2020-08-25 17:49:33,060 - tvb_to_nest_send2015 - INFO -  TVB to Nest: start to send 
2020-08-25 17:49:38,149 - tvb_to_nest_send2015 - INFO -  end sending:
2020-08-25 17:49:38,892 - tvb_to_nest_send2015 - INFO -  Get check : status : 1
2020-08-25 17:49:38,892 - tvb_to_nest_send2015 - INFO -  TVB to Nest end sending 
2020-08-25 17:49:38,902 - tvb_to_nest_send2015 - INFO -  Get check : status : 0
2020-08-25 17:49:38,902 - tvb_to_nest_send2015 - INFO -  TVB to Nest: start to send 
2020-08-25 17:49:44,040 - tvb_to_nest_send2015 - INFO -  end sending:
2020-08-25 17:49:44,759 - tvb_to_nest_send2015 - INFO -  Get check : status : 1
2020-08-25 17:49:44,760 - tvb_to_nest_send2015 - INFO -  TVB to Nest end sending 
2020-08-25 17:49:44,760 - tvb_to_nest_send2015 - INFO -  Get check : status : 0
2020-08-25 17:49:44,760 - tvb_to_nest_send2015 - INFO -  TVB to Nest: start to send 
2020-08-25 17:49:49,994 - tvb_to_nest_send2015 - INFO -  end sending:
2020-08-25 17:49:50,720 - tvb_to_nest_send2015 - INFO -  Get check : status : 1
2020-08-25 17:49:50,720 - tvb_to_nest_send2015 - INFO -  TVB to Nest end sending 
2020-08-25 17:49:50,720 - tvb_to_nest_send2015 - INFO -  Get check : status : 0
2020-08-25 17:49:50,720 - tvb_to_nest_send2015 - INFO -  TVB to Nest: start to send 
2020-08-25 17:49:55,956 - tvb_to_nest_send2015 - INFO -  end sending:
2020-08-25 17:49:56,663 - tvb_to_nest_send2015 - INFO -  Get check : status : 1
2020-08-25 17:49:56,663 - tvb_to_nest_send2015 - INFO -  TVB to Nest end sending 
2020-08-25 17:49:56,663 - tvb_to_nest_send2015 - INFO -  Get check : status : 0
2020-08-25 17:49:56,664 - tvb_to_nest_send2015 - INFO -  TVB to Nest: start to send 
2020-08-25 17:50:01,948 - tvb_to_nest_send2015 - INFO -  end sending:
2020-08-25 17:50:02,657 - tvb_to_nest_send2015 - INFO -  Get check : status : 1
2020-08-25 17:50:02,658 - tvb_to_nest_send2015 - INFO -  TVB to Nest end sending 
2020-08-25 17:50:02,658 - tvb_to_nest_send2015 - INFO -  Get check : status : 0
2020-08-25 17:50:02,658 - tvb_to_nest_send2015 - INFO -  TVB to Nest: start to send 
2020-08-25 17:50:06,703 - tvb_to_nest_send2015 - INFO -  end sending:
2020-08-25 17:50:07,736 - tvb_to_nest_send2015 - INFO -  Get check : status : 1
2020-08-25 17:50:07,736 - tvb_to_nest_send2015 - INFO -  TVB to Nest end sending 
2020-08-25 17:50:07,736 - tvb_to_nest_send2015 - INFO -  Get check : status : 0
2020-08-25 17:50:07,736 - tvb_to_nest_send2015 - INFO -  TVB to Nest: start to send 
2020-08-25 17:50:13,663 - tvb_to_nest_send2015 - INFO -  end sending:
2020-08-25 17:50:14,368 - tvb_to_nest_send2015 - INFO -  Get check : status : 1
2020-08-25 17:50:14,369 - tvb_to_nest_send2015 - INFO -  TVB to Nest end sending 
2020-08-25 17:50:14,369 - tvb_to_nest_send2015 - INFO -  Get check : status : 0
2020-08-25 17:50:14,369 - tvb_to_nest_send2015 - INFO -  TVB to Nest: start to send 
2020-08-25 17:50:20,321 - tvb_to_nest_send2015 - INFO -  end sending:
2020-08-25 17:50:21,056 - tvb_to_nest_send2015 - INFO -  Get check : status : 1
2020-08-25 17:50:21,056 - tvb_to_nest_send2015 - INFO -  TVB to Nest end sending 
2020-08-25 17:50:21,056 - tvb_to_nest_send2015 - INFO -  Get check : status : 0
2020-08-25 17:50:21,056 - tvb_to_nest_send2015 - INFO -  TVB to Nest: start to send 
2020-08-25 17:50:27,149 - tvb_to_nest_send2015 - INFO -  end sending:
2020-08-25 17:50:27,917 - tvb_to_nest_send2015 - INFO -  Get check : status : 1
2020-08-25 17:50:27,917 - tvb_to_nest_send2015 - INFO -  TVB to Nest end sending 
2020-08-25 17:50:27,917 - tvb_to_nest_send2015 - INFO -  Get check : status : 0
2020-08-25 17:50:27,917 - tvb_to_nest_send2015 - INFO -  TVB to Nest: start to send 
2020-08-25 17:50:33,867 - tvb_to_nest_send2015 - INFO -  end sending:
2020-08-25 17:50:34,550 - tvb_to_nest_send2015 - INFO -  Get check : status : 1
2020-08-25 17:50:34,550 - tvb_to_nest_send2015 - INFO -  TVB to Nest end sending 
2020-08-25 17:50:34,552 - tvb_to_nest_send2015 - INFO -  Get check : status : 0
2020-08-25 17:50:34,552 - tvb_to_nest_send2015 - INFO -  TVB to Nest: start to send 
2020-08-25 17:50:40,659 - tvb_to_nest_send2015 - INFO -  end sending:
2020-08-25 17:50:41,419 - tvb_to_nest_send2015 - INFO -  Get check : status : 1
2020-08-25 17:50:41,419 - tvb_to_nest_send2015 - INFO -  TVB to Nest end sending 
2020-08-25 17:50:41,419 - tvb_to_nest_send2015 - INFO -  Get check : status : 0
2020-08-25 17:50:41,419 - tvb_to_nest_send2015 - INFO -  TVB to Nest: start to send 
2020-08-25 17:50:47,542 - tvb_to_nest_send2015 - INFO -  end sending:
2020-08-25 17:50:48,319 - tvb_to_nest_send2015 - INFO -  Get check : status : 1
2020-08-25 17:50:48,319 - tvb_to_nest_send2015 - INFO -  TVB to Nest end sending 
2020-08-25 17:50:48,320 - tvb_to_nest_send2015 - INFO -  Get check : status : 0
2020-08-25 17:50:48,320 - tvb_to_nest_send2015 - INFO -  TVB to Nest: start to send 
2020-08-25 17:50:54,260 - tvb_to_nest_send2015 - INFO -  end sending:
2020-08-25 17:50:54,976 - tvb_to_nest_send2015 - INFO -  Get check : status : 1
2020-08-25 17:50:54,976 - tvb_to_nest_send2015 - INFO -  TVB to Nest end sending 
2020-08-25 17:50:54,977 - tvb_to_nest_send2015 - INFO -  Get check : status : 0
2020-08-25 17:50:54,977 - tvb_to_nest_send2015 - INFO -  TVB to Nest: start to send 
2020-08-25 17:51:00,918 - tvb_to_nest_send2015 - INFO -  end sending:
2020-08-25 17:51:01,626 - tvb_to_nest_send2015 - INFO -  Get check : status : 1
2020-08-25 17:51:01,627 - tvb_to_nest_send2015 - INFO -  TVB to Nest end sending 
2020-08-25 17:51:01,627 - tvb_to_nest_send2015 - INFO -  Get check : status : 0
2020-08-25 17:51:01,627 - tvb_to_nest_send2015 - INFO -  TVB to Nest: start to send 
2020-08-25 17:51:07,525 - tvb_to_nest_send2015 - INFO -  end sending:
2020-08-25 17:51:08,244 - tvb_to_nest_send2015 - INFO -  Get check : status : 1
2020-08-25 17:51:08,244 - tvb_to_nest_send2015 - INFO -  TVB to Nest end sending 
2020-08-25 17:51:08,244 - tvb_to_nest_send2015 - INFO -  Get check : status : 0
2020-08-25 17:51:08,244 - tvb_to_nest_send2015 - INFO -  TVB to Nest: start to send 
2020-08-25 17:51:14,369 - tvb_to_nest_send2015 - INFO -  end sending:
2020-08-25 17:51:15,071 - tvb_to_nest_send2015 - INFO -  Get check : status : 1
2020-08-25 17:51:15,072 - tvb_to_nest_send2015 - INFO -  TVB to Nest end sending 
2020-08-25 17:51:15,072 - tvb_to_nest_send2015 - INFO -  Get check : status : 0
2020-08-25 17:51:15,072 - tvb_to_nest_send2015 - INFO -  TVB to Nest: start to send 
2020-08-25 17:51:21,102 - tvb_to_nest_send2015 - INFO -  end sending:
2020-08-25 17:51:21,804 - tvb_to_nest_send2015 - INFO -  Get check : status : 1
2020-08-25 17:51:21,804 - tvb_to_nest_send2015 - INFO -  TVB to Nest end sending 
2020-08-25 17:51:21,804 - tvb_to_nest_send2015 - INFO -  Get check : status : 0
2020-08-25 17:51:21,804 - tvb_to_nest_send2015 - INFO -  TVB to Nest: start to send 
2020-08-25 17:51:27,558 - tvb_to_nest_send2015 - INFO -  end sending:
2020-08-25 17:51:28,308 - tvb_to_nest_send2015 - INFO -  Get check : status : 1
2020-08-25 17:51:28,308 - tvb_to_nest_send2015 - INFO -  TVB to Nest end sending 
2020-08-25 17:51:28,308 - tvb_to_nest_send2015 - INFO -  Get check : status : 0
2020-08-25 17:51:28,308 - tvb_to_nest_send2015 - INFO -  TVB to Nest: start to send 
2020-08-25 17:51:32,136 - tvb_to_nest_send2015 - INFO -  end sending:
2020-08-25 17:51:33,381 - tvb_to_nest_send2015 - INFO -  Get check : status : 1
2020-08-25 17:51:33,381 - tvb_to_nest_send2015 - INFO -  TVB to Nest end sending 
2020-08-25 17:51:33,382 - tvb_to_nest_send2015 - INFO -  Get check : status : 0
2020-08-25 17:51:33,382 - tvb_to_nest_send2015 - INFO -  TVB to Nest: start to send 
2020-08-25 17:51:37,278 - tvb_to_nest_send2015 - INFO -  end sending:
2020-08-25 17:51:38,538 - tvb_to_nest_send2015 - INFO -  Get check : status : 1
2020-08-25 17:51:38,538 - tvb_to_nest_send2015 - INFO -  TVB to Nest end sending 
2020-08-25 17:51:38,538 - tvb_to_nest_send2015 - INFO -  Get check : status : 0
2020-08-25 17:51:38,538 - tvb_to_nest_send2015 - INFO -  TVB to Nest: start to send 
2020-08-25 17:51:43,565 - tvb_to_nest_send2015 - INFO -  end sending:
2020-08-25 17:51:44,331 - tvb_to_nest_send2015 - INFO -  Get check : status : 1
2020-08-25 17:51:44,332 - tvb_to_nest_send2015 - INFO -  TVB to Nest end sending 
2020-08-25 17:51:44,332 - tvb_to_nest_send2015 - INFO -  Get check : status : 0
2020-08-25 17:51:44,332 - tvb_to_nest_send2015 - INFO -  TVB to Nest: start to send 
2020-08-25 17:51:49,706 - tvb_to_nest_send2015 - INFO -  end sending:
2020-08-25 17:51:50,125 - tvb_to_nest_send2015 - INFO -  Get check : status : 1
2020-08-25 17:51:50,125 - tvb_to_nest_send2015 - INFO -  TVB to Nest end sending 
2020-08-25 17:51:50,126 - tvb_to_nest_send2015 - INFO -  Get check : status : 2
2020-08-25 17:51:50,126 - tvb_to_nest_send2015 - INFO -  TVB to Nest end simulation 
2020-08-25 17:51:50,126 - tvb_to_nest_send2015 - INFO - communication disconnect
2020-08-25 17:51:50,126 - tvb_to_nest_send2015 - INFO - end thread
