2020-12-16 12:56:14,855 - tvb_to_nest_receive2015 - INFO -  TVB to Nest: wait receive 
2020-12-16 12:56:14,855 - tvb_to_nest_receive2015 - INFO -  TVB to Nest: receive all
2020-12-16 12:56:15,048 - tvb_to_nest_receive2015 - INFO -  TVB to Nest: get time_step [3.6 7. ] status : 0
2020-12-16 12:56:15,048 - tvb_to_nest_receive2015 - INFO -  TVB to Nest: start receive
2020-12-16 12:56:15,065 - tvb_to_nest_receive2015 - INFO -  TVB to Nest: wait status
2020-12-16 12:56:15,065 - tvb_to_nest_receive2015 - INFO -  TVB to Nest: update buffer
2020-12-16 12:56:15,065 - tvb_to_nest_receive2015 - INFO -  TVB to Nest: wait receive 
2020-12-16 12:56:15,065 - tvb_to_nest_receive2015 - INFO -  TVB to Nest: receive all
2020-12-16 12:56:15,279 - tvb_to_nest_receive2015 - INFO -  TVB to Nest: get time_step [ 7.1 10.5] status : 0
2020-12-16 12:56:15,279 - tvb_to_nest_receive2015 - INFO -  TVB to Nest: start receive
2020-12-16 12:56:15,289 - tvb_to_nest_receive2015 - INFO -  TVB to Nest: wait status
2020-12-16 12:56:15,289 - tvb_to_nest_receive2015 - INFO -  TVB to Nest: update buffer
2020-12-16 12:56:15,290 - tvb_to_nest_receive2015 - INFO -  TVB to Nest: wait receive 
2020-12-16 12:56:15,290 - tvb_to_nest_receive2015 - INFO -  TVB to Nest: receive all
2020-12-16 12:56:15,563 - tvb_to_nest_receive2015 - INFO -  TVB to Nest: get time_step [10.6 14. ] status : 0
2020-12-16 12:56:15,563 - tvb_to_nest_receive2015 - INFO -  TVB to Nest: start receive
2020-12-16 12:56:15,576 - tvb_to_nest_receive2015 - INFO -  TVB to Nest: wait status
2020-12-16 12:56:15,576 - tvb_to_nest_receive2015 - INFO -  TVB to Nest: update buffer
2020-12-16 12:56:15,576 - tvb_to_nest_receive2015 - INFO -  TVB to Nest: wait receive 
2020-12-16 12:56:15,576 - tvb_to_nest_receive2015 - INFO -  TVB to Nest: receive all
2020-12-16 12:56:15,806 - tvb_to_nest_receive2015 - INFO -  TVB to Nest: get time_step [14.1 17.5] status : 0
2020-12-16 12:56:15,806 - tvb_to_nest_receive2015 - INFO -  TVB to Nest: start receive
2020-12-16 12:56:15,820 - tvb_to_nest_receive2015 - INFO -  TVB to Nest: wait status
2020-12-16 12:56:15,820 - tvb_to_nest_receive2015 - INFO -  TVB to Nest: update buffer
2020-12-16 12:56:15,821 - tvb_to_nest_receive2015 - INFO -  TVB to Nest: wait receive 
2020-12-16 12:56:15,829 - tvb_to_nest_receive2015 - INFO -  TVB to Nest: receive all
2020-12-16 12:56:16,073 - tvb_to_nest_receive2015 - INFO -  TVB to Nest: get time_step [17.6 21. ] status : 0
2020-12-16 12:56:16,073 - tvb_to_nest_receive2015 - INFO -  TVB to Nest: start receive
2020-12-16 12:56:16,120 - tvb_to_nest_receive2015 - INFO -  TVB to Nest: wait status
2020-12-16 12:56:16,120 - tvb_to_nest_receive2015 - INFO -  TVB to Nest: update buffer
2020-12-16 12:56:16,121 - tvb_to_nest_receive2015 - INFO -  TVB to Nest: wait receive 
2020-12-16 12:56:16,121 - tvb_to_nest_receive2015 - INFO -  TVB to Nest: receive all
2020-12-16 12:56:16,343 - tvb_to_nest_receive2015 - INFO -  TVB to Nest: get time_step [21.1 24.5] status : 0
2020-12-16 12:56:16,343 - tvb_to_nest_receive2015 - INFO -  TVB to Nest: start receive
2020-12-16 12:56:16,363 - tvb_to_nest_receive2015 - INFO -  TVB to Nest: wait status
2020-12-16 12:56:16,363 - tvb_to_nest_receive2015 - INFO -  TVB to Nest: update buffer
2020-12-16 12:56:16,363 - tvb_to_nest_receive2015 - INFO -  TVB to Nest: wait receive 
2020-12-16 12:56:16,363 - tvb_to_nest_receive2015 - INFO -  TVB to Nest: receive all
2020-12-16 12:56:16,588 - tvb_to_nest_receive2015 - INFO -  TVB to Nest: get time_step [24.6 28. ] status : 0
2020-12-16 12:56:16,588 - tvb_to_nest_receive2015 - INFO -  TVB to Nest: start receive
2020-12-16 12:56:16,610 - tvb_to_nest_receive2015 - INFO -  TVB to Nest: wait status
2020-12-16 12:56:16,610 - tvb_to_nest_receive2015 - INFO -  TVB to Nest: update buffer
2020-12-16 12:56:16,610 - tvb_to_nest_receive2015 - INFO -  TVB to Nest: wait receive 
2020-12-16 12:56:16,610 - tvb_to_nest_receive2015 - INFO -  TVB to Nest: receive all
2020-12-16 12:56:16,852 - tvb_to_nest_receive2015 - INFO -  TVB to Nest: get time_step [28.1 31.5] status : 0
2020-12-16 12:56:16,852 - tvb_to_nest_receive2015 - INFO -  TVB to Nest: start receive
2020-12-16 12:56:16,878 - tvb_to_nest_receive2015 - INFO -  TVB to Nest: wait status
2020-12-16 12:56:16,879 - tvb_to_nest_receive2015 - INFO -  TVB to Nest: update buffer
2020-12-16 12:56:16,879 - tvb_to_nest_receive2015 - INFO -  TVB to Nest: wait receive 
2020-12-16 12:56:16,879 - tvb_to_nest_receive2015 - INFO -  TVB to Nest: receive all
2020-12-16 12:56:17,138 - tvb_to_nest_receive2015 - INFO -  TVB to Nest: get time_step [31.6 35. ] status : 0
2020-12-16 12:56:17,138 - tvb_to_nest_receive2015 - INFO -  TVB to Nest: start receive
2020-12-16 12:56:17,190 - tvb_to_nest_receive2015 - INFO -  TVB to Nest: wait status
2020-12-16 12:56:17,190 - tvb_to_nest_receive2015 - INFO -  TVB to Nest: update buffer
2020-12-16 12:56:17,190 - tvb_to_nest_receive2015 - INFO -  TVB to Nest: wait receive 
2020-12-16 12:56:17,191 - tvb_to_nest_receive2015 - INFO -  TVB to Nest: receive all
2020-12-16 12:56:17,422 - tvb_to_nest_receive2015 - INFO -  TVB to Nest: get time_step [35.1 38.5] status : 0
2020-12-16 12:56:17,423 - tvb_to_nest_receive2015 - INFO -  TVB to Nest: start receive
2020-12-16 12:56:17,480 - tvb_to_nest_receive2015 - INFO -  TVB to Nest: wait status
2020-12-16 12:56:17,481 - tvb_to_nest_receive2015 - INFO -  TVB to Nest: update buffer
2020-12-16 12:56:17,481 - tvb_to_nest_receive2015 - INFO -  TVB to Nest: wait receive 
2020-12-16 12:56:17,481 - tvb_to_nest_receive2015 - INFO -  TVB to Nest: receive all
2020-12-16 12:56:17,718 - tvb_to_nest_receive2015 - INFO -  TVB to Nest: get time_step [38.6 42. ] status : 0
2020-12-16 12:56:17,719 - tvb_to_nest_receive2015 - INFO -  TVB to Nest: start receive
2020-12-16 12:56:17,751 - tvb_to_nest_receive2015 - INFO -  TVB to Nest: wait status
2020-12-16 12:56:17,751 - tvb_to_nest_receive2015 - INFO -  TVB to Nest: update buffer
2020-12-16 12:56:17,751 - tvb_to_nest_receive2015 - INFO -  TVB to Nest: wait receive 
2020-12-16 12:56:17,753 - tvb_to_nest_receive2015 - INFO -  TVB to Nest: receive all
2020-12-16 12:56:17,979 - tvb_to_nest_receive2015 - INFO -  TVB to Nest: get time_step [42.1 45.5] status : 0
2020-12-16 12:56:17,979 - tvb_to_nest_receive2015 - INFO -  TVB to Nest: start receive
2020-12-16 12:56:18,014 - tvb_to_nest_receive2015 - INFO -  TVB to Nest: wait status
2020-12-16 12:56:18,015 - tvb_to_nest_receive2015 - INFO -  TVB to Nest: update buffer
2020-12-16 12:56:18,015 - tvb_to_nest_receive2015 - INFO -  TVB to Nest: wait receive 
2020-12-16 12:56:18,020 - tvb_to_nest_receive2015 - INFO -  TVB to Nest: receive all
2020-12-16 12:56:18,238 - tvb_to_nest_receive2015 - INFO -  TVB to Nest: get time_step [45.6 49. ] status : 0
2020-12-16 12:56:18,238 - tvb_to_nest_receive2015 - INFO -  TVB to Nest: start receive
2020-12-16 12:56:18,273 - tvb_to_nest_receive2015 - INFO -  TVB to Nest: wait status
2020-12-16 12:56:18,273 - tvb_to_nest_receive2015 - INFO -  TVB to Nest: update buffer
2020-12-16 12:56:18,274 - tvb_to_nest_receive2015 - INFO -  TVB to Nest: wait receive 
2020-12-16 12:56:18,274 - tvb_to_nest_receive2015 - INFO -  TVB to Nest: receive all
2020-12-16 12:56:18,517 - tvb_to_nest_receive2015 - INFO -  TVB to Nest: get time_step [49.1 52.5] status : 0
2020-12-16 12:56:18,517 - tvb_to_nest_receive2015 - INFO -  TVB to Nest: start receive
2020-12-16 12:56:18,556 - tvb_to_nest_receive2015 - INFO -  TVB to Nest: wait status
2020-12-16 12:56:18,556 - tvb_to_nest_receive2015 - INFO -  TVB to Nest: update buffer
2020-12-16 12:56:18,556 - tvb_to_nest_receive2015 - INFO -  TVB to Nest: wait receive 
2020-12-16 12:56:18,556 - tvb_to_nest_receive2015 - INFO -  TVB to Nest: receive all
2020-12-16 12:56:18,763 - tvb_to_nest_receive2015 - INFO -  TVB to Nest: get time_step [52.6 56. ] status : 0
2020-12-16 12:56:18,763 - tvb_to_nest_receive2015 - INFO -  TVB to Nest: start receive
2020-12-16 12:56:18,803 - tvb_to_nest_receive2015 - INFO -  TVB to Nest: wait status
2020-12-16 12:56:18,803 - tvb_to_nest_receive2015 - INFO -  TVB to Nest: update buffer
2020-12-16 12:56:18,803 - tvb_to_nest_receive2015 - INFO -  TVB to Nest: wait receive 
2020-12-16 12:56:18,805 - tvb_to_nest_receive2015 - INFO -  TVB to Nest: receive all
2020-12-16 12:56:19,051 - tvb_to_nest_receive2015 - INFO -  TVB to Nest: get time_step [56.1 59.5] status : 0
2020-12-16 12:56:19,051 - tvb_to_nest_receive2015 - INFO -  TVB to Nest: start receive
2020-12-16 12:56:19,092 - tvb_to_nest_receive2015 - INFO -  TVB to Nest: wait status
2020-12-16 12:56:19,092 - tvb_to_nest_receive2015 - INFO -  TVB to Nest: update buffer
2020-12-16 12:56:19,092 - tvb_to_nest_receive2015 - INFO -  TVB to Nest: wait receive 
2020-12-16 12:56:19,092 - tvb_to_nest_receive2015 - INFO -  TVB to Nest: receive all
2020-12-16 12:56:19,297 - tvb_to_nest_receive2015 - INFO -  TVB to Nest: get time_step [59.6 63. ] status : 0
2020-12-16 12:56:19,297 - tvb_to_nest_receive2015 - INFO -  TVB to Nest: start receive
2020-12-16 12:56:19,346 - tvb_to_nest_receive2015 - INFO -  TVB to Nest: wait status
2020-12-16 12:56:19,346 - tvb_to_nest_receive2015 - INFO -  TVB to Nest: update buffer
2020-12-16 12:56:19,347 - tvb_to_nest_receive2015 - INFO -  TVB to Nest: wait receive 
2020-12-16 12:56:19,347 - tvb_to_nest_receive2015 - INFO -  TVB to Nest: receive all
2020-12-16 12:56:19,579 - tvb_to_nest_receive2015 - INFO -  TVB to Nest: get time_step [63.1 66.5] status : 0
2020-12-16 12:56:19,579 - tvb_to_nest_receive2015 - INFO -  TVB to Nest: start receive
2020-12-16 12:56:19,614 - tvb_to_nest_receive2015 - INFO -  TVB to Nest: wait status
2020-12-16 12:56:19,614 - tvb_to_nest_receive2015 - INFO -  TVB to Nest: update buffer
2020-12-16 12:56:19,614 - tvb_to_nest_receive2015 - INFO -  TVB to Nest: wait receive 
2020-12-16 12:56:19,614 - tvb_to_nest_receive2015 - INFO -  TVB to Nest: receive all
2020-12-16 12:56:19,876 - tvb_to_nest_receive2015 - INFO -  TVB to Nest: get time_step [66.6 70. ] status : 0
2020-12-16 12:56:19,877 - tvb_to_nest_receive2015 - INFO -  TVB to Nest: start receive
2020-12-16 12:56:19,934 - tvb_to_nest_receive2015 - INFO -  TVB to Nest: wait status
2020-12-16 12:56:19,934 - tvb_to_nest_receive2015 - INFO -  TVB to Nest: update buffer
2020-12-16 12:56:19,934 - tvb_to_nest_receive2015 - INFO -  TVB to Nest: wait receive 
2020-12-16 12:56:19,934 - tvb_to_nest_receive2015 - INFO -  TVB to Nest: receive all
2020-12-16 12:56:20,164 - tvb_to_nest_receive2015 - INFO -  TVB to Nest: get time_step [70.1 73.5] status : 0
2020-12-16 12:56:20,164 - tvb_to_nest_receive2015 - INFO -  TVB to Nest: start receive
2020-12-16 12:56:20,197 - tvb_to_nest_receive2015 - INFO -  TVB to Nest: wait status
2020-12-16 12:56:20,197 - tvb_to_nest_receive2015 - INFO -  TVB to Nest: update buffer
2020-12-16 12:56:20,197 - tvb_to_nest_receive2015 - INFO -  TVB to Nest: wait receive 
2020-12-16 12:56:20,198 - tvb_to_nest_receive2015 - INFO -  TVB to Nest: receive all
2020-12-16 12:56:20,450 - tvb_to_nest_receive2015 - INFO -  TVB to Nest: get time_step [73.6 77. ] status : 0
2020-12-16 12:56:20,450 - tvb_to_nest_receive2015 - INFO -  TVB to Nest: start receive
2020-12-16 12:56:20,486 - tvb_to_nest_receive2015 - INFO -  TVB to Nest: wait status
2020-12-16 12:56:20,487 - tvb_to_nest_receive2015 - INFO -  TVB to Nest: update buffer
2020-12-16 12:56:20,487 - tvb_to_nest_receive2015 - INFO -  TVB to Nest: wait receive 
2020-12-16 12:56:20,487 - tvb_to_nest_receive2015 - INFO -  TVB to Nest: receive all
2020-12-16 12:56:20,733 - tvb_to_nest_receive2015 - INFO -  TVB to Nest: get time_step [77.1 80.5] status : 0
2020-12-16 12:56:20,733 - tvb_to_nest_receive2015 - INFO -  TVB to Nest: start receive
2020-12-16 12:56:20,772 - tvb_to_nest_receive2015 - INFO -  TVB to Nest: wait status
2020-12-16 12:56:20,772 - tvb_to_nest_receive2015 - INFO -  TVB to Nest: update buffer
2020-12-16 12:56:20,772 - tvb_to_nest_receive2015 - INFO -  TVB to Nest: wait receive 
2020-12-16 12:56:20,772 - tvb_to_nest_receive2015 - INFO -  TVB to Nest: receive all
2020-12-16 12:56:21,007 - tvb_to_nest_receive2015 - INFO -  TVB to Nest: get time_step [80.6 84. ] status : 0
2020-12-16 12:56:21,007 - tvb_to_nest_receive2015 - INFO -  TVB to Nest: start receive
2020-12-16 12:56:21,042 - tvb_to_nest_receive2015 - INFO -  TVB to Nest: wait status
2020-12-16 12:56:21,042 - tvb_to_nest_receive2015 - INFO -  TVB to Nest: update buffer
2020-12-16 12:56:21,042 - tvb_to_nest_receive2015 - INFO -  TVB to Nest: wait receive 
2020-12-16 12:56:21,046 - tvb_to_nest_receive2015 - INFO -  TVB to Nest: receive all
2020-12-16 12:56:21,250 - tvb_to_nest_receive2015 - INFO -  TVB to Nest: get time_step [84.1 87.5] status : 0
2020-12-16 12:56:21,250 - tvb_to_nest_receive2015 - INFO -  TVB to Nest: start receive
2020-12-16 12:56:21,317 - tvb_to_nest_receive2015 - INFO -  TVB to Nest: wait status
2020-12-16 12:56:21,317 - tvb_to_nest_receive2015 - INFO -  TVB to Nest: update buffer
2020-12-16 12:56:21,317 - tvb_to_nest_receive2015 - INFO -  TVB to Nest: wait receive 
2020-12-16 12:56:21,317 - tvb_to_nest_receive2015 - INFO -  TVB to Nest: receive all
2020-12-16 12:56:21,556 - tvb_to_nest_receive2015 - INFO -  TVB to Nest: get time_step [87.6 91. ] status : 0
2020-12-16 12:56:21,556 - tvb_to_nest_receive2015 - INFO -  TVB to Nest: start receive
2020-12-16 12:56:21,592 - tvb_to_nest_receive2015 - INFO -  TVB to Nest: wait status
2020-12-16 12:56:21,592 - tvb_to_nest_receive2015 - INFO -  TVB to Nest: update buffer
2020-12-16 12:56:21,592 - tvb_to_nest_receive2015 - INFO -  TVB to Nest: wait receive 
2020-12-16 12:56:21,592 - tvb_to_nest_receive2015 - INFO -  TVB to Nest: receive all
2020-12-16 12:56:21,840 - tvb_to_nest_receive2015 - INFO -  TVB to Nest: get time_step [91.1 94.5] status : 0
2020-12-16 12:56:21,840 - tvb_to_nest_receive2015 - INFO -  TVB to Nest: start receive
2020-12-16 12:56:21,876 - tvb_to_nest_receive2015 - INFO -  TVB to Nest: wait status
2020-12-16 12:56:21,876 - tvb_to_nest_receive2015 - INFO -  TVB to Nest: update buffer
2020-12-16 12:56:21,876 - tvb_to_nest_receive2015 - INFO -  TVB to Nest: wait receive 
2020-12-16 12:56:21,878 - tvb_to_nest_receive2015 - INFO -  TVB to Nest: receive all
2020-12-16 12:56:22,121 - tvb_to_nest_receive2015 - INFO -  TVB to Nest: get time_step [94.6 98. ] status : 0
2020-12-16 12:56:22,121 - tvb_to_nest_receive2015 - INFO -  TVB to Nest: start receive
2020-12-16 12:56:22,156 - tvb_to_nest_receive2015 - INFO -  TVB to Nest: wait status
2020-12-16 12:56:22,156 - tvb_to_nest_receive2015 - INFO -  TVB to Nest: update buffer
2020-12-16 12:56:22,157 - tvb_to_nest_receive2015 - INFO -  TVB to Nest: wait receive 
2020-12-16 12:56:22,157 - tvb_to_nest_receive2015 - INFO -  TVB to Nest: receive all
2020-12-16 12:56:22,411 - tvb_to_nest_receive2015 - INFO -  TVB to Nest: get time_step [ 98.1 101.5] status : 0
2020-12-16 12:56:22,411 - tvb_to_nest_receive2015 - INFO -  TVB to Nest: start receive
2020-12-16 12:56:22,449 - tvb_to_nest_receive2015 - INFO -  TVB to Nest: wait status
2020-12-16 12:56:22,449 - tvb_to_nest_receive2015 - INFO -  TVB to Nest: update buffer
2020-12-16 12:56:22,449 - tvb_to_nest_receive2015 - INFO -  TVB to Nest: wait receive 
2020-12-16 12:56:22,449 - tvb_to_nest_receive2015 - INFO -  TVB to Nest: receive all
2020-12-16 12:56:22,667 - tvb_to_nest_receive2015 - INFO -  TVB to Nest: get time_step [101.6 105. ] status : 0
2020-12-16 12:56:22,667 - tvb_to_nest_receive2015 - INFO -  TVB to Nest: start receive
2020-12-16 12:56:22,706 - tvb_to_nest_receive2015 - INFO -  TVB to Nest: wait status
2020-12-16 12:56:22,706 - tvb_to_nest_receive2015 - INFO -  TVB to Nest: update buffer
2020-12-16 12:56:22,706 - tvb_to_nest_receive2015 - INFO -  TVB to Nest: wait receive 
2020-12-16 12:56:22,706 - tvb_to_nest_receive2015 - INFO -  TVB to Nest: receive all
2020-12-16 12:56:22,930 - tvb_to_nest_receive2015 - INFO -  TVB to Nest: get time_step [105.1 108.5] status : 0
2020-12-16 12:56:22,930 - tvb_to_nest_receive2015 - INFO -  TVB to Nest: start receive
2020-12-16 12:56:22,999 - tvb_to_nest_receive2015 - INFO -  TVB to Nest: wait status
2020-12-16 12:56:22,999 - tvb_to_nest_receive2015 - INFO -  TVB to Nest: update buffer
2020-12-16 12:56:22,999 - tvb_to_nest_receive2015 - INFO -  TVB to Nest: wait receive 
2020-12-16 12:56:22,999 - tvb_to_nest_receive2015 - INFO -  TVB to Nest: receive all
2020-12-16 12:56:23,208 - tvb_to_nest_receive2015 - INFO -  TVB to Nest: get time_step [108.6 112. ] status : 0
2020-12-16 12:56:23,208 - tvb_to_nest_receive2015 - INFO -  TVB to Nest: start receive
2020-12-16 12:56:23,251 - tvb_to_nest_receive2015 - INFO -  TVB to Nest: wait status
2020-12-16 12:56:23,251 - tvb_to_nest_receive2015 - INFO -  TVB to Nest: update buffer
2020-12-16 12:56:23,251 - tvb_to_nest_receive2015 - INFO -  TVB to Nest: wait receive 
2020-12-16 12:56:23,251 - tvb_to_nest_receive2015 - INFO -  TVB to Nest: receive all
2020-12-16 12:56:23,478 - tvb_to_nest_receive2015 - INFO -  TVB to Nest: get time_step [112.1 115.5] status : 0
2020-12-16 12:56:23,478 - tvb_to_nest_receive2015 - INFO -  TVB to Nest: start receive
2020-12-16 12:56:23,520 - tvb_to_nest_receive2015 - INFO -  TVB to Nest: wait status
2020-12-16 12:56:23,520 - tvb_to_nest_receive2015 - INFO -  TVB to Nest: update buffer
2020-12-16 12:56:23,521 - tvb_to_nest_receive2015 - INFO -  TVB to Nest: wait receive 
2020-12-16 12:56:23,521 - tvb_to_nest_receive2015 - INFO -  TVB to Nest: receive all
2020-12-16 12:56:23,768 - tvb_to_nest_receive2015 - INFO -  TVB to Nest: get time_step [115.6 119. ] status : 0
2020-12-16 12:56:23,769 - tvb_to_nest_receive2015 - INFO -  TVB to Nest: start receive
2020-12-16 12:56:23,807 - tvb_to_nest_receive2015 - INFO -  TVB to Nest: wait status
2020-12-16 12:56:23,807 - tvb_to_nest_receive2015 - INFO -  TVB to Nest: update buffer
2020-12-16 12:56:23,807 - tvb_to_nest_receive2015 - INFO -  TVB to Nest: wait receive 
2020-12-16 12:56:23,807 - tvb_to_nest_receive2015 - INFO -  TVB to Nest: receive all
2020-12-16 12:56:24,063 - tvb_to_nest_receive2015 - INFO -  TVB to Nest: get time_step [119.1 122.5] status : 0
2020-12-16 12:56:24,063 - tvb_to_nest_receive2015 - INFO -  TVB to Nest: start receive
2020-12-16 12:56:24,128 - tvb_to_nest_receive2015 - INFO -  TVB to Nest: wait status
2020-12-16 12:56:24,128 - tvb_to_nest_receive2015 - INFO -  TVB to Nest: update buffer
2020-12-16 12:56:24,128 - tvb_to_nest_receive2015 - INFO -  TVB to Nest: wait receive 
2020-12-16 12:56:24,128 - tvb_to_nest_receive2015 - INFO -  TVB to Nest: receive all
2020-12-16 12:56:24,359 - tvb_to_nest_receive2015 - INFO -  TVB to Nest: get time_step [122.6 126. ] status : 0
2020-12-16 12:56:24,359 - tvb_to_nest_receive2015 - INFO -  TVB to Nest: start receive
2020-12-16 12:56:24,394 - tvb_to_nest_receive2015 - INFO -  TVB to Nest: wait status
2020-12-16 12:56:24,394 - tvb_to_nest_receive2015 - INFO -  TVB to Nest: update buffer
2020-12-16 12:56:24,394 - tvb_to_nest_receive2015 - INFO -  TVB to Nest: wait receive 
2020-12-16 12:56:24,394 - tvb_to_nest_receive2015 - INFO -  TVB to Nest: receive all
2020-12-16 12:56:24,577 - tvb_to_nest_receive2015 - INFO -  TVB to Nest: get time_step [126.1 129.5] status : 0
2020-12-16 12:56:24,577 - tvb_to_nest_receive2015 - INFO -  TVB to Nest: start receive
2020-12-16 12:56:24,625 - tvb_to_nest_receive2015 - INFO -  TVB to Nest: wait status
2020-12-16 12:56:24,625 - tvb_to_nest_receive2015 - INFO -  TVB to Nest: update buffer
2020-12-16 12:56:24,625 - tvb_to_nest_receive2015 - INFO -  TVB to Nest: wait receive 
2020-12-16 12:56:24,625 - tvb_to_nest_receive2015 - INFO -  TVB to Nest: receive all
2020-12-16 12:56:24,816 - tvb_to_nest_receive2015 - INFO -  TVB to Nest: get time_step [129.6 133. ] status : 0
2020-12-16 12:56:24,816 - tvb_to_nest_receive2015 - INFO -  TVB to Nest: start receive
2020-12-16 12:56:24,854 - tvb_to_nest_receive2015 - INFO -  TVB to Nest: wait status
2020-12-16 12:56:24,854 - tvb_to_nest_receive2015 - INFO -  TVB to Nest: update buffer
2020-12-16 12:56:24,854 - tvb_to_nest_receive2015 - INFO -  TVB to Nest: wait receive 
2020-12-16 12:56:24,855 - tvb_to_nest_receive2015 - INFO -  TVB to Nest: receive all
2020-12-16 12:56:25,107 - tvb_to_nest_receive2015 - INFO -  TVB to Nest: get time_step [133.1 136.5] status : 0
2020-12-16 12:56:25,107 - tvb_to_nest_receive2015 - INFO -  TVB to Nest: start receive
2020-12-16 12:56:25,162 - tvb_to_nest_receive2015 - INFO -  TVB to Nest: wait status
2020-12-16 12:56:25,163 - tvb_to_nest_receive2015 - INFO -  TVB to Nest: update buffer
2020-12-16 12:56:25,163 - tvb_to_nest_receive2015 - INFO -  TVB to Nest: wait receive 
2020-12-16 12:56:25,163 - tvb_to_nest_receive2015 - INFO -  TVB to Nest: receive all
2020-12-16 12:56:25,390 - tvb_to_nest_receive2015 - INFO -  TVB to Nest: get time_step [136.6 140. ] status : 0
2020-12-16 12:56:25,390 - tvb_to_nest_receive2015 - INFO -  TVB to Nest: start receive
2020-12-16 12:56:25,427 - tvb_to_nest_receive2015 - INFO -  TVB to Nest: wait status
2020-12-16 12:56:25,427 - tvb_to_nest_receive2015 - INFO -  TVB to Nest: update buffer
2020-12-16 12:56:25,427 - tvb_to_nest_receive2015 - INFO -  TVB to Nest: wait receive 
2020-12-16 12:56:25,438 - tvb_to_nest_receive2015 - INFO -  TVB to Nest: receive all
2020-12-16 12:56:25,660 - tvb_to_nest_receive2015 - INFO -  TVB to Nest: get time_step [140.1 143.5] status : 0
2020-12-16 12:56:25,660 - tvb_to_nest_receive2015 - INFO -  TVB to Nest: start receive
2020-12-16 12:56:25,699 - tvb_to_nest_receive2015 - INFO -  TVB to Nest: wait status
2020-12-16 12:56:25,699 - tvb_to_nest_receive2015 - INFO -  TVB to Nest: update buffer
2020-12-16 12:56:25,700 - tvb_to_nest_receive2015 - INFO -  TVB to Nest: wait receive 
2020-12-16 12:56:25,700 - tvb_to_nest_receive2015 - INFO -  TVB to Nest: receive all
2020-12-16 12:56:25,922 - tvb_to_nest_receive2015 - INFO -  TVB to Nest: get time_step [143.6 147. ] status : 0
2020-12-16 12:56:25,922 - tvb_to_nest_receive2015 - INFO -  TVB to Nest: start receive
2020-12-16 12:56:25,953 - tvb_to_nest_receive2015 - INFO -  TVB to Nest: wait status
2020-12-16 12:56:25,953 - tvb_to_nest_receive2015 - INFO -  TVB to Nest: update buffer
2020-12-16 12:56:25,953 - tvb_to_nest_receive2015 - INFO -  TVB to Nest: wait receive 
2020-12-16 12:56:25,953 - tvb_to_nest_receive2015 - INFO -  TVB to Nest: receive all
2020-12-16 12:56:26,203 - tvb_to_nest_receive2015 - INFO -  TVB to Nest: get time_step [147.1 150.5] status : 0
2020-12-16 12:56:26,203 - tvb_to_nest_receive2015 - INFO -  TVB to Nest: start receive
2020-12-16 12:56:26,250 - tvb_to_nest_receive2015 - INFO -  TVB to Nest: wait status
2020-12-16 12:56:26,251 - tvb_to_nest_receive2015 - INFO -  TVB to Nest: update buffer
2020-12-16 12:56:26,251 - tvb_to_nest_receive2015 - INFO -  TVB to Nest: wait receive 
2020-12-16 12:56:26,251 - tvb_to_nest_receive2015 - INFO -  TVB to Nest: receive all
2020-12-16 12:56:26,498 - tvb_to_nest_receive2015 - INFO -  TVB to Nest: get time_step [150.6 154. ] status : 0
2020-12-16 12:56:26,498 - tvb_to_nest_receive2015 - INFO -  TVB to Nest: start receive
2020-12-16 12:56:26,568 - tvb_to_nest_receive2015 - INFO -  TVB to Nest: wait status
2020-12-16 12:56:26,568 - tvb_to_nest_receive2015 - INFO -  TVB to Nest: update buffer
2020-12-16 12:56:26,568 - tvb_to_nest_receive2015 - INFO -  TVB to Nest: wait receive 
2020-12-16 12:56:26,568 - tvb_to_nest_receive2015 - INFO -  TVB to Nest: receive all
2020-12-16 12:56:26,799 - tvb_to_nest_receive2015 - INFO -  TVB to Nest: get time_step [154.1 157.5] status : 0
2020-12-16 12:56:26,799 - tvb_to_nest_receive2015 - INFO -  TVB to Nest: start receive
2020-12-16 12:56:26,830 - tvb_to_nest_receive2015 - INFO -  TVB to Nest: wait status
2020-12-16 12:56:26,830 - tvb_to_nest_receive2015 - INFO -  TVB to Nest: update buffer
2020-12-16 12:56:26,831 - tvb_to_nest_receive2015 - INFO -  TVB to Nest: wait receive 
2020-12-16 12:56:26,831 - tvb_to_nest_receive2015 - INFO -  TVB to Nest: receive all
2020-12-16 12:56:27,087 - tvb_to_nest_receive2015 - INFO -  TVB to Nest: get time_step [157.6 161. ] status : 0
2020-12-16 12:56:27,087 - tvb_to_nest_receive2015 - INFO -  TVB to Nest: start receive
2020-12-16 12:56:27,137 - tvb_to_nest_receive2015 - INFO -  TVB to Nest: wait status
2020-12-16 12:56:27,137 - tvb_to_nest_receive2015 - INFO -  TVB to Nest: update buffer
2020-12-16 12:56:27,138 - tvb_to_nest_receive2015 - INFO -  TVB to Nest: wait receive 
2020-12-16 12:56:27,138 - tvb_to_nest_receive2015 - INFO -  TVB to Nest: receive all
2020-12-16 12:56:27,373 - tvb_to_nest_receive2015 - INFO -  TVB to Nest: get time_step [161.1 164.5] status : 0
2020-12-16 12:56:27,374 - tvb_to_nest_receive2015 - INFO -  TVB to Nest: start receive
2020-12-16 12:56:27,417 - tvb_to_nest_receive2015 - INFO -  TVB to Nest: wait status
2020-12-16 12:56:27,417 - tvb_to_nest_receive2015 - INFO -  TVB to Nest: update buffer
2020-12-16 12:56:27,418 - tvb_to_nest_receive2015 - INFO -  TVB to Nest: wait receive 
2020-12-16 12:56:27,418 - tvb_to_nest_receive2015 - INFO -  TVB to Nest: receive all
2020-12-16 12:56:27,639 - tvb_to_nest_receive2015 - INFO -  TVB to Nest: get time_step [164.6 168. ] status : 0
2020-12-16 12:56:27,639 - tvb_to_nest_receive2015 - INFO -  TVB to Nest: start receive
2020-12-16 12:56:27,683 - tvb_to_nest_receive2015 - INFO -  TVB to Nest: wait status
2020-12-16 12:56:27,683 - tvb_to_nest_receive2015 - INFO -  TVB to Nest: update buffer
2020-12-16 12:56:27,684 - tvb_to_nest_receive2015 - INFO -  TVB to Nest: wait receive 
2020-12-16 12:56:27,684 - tvb_to_nest_receive2015 - INFO -  TVB to Nest: receive all
2020-12-16 12:56:27,900 - tvb_to_nest_receive2015 - INFO -  TVB to Nest: get time_step [168.1 171.5] status : 0
2020-12-16 12:56:27,900 - tvb_to_nest_receive2015 - INFO -  TVB to Nest: start receive
2020-12-16 12:56:27,945 - tvb_to_nest_receive2015 - INFO -  TVB to Nest: wait status
2020-12-16 12:56:27,945 - tvb_to_nest_receive2015 - INFO -  TVB to Nest: update buffer
2020-12-16 12:56:27,946 - tvb_to_nest_receive2015 - INFO -  TVB to Nest: wait receive 
2020-12-16 12:56:27,948 - tvb_to_nest_receive2015 - INFO -  TVB to Nest: receive all
2020-12-16 12:56:28,191 - tvb_to_nest_receive2015 - INFO -  TVB to Nest: get time_step [171.6 175. ] status : 0
2020-12-16 12:56:28,191 - tvb_to_nest_receive2015 - INFO -  TVB to Nest: start receive
2020-12-16 12:56:28,247 - tvb_to_nest_receive2015 - INFO -  TVB to Nest: wait status
2020-12-16 12:56:28,247 - tvb_to_nest_receive2015 - INFO -  TVB to Nest: update buffer
2020-12-16 12:56:28,248 - tvb_to_nest_receive2015 - INFO -  TVB to Nest: wait receive 
2020-12-16 12:56:28,248 - tvb_to_nest_receive2015 - INFO -  TVB to Nest: receive all
2020-12-16 12:56:28,489 - tvb_to_nest_receive2015 - INFO -  TVB to Nest: get time_step [175.1 178.5] status : 0
2020-12-16 12:56:28,490 - tvb_to_nest_receive2015 - INFO -  TVB to Nest: start receive
2020-12-16 12:56:28,528 - tvb_to_nest_receive2015 - INFO -  TVB to Nest: wait status
2020-12-16 12:56:28,528 - tvb_to_nest_receive2015 - INFO -  TVB to Nest: update buffer
2020-12-16 12:56:28,528 - tvb_to_nest_receive2015 - INFO -  TVB to Nest: wait receive 
2020-12-16 12:56:28,528 - tvb_to_nest_receive2015 - INFO -  TVB to Nest: receive all
2020-12-16 12:56:28,780 - tvb_to_nest_receive2015 - INFO -  TVB to Nest: get time_step [178.6 182. ] status : 0
2020-12-16 12:56:28,780 - tvb_to_nest_receive2015 - INFO -  TVB to Nest: start receive
2020-12-16 12:56:28,818 - tvb_to_nest_receive2015 - INFO -  TVB to Nest: wait status
2020-12-16 12:56:28,818 - tvb_to_nest_receive2015 - INFO -  TVB to Nest: update buffer
2020-12-16 12:56:28,818 - tvb_to_nest_receive2015 - INFO -  TVB to Nest: wait receive 
2020-12-16 12:56:28,818 - tvb_to_nest_receive2015 - INFO -  TVB to Nest: receive all
2020-12-16 12:56:29,065 - tvb_to_nest_receive2015 - INFO -  TVB to Nest: get time_step [182.1 185.5] status : 0
2020-12-16 12:56:29,065 - tvb_to_nest_receive2015 - INFO -  TVB to Nest: start receive
2020-12-16 12:56:29,116 - tvb_to_nest_receive2015 - INFO -  TVB to Nest: wait status
2020-12-16 12:56:29,117 - tvb_to_nest_receive2015 - INFO -  TVB to Nest: update buffer
2020-12-16 12:56:29,117 - tvb_to_nest_receive2015 - INFO -  TVB to Nest: wait receive 
2020-12-16 12:56:29,124 - tvb_to_nest_receive2015 - INFO -  TVB to Nest: receive all
2020-12-16 12:56:29,359 - tvb_to_nest_receive2015 - INFO -  TVB to Nest: get time_step [185.6 189. ] status : 0
2020-12-16 12:56:29,359 - tvb_to_nest_receive2015 - INFO -  TVB to Nest: start receive
2020-12-16 12:56:29,412 - tvb_to_nest_receive2015 - INFO -  TVB to Nest: wait status
2020-12-16 12:56:29,412 - tvb_to_nest_receive2015 - INFO -  TVB to Nest: update buffer
2020-12-16 12:56:29,413 - tvb_to_nest_receive2015 - INFO -  TVB to Nest: wait receive 
2020-12-16 12:56:29,415 - tvb_to_nest_receive2015 - INFO -  TVB to Nest: receive all
2020-12-16 12:56:29,637 - tvb_to_nest_receive2015 - INFO -  TVB to Nest: get time_step [189.1 192.5] status : 0
2020-12-16 12:56:29,637 - tvb_to_nest_receive2015 - INFO -  TVB to Nest: start receive
2020-12-16 12:56:29,676 - tvb_to_nest_receive2015 - INFO -  TVB to Nest: wait status
2020-12-16 12:56:29,676 - tvb_to_nest_receive2015 - INFO -  TVB to Nest: update buffer
2020-12-16 12:56:29,676 - tvb_to_nest_receive2015 - INFO -  TVB to Nest: wait receive 
2020-12-16 12:56:29,677 - tvb_to_nest_receive2015 - INFO -  TVB to Nest: receive all
2020-12-16 12:56:29,925 - tvb_to_nest_receive2015 - INFO -  TVB to Nest: get time_step [192.6 196. ] status : 0
2020-12-16 12:56:29,925 - tvb_to_nest_receive2015 - INFO -  TVB to Nest: start receive
2020-12-16 12:56:29,991 - tvb_to_nest_receive2015 - INFO -  TVB to Nest: wait status
2020-12-16 12:56:29,991 - tvb_to_nest_receive2015 - INFO -  TVB to Nest: update buffer
2020-12-16 12:56:29,992 - tvb_to_nest_receive2015 - INFO -  TVB to Nest: wait receive 
2020-12-16 12:56:29,992 - tvb_to_nest_receive2015 - INFO -  TVB to Nest: receive all
2020-12-16 12:56:30,197 - tvb_to_nest_receive2015 - INFO -  TVB to Nest: get time_step [196.1 199.5] status : 0
2020-12-16 12:56:30,197 - tvb_to_nest_receive2015 - INFO -  TVB to Nest: start receive
2020-12-16 12:56:30,257 - tvb_to_nest_receive2015 - INFO -  TVB to Nest: wait status
2020-12-16 12:56:30,257 - tvb_to_nest_receive2015 - INFO -  TVB to Nest: update buffer
2020-12-16 12:56:30,258 - tvb_to_nest_receive2015 - INFO -  TVB to Nest: wait receive 
2020-12-16 12:56:30,258 - tvb_to_nest_receive2015 - INFO -  TVB to Nest: receive all
2020-12-16 12:56:30,481 - tvb_to_nest_receive2015 - INFO -  TVB to Nest: get time_step [199.6 203. ] status : 0
2020-12-16 12:56:30,481 - tvb_to_nest_receive2015 - INFO -  TVB to Nest: start receive
2020-12-16 12:56:30,535 - tvb_to_nest_receive2015 - INFO -  TVB to Nest: wait status
2020-12-16 12:56:30,535 - tvb_to_nest_receive2015 - INFO -  TVB to Nest: update buffer
2020-12-16 12:56:30,535 - tvb_to_nest_receive2015 - INFO -  TVB to Nest: wait receive 
2020-12-16 12:56:30,535 - tvb_to_nest_receive2015 - INFO -  TVB to Nest: receive all
2020-12-16 12:56:30,730 - tvb_to_nest_receive2015 - INFO -  TVB to Nest: get time_step [203.1 206.5] status : 0
2020-12-16 12:56:30,730 - tvb_to_nest_receive2015 - INFO -  TVB to Nest: start receive
2020-12-16 12:56:30,756 - tvb_to_nest_receive2015 - INFO -  TVB to Nest: wait status
2020-12-16 12:56:30,756 - tvb_to_nest_receive2015 - INFO -  TVB to Nest: update buffer
2020-12-16 12:56:30,756 - tvb_to_nest_receive2015 - INFO -  TVB to Nest: wait receive 
2020-12-16 12:56:30,756 - tvb_to_nest_receive2015 - INFO -  TVB to Nest: receive all
2020-12-16 12:56:30,756 - tvb_to_nest_receive2015 - INFO -  TVB to Nest: get time_step [0. 0.] status : 1
2020-12-16 12:56:30,756 - tvb_to_nest_receive2015 - INFO - communication disconnect
2020-12-16 12:56:30,756 - tvb_to_nest_receive2015 - INFO - end thread
