2020-08-25 17:46:09,530 - tvb_to_nest_send3015 - INFO -  Get check : status : 0
2020-08-25 17:46:09,530 - tvb_to_nest_send3015 - INFO -  TVB to Nest: start to send 
2020-08-25 17:46:12,132 - tvb_to_nest_send3015 - INFO -  end sending:
2020-08-25 17:46:12,325 - tvb_to_nest_send3015 - INFO -  Get check : status : 1
2020-08-25 17:46:12,329 - tvb_to_nest_send3015 - INFO -  TVB to Nest end sending 
2020-08-25 17:46:12,513 - tvb_to_nest_send3015 - INFO -  Get check : status : 0
2020-08-25 17:46:13,190 - tvb_to_nest_send3015 - INFO -  TVB to Nest: start to send 
2020-08-25 17:46:18,021 - tvb_to_nest_send3015 - INFO -  end sending:
2020-08-25 17:46:18,050 - tvb_to_nest_send3015 - INFO -  Get check : status : 1
2020-08-25 17:46:18,050 - tvb_to_nest_send3015 - INFO -  TVB to Nest end sending 
2020-08-25 17:46:18,050 - tvb_to_nest_send3015 - INFO -  Get check : status : 0
2020-08-25 17:46:18,051 - tvb_to_nest_send3015 - INFO -  TVB to Nest: start to send 
2020-08-25 17:46:23,148 - tvb_to_nest_send3015 - INFO -  end sending:
2020-08-25 17:46:23,162 - tvb_to_nest_send3015 - INFO -  Get check : status : 1
2020-08-25 17:46:23,162 - tvb_to_nest_send3015 - INFO -  TVB to Nest end sending 
2020-08-25 17:46:23,162 - tvb_to_nest_send3015 - INFO -  Get check : status : 0
2020-08-25 17:46:23,162 - tvb_to_nest_send3015 - INFO -  TVB to Nest: start to send 
2020-08-25 17:46:28,305 - tvb_to_nest_send3015 - INFO -  end sending:
2020-08-25 17:46:28,328 - tvb_to_nest_send3015 - INFO -  Get check : status : 1
2020-08-25 17:46:28,328 - tvb_to_nest_send3015 - INFO -  TVB to Nest end sending 
2020-08-25 17:46:28,328 - tvb_to_nest_send3015 - INFO -  Get check : status : 0
2020-08-25 17:46:28,328 - tvb_to_nest_send3015 - INFO -  TVB to Nest: start to send 
2020-08-25 17:46:33,672 - tvb_to_nest_send3015 - INFO -  end sending:
2020-08-25 17:46:33,688 - tvb_to_nest_send3015 - INFO -  Get check : status : 1
2020-08-25 17:46:33,688 - tvb_to_nest_send3015 - INFO -  TVB to Nest end sending 
2020-08-25 17:46:33,688 - tvb_to_nest_send3015 - INFO -  Get check : status : 0
2020-08-25 17:46:33,688 - tvb_to_nest_send3015 - INFO -  TVB to Nest: start to send 
2020-08-25 17:46:39,734 - tvb_to_nest_send3015 - INFO -  end sending:
2020-08-25 17:46:39,748 - tvb_to_nest_send3015 - INFO -  Get check : status : 1
2020-08-25 17:46:39,748 - tvb_to_nest_send3015 - INFO -  TVB to Nest end sending 
2020-08-25 17:46:39,748 - tvb_to_nest_send3015 - INFO -  Get check : status : 0
2020-08-25 17:46:39,748 - tvb_to_nest_send3015 - INFO -  TVB to Nest: start to send 
2020-08-25 17:46:45,418 - tvb_to_nest_send3015 - INFO -  end sending:
2020-08-25 17:46:45,434 - tvb_to_nest_send3015 - INFO -  Get check : status : 1
2020-08-25 17:46:45,434 - tvb_to_nest_send3015 - INFO -  TVB to Nest end sending 
2020-08-25 17:46:45,435 - tvb_to_nest_send3015 - INFO -  Get check : status : 0
2020-08-25 17:46:45,435 - tvb_to_nest_send3015 - INFO -  TVB to Nest: start to send 
2020-08-25 17:46:51,155 - tvb_to_nest_send3015 - INFO -  end sending:
2020-08-25 17:46:51,174 - tvb_to_nest_send3015 - INFO -  Get check : status : 1
2020-08-25 17:46:51,174 - tvb_to_nest_send3015 - INFO -  TVB to Nest end sending 
2020-08-25 17:46:51,174 - tvb_to_nest_send3015 - INFO -  Get check : status : 0
2020-08-25 17:46:51,174 - tvb_to_nest_send3015 - INFO -  TVB to Nest: start to send 
2020-08-25 17:46:56,812 - tvb_to_nest_send3015 - INFO -  end sending:
2020-08-25 17:46:56,828 - tvb_to_nest_send3015 - INFO -  Get check : status : 1
2020-08-25 17:46:56,828 - tvb_to_nest_send3015 - INFO -  TVB to Nest end sending 
2020-08-25 17:46:56,828 - tvb_to_nest_send3015 - INFO -  Get check : status : 0
2020-08-25 17:46:56,828 - tvb_to_nest_send3015 - INFO -  TVB to Nest: start to send 
2020-08-25 17:47:02,564 - tvb_to_nest_send3015 - INFO -  end sending:
2020-08-25 17:47:02,582 - tvb_to_nest_send3015 - INFO -  Get check : status : 1
2020-08-25 17:47:02,583 - tvb_to_nest_send3015 - INFO -  TVB to Nest end sending 
2020-08-25 17:47:02,583 - tvb_to_nest_send3015 - INFO -  Get check : status : 0
2020-08-25 17:47:02,583 - tvb_to_nest_send3015 - INFO -  TVB to Nest: start to send 
2020-08-25 17:47:08,104 - tvb_to_nest_send3015 - INFO -  end sending:
2020-08-25 17:47:08,124 - tvb_to_nest_send3015 - INFO -  Get check : status : 1
2020-08-25 17:47:08,124 - tvb_to_nest_send3015 - INFO -  TVB to Nest end sending 
2020-08-25 17:47:08,124 - tvb_to_nest_send3015 - INFO -  Get check : status : 0
2020-08-25 17:47:08,124 - tvb_to_nest_send3015 - INFO -  TVB to Nest: start to send 
2020-08-25 17:47:13,737 - tvb_to_nest_send3015 - INFO -  end sending:
2020-08-25 17:47:13,751 - tvb_to_nest_send3015 - INFO -  Get check : status : 1
2020-08-25 17:47:13,752 - tvb_to_nest_send3015 - INFO -  TVB to Nest end sending 
2020-08-25 17:47:13,752 - tvb_to_nest_send3015 - INFO -  Get check : status : 0
2020-08-25 17:47:13,752 - tvb_to_nest_send3015 - INFO -  TVB to Nest: start to send 
2020-08-25 17:47:19,441 - tvb_to_nest_send3015 - INFO -  end sending:
2020-08-25 17:47:19,456 - tvb_to_nest_send3015 - INFO -  Get check : status : 1
2020-08-25 17:47:19,456 - tvb_to_nest_send3015 - INFO -  TVB to Nest end sending 
2020-08-25 17:47:19,456 - tvb_to_nest_send3015 - INFO -  Get check : status : 0
2020-08-25 17:47:19,456 - tvb_to_nest_send3015 - INFO -  TVB to Nest: start to send 
2020-08-25 17:47:25,214 - tvb_to_nest_send3015 - INFO -  end sending:
2020-08-25 17:47:25,249 - tvb_to_nest_send3015 - INFO -  Get check : status : 1
2020-08-25 17:47:25,249 - tvb_to_nest_send3015 - INFO -  TVB to Nest end sending 
2020-08-25 17:47:25,250 - tvb_to_nest_send3015 - INFO -  Get check : status : 0
2020-08-25 17:47:25,250 - tvb_to_nest_send3015 - INFO -  TVB to Nest: start to send 
2020-08-25 17:47:30,865 - tvb_to_nest_send3015 - INFO -  end sending:
2020-08-25 17:47:30,883 - tvb_to_nest_send3015 - INFO -  Get check : status : 1
2020-08-25 17:47:30,883 - tvb_to_nest_send3015 - INFO -  TVB to Nest end sending 
2020-08-25 17:47:30,884 - tvb_to_nest_send3015 - INFO -  Get check : status : 0
2020-08-25 17:47:30,884 - tvb_to_nest_send3015 - INFO -  TVB to Nest: start to send 
2020-08-25 17:47:36,473 - tvb_to_nest_send3015 - INFO -  end sending:
2020-08-25 17:47:36,488 - tvb_to_nest_send3015 - INFO -  Get check : status : 1
2020-08-25 17:47:36,488 - tvb_to_nest_send3015 - INFO -  TVB to Nest end sending 
2020-08-25 17:47:36,489 - tvb_to_nest_send3015 - INFO -  Get check : status : 0
2020-08-25 17:47:36,489 - tvb_to_nest_send3015 - INFO -  TVB to Nest: start to send 
2020-08-25 17:47:42,037 - tvb_to_nest_send3015 - INFO -  end sending:
2020-08-25 17:47:42,053 - tvb_to_nest_send3015 - INFO -  Get check : status : 1
2020-08-25 17:47:42,053 - tvb_to_nest_send3015 - INFO -  TVB to Nest end sending 
2020-08-25 17:47:42,053 - tvb_to_nest_send3015 - INFO -  Get check : status : 0
2020-08-25 17:47:42,053 - tvb_to_nest_send3015 - INFO -  TVB to Nest: start to send 
2020-08-25 17:47:47,676 - tvb_to_nest_send3015 - INFO -  end sending:
2020-08-25 17:47:47,696 - tvb_to_nest_send3015 - INFO -  Get check : status : 1
2020-08-25 17:47:47,696 - tvb_to_nest_send3015 - INFO -  TVB to Nest end sending 
2020-08-25 17:47:47,696 - tvb_to_nest_send3015 - INFO -  Get check : status : 0
2020-08-25 17:47:47,696 - tvb_to_nest_send3015 - INFO -  TVB to Nest: start to send 
2020-08-25 17:47:53,351 - tvb_to_nest_send3015 - INFO -  end sending:
2020-08-25 17:47:53,368 - tvb_to_nest_send3015 - INFO -  Get check : status : 1
2020-08-25 17:47:53,368 - tvb_to_nest_send3015 - INFO -  TVB to Nest end sending 
2020-08-25 17:47:53,369 - tvb_to_nest_send3015 - INFO -  Get check : status : 0
2020-08-25 17:47:53,369 - tvb_to_nest_send3015 - INFO -  TVB to Nest: start to send 
2020-08-25 17:47:59,197 - tvb_to_nest_send3015 - INFO -  end sending:
2020-08-25 17:47:59,239 - tvb_to_nest_send3015 - INFO -  Get check : status : 1
2020-08-25 17:47:59,239 - tvb_to_nest_send3015 - INFO -  TVB to Nest end sending 
2020-08-25 17:47:59,240 - tvb_to_nest_send3015 - INFO -  Get check : status : 0
2020-08-25 17:47:59,240 - tvb_to_nest_send3015 - INFO -  TVB to Nest: start to send 
2020-08-25 17:48:04,924 - tvb_to_nest_send3015 - INFO -  end sending:
2020-08-25 17:48:04,946 - tvb_to_nest_send3015 - INFO -  Get check : status : 1
2020-08-25 17:48:04,946 - tvb_to_nest_send3015 - INFO -  TVB to Nest end sending 
2020-08-25 17:48:04,946 - tvb_to_nest_send3015 - INFO -  Get check : status : 0
2020-08-25 17:48:04,947 - tvb_to_nest_send3015 - INFO -  TVB to Nest: start to send 
2020-08-25 17:48:10,620 - tvb_to_nest_send3015 - INFO -  end sending:
2020-08-25 17:48:10,654 - tvb_to_nest_send3015 - INFO -  Get check : status : 1
2020-08-25 17:48:10,654 - tvb_to_nest_send3015 - INFO -  TVB to Nest end sending 
2020-08-25 17:48:10,654 - tvb_to_nest_send3015 - INFO -  Get check : status : 0
2020-08-25 17:48:10,654 - tvb_to_nest_send3015 - INFO -  TVB to Nest: start to send 
2020-08-25 17:48:16,403 - tvb_to_nest_send3015 - INFO -  end sending:
2020-08-25 17:48:16,423 - tvb_to_nest_send3015 - INFO -  Get check : status : 1
2020-08-25 17:48:16,424 - tvb_to_nest_send3015 - INFO -  TVB to Nest end sending 
2020-08-25 17:48:16,424 - tvb_to_nest_send3015 - INFO -  Get check : status : 0
2020-08-25 17:48:16,424 - tvb_to_nest_send3015 - INFO -  TVB to Nest: start to send 
2020-08-25 17:48:22,211 - tvb_to_nest_send3015 - INFO -  end sending:
2020-08-25 17:48:22,228 - tvb_to_nest_send3015 - INFO -  Get check : status : 1
2020-08-25 17:48:22,228 - tvb_to_nest_send3015 - INFO -  TVB to Nest end sending 
2020-08-25 17:48:22,228 - tvb_to_nest_send3015 - INFO -  Get check : status : 0
2020-08-25 17:48:22,228 - tvb_to_nest_send3015 - INFO -  TVB to Nest: start to send 
2020-08-25 17:48:27,934 - tvb_to_nest_send3015 - INFO -  end sending:
2020-08-25 17:48:27,956 - tvb_to_nest_send3015 - INFO -  Get check : status : 1
2020-08-25 17:48:27,956 - tvb_to_nest_send3015 - INFO -  TVB to Nest end sending 
2020-08-25 17:48:27,956 - tvb_to_nest_send3015 - INFO -  Get check : status : 0
2020-08-25 17:48:27,956 - tvb_to_nest_send3015 - INFO -  TVB to Nest: start to send 
2020-08-25 17:48:34,093 - tvb_to_nest_send3015 - INFO -  end sending:
2020-08-25 17:48:34,113 - tvb_to_nest_send3015 - INFO -  Get check : status : 1
2020-08-25 17:48:34,113 - tvb_to_nest_send3015 - INFO -  TVB to Nest end sending 
2020-08-25 17:48:34,113 - tvb_to_nest_send3015 - INFO -  Get check : status : 0
2020-08-25 17:48:34,113 - tvb_to_nest_send3015 - INFO -  TVB to Nest: start to send 
2020-08-25 17:48:39,810 - tvb_to_nest_send3015 - INFO -  end sending:
2020-08-25 17:48:39,830 - tvb_to_nest_send3015 - INFO -  Get check : status : 1
2020-08-25 17:48:39,830 - tvb_to_nest_send3015 - INFO -  TVB to Nest end sending 
2020-08-25 17:48:39,830 - tvb_to_nest_send3015 - INFO -  Get check : status : 0
2020-08-25 17:48:39,830 - tvb_to_nest_send3015 - INFO -  TVB to Nest: start to send 
2020-08-25 17:48:45,396 - tvb_to_nest_send3015 - INFO -  end sending:
2020-08-25 17:48:45,412 - tvb_to_nest_send3015 - INFO -  Get check : status : 1
2020-08-25 17:48:45,413 - tvb_to_nest_send3015 - INFO -  TVB to Nest end sending 
2020-08-25 17:48:45,413 - tvb_to_nest_send3015 - INFO -  Get check : status : 0
2020-08-25 17:48:45,413 - tvb_to_nest_send3015 - INFO -  TVB to Nest: start to send 
2020-08-25 17:48:51,177 - tvb_to_nest_send3015 - INFO -  end sending:
2020-08-25 17:48:51,206 - tvb_to_nest_send3015 - INFO -  Get check : status : 1
2020-08-25 17:48:51,206 - tvb_to_nest_send3015 - INFO -  TVB to Nest end sending 
2020-08-25 17:48:51,207 - tvb_to_nest_send3015 - INFO -  Get check : status : 0
2020-08-25 17:48:51,207 - tvb_to_nest_send3015 - INFO -  TVB to Nest: start to send 
2020-08-25 17:48:57,826 - tvb_to_nest_send3015 - INFO -  end sending:
2020-08-25 17:48:57,847 - tvb_to_nest_send3015 - INFO -  Get check : status : 1
2020-08-25 17:48:57,847 - tvb_to_nest_send3015 - INFO -  TVB to Nest end sending 
2020-08-25 17:48:57,847 - tvb_to_nest_send3015 - INFO -  Get check : status : 0
2020-08-25 17:48:57,847 - tvb_to_nest_send3015 - INFO -  TVB to Nest: start to send 
2020-08-25 17:49:03,688 - tvb_to_nest_send3015 - INFO -  end sending:
2020-08-25 17:49:03,705 - tvb_to_nest_send3015 - INFO -  Get check : status : 1
2020-08-25 17:49:03,705 - tvb_to_nest_send3015 - INFO -  TVB to Nest end sending 
2020-08-25 17:49:03,706 - tvb_to_nest_send3015 - INFO -  Get check : status : 0
2020-08-25 17:49:03,706 - tvb_to_nest_send3015 - INFO -  TVB to Nest: start to send 
2020-08-25 17:49:09,464 - tvb_to_nest_send3015 - INFO -  end sending:
2020-08-25 17:49:09,485 - tvb_to_nest_send3015 - INFO -  Get check : status : 1
2020-08-25 17:49:09,485 - tvb_to_nest_send3015 - INFO -  TVB to Nest end sending 
2020-08-25 17:49:09,486 - tvb_to_nest_send3015 - INFO -  Get check : status : 0
2020-08-25 17:49:09,486 - tvb_to_nest_send3015 - INFO -  TVB to Nest: start to send 
2020-08-25 17:49:15,383 - tvb_to_nest_send3015 - INFO -  end sending:
2020-08-25 17:49:15,401 - tvb_to_nest_send3015 - INFO -  Get check : status : 1
2020-08-25 17:49:15,401 - tvb_to_nest_send3015 - INFO -  TVB to Nest end sending 
2020-08-25 17:49:15,401 - tvb_to_nest_send3015 - INFO -  Get check : status : 0
2020-08-25 17:49:15,401 - tvb_to_nest_send3015 - INFO -  TVB to Nest: start to send 
2020-08-25 17:49:21,235 - tvb_to_nest_send3015 - INFO -  end sending:
2020-08-25 17:49:21,258 - tvb_to_nest_send3015 - INFO -  Get check : status : 1
2020-08-25 17:49:21,258 - tvb_to_nest_send3015 - INFO -  TVB to Nest end sending 
2020-08-25 17:49:21,259 - tvb_to_nest_send3015 - INFO -  Get check : status : 0
2020-08-25 17:49:21,259 - tvb_to_nest_send3015 - INFO -  TVB to Nest: start to send 
2020-08-25 17:49:27,146 - tvb_to_nest_send3015 - INFO -  end sending:
2020-08-25 17:49:27,170 - tvb_to_nest_send3015 - INFO -  Get check : status : 1
2020-08-25 17:49:27,170 - tvb_to_nest_send3015 - INFO -  TVB to Nest end sending 
2020-08-25 17:49:27,170 - tvb_to_nest_send3015 - INFO -  Get check : status : 0
2020-08-25 17:49:27,171 - tvb_to_nest_send3015 - INFO -  TVB to Nest: start to send 
2020-08-25 17:49:33,042 - tvb_to_nest_send3015 - INFO -  end sending:
2020-08-25 17:49:33,062 - tvb_to_nest_send3015 - INFO -  Get check : status : 1
2020-08-25 17:49:33,062 - tvb_to_nest_send3015 - INFO -  TVB to Nest end sending 
2020-08-25 17:49:33,063 - tvb_to_nest_send3015 - INFO -  Get check : status : 0
2020-08-25 17:49:33,063 - tvb_to_nest_send3015 - INFO -  TVB to Nest: start to send 
2020-08-25 17:49:38,874 - tvb_to_nest_send3015 - INFO -  end sending:
2020-08-25 17:49:38,892 - tvb_to_nest_send3015 - INFO -  Get check : status : 1
2020-08-25 17:49:38,892 - tvb_to_nest_send3015 - INFO -  TVB to Nest end sending 
2020-08-25 17:49:38,892 - tvb_to_nest_send3015 - INFO -  Get check : status : 0
2020-08-25 17:49:38,893 - tvb_to_nest_send3015 - INFO -  TVB to Nest: start to send 
2020-08-25 17:49:44,738 - tvb_to_nest_send3015 - INFO -  end sending:
2020-08-25 17:49:44,760 - tvb_to_nest_send3015 - INFO -  Get check : status : 1
2020-08-25 17:49:44,760 - tvb_to_nest_send3015 - INFO -  TVB to Nest end sending 
2020-08-25 17:49:44,760 - tvb_to_nest_send3015 - INFO -  Get check : status : 0
2020-08-25 17:49:44,760 - tvb_to_nest_send3015 - INFO -  TVB to Nest: start to send 
2020-08-25 17:49:50,703 - tvb_to_nest_send3015 - INFO -  end sending:
2020-08-25 17:49:50,722 - tvb_to_nest_send3015 - INFO -  Get check : status : 1
2020-08-25 17:49:50,722 - tvb_to_nest_send3015 - INFO -  TVB to Nest end sending 
2020-08-25 17:49:50,723 - tvb_to_nest_send3015 - INFO -  Get check : status : 0
2020-08-25 17:49:50,723 - tvb_to_nest_send3015 - INFO -  TVB to Nest: start to send 
2020-08-25 17:49:56,647 - tvb_to_nest_send3015 - INFO -  end sending:
2020-08-25 17:49:56,666 - tvb_to_nest_send3015 - INFO -  Get check : status : 1
2020-08-25 17:49:56,666 - tvb_to_nest_send3015 - INFO -  TVB to Nest end sending 
2020-08-25 17:49:56,666 - tvb_to_nest_send3015 - INFO -  Get check : status : 0
2020-08-25 17:49:56,666 - tvb_to_nest_send3015 - INFO -  TVB to Nest: start to send 
2020-08-25 17:50:02,642 - tvb_to_nest_send3015 - INFO -  end sending:
2020-08-25 17:50:02,658 - tvb_to_nest_send3015 - INFO -  Get check : status : 1
2020-08-25 17:50:02,658 - tvb_to_nest_send3015 - INFO -  TVB to Nest end sending 
2020-08-25 17:50:02,658 - tvb_to_nest_send3015 - INFO -  Get check : status : 0
2020-08-25 17:50:02,658 - tvb_to_nest_send3015 - INFO -  TVB to Nest: start to send 
2020-08-25 17:50:07,717 - tvb_to_nest_send3015 - INFO -  end sending:
2020-08-25 17:50:07,736 - tvb_to_nest_send3015 - INFO -  Get check : status : 1
2020-08-25 17:50:07,736 - tvb_to_nest_send3015 - INFO -  TVB to Nest end sending 
2020-08-25 17:50:07,743 - tvb_to_nest_send3015 - INFO -  Get check : status : 0
2020-08-25 17:50:07,743 - tvb_to_nest_send3015 - INFO -  TVB to Nest: start to send 
2020-08-25 17:50:14,353 - tvb_to_nest_send3015 - INFO -  end sending:
2020-08-25 17:50:14,369 - tvb_to_nest_send3015 - INFO -  Get check : status : 1
2020-08-25 17:50:14,369 - tvb_to_nest_send3015 - INFO -  TVB to Nest end sending 
2020-08-25 17:50:14,369 - tvb_to_nest_send3015 - INFO -  Get check : status : 0
2020-08-25 17:50:14,369 - tvb_to_nest_send3015 - INFO -  TVB to Nest: start to send 
2020-08-25 17:50:21,034 - tvb_to_nest_send3015 - INFO -  end sending:
2020-08-25 17:50:21,056 - tvb_to_nest_send3015 - INFO -  Get check : status : 1
2020-08-25 17:50:21,056 - tvb_to_nest_send3015 - INFO -  TVB to Nest end sending 
2020-08-25 17:50:21,056 - tvb_to_nest_send3015 - INFO -  Get check : status : 0
2020-08-25 17:50:21,056 - tvb_to_nest_send3015 - INFO -  TVB to Nest: start to send 
2020-08-25 17:50:27,893 - tvb_to_nest_send3015 - INFO -  end sending:
2020-08-25 17:50:27,917 - tvb_to_nest_send3015 - INFO -  Get check : status : 1
2020-08-25 17:50:27,917 - tvb_to_nest_send3015 - INFO -  TVB to Nest end sending 
2020-08-25 17:50:27,917 - tvb_to_nest_send3015 - INFO -  Get check : status : 0
2020-08-25 17:50:27,917 - tvb_to_nest_send3015 - INFO -  TVB to Nest: start to send 
2020-08-25 17:50:34,531 - tvb_to_nest_send3015 - INFO -  end sending:
2020-08-25 17:50:34,549 - tvb_to_nest_send3015 - INFO -  Get check : status : 1
2020-08-25 17:50:34,549 - tvb_to_nest_send3015 - INFO -  TVB to Nest end sending 
2020-08-25 17:50:34,550 - tvb_to_nest_send3015 - INFO -  Get check : status : 0
2020-08-25 17:50:34,550 - tvb_to_nest_send3015 - INFO -  TVB to Nest: start to send 
2020-08-25 17:50:41,403 - tvb_to_nest_send3015 - INFO -  end sending:
2020-08-25 17:50:41,434 - tvb_to_nest_send3015 - INFO -  Get check : status : 1
2020-08-25 17:50:41,434 - tvb_to_nest_send3015 - INFO -  TVB to Nest end sending 
2020-08-25 17:50:41,434 - tvb_to_nest_send3015 - INFO -  Get check : status : 0
2020-08-25 17:50:41,434 - tvb_to_nest_send3015 - INFO -  TVB to Nest: start to send 
2020-08-25 17:50:48,301 - tvb_to_nest_send3015 - INFO -  end sending:
2020-08-25 17:50:48,320 - tvb_to_nest_send3015 - INFO -  Get check : status : 1
2020-08-25 17:50:48,320 - tvb_to_nest_send3015 - INFO -  TVB to Nest end sending 
2020-08-25 17:50:48,320 - tvb_to_nest_send3015 - INFO -  Get check : status : 0
2020-08-25 17:50:48,320 - tvb_to_nest_send3015 - INFO -  TVB to Nest: start to send 
2020-08-25 17:50:54,959 - tvb_to_nest_send3015 - INFO -  end sending:
2020-08-25 17:50:54,987 - tvb_to_nest_send3015 - INFO -  Get check : status : 1
2020-08-25 17:50:54,987 - tvb_to_nest_send3015 - INFO -  TVB to Nest end sending 
2020-08-25 17:50:54,987 - tvb_to_nest_send3015 - INFO -  Get check : status : 0
2020-08-25 17:50:54,987 - tvb_to_nest_send3015 - INFO -  TVB to Nest: start to send 
2020-08-25 17:51:01,608 - tvb_to_nest_send3015 - INFO -  end sending:
2020-08-25 17:51:01,632 - tvb_to_nest_send3015 - INFO -  Get check : status : 1
2020-08-25 17:51:01,632 - tvb_to_nest_send3015 - INFO -  TVB to Nest end sending 
2020-08-25 17:51:01,632 - tvb_to_nest_send3015 - INFO -  Get check : status : 0
2020-08-25 17:51:01,632 - tvb_to_nest_send3015 - INFO -  TVB to Nest: start to send 
2020-08-25 17:51:08,225 - tvb_to_nest_send3015 - INFO -  end sending:
2020-08-25 17:51:08,244 - tvb_to_nest_send3015 - INFO -  Get check : status : 1
2020-08-25 17:51:08,244 - tvb_to_nest_send3015 - INFO -  TVB to Nest end sending 
2020-08-25 17:51:08,244 - tvb_to_nest_send3015 - INFO -  Get check : status : 0
2020-08-25 17:51:08,244 - tvb_to_nest_send3015 - INFO -  TVB to Nest: start to send 
2020-08-25 17:51:15,056 - tvb_to_nest_send3015 - INFO -  end sending:
2020-08-25 17:51:15,071 - tvb_to_nest_send3015 - INFO -  Get check : status : 1
2020-08-25 17:51:15,072 - tvb_to_nest_send3015 - INFO -  TVB to Nest end sending 
2020-08-25 17:51:15,072 - tvb_to_nest_send3015 - INFO -  Get check : status : 0
2020-08-25 17:51:15,072 - tvb_to_nest_send3015 - INFO -  TVB to Nest: start to send 
2020-08-25 17:51:21,784 - tvb_to_nest_send3015 - INFO -  end sending:
2020-08-25 17:51:21,804 - tvb_to_nest_send3015 - INFO -  Get check : status : 1
2020-08-25 17:51:21,805 - tvb_to_nest_send3015 - INFO -  TVB to Nest end sending 
2020-08-25 17:51:21,805 - tvb_to_nest_send3015 - INFO -  Get check : status : 0
2020-08-25 17:51:21,805 - tvb_to_nest_send3015 - INFO -  TVB to Nest: start to send 
2020-08-25 17:51:28,291 - tvb_to_nest_send3015 - INFO -  end sending:
2020-08-25 17:51:28,308 - tvb_to_nest_send3015 - INFO -  Get check : status : 1
2020-08-25 17:51:28,308 - tvb_to_nest_send3015 - INFO -  TVB to Nest end sending 
2020-08-25 17:51:28,308 - tvb_to_nest_send3015 - INFO -  Get check : status : 0
2020-08-25 17:51:28,308 - tvb_to_nest_send3015 - INFO -  TVB to Nest: start to send 
2020-08-25 17:51:33,365 - tvb_to_nest_send3015 - INFO -  end sending:
2020-08-25 17:51:33,382 - tvb_to_nest_send3015 - INFO -  Get check : status : 1
2020-08-25 17:51:33,382 - tvb_to_nest_send3015 - INFO -  TVB to Nest end sending 
2020-08-25 17:51:33,382 - tvb_to_nest_send3015 - INFO -  Get check : status : 0
2020-08-25 17:51:33,382 - tvb_to_nest_send3015 - INFO -  TVB to Nest: start to send 
2020-08-25 17:51:38,513 - tvb_to_nest_send3015 - INFO -  end sending:
2020-08-25 17:51:38,541 - tvb_to_nest_send3015 - INFO -  Get check : status : 1
2020-08-25 17:51:38,541 - tvb_to_nest_send3015 - INFO -  TVB to Nest end sending 
2020-08-25 17:51:38,541 - tvb_to_nest_send3015 - INFO -  Get check : status : 0
2020-08-25 17:51:38,541 - tvb_to_nest_send3015 - INFO -  TVB to Nest: start to send 
2020-08-25 17:51:44,310 - tvb_to_nest_send3015 - INFO -  end sending:
2020-08-25 17:51:44,332 - tvb_to_nest_send3015 - INFO -  Get check : status : 1
2020-08-25 17:51:44,332 - tvb_to_nest_send3015 - INFO -  TVB to Nest end sending 
2020-08-25 17:51:44,332 - tvb_to_nest_send3015 - INFO -  Get check : status : 0
2020-08-25 17:51:44,332 - tvb_to_nest_send3015 - INFO -  TVB to Nest: start to send 
2020-08-25 17:51:50,111 - tvb_to_nest_send3015 - INFO -  end sending:
2020-08-25 17:51:50,125 - tvb_to_nest_send3015 - INFO -  Get check : status : 1
2020-08-25 17:51:50,125 - tvb_to_nest_send3015 - INFO -  TVB to Nest end sending 
2020-08-25 17:51:50,126 - tvb_to_nest_send3015 - INFO -  Get check : status : 2
2020-08-25 17:51:50,126 - tvb_to_nest_send3015 - INFO -  TVB to Nest end simulation 
2020-08-25 17:51:50,126 - tvb_to_nest_send3015 - INFO - communication disconnect
2020-08-25 17:51:50,126 - tvb_to_nest_send3015 - INFO - end thread
