2020-08-25 17:46:09,517 - tvb_to_nest_receive3015 - INFO -  TVB to Nest: wait receive 
2020-08-25 17:46:09,517 - tvb_to_nest_receive3015 - INFO -  TVB to Nest: receive all
2020-08-25 17:46:09,776 - tvb_to_nest_receive3015 - INFO -  TVB to Nest: get time_step [3.6 7. ] status : 0
2020-08-25 17:46:13,923 - tvb_to_nest_receive3015 - INFO -  TVB to Nest: wait receive 
2020-08-25 17:46:13,923 - tvb_to_nest_receive3015 - INFO -  TVB to Nest: receive all
2020-08-25 17:46:13,923 - tvb_to_nest_receive3015 - INFO -  TVB to Nest: get time_step [ 7.1 10.5] status : 0
2020-08-25 17:46:17,709 - tvb_to_nest_receive3015 - INFO -  TVB to Nest: wait receive 
2020-08-25 17:46:17,709 - tvb_to_nest_receive3015 - INFO -  TVB to Nest: receive all
2020-08-25 17:46:18,271 - tvb_to_nest_receive3015 - INFO -  TVB to Nest: get time_step [10.6 14. ] status : 0
2020-08-25 17:46:21,176 - tvb_to_nest_receive3015 - INFO -  TVB to Nest: wait receive 
2020-08-25 17:46:21,177 - tvb_to_nest_receive3015 - INFO -  TVB to Nest: receive all
2020-08-25 17:46:23,366 - tvb_to_nest_receive3015 - INFO -  TVB to Nest: get time_step [14.1 17.5] status : 0
2020-08-25 17:46:27,123 - tvb_to_nest_receive3015 - INFO -  TVB to Nest: wait receive 
2020-08-25 17:46:27,123 - tvb_to_nest_receive3015 - INFO -  TVB to Nest: receive all
2020-08-25 17:46:28,610 - tvb_to_nest_receive3015 - INFO -  TVB to Nest: get time_step [17.6 21. ] status : 0
2020-08-25 17:46:32,476 - tvb_to_nest_receive3015 - INFO -  TVB to Nest: wait receive 
2020-08-25 17:46:32,476 - tvb_to_nest_receive3015 - INFO -  TVB to Nest: receive all
2020-08-25 17:46:33,952 - tvb_to_nest_receive3015 - INFO -  TVB to Nest: get time_step [21.1 24.5] status : 0
2020-08-25 17:46:38,371 - tvb_to_nest_receive3015 - INFO -  TVB to Nest: wait receive 
2020-08-25 17:46:38,372 - tvb_to_nest_receive3015 - INFO -  TVB to Nest: receive all
2020-08-25 17:46:40,010 - tvb_to_nest_receive3015 - INFO -  TVB to Nest: get time_step [24.6 28. ] status : 0
2020-08-25 17:46:44,003 - tvb_to_nest_receive3015 - INFO -  TVB to Nest: wait receive 
2020-08-25 17:46:44,003 - tvb_to_nest_receive3015 - INFO -  TVB to Nest: receive all
2020-08-25 17:46:45,761 - tvb_to_nest_receive3015 - INFO -  TVB to Nest: get time_step [28.1 31.5] status : 0
2020-08-25 17:46:49,750 - tvb_to_nest_receive3015 - INFO -  TVB to Nest: wait receive 
2020-08-25 17:46:49,750 - tvb_to_nest_receive3015 - INFO -  TVB to Nest: receive all
2020-08-25 17:46:51,516 - tvb_to_nest_receive3015 - INFO -  TVB to Nest: get time_step [31.6 35. ] status : 0
2020-08-25 17:46:55,128 - tvb_to_nest_receive3015 - INFO -  TVB to Nest: wait receive 
2020-08-25 17:46:55,128 - tvb_to_nest_receive3015 - INFO -  TVB to Nest: receive all
2020-08-25 17:46:57,168 - tvb_to_nest_receive3015 - INFO -  TVB to Nest: get time_step [35.1 38.5] status : 0
2020-08-25 17:47:00,179 - tvb_to_nest_receive3015 - INFO -  TVB to Nest: wait receive 
2020-08-25 17:47:00,179 - tvb_to_nest_receive3015 - INFO -  TVB to Nest: receive all
2020-08-25 17:47:02,923 - tvb_to_nest_receive3015 - INFO -  TVB to Nest: get time_step [38.6 42. ] status : 0
2020-08-25 17:47:06,986 - tvb_to_nest_receive3015 - INFO -  TVB to Nest: wait receive 
2020-08-25 17:47:06,986 - tvb_to_nest_receive3015 - INFO -  TVB to Nest: receive all
2020-08-25 17:47:08,376 - tvb_to_nest_receive3015 - INFO -  TVB to Nest: get time_step [42.1 45.5] status : 0
2020-08-25 17:47:12,403 - tvb_to_nest_receive3015 - INFO -  TVB to Nest: wait receive 
2020-08-25 17:47:12,404 - tvb_to_nest_receive3015 - INFO -  TVB to Nest: receive all
2020-08-25 17:47:14,029 - tvb_to_nest_receive3015 - INFO -  TVB to Nest: get time_step [45.6 49. ] status : 0
2020-08-25 17:47:18,046 - tvb_to_nest_receive3015 - INFO -  TVB to Nest: wait receive 
2020-08-25 17:47:18,046 - tvb_to_nest_receive3015 - INFO -  TVB to Nest: receive all
2020-08-25 17:47:19,781 - tvb_to_nest_receive3015 - INFO -  TVB to Nest: get time_step [49.1 52.5] status : 0
2020-08-25 17:47:23,789 - tvb_to_nest_receive3015 - INFO -  TVB to Nest: wait receive 
2020-08-25 17:47:23,790 - tvb_to_nest_receive3015 - INFO -  TVB to Nest: receive all
2020-08-25 17:47:25,534 - tvb_to_nest_receive3015 - INFO -  TVB to Nest: get time_step [52.6 56. ] status : 0
2020-08-25 17:47:29,539 - tvb_to_nest_receive3015 - INFO -  TVB to Nest: wait receive 
2020-08-25 17:47:29,539 - tvb_to_nest_receive3015 - INFO -  TVB to Nest: receive all
2020-08-25 17:47:31,085 - tvb_to_nest_receive3015 - INFO -  TVB to Nest: get time_step [56.1 59.5] status : 0
2020-08-25 17:47:35,084 - tvb_to_nest_receive3015 - INFO -  TVB to Nest: wait receive 
2020-08-25 17:47:35,084 - tvb_to_nest_receive3015 - INFO -  TVB to Nest: receive all
2020-08-25 17:47:36,745 - tvb_to_nest_receive3015 - INFO -  TVB to Nest: get time_step [59.6 63. ] status : 0
2020-08-25 17:47:40,777 - tvb_to_nest_receive3015 - INFO -  TVB to Nest: wait receive 
2020-08-25 17:47:40,777 - tvb_to_nest_receive3015 - INFO -  TVB to Nest: receive all
2020-08-25 17:47:42,399 - tvb_to_nest_receive3015 - INFO -  TVB to Nest: get time_step [63.1 66.5] status : 0
2020-08-25 17:47:46,393 - tvb_to_nest_receive3015 - INFO -  TVB to Nest: wait receive 
2020-08-25 17:47:46,393 - tvb_to_nest_receive3015 - INFO -  TVB to Nest: receive all
2020-08-25 17:47:47,950 - tvb_to_nest_receive3015 - INFO -  TVB to Nest: get time_step [66.6 70. ] status : 0
2020-08-25 17:47:51,976 - tvb_to_nest_receive3015 - INFO -  TVB to Nest: wait receive 
2020-08-25 17:47:51,976 - tvb_to_nest_receive3015 - INFO -  TVB to Nest: receive all
2020-08-25 17:47:53,706 - tvb_to_nest_receive3015 - INFO -  TVB to Nest: get time_step [70.1 73.5] status : 0
2020-08-25 17:47:57,704 - tvb_to_nest_receive3015 - INFO -  TVB to Nest: wait receive 
2020-08-25 17:47:57,704 - tvb_to_nest_receive3015 - INFO -  TVB to Nest: receive all
2020-08-25 17:47:59,563 - tvb_to_nest_receive3015 - INFO -  TVB to Nest: get time_step [73.6 77. ] status : 0
2020-08-25 17:48:03,562 - tvb_to_nest_receive3015 - INFO -  TVB to Nest: wait receive 
2020-08-25 17:48:03,562 - tvb_to_nest_receive3015 - INFO -  TVB to Nest: receive all
2020-08-25 17:48:05,217 - tvb_to_nest_receive3015 - INFO -  TVB to Nest: get time_step [77.1 80.5] status : 0
2020-08-25 17:48:09,228 - tvb_to_nest_receive3015 - INFO -  TVB to Nest: wait receive 
2020-08-25 17:48:09,228 - tvb_to_nest_receive3015 - INFO -  TVB to Nest: receive all
2020-08-25 17:48:10,871 - tvb_to_nest_receive3015 - INFO -  TVB to Nest: get time_step [80.6 84. ] status : 0
2020-08-25 17:48:14,838 - tvb_to_nest_receive3015 - INFO -  TVB to Nest: wait receive 
2020-08-25 17:48:14,838 - tvb_to_nest_receive3015 - INFO -  TVB to Nest: receive all
2020-08-25 17:48:16,727 - tvb_to_nest_receive3015 - INFO -  TVB to Nest: get time_step [84.1 87.5] status : 0
2020-08-25 17:48:20,705 - tvb_to_nest_receive3015 - INFO -  TVB to Nest: wait receive 
2020-08-25 17:48:20,705 - tvb_to_nest_receive3015 - INFO -  TVB to Nest: receive all
2020-08-25 17:48:22,482 - tvb_to_nest_receive3015 - INFO -  TVB to Nest: get time_step [87.6 91. ] status : 0
2020-08-25 17:48:26,491 - tvb_to_nest_receive3015 - INFO -  TVB to Nest: wait receive 
2020-08-25 17:48:26,491 - tvb_to_nest_receive3015 - INFO -  TVB to Nest: receive all
2020-08-25 17:48:28,142 - tvb_to_nest_receive3015 - INFO -  TVB to Nest: get time_step [91.1 94.5] status : 0
2020-08-25 17:48:32,160 - tvb_to_nest_receive3015 - INFO -  TVB to Nest: wait receive 
2020-08-25 17:48:32,160 - tvb_to_nest_receive3015 - INFO -  TVB to Nest: receive all
2020-08-25 17:48:34,397 - tvb_to_nest_receive3015 - INFO -  TVB to Nest: get time_step [94.6 98. ] status : 0
2020-08-25 17:48:38,382 - tvb_to_nest_receive3015 - INFO -  TVB to Nest: wait receive 
2020-08-25 17:48:38,382 - tvb_to_nest_receive3015 - INFO -  TVB to Nest: receive all
2020-08-25 17:48:40,153 - tvb_to_nest_receive3015 - INFO -  TVB to Nest: get time_step [ 98.1 101.5] status : 0
2020-08-25 17:48:44,162 - tvb_to_nest_receive3015 - INFO -  TVB to Nest: wait receive 
2020-08-25 17:48:44,163 - tvb_to_nest_receive3015 - INFO -  TVB to Nest: receive all
2020-08-25 17:48:45,709 - tvb_to_nest_receive3015 - INFO -  TVB to Nest: get time_step [101.6 105. ] status : 0
2020-08-25 17:48:49,661 - tvb_to_nest_receive3015 - INFO -  TVB to Nest: wait receive 
2020-08-25 17:48:49,661 - tvb_to_nest_receive3015 - INFO -  TVB to Nest: receive all
2020-08-25 17:48:51,466 - tvb_to_nest_receive3015 - INFO -  TVB to Nest: get time_step [105.1 108.5] status : 0
2020-08-25 17:48:56,301 - tvb_to_nest_receive3015 - INFO -  TVB to Nest: wait receive 
2020-08-25 17:48:56,301 - tvb_to_nest_receive3015 - INFO -  TVB to Nest: receive all
2020-08-25 17:48:58,120 - tvb_to_nest_receive3015 - INFO -  TVB to Nest: get time_step [108.6 112. ] status : 0
2020-08-25 17:49:02,087 - tvb_to_nest_receive3015 - INFO -  TVB to Nest: wait receive 
2020-08-25 17:49:02,114 - tvb_to_nest_receive3015 - INFO -  TVB to Nest: receive all
2020-08-25 17:49:03,977 - tvb_to_nest_receive3015 - INFO -  TVB to Nest: get time_step [112.1 115.5] status : 0
2020-08-25 17:49:07,994 - tvb_to_nest_receive3015 - INFO -  TVB to Nest: wait receive 
2020-08-25 17:49:07,994 - tvb_to_nest_receive3015 - INFO -  TVB to Nest: receive all
2020-08-25 17:49:09,831 - tvb_to_nest_receive3015 - INFO -  TVB to Nest: get time_step [115.6 119. ] status : 0
2020-08-25 17:49:13,827 - tvb_to_nest_receive3015 - INFO -  TVB to Nest: wait receive 
2020-08-25 17:49:13,827 - tvb_to_nest_receive3015 - INFO -  TVB to Nest: receive all
2020-08-25 17:49:15,693 - tvb_to_nest_receive3015 - INFO -  TVB to Nest: get time_step [119.1 122.5] status : 0
2020-08-25 17:49:19,737 - tvb_to_nest_receive3015 - INFO -  TVB to Nest: wait receive 
2020-08-25 17:49:19,737 - tvb_to_nest_receive3015 - INFO -  TVB to Nest: receive all
2020-08-25 17:49:21,550 - tvb_to_nest_receive3015 - INFO -  TVB to Nest: get time_step [122.6 126. ] status : 0
2020-08-25 17:49:25,573 - tvb_to_nest_receive3015 - INFO -  TVB to Nest: wait receive 
2020-08-25 17:49:25,573 - tvb_to_nest_receive3015 - INFO -  TVB to Nest: receive all
2020-08-25 17:49:27,515 - tvb_to_nest_receive3015 - INFO -  TVB to Nest: get time_step [126.1 129.5] status : 0
2020-08-25 17:49:31,508 - tvb_to_nest_receive3015 - INFO -  TVB to Nest: wait receive 
2020-08-25 17:49:31,508 - tvb_to_nest_receive3015 - INFO -  TVB to Nest: receive all
2020-08-25 17:49:33,369 - tvb_to_nest_receive3015 - INFO -  TVB to Nest: get time_step [129.6 133. ] status : 0
2020-08-25 17:49:37,412 - tvb_to_nest_receive3015 - INFO -  TVB to Nest: wait receive 
2020-08-25 17:49:37,412 - tvb_to_nest_receive3015 - INFO -  TVB to Nest: receive all
2020-08-25 17:49:39,232 - tvb_to_nest_receive3015 - INFO -  TVB to Nest: get time_step [133.1 136.5] status : 0
2020-08-25 17:49:43,226 - tvb_to_nest_receive3015 - INFO -  TVB to Nest: wait receive 
2020-08-25 17:49:43,227 - tvb_to_nest_receive3015 - INFO -  TVB to Nest: receive all
2020-08-25 17:49:45,090 - tvb_to_nest_receive3015 - INFO -  TVB to Nest: get time_step [136.6 140. ] status : 0
2020-08-25 17:49:49,155 - tvb_to_nest_receive3015 - INFO -  TVB to Nest: wait receive 
2020-08-25 17:49:49,155 - tvb_to_nest_receive3015 - INFO -  TVB to Nest: receive all
2020-08-25 17:49:51,052 - tvb_to_nest_receive3015 - INFO -  TVB to Nest: get time_step [140.1 143.5] status : 0
2020-08-25 17:49:55,139 - tvb_to_nest_receive3015 - INFO -  TVB to Nest: wait receive 
2020-08-25 17:49:55,140 - tvb_to_nest_receive3015 - INFO -  TVB to Nest: receive all
2020-08-25 17:49:57,005 - tvb_to_nest_receive3015 - INFO -  TVB to Nest: get time_step [143.6 147. ] status : 0
2020-08-25 17:50:00,935 - tvb_to_nest_receive3015 - INFO -  TVB to Nest: wait receive 
2020-08-25 17:50:00,935 - tvb_to_nest_receive3015 - INFO -  TVB to Nest: receive all
2020-08-25 17:50:02,964 - tvb_to_nest_receive3015 - INFO -  TVB to Nest: get time_step [147.1 150.5] status : 0
2020-08-25 17:50:06,963 - tvb_to_nest_receive3015 - INFO -  TVB to Nest: wait receive 
2020-08-25 17:50:06,963 - tvb_to_nest_receive3015 - INFO -  TVB to Nest: receive all
2020-08-25 17:50:08,015 - tvb_to_nest_receive3015 - INFO -  TVB to Nest: get time_step [150.6 154. ] status : 0
2020-08-25 17:50:12,894 - tvb_to_nest_receive3015 - INFO -  TVB to Nest: wait receive 
2020-08-25 17:50:12,894 - tvb_to_nest_receive3015 - INFO -  TVB to Nest: receive all
2020-08-25 17:50:14,676 - tvb_to_nest_receive3015 - INFO -  TVB to Nest: get time_step [154.1 157.5] status : 0
2020-08-25 17:50:19,600 - tvb_to_nest_receive3015 - INFO -  TVB to Nest: wait receive 
2020-08-25 17:50:19,600 - tvb_to_nest_receive3015 - INFO -  TVB to Nest: receive all
2020-08-25 17:50:21,337 - tvb_to_nest_receive3015 - INFO -  TVB to Nest: get time_step [157.6 161. ] status : 0
2020-08-25 17:50:26,320 - tvb_to_nest_receive3015 - INFO -  TVB to Nest: wait receive 
2020-08-25 17:50:26,321 - tvb_to_nest_receive3015 - INFO -  TVB to Nest: receive all
2020-08-25 17:50:28,200 - tvb_to_nest_receive3015 - INFO -  TVB to Nest: get time_step [161.1 164.5] status : 0
2020-08-25 17:50:33,163 - tvb_to_nest_receive3015 - INFO -  TVB to Nest: wait receive 
2020-08-25 17:50:33,163 - tvb_to_nest_receive3015 - INFO -  TVB to Nest: receive all
2020-08-25 17:50:34,855 - tvb_to_nest_receive3015 - INFO -  TVB to Nest: get time_step [164.6 168. ] status : 0
2020-08-25 17:50:39,805 - tvb_to_nest_receive3015 - INFO -  TVB to Nest: wait receive 
2020-08-25 17:50:39,805 - tvb_to_nest_receive3015 - INFO -  TVB to Nest: receive all
2020-08-25 17:50:41,716 - tvb_to_nest_receive3015 - INFO -  TVB to Nest: get time_step [168.1 171.5] status : 0
2020-08-25 17:50:46,698 - tvb_to_nest_receive3015 - INFO -  TVB to Nest: wait receive 
2020-08-25 17:50:46,698 - tvb_to_nest_receive3015 - INFO -  TVB to Nest: receive all
2020-08-25 17:50:48,571 - tvb_to_nest_receive3015 - INFO -  TVB to Nest: get time_step [171.6 175. ] status : 0
2020-08-25 17:50:53,547 - tvb_to_nest_receive3015 - INFO -  TVB to Nest: wait receive 
2020-08-25 17:50:53,548 - tvb_to_nest_receive3015 - INFO -  TVB to Nest: receive all
2020-08-25 17:50:55,231 - tvb_to_nest_receive3015 - INFO -  TVB to Nest: get time_step [175.1 178.5] status : 0
2020-08-25 17:51:00,183 - tvb_to_nest_receive3015 - INFO -  TVB to Nest: wait receive 
2020-08-25 17:51:00,183 - tvb_to_nest_receive3015 - INFO -  TVB to Nest: receive all
2020-08-25 17:51:01,891 - tvb_to_nest_receive3015 - INFO -  TVB to Nest: get time_step [178.6 182. ] status : 0
2020-08-25 17:51:06,846 - tvb_to_nest_receive3015 - INFO -  TVB to Nest: wait receive 
2020-08-25 17:51:06,846 - tvb_to_nest_receive3015 - INFO -  TVB to Nest: receive all
2020-08-25 17:51:08,552 - tvb_to_nest_receive3015 - INFO -  TVB to Nest: get time_step [182.1 185.5] status : 0
2020-08-25 17:51:13,589 - tvb_to_nest_receive3015 - INFO -  TVB to Nest: wait receive 
2020-08-25 17:51:13,589 - tvb_to_nest_receive3015 - INFO -  TVB to Nest: receive all
2020-08-25 17:51:15,406 - tvb_to_nest_receive3015 - INFO -  TVB to Nest: get time_step [185.6 189. ] status : 0
2020-08-25 17:51:20,345 - tvb_to_nest_receive3015 - INFO -  TVB to Nest: wait receive 
2020-08-25 17:51:20,345 - tvb_to_nest_receive3015 - INFO -  TVB to Nest: receive all
2020-08-25 17:51:22,067 - tvb_to_nest_receive3015 - INFO -  TVB to Nest: get time_step [189.1 192.5] status : 0
2020-08-25 17:51:26,329 - tvb_to_nest_receive3015 - INFO -  TVB to Nest: wait receive 
2020-08-25 17:51:26,329 - tvb_to_nest_receive3015 - INFO -  TVB to Nest: receive all
2020-08-25 17:51:28,624 - tvb_to_nest_receive3015 - INFO -  TVB to Nest: get time_step [192.6 196. ] status : 0
2020-08-25 17:51:32,684 - tvb_to_nest_receive3015 - INFO -  TVB to Nest: wait receive 
2020-08-25 17:51:32,684 - tvb_to_nest_receive3015 - INFO -  TVB to Nest: receive all
2020-08-25 17:51:33,681 - tvb_to_nest_receive3015 - INFO -  TVB to Nest: get time_step [196.1 199.5] status : 0
2020-08-25 17:51:37,781 - tvb_to_nest_receive3015 - INFO -  TVB to Nest: wait receive 
2020-08-25 17:51:37,782 - tvb_to_nest_receive3015 - INFO -  TVB to Nest: receive all
2020-08-25 17:51:38,844 - tvb_to_nest_receive3015 - INFO -  TVB to Nest: get time_step [199.6 203. ] status : 0
2020-08-25 17:51:41,718 - tvb_to_nest_receive3015 - INFO -  TVB to Nest: wait receive 
2020-08-25 17:51:41,718 - tvb_to_nest_receive3015 - INFO -  TVB to Nest: receive all
2020-08-25 17:51:44,599 - tvb_to_nest_receive3015 - INFO -  TVB to Nest: get time_step [203.1 206.5] status : 0
2020-08-25 17:51:49,411 - tvb_to_nest_receive3015 - INFO -  TVB to Nest: wait receive 
2020-08-25 17:51:49,411 - tvb_to_nest_receive3015 - INFO -  TVB to Nest: receive all
2020-08-25 17:51:49,411 - tvb_to_nest_receive3015 - INFO -  TVB to Nest: get time_step [0. 0.] status : 1
2020-08-25 17:51:49,411 - tvb_to_nest_receive3015 - INFO - communication disconnect
2020-08-25 17:51:49,411 - tvb_to_nest_receive3015 - INFO - end thread
