2021-03-11 11:05:00,541 - nest_to_tvb_receive20001 - INFO - start creat buffer
2021-03-11 11:05:00,541 - nest_to_tvb_receive20001 - INFO - allocate buffer
2021-03-11 11:05:00,541 - nest_to_tvb_receive20001 - INFO - start shared buffer
2021-03-11 11:05:00,541 - nest_to_tvb_receive20001 - INFO - shared buffer
2021-03-11 11:05:00,541 - nest_to_tvb_receive20001 - INFO - variable buffer
2021-03-11 11:05:00,541 - nest_to_tvb_receive20001 - INFO - end MPI init
2021-03-11 11:05:00,542 - nest_to_tvb_receive20001 - INFO - create connection
2021-03-11 11:05:00,542 - nest_to_tvb_receive20001 - INFO - Translate Receive: before open_port
2021-03-11 11:05:00,728 - nest_to_tvb_receive20001 - INFO - Translate nest_to_tvb_receive20001: after open_port: tag#0$description#2675c5058547$port#49571$ifname#172.17.0.12$
2021-03-11 11:05:00,728 - nest_to_tvb_receive20001 - INFO - Translate nest_to_tvb_receive20001: path_file: /home/kusch/Documents/project/co_simulation/TVB-NEST-nest_PR/example/case_up_down//translation/spike_detector/20001.txt
2021-03-11 11:05:00,728 - nest_to_tvb_receive20001 - INFO - Wait for Translate : tag#0$description#2675c5058547$port#49571$ifname#172.17.0.12$
2021-03-11 11:05:01,144 - nest_to_tvb_receive20001 - INFO - start creat buffer
2021-03-11 11:05:01,145 - nest_to_tvb_receive20001 - INFO - allocate buffer
2021-03-11 11:05:01,145 - nest_to_tvb_receive20001 - INFO - start shared buffer
2021-03-11 11:05:01,145 - nest_to_tvb_receive20001 - INFO - shared buffer
2021-03-11 11:05:01,145 - nest_to_tvb_receive20001 - INFO - variable buffer
2021-03-11 11:05:01,145 - nest_to_tvb_receive20001 - INFO - end MPI init
2021-03-11 11:05:01,145 - nest_to_tvb_receive20001 - INFO - create connection
2021-03-11 11:05:01,145 - nest_to_tvb_receive20001 - INFO - Translate Receive: before open_port
2021-03-11 11:05:01,146 - nest_to_tvb_receive20001 - INFO - start creat buffer
2021-03-11 11:05:01,147 - nest_to_tvb_receive20001 - INFO - allocate buffer
2021-03-11 11:05:01,147 - nest_to_tvb_receive20001 - INFO - start shared buffer
2021-03-11 11:05:01,147 - nest_to_tvb_receive20001 - INFO - shared buffer
2021-03-11 11:05:01,147 - nest_to_tvb_receive20001 - INFO - variable buffer
2021-03-11 11:05:01,147 - nest_to_tvb_receive20001 - INFO - end MPI init
2021-03-11 11:05:01,147 - nest_to_tvb_receive20001 - INFO - create connection
2021-03-11 11:05:01,147 - nest_to_tvb_receive20001 - INFO - Translate Receive: before open_port
2021-03-11 11:05:01,246 - nest_to_tvb_receive20001 - INFO - Translate nest_to_tvb_receive20001: after open_port: tag#0$description#eb8b0c0680a7$port#34459$ifname#172.17.0.20$
2021-03-11 11:05:01,246 - nest_to_tvb_receive20001 - INFO - Translate nest_to_tvb_receive20001: after open_port: tag#0$description#c93eda7fc83f$port#51679$ifname#172.17.0.19$
2021-03-11 11:05:01,246 - nest_to_tvb_receive20001 - INFO - Translate nest_to_tvb_receive20001: path_file: /home/kusch/Documents/project/co_simulation/TVB-NEST-nest_PR/example/case_up_down//translation/spike_detector/20001.txt
2021-03-11 11:05:01,246 - nest_to_tvb_receive20001 - INFO - Wait for Translate : tag#0$description#eb8b0c0680a7$port#34459$ifname#172.17.0.20$
2021-03-11 11:05:01,246 - nest_to_tvb_receive20001 - INFO - Translate nest_to_tvb_receive20001: path_file: /home/kusch/Documents/project/co_simulation/TVB-NEST-nest_PR/example/case_up_down//translation/spike_detector/20001.txt
2021-03-11 11:05:01,246 - nest_to_tvb_receive20001 - INFO - Wait for Translate : tag#0$description#c93eda7fc83f$port#51679$ifname#172.17.0.19$
