2021-03-11 11:05:00,597 - nest_to_tvb_receive20002 - INFO - start creat buffer
2021-03-11 11:05:00,597 - nest_to_tvb_receive20002 - INFO - allocate buffer
2021-03-11 11:05:00,597 - nest_to_tvb_receive20002 - INFO - start shared buffer
2021-03-11 11:05:00,597 - nest_to_tvb_receive20002 - INFO - shared buffer
2021-03-11 11:05:00,597 - nest_to_tvb_receive20002 - INFO - variable buffer
2021-03-11 11:05:00,597 - nest_to_tvb_receive20002 - INFO - end MPI init
2021-03-11 11:05:00,597 - nest_to_tvb_receive20002 - INFO - create connection
2021-03-11 11:05:00,597 - nest_to_tvb_receive20002 - INFO - Translate Receive: before open_port
2021-03-11 11:05:00,651 - nest_to_tvb_receive20002 - INFO - start creat buffer
2021-03-11 11:05:00,651 - nest_to_tvb_receive20002 - INFO - allocate buffer
2021-03-11 11:05:00,651 - nest_to_tvb_receive20002 - INFO - start shared buffer
2021-03-11 11:05:00,651 - nest_to_tvb_receive20002 - INFO - shared buffer
2021-03-11 11:05:00,651 - nest_to_tvb_receive20002 - INFO - variable buffer
2021-03-11 11:05:00,651 - nest_to_tvb_receive20002 - INFO - end MPI init
2021-03-11 11:05:00,651 - nest_to_tvb_receive20002 - INFO - create connection
2021-03-11 11:05:00,651 - nest_to_tvb_receive20002 - INFO - Translate Receive: before open_port
2021-03-11 11:05:00,917 - nest_to_tvb_receive20002 - INFO - Translate nest_to_tvb_receive20002: after open_port: tag#0$description#8638e2898d6a$port#47071$ifname#172.17.0.17$
2021-03-11 11:05:00,917 - nest_to_tvb_receive20002 - INFO - Translate nest_to_tvb_receive20002: path_file: /home/kusch/Documents/project/co_simulation/TVB-NEST-nest_PR/example/case_up_down//translation/spike_detector/20002.txt
2021-03-11 11:05:00,917 - nest_to_tvb_receive20002 - INFO - Wait for Translate : tag#0$description#8638e2898d6a$port#47071$ifname#172.17.0.17$
2021-03-11 11:05:00,964 - nest_to_tvb_receive20002 - INFO - Translate nest_to_tvb_receive20002: after open_port: tag#0$description#e818d30ecfd3$port#42675$ifname#172.17.0.15$
2021-03-11 11:05:00,965 - nest_to_tvb_receive20002 - INFO - Translate nest_to_tvb_receive20002: path_file: /home/kusch/Documents/project/co_simulation/TVB-NEST-nest_PR/example/case_up_down//translation/spike_detector/20002.txt
2021-03-11 11:05:00,965 - nest_to_tvb_receive20002 - INFO - Wait for Translate : tag#0$description#e818d30ecfd3$port#42675$ifname#172.17.0.15$
2021-03-11 11:05:00,981 - nest_to_tvb_receive20002 - INFO - start creat buffer
2021-03-11 11:05:00,981 - nest_to_tvb_receive20002 - INFO - allocate buffer
2021-03-11 11:05:00,981 - nest_to_tvb_receive20002 - INFO - start shared buffer
2021-03-11 11:05:00,981 - nest_to_tvb_receive20002 - INFO - shared buffer
2021-03-11 11:05:00,981 - nest_to_tvb_receive20002 - INFO - variable buffer
2021-03-11 11:05:00,981 - nest_to_tvb_receive20002 - INFO - end MPI init
2021-03-11 11:05:00,981 - nest_to_tvb_receive20002 - INFO - create connection
2021-03-11 11:05:00,982 - nest_to_tvb_receive20002 - INFO - Translate Receive: before open_port
2021-03-11 11:05:01,244 - nest_to_tvb_receive20002 - INFO - Translate nest_to_tvb_receive20002: after open_port: tag#0$description#a593f5f591f0$port#39105$ifname#172.17.0.18$
2021-03-11 11:05:01,245 - nest_to_tvb_receive20002 - INFO - Translate nest_to_tvb_receive20002: path_file: /home/kusch/Documents/project/co_simulation/TVB-NEST-nest_PR/example/case_up_down//translation/spike_detector/20002.txt
2021-03-11 11:05:01,245 - nest_to_tvb_receive20002 - INFO - Wait for Translate : tag#0$description#a593f5f591f0$port#39105$ifname#172.17.0.18$
